This is pdfTeX, Version 3.14159265-2.6-1.40.20 (MiKTeX 2.9.7050 64-bit) (preloaded format=pdflatex 2019.8.12)  31 JAN 2020 12:31
entering extended mode
**"./РўРѕРїРѕР»РѕРіРёСЏ (Р»РµРєС†РёРё).tex"
("РўРѕРїРѕР»РѕРіРёСЏ (Р»РµРєС†РёРё).tex"
LaTeX2e <2018-12-01>
("D:\Program Files\MiKTeX 2.9\tex/latex/base\article.cls"
Document Class: article 2018/09/03 v1.4i Standard LaTeX document class
("D:\Program Files\MiKTeX 2.9\tex/latex/base\size12.clo"
File: size12.clo 2018/09/03 v1.4i Standard LaTeX file (size option)
)
\c@part=\count80
\c@section=\count81
\c@subsection=\count82
\c@subsubsection=\count83
\c@paragraph=\count84
\c@subparagraph=\count85
\c@figure=\count86
\c@table=\count87
\abovecaptionskip=\skip41
\belowcaptionskip=\skip42
\bibindent=\dimen102
)
("D:\Program Files\MiKTeX 2.9\tex/latex/cancel\cancel.sty"
Package: cancel 2013/04/12 v2.2 Cancel math terms
)
("D:\Program Files\MiKTeX 2.9\tex/latex/jknappen\mathrsfs.sty"
Package: mathrsfs 1996/01/01 Math RSFS package v1.0 (jk)
\symrsfs=\mathgroup4
)
(C:\Users\vlad2\AppData\Roaming\MiKTeX\2.9\tex/latex/natbib\natbib.sty
Package: natbib 2010/09/13 8.31b (PWD, AO)
\bibhang=\skip43
\bibsep=\skip44
LaTeX Info: Redefining \cite on input line 694.
\c@NAT@ctr=\count88
)
("D:\Program Files\MiKTeX 2.9\tex/latex/graphics\rotating.sty"
Package: rotating 2016/08/11 v2.16d rotated objects in LaTeX

("D:\Program Files\MiKTeX 2.9\tex/latex/graphics\graphicx.sty"
Package: graphicx 2017/06/01 v1.1a Enhanced LaTeX Graphics (DPC,SPQR)

("D:\Program Files\MiKTeX 2.9\tex/latex/graphics\keyval.sty"
Package: keyval 2014/10/28 v1.15 key=value parser (DPC)
\KV@toks@=\toks14
)
("D:\Program Files\MiKTeX 2.9\tex/latex/graphics\graphics.sty"
Package: graphics 2017/06/25 v1.2c Standard LaTeX Graphics (DPC,SPQR)

("D:\Program Files\MiKTeX 2.9\tex/latex/graphics\trig.sty"
Package: trig 2016/01/03 v1.10 sin cos tan (DPC)
)
("D:\Program Files\MiKTeX 2.9\tex/latex/graphics-cfg\graphics.cfg"
File: graphics.cfg 2016/06/04 v1.11 sample graphics configuration
)
Package graphics Info: Driver file: pdftex.def on input line 99.

("D:\Program Files\MiKTeX 2.9\tex/latex/graphics-def\pdftex.def"
File: pdftex.def 2018/01/08 v1.0l Graphics/color driver for pdftex
))
\Gin@req@height=\dimen103
\Gin@req@width=\dimen104
)
("D:\Program Files\MiKTeX 2.9\tex/latex/base\ifthen.sty"
Package: ifthen 2014/09/29 v1.1c Standard LaTeX ifthen package (DPC)
)
\c@r@tfl@t=\count89
\rotFPtop=\skip45
\rotFPbot=\skip46
\rot@float@box=\box27
\rot@mess@toks=\toks15
)
("D:\Program Files\MiKTeX 2.9\tex/latex/tools\multicol.sty"
Package: multicol 2018/12/27 v1.8v multicolumn formatting (FMi)
\c@tracingmulticols=\count90
\mult@box=\box28
\multicol@leftmargin=\dimen105
\c@unbalance=\count91
\c@collectmore=\count92
\doublecol@number=\count93
\multicoltolerance=\count94
\multicolpretolerance=\count95
\full@width=\dimen106
\page@free=\dimen107
\premulticols=\dimen108
\postmulticols=\dimen109
\multicolsep=\skip47
\multicolbaselineskip=\skip48
\partial@page=\box29
\last@line=\box30
\maxbalancingoverflow=\dimen110
\mult@rightbox=\box31
\mult@grightbox=\box32
\mult@gfirstbox=\box33
\mult@firstbox=\box34
\@tempa=\box35
\@tempa=\box36
\@tempa=\box37
\@tempa=\box38
\@tempa=\box39
\@tempa=\box40
\@tempa=\box41
\@tempa=\box42
\@tempa=\box43
\@tempa=\box44
\@tempa=\box45
\@tempa=\box46
\@tempa=\box47
\@tempa=\box48
\@tempa=\box49
\@tempa=\box50
\@tempa=\box51
\c@columnbadness=\count96
\c@finalcolumnbadness=\count97
\last@try=\dimen111
\multicolovershoot=\dimen112
\multicolundershoot=\dimen113
\mult@nat@firstbox=\box52
\colbreak@box=\box53
\mc@col@check@num=\count98
)
("D:\Program Files\MiKTeX 2.9\tex/latex/tools\verbatim.sty"
Package: verbatim 2014/10/28 v1.5q LaTeX2e package for verbatim enhancements
\every@verbatim=\toks16
\verbatim@line=\toks17
\verbatim@in@stream=\read1
)
("D:\Program Files\MiKTeX 2.9\tex/latex/amsfonts\eufrak.sty"
Package: eufrak 2009/06/22 v3.00 Euler Fraktur fonts
LaTeX Font Info:    Overwriting math alphabet `\EuFrak' in version `bold'
(Font)                  U/euf/m/n --> U/euf/b/n on input line 39.
)
("D:\Program Files\MiKTeX 2.9\tex/latex/geometry\geometry.sty"
Package: geometry 2018/04/16 v5.8 Page Geometry

("D:\Program Files\MiKTeX 2.9\tex/generic/oberdiek\ifpdf.sty"
Package: ifpdf 2018/09/07 v3.3 Provides the ifpdf switch
)
("D:\Program Files\MiKTeX 2.9\tex/generic/oberdiek\ifvtex.sty"
Package: ifvtex 2016/05/16 v1.6 Detect VTeX and its facilities (HO)
Package ifvtex Info: VTeX not detected.
)
("D:\Program Files\MiKTeX 2.9\tex/generic/ifxetex\ifxetex.sty"
Package: ifxetex 2010/09/12 v0.6 Provides ifxetex conditional
)
\Gm@cnth=\count99
\Gm@cntv=\count100
\c@Gm@tempcnt=\count101
\Gm@bindingoffset=\dimen114
\Gm@wd@mp=\dimen115
\Gm@odd@mp=\dimen116
\Gm@even@mp=\dimen117
\Gm@layoutwidth=\dimen118
\Gm@layoutheight=\dimen119
\Gm@layouthoffset=\dimen120
\Gm@layoutvoffset=\dimen121
\Gm@dimlist=\toks18

("D:\Program Files\MiKTeX 2.9\tex/latex/geometry\geometry.cfg"))
(C:\Users\vlad2\AppData\Roaming\MiKTeX\2.9\tex/latex/setspace\setspace.sty
Package: setspace 2011/12/19 v6.7a set line spacing
)
("D:\Program Files\MiKTeX 2.9\tex/latex/tools\indentfirst.sty"
Package: indentfirst 1995/11/23 v1.03 Indent first paragraph (DPC)
)
("D:\Program Files\MiKTeX 2.9\tex/latex/base\fontenc.sty"
Package: fontenc 2018/08/11 v2.0j Standard LaTeX package

("D:\Program Files\MiKTeX 2.9\tex/latex/cyrillic\t2aenc.def"
File: t2aenc.def 2005/09/27 v1.0i Cyrillic encoding definition file
Now handling font encoding T2A ...
... processing UTF-8 mapping file for font encoding T2A

("D:\Program Files\MiKTeX 2.9\tex/latex/base\t2aenc.dfu"
File: t2aenc.dfu 2018/10/05 v1.2f UTF-8 support for inputenc
   defining Unicode char U+00A4 (decimal 164)
   defining Unicode char U+00A7 (decimal 167)
   defining Unicode char U+00AB (decimal 171)
   defining Unicode char U+00BB (decimal 187)
   defining Unicode char U+0131 (decimal 305)
   defining Unicode char U+0237 (decimal 567)
   defining Unicode char U+0400 (decimal 1024)
   defining Unicode char U+0401 (decimal 1025)
   defining Unicode char U+0402 (decimal 1026)
   defining Unicode char U+0403 (decimal 1027)
   defining Unicode char U+0404 (decimal 1028)
   defining Unicode char U+0405 (decimal 1029)
   defining Unicode char U+0406 (decimal 1030)
   defining Unicode char U+0407 (decimal 1031)
   defining Unicode char U+0408 (decimal 1032)
   defining Unicode char U+0409 (decimal 1033)
   defining Unicode char U+040A (decimal 1034)
   defining Unicode char U+040B (decimal 1035)
   defining Unicode char U+040C (decimal 1036)
   defining Unicode char U+040D (decimal 1037)
   defining Unicode char U+040E (decimal 1038)
   defining Unicode char U+040F (decimal 1039)
   defining Unicode char U+0410 (decimal 1040)
   defining Unicode char U+0411 (decimal 1041)
   defining Unicode char U+0412 (decimal 1042)
   defining Unicode char U+0413 (decimal 1043)
   defining Unicode char U+0414 (decimal 1044)
   defining Unicode char U+0415 (decimal 1045)
   defining Unicode char U+0416 (decimal 1046)
   defining Unicode char U+0417 (decimal 1047)
   defining Unicode char U+0418 (decimal 1048)
   defining Unicode char U+0419 (decimal 1049)
   defining Unicode char U+041A (decimal 1050)
   defining Unicode char U+041B (decimal 1051)
   defining Unicode char U+041C (decimal 1052)
   defining Unicode char U+041D (decimal 1053)
   defining Unicode char U+041E (decimal 1054)
   defining Unicode char U+041F (decimal 1055)
   defining Unicode char U+0420 (decimal 1056)
   defining Unicode char U+0421 (decimal 1057)
   defining Unicode char U+0422 (decimal 1058)
   defining Unicode char U+0423 (decimal 1059)
   defining Unicode char U+0424 (decimal 1060)
   defining Unicode char U+0425 (decimal 1061)
   defining Unicode char U+0426 (decimal 1062)
   defining Unicode char U+0427 (decimal 1063)
   defining Unicode char U+0428 (decimal 1064)
   defining Unicode char U+0429 (decimal 1065)
   defining Unicode char U+042A (decimal 1066)
   defining Unicode char U+042B (decimal 1067)
   defining Unicode char U+042C (decimal 1068)
   defining Unicode char U+042D (decimal 1069)
   defining Unicode char U+042E (decimal 1070)
   defining Unicode char U+042F (decimal 1071)
   defining Unicode char U+0430 (decimal 1072)
   defining Unicode char U+0431 (decimal 1073)
   defining Unicode char U+0432 (decimal 1074)
   defining Unicode char U+0433 (decimal 1075)
   defining Unicode char U+0434 (decimal 1076)
   defining Unicode char U+0435 (decimal 1077)
   defining Unicode char U+0436 (decimal 1078)
   defining Unicode char U+0437 (decimal 1079)
   defining Unicode char U+0438 (decimal 1080)
   defining Unicode char U+0439 (decimal 1081)
   defining Unicode char U+043A (decimal 1082)
   defining Unicode char U+043B (decimal 1083)
   defining Unicode char U+043C (decimal 1084)
   defining Unicode char U+043D (decimal 1085)
   defining Unicode char U+043E (decimal 1086)
   defining Unicode char U+043F (decimal 1087)
   defining Unicode char U+0440 (decimal 1088)
   defining Unicode char U+0441 (decimal 1089)
   defining Unicode char U+0442 (decimal 1090)
   defining Unicode char U+0443 (decimal 1091)
   defining Unicode char U+0444 (decimal 1092)
   defining Unicode char U+0445 (decimal 1093)
   defining Unicode char U+0446 (decimal 1094)
   defining Unicode char U+0447 (decimal 1095)
   defining Unicode char U+0448 (decimal 1096)
   defining Unicode char U+0449 (decimal 1097)
   defining Unicode char U+044A (decimal 1098)
   defining Unicode char U+044B (decimal 1099)
   defining Unicode char U+044C (decimal 1100)
   defining Unicode char U+044D (decimal 1101)
   defining Unicode char U+044E (decimal 1102)
   defining Unicode char U+044F (decimal 1103)
   defining Unicode char U+0450 (decimal 1104)
   defining Unicode char U+0451 (decimal 1105)
   defining Unicode char U+0452 (decimal 1106)
   defining Unicode char U+0453 (decimal 1107)
   defining Unicode char U+0454 (decimal 1108)
   defining Unicode char U+0455 (decimal 1109)
   defining Unicode char U+0456 (decimal 1110)
   defining Unicode char U+0457 (decimal 1111)
   defining Unicode char U+0458 (decimal 1112)
   defining Unicode char U+0459 (decimal 1113)
   defining Unicode char U+045A (decimal 1114)
   defining Unicode char U+045B (decimal 1115)
   defining Unicode char U+045C (decimal 1116)
   defining Unicode char U+045D (decimal 1117)
   defining Unicode char U+045E (decimal 1118)
   defining Unicode char U+045F (decimal 1119)
   defining Unicode char U+0490 (decimal 1168)
   defining Unicode char U+0491 (decimal 1169)
   defining Unicode char U+0492 (decimal 1170)
   defining Unicode char U+0493 (decimal 1171)
   defining Unicode char U+0496 (decimal 1174)
   defining Unicode char U+0497 (decimal 1175)
   defining Unicode char U+0498 (decimal 1176)
   defining Unicode char U+0499 (decimal 1177)
   defining Unicode char U+049A (decimal 1178)
   defining Unicode char U+049B (decimal 1179)
   defining Unicode char U+049C (decimal 1180)
   defining Unicode char U+049D (decimal 1181)
   defining Unicode char U+04A0 (decimal 1184)
   defining Unicode char U+04A1 (decimal 1185)
   defining Unicode char U+04A2 (decimal 1186)
   defining Unicode char U+04A3 (decimal 1187)
   defining Unicode char U+04A4 (decimal 1188)
   defining Unicode char U+04A5 (decimal 1189)
   defining Unicode char U+04AA (decimal 1194)
   defining Unicode char U+04AB (decimal 1195)
   defining Unicode char U+04AE (decimal 1198)
   defining Unicode char U+04AF (decimal 1199)
   defining Unicode char U+04B0 (decimal 1200)
   defining Unicode char U+04B1 (decimal 1201)
   defining Unicode char U+04B2 (decimal 1202)
   defining Unicode char U+04B3 (decimal 1203)
   defining Unicode char U+04B6 (decimal 1206)
   defining Unicode char U+04B7 (decimal 1207)
   defining Unicode char U+04B8 (decimal 1208)
   defining Unicode char U+04B9 (decimal 1209)
   defining Unicode char U+04BA (decimal 1210)
   defining Unicode char U+04BB (decimal 1211)
   defining Unicode char U+04C0 (decimal 1216)
   defining Unicode char U+04C1 (decimal 1217)
   defining Unicode char U+04C2 (decimal 1218)
   defining Unicode char U+04D0 (decimal 1232)
   defining Unicode char U+04D1 (decimal 1233)
   defining Unicode char U+04D2 (decimal 1234)
   defining Unicode char U+04D3 (decimal 1235)
   defining Unicode char U+04D4 (decimal 1236)
   defining Unicode char U+04D5 (decimal 1237)
   defining Unicode char U+04D6 (decimal 1238)
   defining Unicode char U+04D7 (decimal 1239)
   defining Unicode char U+04D8 (decimal 1240)
   defining Unicode char U+04D9 (decimal 1241)
   defining Unicode char U+04DA (decimal 1242)
   defining Unicode char U+04DB (decimal 1243)
   defining Unicode char U+04DC (decimal 1244)
   defining Unicode char U+04DD (decimal 1245)
   defining Unicode char U+04DE (decimal 1246)
   defining Unicode char U+04DF (decimal 1247)
   defining Unicode char U+04E2 (decimal 1250)
   defining Unicode char U+04E3 (decimal 1251)
   defining Unicode char U+04E4 (decimal 1252)
   defining Unicode char U+04E5 (decimal 1253)
   defining Unicode char U+04E6 (decimal 1254)
   defining Unicode char U+04E7 (decimal 1255)
   defining Unicode char U+04E8 (decimal 1256)
   defining Unicode char U+04E9 (decimal 1257)
   defining Unicode char U+04EC (decimal 1260)
   defining Unicode char U+04ED (decimal 1261)
   defining Unicode char U+04EE (decimal 1262)
   defining Unicode char U+04EF (decimal 1263)
   defining Unicode char U+04F0 (decimal 1264)
   defining Unicode char U+04F1 (decimal 1265)
   defining Unicode char U+04F2 (decimal 1266)
   defining Unicode char U+04F3 (decimal 1267)
   defining Unicode char U+04F4 (decimal 1268)
   defining Unicode char U+04F5 (decimal 1269)
   defining Unicode char U+04F8 (decimal 1272)
   defining Unicode char U+04F9 (decimal 1273)
   defining Unicode char U+200C (decimal 8204)
   defining Unicode char U+2013 (decimal 8211)
   defining Unicode char U+2014 (decimal 8212)
   defining Unicode char U+2018 (decimal 8216)
   defining Unicode char U+2019 (decimal 8217)
   defining Unicode char U+201C (decimal 8220)
   defining Unicode char U+201D (decimal 8221)
   defining Unicode char U+201E (decimal 8222)
   defining Unicode char U+2030 (decimal 8240)
   defining Unicode char U+2031 (decimal 8241)
   defining Unicode char U+2116 (decimal 8470)
   defining Unicode char U+2329 (decimal 9001)
   defining Unicode char U+232A (decimal 9002)
   defining Unicode char U+2423 (decimal 9251)
))
LaTeX Font Info:    Try loading font information for T2A+cmr on input line 105.


("D:\Program Files\MiKTeX 2.9\tex/latex/cyrillic\t2acmr.fd"
File: t2acmr.fd 2001/08/11 v1.0a Computer Modern Cyrillic font definitions
))
("D:\Program Files\MiKTeX 2.9\tex/generic/babel\babel.sty"
Package: babel 2019/06/03 3.32 The Babel package

("D:\Program Files\MiKTeX 2.9\tex/generic/babel\switch.def"
File: switch.def 2019/06/03 3.32 Babel switching mechanism
)
*************************************
* Local config file bblopts.cfg used
*
(C:\Users\vlad2\AppData\Roaming\MiKTeX\2.9\tex/latex/arabi\bblopts.cfg
File: bblopts.cfg 2005/09/08 v0.1 add Arabic and Farsi to "declared" options of
 babel
)
(C:\Users\vlad2\AppData\Roaming\MiKTeX\2.9\tex/latex/babel-russian\russianb.ldf
Language: russian 2017/08/12 1.3j Russian support for the Babel system
("D:\Program Files\MiKTeX 2.9\tex/generic/babel\babel.def"
File: babel.def 2019/06/03 3.32 Babel common definitions
\babel@savecnt=\count102
\U@D=\dimen122

("D:\Program Files\MiKTeX 2.9\tex/generic/babel\txtbabel.def")
\bbl@dirlevel=\count103
)
Package babel Info: Making " an active character on input line 120.
Package babel Info: Default for \cyrdash is provided on input line 157.
))
("D:\Program Files\MiKTeX 2.9\tex/latex/base\inputenc.sty"
Package: inputenc 2018/08/11 v1.3c Input encoding file
\inpenc@prehook=\toks19
\inpenc@posthook=\toks20
)
("D:\Program Files\MiKTeX 2.9\tex/latex/amsmath\amsmath.sty"
Package: amsmath 2018/12/01 v2.17b AMS math features
\@mathmargin=\skip49

For additional information on amsmath, use the `?' option.
("D:\Program Files\MiKTeX 2.9\tex/latex/amsmath\amstext.sty"
Package: amstext 2000/06/29 v2.01 AMS text

("D:\Program Files\MiKTeX 2.9\tex/latex/amsmath\amsgen.sty"
File: amsgen.sty 1999/11/30 v2.0 generic functions
\@emptytoks=\toks21
\ex@=\dimen123
))
("D:\Program Files\MiKTeX 2.9\tex/latex/amsmath\amsbsy.sty"
Package: amsbsy 1999/11/29 v1.2d Bold Symbols
\pmbraise@=\dimen124
)
("D:\Program Files\MiKTeX 2.9\tex/latex/amsmath\amsopn.sty"
Package: amsopn 2016/03/08 v2.02 operator names
)
\inf@bad=\count104
LaTeX Info: Redefining \frac on input line 223.
\uproot@=\count105
\leftroot@=\count106
LaTeX Info: Redefining \overline on input line 385.
\classnum@=\count107
\DOTSCASE@=\count108
LaTeX Info: Redefining \ldots on input line 482.
LaTeX Info: Redefining \dots on input line 485.
LaTeX Info: Redefining \cdots on input line 606.
\Mathstrutbox@=\box54
\strutbox@=\box55
\big@size=\dimen125
LaTeX Font Info:    Redeclaring font encoding OML on input line 729.
LaTeX Font Info:    Redeclaring font encoding OMS on input line 730.
\macc@depth=\count109
\c@MaxMatrixCols=\count110
\dotsspace@=\muskip10
\c@parentequation=\count111
\dspbrk@lvl=\count112
\tag@help=\toks22
\row@=\count113
\column@=\count114
\maxfields@=\count115
\andhelp@=\toks23
\eqnshift@=\dimen126
\alignsep@=\dimen127
\tagshift@=\dimen128
\tagwidth@=\dimen129
\totwidth@=\dimen130
\lineht@=\dimen131
\@envbody=\toks24
\multlinegap=\skip50
\multlinetaggap=\skip51
\mathdisplay@stack=\toks25
LaTeX Info: Redefining \[ on input line 2844.
LaTeX Info: Redefining \] on input line 2845.
)
(C:\Users\vlad2\AppData\Roaming\MiKTeX\2.9\tex/latex/subfiles\subfiles.sty
Package: subfiles 2018/07/31 Federico Garcia, Gernot Salzer
)
("D:\Program Files\MiKTeX 2.9\tex/latex/amsmath\amsxtra.sty"
Package: amsxtra 1999/11/15 v1.2c AMS extra commands
LaTeX Info: Redefining \nobreakspace on input line 54.
)
("D:\Program Files\MiKTeX 2.9\tex/latex/amsfonts\amssymb.sty"
Package: amssymb 2013/01/14 v3.01 AMS font symbols

("D:\Program Files\MiKTeX 2.9\tex/latex/amsfonts\amsfonts.sty"
Package: amsfonts 2013/01/14 v3.01 Basic AMSFonts support
\symAMSa=\mathgroup5
\symAMSb=\mathgroup6
))
(C:\Users\vlad2\AppData\Roaming\MiKTeX\2.9\tex/latex/pgf/frontendlayer\tikz.sty
(C:\Users\vlad2\AppData\Roaming\MiKTeX\2.9\tex/latex/pgf/basiclayer\pgf.sty
(C:\Users\vlad2\AppData\Roaming\MiKTeX\2.9\tex/latex/pgf/utilities\pgfrcs.sty
(C:\Users\vlad2\AppData\Roaming\MiKTeX\2.9\tex/generic/pgf/utilities\pgfutil-co
mmon.tex
\pgfutil@everybye=\toks26
\pgfutil@tempdima=\dimen132
\pgfutil@tempdimb=\dimen133

(C:\Users\vlad2\AppData\Roaming\MiKTeX\2.9\tex/generic/pgf/utilities\pgfutil-co
mmon-lists.tex))
(C:\Users\vlad2\AppData\Roaming\MiKTeX\2.9\tex/generic/pgf/utilities\pgfutil-la
tex.def
\pgfutil@abb=\box56
 (C:\Users\vlad2\AppData\Roaming\MiKTeX\2.9\tex/latex/ms\everyshi.sty
Package: everyshi 2001/05/15 v3.00 EveryShipout Package (MS)
))
(C:\Users\vlad2\AppData\Roaming\MiKTeX\2.9\tex/generic/pgf/utilities\pgfrcs.cod
e.tex
(C:\Users\vlad2\AppData\Roaming\MiKTeX\2.9\tex/generic/pgf\pgf.revision.tex)
Package: pgfrcs 2019/08/03 v3.1.4b (3.1.4b)
))
Package: pgf 2019/08/03 v3.1.4b (3.1.4b)

(C:\Users\vlad2\AppData\Roaming\MiKTeX\2.9\tex/latex/pgf/basiclayer\pgfcore.sty

(C:\Users\vlad2\AppData\Roaming\MiKTeX\2.9\tex/latex/pgf/systemlayer\pgfsys.sty

(C:\Users\vlad2\AppData\Roaming\MiKTeX\2.9\tex/generic/pgf/systemlayer\pgfsys.c
ode.tex
Package: pgfsys 2019/08/03 v3.1.4b (3.1.4b)

(C:\Users\vlad2\AppData\Roaming\MiKTeX\2.9\tex/generic/pgf/utilities\pgfkeys.co
de.tex
\pgfkeys@pathtoks=\toks27
\pgfkeys@temptoks=\toks28

(C:\Users\vlad2\AppData\Roaming\MiKTeX\2.9\tex/generic/pgf/utilities\pgfkeysfil
tered.code.tex
\pgfkeys@tmptoks=\toks29
))
\pgf@x=\dimen134
\pgf@y=\dimen135
\pgf@xa=\dimen136
\pgf@ya=\dimen137
\pgf@xb=\dimen138
\pgf@yb=\dimen139
\pgf@xc=\dimen140
\pgf@yc=\dimen141
\pgf@xd=\dimen142
\pgf@yd=\dimen143
\w@pgf@writea=\write3
\r@pgf@reada=\read2
\c@pgf@counta=\count116
\c@pgf@countb=\count117
\c@pgf@countc=\count118
\c@pgf@countd=\count119
\t@pgf@toka=\toks30
\t@pgf@tokb=\toks31
\t@pgf@tokc=\toks32
\pgf@sys@id@count=\count120

(C:\Users\vlad2\AppData\Roaming\MiKTeX\2.9\tex/generic/pgf/systemlayer\pgf.cfg
File: pgf.cfg 2019/08/03 v3.1.4b (3.1.4b)
)
Driver file for pgf: pgfsys-pdftex.def

(C:\Users\vlad2\AppData\Roaming\MiKTeX\2.9\tex/generic/pgf/systemlayer\pgfsys-p
dftex.def
File: pgfsys-pdftex.def 2019/08/03 v3.1.4b (3.1.4b)

(C:\Users\vlad2\AppData\Roaming\MiKTeX\2.9\tex/generic/pgf/systemlayer\pgfsys-c
ommon-pdf.def
File: pgfsys-common-pdf.def 2019/08/03 v3.1.4b (3.1.4b)
)))
(C:\Users\vlad2\AppData\Roaming\MiKTeX\2.9\tex/generic/pgf/systemlayer\pgfsysso
ftpath.code.tex
File: pgfsyssoftpath.code.tex 2019/08/03 v3.1.4b (3.1.4b)
\pgfsyssoftpath@smallbuffer@items=\count121
\pgfsyssoftpath@bigbuffer@items=\count122
)
(C:\Users\vlad2\AppData\Roaming\MiKTeX\2.9\tex/generic/pgf/systemlayer\pgfsyspr
otocol.code.tex
File: pgfsysprotocol.code.tex 2019/08/03 v3.1.4b (3.1.4b)
))
(C:\Users\vlad2\AppData\Roaming\MiKTeX\2.9\tex/latex/xcolor\xcolor.sty
Package: xcolor 2016/05/11 v2.12 LaTeX color extensions (UK)

("D:\Program Files\MiKTeX 2.9\tex/latex/graphics-cfg\color.cfg"
File: color.cfg 2016/01/02 v1.6 sample color configuration
)
Package xcolor Info: Driver file: pdftex.def on input line 225.
Package xcolor Info: Model `cmy' substituted by `cmy0' on input line 1348.
Package xcolor Info: Model `hsb' substituted by `rgb' on input line 1352.
Package xcolor Info: Model `RGB' extended on input line 1364.
Package xcolor Info: Model `HTML' substituted by `rgb' on input line 1366.
Package xcolor Info: Model `Hsb' substituted by `hsb' on input line 1367.
Package xcolor Info: Model `tHsb' substituted by `hsb' on input line 1368.
Package xcolor Info: Model `HSB' substituted by `hsb' on input line 1369.
Package xcolor Info: Model `Gray' substituted by `gray' on input line 1370.
Package xcolor Info: Model `wave' substituted by `hsb' on input line 1371.
)
(C:\Users\vlad2\AppData\Roaming\MiKTeX\2.9\tex/generic/pgf/basiclayer\pgfcore.c
ode.tex
Package: pgfcore 2019/08/03 v3.1.4b (3.1.4b)

(C:\Users\vlad2\AppData\Roaming\MiKTeX\2.9\tex/generic/pgf/math\pgfmath.code.te
x
(C:\Users\vlad2\AppData\Roaming\MiKTeX\2.9\tex/generic/pgf/math\pgfmathcalc.cod
e.tex
(C:\Users\vlad2\AppData\Roaming\MiKTeX\2.9\tex/generic/pgf/math\pgfmathutil.cod
e.tex)
(C:\Users\vlad2\AppData\Roaming\MiKTeX\2.9\tex/generic/pgf/math\pgfmathparser.c
ode.tex
\pgfmath@dimen=\dimen144
\pgfmath@count=\count123
\pgfmath@box=\box57
\pgfmath@toks=\toks33
\pgfmath@stack@operand=\toks34
\pgfmath@stack@operation=\toks35
)
(C:\Users\vlad2\AppData\Roaming\MiKTeX\2.9\tex/generic/pgf/math\pgfmathfunction
s.code.tex
(C:\Users\vlad2\AppData\Roaming\MiKTeX\2.9\tex/generic/pgf/math\pgfmathfunction
s.basic.code.tex)
(C:\Users\vlad2\AppData\Roaming\MiKTeX\2.9\tex/generic/pgf/math\pgfmathfunction
s.trigonometric.code.tex)
(C:\Users\vlad2\AppData\Roaming\MiKTeX\2.9\tex/generic/pgf/math\pgfmathfunction
s.random.code.tex)
(C:\Users\vlad2\AppData\Roaming\MiKTeX\2.9\tex/generic/pgf/math\pgfmathfunction
s.comparison.code.tex)
(C:\Users\vlad2\AppData\Roaming\MiKTeX\2.9\tex/generic/pgf/math\pgfmathfunction
s.base.code.tex)
(C:\Users\vlad2\AppData\Roaming\MiKTeX\2.9\tex/generic/pgf/math\pgfmathfunction
s.round.code.tex)
(C:\Users\vlad2\AppData\Roaming\MiKTeX\2.9\tex/generic/pgf/math\pgfmathfunction
s.misc.code.tex)
(C:\Users\vlad2\AppData\Roaming\MiKTeX\2.9\tex/generic/pgf/math\pgfmathfunction
s.integerarithmetics.code.tex)))
(C:\Users\vlad2\AppData\Roaming\MiKTeX\2.9\tex/generic/pgf/math\pgfmathfloat.co
de.tex
\c@pgfmathroundto@lastzeros=\count124
))
(C:\Users\vlad2\AppData\Roaming\MiKTeX\2.9\tex/generic/pgf/math\pgfint.code.tex
)
(C:\Users\vlad2\AppData\Roaming\MiKTeX\2.9\tex/generic/pgf/basiclayer\pgfcorepo
ints.code.tex
File: pgfcorepoints.code.tex 2019/08/03 v3.1.4b (3.1.4b)
\pgf@picminx=\dimen145
\pgf@picmaxx=\dimen146
\pgf@picminy=\dimen147
\pgf@picmaxy=\dimen148
\pgf@pathminx=\dimen149
\pgf@pathmaxx=\dimen150
\pgf@pathminy=\dimen151
\pgf@pathmaxy=\dimen152
\pgf@xx=\dimen153
\pgf@xy=\dimen154
\pgf@yx=\dimen155
\pgf@yy=\dimen156
\pgf@zx=\dimen157
\pgf@zy=\dimen158
)
(C:\Users\vlad2\AppData\Roaming\MiKTeX\2.9\tex/generic/pgf/basiclayer\pgfcorepa
thconstruct.code.tex
File: pgfcorepathconstruct.code.tex 2019/08/03 v3.1.4b (3.1.4b)
\pgf@path@lastx=\dimen159
\pgf@path@lasty=\dimen160
)
(C:\Users\vlad2\AppData\Roaming\MiKTeX\2.9\tex/generic/pgf/basiclayer\pgfcorepa
thusage.code.tex
File: pgfcorepathusage.code.tex 2019/08/03 v3.1.4b (3.1.4b)
\pgf@shorten@end@additional=\dimen161
\pgf@shorten@start@additional=\dimen162
)
(C:\Users\vlad2\AppData\Roaming\MiKTeX\2.9\tex/generic/pgf/basiclayer\pgfcoresc
opes.code.tex
File: pgfcorescopes.code.tex 2019/08/03 v3.1.4b (3.1.4b)
\pgfpic=\box58
\pgf@hbox=\box59
\pgf@layerbox@main=\box60
\pgf@picture@serial@count=\count125
)
(C:\Users\vlad2\AppData\Roaming\MiKTeX\2.9\tex/generic/pgf/basiclayer\pgfcoregr
aphicstate.code.tex
File: pgfcoregraphicstate.code.tex 2019/08/03 v3.1.4b (3.1.4b)
\pgflinewidth=\dimen163
)
(C:\Users\vlad2\AppData\Roaming\MiKTeX\2.9\tex/generic/pgf/basiclayer\pgfcoretr
ansformations.code.tex
File: pgfcoretransformations.code.tex 2019/08/03 v3.1.4b (3.1.4b)
\pgf@pt@x=\dimen164
\pgf@pt@y=\dimen165
\pgf@pt@temp=\dimen166
)
(C:\Users\vlad2\AppData\Roaming\MiKTeX\2.9\tex/generic/pgf/basiclayer\pgfcorequ
ick.code.tex
File: pgfcorequick.code.tex 2019/08/03 v3.1.4b (3.1.4b)
)
(C:\Users\vlad2\AppData\Roaming\MiKTeX\2.9\tex/generic/pgf/basiclayer\pgfcoreob
jects.code.tex
File: pgfcoreobjects.code.tex 2019/08/03 v3.1.4b (3.1.4b)
)
(C:\Users\vlad2\AppData\Roaming\MiKTeX\2.9\tex/generic/pgf/basiclayer\pgfcorepa
thprocessing.code.tex
File: pgfcorepathprocessing.code.tex 2019/08/03 v3.1.4b (3.1.4b)
)
(C:\Users\vlad2\AppData\Roaming\MiKTeX\2.9\tex/generic/pgf/basiclayer\pgfcorear
rows.code.tex
File: pgfcorearrows.code.tex 2019/08/03 v3.1.4b (3.1.4b)
\pgfarrowsep=\dimen167
)
(C:\Users\vlad2\AppData\Roaming\MiKTeX\2.9\tex/generic/pgf/basiclayer\pgfcoresh
ade.code.tex
File: pgfcoreshade.code.tex 2019/08/03 v3.1.4b (3.1.4b)
\pgf@max=\dimen168
\pgf@sys@shading@range@num=\count126
\pgf@shadingcount=\count127
)
(C:\Users\vlad2\AppData\Roaming\MiKTeX\2.9\tex/generic/pgf/basiclayer\pgfcoreim
age.code.tex
File: pgfcoreimage.code.tex 2019/08/03 v3.1.4b (3.1.4b)

(C:\Users\vlad2\AppData\Roaming\MiKTeX\2.9\tex/generic/pgf/basiclayer\pgfcoreex
ternal.code.tex
File: pgfcoreexternal.code.tex 2019/08/03 v3.1.4b (3.1.4b)
\pgfexternal@startupbox=\box61
))
(C:\Users\vlad2\AppData\Roaming\MiKTeX\2.9\tex/generic/pgf/basiclayer\pgfcorela
yers.code.tex
File: pgfcorelayers.code.tex 2019/08/03 v3.1.4b (3.1.4b)
)
(C:\Users\vlad2\AppData\Roaming\MiKTeX\2.9\tex/generic/pgf/basiclayer\pgfcoretr
ansparency.code.tex
File: pgfcoretransparency.code.tex 2019/08/03 v3.1.4b (3.1.4b)
)
(C:\Users\vlad2\AppData\Roaming\MiKTeX\2.9\tex/generic/pgf/basiclayer\pgfcorepa
tterns.code.tex
File: pgfcorepatterns.code.tex 2019/08/03 v3.1.4b (3.1.4b)
)
(C:\Users\vlad2\AppData\Roaming\MiKTeX\2.9\tex/generic/pgf/basiclayer\pgfcorerd
f.code.tex
File: pgfcorerdf.code.tex 2019/08/03 v3.1.4b (3.1.4b)
)))
(C:\Users\vlad2\AppData\Roaming\MiKTeX\2.9\tex/generic/pgf/modules\pgfmodulesha
pes.code.tex
File: pgfmoduleshapes.code.tex 2019/08/03 v3.1.4b (3.1.4b)
\pgfnodeparttextbox=\box62
)
(C:\Users\vlad2\AppData\Roaming\MiKTeX\2.9\tex/generic/pgf/modules\pgfmoduleplo
t.code.tex
File: pgfmoduleplot.code.tex 2019/08/03 v3.1.4b (3.1.4b)
)
(C:\Users\vlad2\AppData\Roaming\MiKTeX\2.9\tex/latex/pgf/compatibility\pgfcomp-
version-0-65.sty
Package: pgfcomp-version-0-65 2019/08/03 v3.1.4b (3.1.4b)
\pgf@nodesepstart=\dimen169
\pgf@nodesepend=\dimen170
)
(C:\Users\vlad2\AppData\Roaming\MiKTeX\2.9\tex/latex/pgf/compatibility\pgfcomp-
version-1-18.sty
Package: pgfcomp-version-1-18 2019/08/03 v3.1.4b (3.1.4b)
))
(C:\Users\vlad2\AppData\Roaming\MiKTeX\2.9\tex/latex/pgf/utilities\pgffor.sty
(C:\Users\vlad2\AppData\Roaming\MiKTeX\2.9\tex/latex/pgf/utilities\pgfkeys.sty
(C:\Users\vlad2\AppData\Roaming\MiKTeX\2.9\tex/generic/pgf/utilities\pgfkeys.co
de.tex))
(C:\Users\vlad2\AppData\Roaming\MiKTeX\2.9\tex/latex/pgf/math\pgfmath.sty
(C:\Users\vlad2\AppData\Roaming\MiKTeX\2.9\tex/generic/pgf/math\pgfmath.code.te
x))
(C:\Users\vlad2\AppData\Roaming\MiKTeX\2.9\tex/generic/pgf/utilities\pgffor.cod
e.tex
Package: pgffor 2019/08/03 v3.1.4b (3.1.4b)

(C:\Users\vlad2\AppData\Roaming\MiKTeX\2.9\tex/generic/pgf/math\pgfmath.code.te
x)
\pgffor@iter=\dimen171
\pgffor@skip=\dimen172
\pgffor@stack=\toks36
\pgffor@toks=\toks37
))
(C:\Users\vlad2\AppData\Roaming\MiKTeX\2.9\tex/generic/pgf/frontendlayer/tikz\t
ikz.code.tex
Package: tikz 2019/08/03 v3.1.4b (3.1.4b)

(C:\Users\vlad2\AppData\Roaming\MiKTeX\2.9\tex/generic/pgf/libraries\pgflibrary
plothandlers.code.tex
File: pgflibraryplothandlers.code.tex 2019/08/03 v3.1.4b (3.1.4b)
\pgf@plot@mark@count=\count128
\pgfplotmarksize=\dimen173
)
\tikz@lastx=\dimen174
\tikz@lasty=\dimen175
\tikz@lastxsaved=\dimen176
\tikz@lastysaved=\dimen177
\tikz@lastmovetox=\dimen178
\tikz@lastmovetoy=\dimen179
\tikzleveldistance=\dimen180
\tikzsiblingdistance=\dimen181
\tikz@figbox=\box63
\tikz@figbox@bg=\box64
\tikz@tempbox=\box65
\tikz@tempbox@bg=\box66
\tikztreelevel=\count129
\tikznumberofchildren=\count130
\tikznumberofcurrentchild=\count131
\tikz@fig@count=\count132

(C:\Users\vlad2\AppData\Roaming\MiKTeX\2.9\tex/generic/pgf/modules\pgfmodulemat
rix.code.tex
File: pgfmodulematrix.code.tex 2019/08/03 v3.1.4b (3.1.4b)
\pgfmatrixcurrentrow=\count133
\pgfmatrixcurrentcolumn=\count134
\pgf@matrix@numberofcolumns=\count135
)
\tikz@expandcount=\count136

(C:\Users\vlad2\AppData\Roaming\MiKTeX\2.9\tex/generic/pgf/frontendlayer/tikz/l
ibraries\tikzlibrarytopaths.code.tex
File: tikzlibrarytopaths.code.tex 2019/08/03 v3.1.4b (3.1.4b)
)))
(C:\Users\vlad2\AppData\Roaming\MiKTeX\2.9\tex/latex/comment\comment.sty
\CommentStream=\write4

Excluding comment 'comment')
("D:\Program Files\MiKTeX 2.9\tex/latex/tools\enumerate.sty"
Package: enumerate 2015/07/23 v3.00 enumerate extensions (DPC)
\@enLab=\toks38
)
(C:\Users\vlad2\AppData\Roaming\MiKTeX\2.9\tex/latex/wrapfig\wrapfig.sty
\wrapoverhang=\dimen182
\WF@size=\dimen183
\c@WF@wrappedlines=\count137
\WF@box=\box67
\WF@everypar=\toks39
Package: wrapfig 2003/01/31  v 3.6
)
(C:\Users\vlad2\AppData\Roaming\MiKTeX\2.9\tex/generic/pgf/frontendlayer/tikz/l
ibraries\tikzlibrarycalc.code.tex
File: tikzlibrarycalc.code.tex 2019/08/03 v3.1.4b (3.1.4b)
)
(C:\Users\vlad2\AppData\Roaming\MiKTeX\2.9\tex/latex/mathtools\mathtools.sty
Package: mathtools 2019/07/31 v1.22 mathematical typesetting tools

("D:\Program Files\MiKTeX 2.9\tex/latex/tools\calc.sty"
Package: calc 2017/05/25 v4.3 Infix arithmetic (KKT,FJ)
\calc@Acount=\count138
\calc@Bcount=\count139
\calc@Adimen=\dimen184
\calc@Bdimen=\dimen185
\calc@Askip=\skip52
\calc@Bskip=\skip53
LaTeX Info: Redefining \setlength on input line 80.
LaTeX Info: Redefining \addtolength on input line 81.
\calc@Ccount=\count140
\calc@Cskip=\skip54
)
(C:\Users\vlad2\AppData\Roaming\MiKTeX\2.9\tex/latex/mathtools\mhsetup.sty
Package: mhsetup 2017/03/31 v1.3 programming setup (MH)
)
LaTeX Info: Thecontrolsequence`\('isalreadyrobust on input line 129.
LaTeX Info: Thecontrolsequence`\)'isalreadyrobust on input line 129.
LaTeX Info: Thecontrolsequence`\['isalreadyrobust on input line 129.
LaTeX Info: Thecontrolsequence`\]'isalreadyrobust on input line 129.
\g_MT_multlinerow_int=\count141
\l_MT_multwidth_dim=\dimen186
\origjot=\skip55
\l_MT_shortvdotswithinadjustabove_dim=\dimen187
\l_MT_shortvdotswithinadjustbelow_dim=\dimen188
\l_MT_above_intertext_sep=\dimen189
\l_MT_below_intertext_sep=\dimen190
\l_MT_above_shortintertext_sep=\dimen191
\l_MT_below_shortintertext_sep=\dimen192
)
(C:\Users\vlad2\AppData\Roaming\MiKTeX\2.9\tex/latex/caption\caption.sty
Package: caption 2018/10/06 v3.3-154 Customizing captions (AR)

(C:\Users\vlad2\AppData\Roaming\MiKTeX\2.9\tex/latex/caption\caption3.sty
Package: caption3 2018/09/12 v1.8c caption3 kernel (AR)
Package caption3 Info: TeX engine: e-TeX on input line 64.
\captionmargin=\dimen193
\captionmargin@=\dimen194
\captionwidth=\dimen195
\caption@tempdima=\dimen196
\caption@indent=\dimen197
\caption@parindent=\dimen198
\caption@hangindent=\dimen199
)
\c@caption@flags=\count142
\c@ContinuedFloat=\count143
Package caption Info: rotating package is loaded.
Package caption Info: wrapfig package is loaded.
)
("РўРѕРїРѕР»РѕРіРёСЏ (Р»РµРєС†РёРё).aux")
\openout1 = `"РўРѕРїРѕР»РѕРіРёСЏ (Р»РµРєС†РёРё).aux"'.

LaTeX Font Info:    Checking defaults for OML/cmm/m/it on input line 42.
LaTeX Font Info:    ... okay on input line 42.
LaTeX Font Info:    Checking defaults for T1/cmr/m/n on input line 42.
LaTeX Font Info:    ... okay on input line 42.
LaTeX Font Info:    Checking defaults for OT1/cmr/m/n on input line 42.
LaTeX Font Info:    ... okay on input line 42.
LaTeX Font Info:    Checking defaults for OMS/cmsy/m/n on input line 42.
LaTeX Font Info:    ... okay on input line 42.
LaTeX Font Info:    Checking defaults for OMX/cmex/m/n on input line 42.
LaTeX Font Info:    ... okay on input line 42.
LaTeX Font Info:    Checking defaults for U/cmr/m/n on input line 42.
LaTeX Font Info:    ... okay on input line 42.
LaTeX Font Info:    Checking defaults for T2A/cmr/m/n on input line 42.
LaTeX Font Info:    ... okay on input line 42.

(C:\Users\vlad2\AppData\Roaming\MiKTeX\2.9\tex/context/base/mkii\supp-pdf.mkii
[Loading MPS to PDF converter (version 2006.09.02).]
\scratchcounter=\count144
\scratchdimen=\dimen256
\scratchbox=\box68
\nofMPsegments=\count145
\nofMParguments=\count146
\everyMPshowfont=\toks40
\MPscratchCnt=\count147
\MPscratchDim=\dimen257
\MPnumerator=\count148
\makeMPintoPDFobject=\count149
\everyMPtoPDFconversion=\toks41
) ("D:\Program Files\MiKTeX 2.9\tex/latex/oberdiek\epstopdf-base.sty"
Package: epstopdf-base 2016/05/15 v2.6 Base part for package epstopdf

("D:\Program Files\MiKTeX 2.9\tex/generic/oberdiek\infwarerr.sty"
Package: infwarerr 2016/05/16 v1.4 Providing info/warning/error messages (HO)
)
("D:\Program Files\MiKTeX 2.9\tex/latex/oberdiek\grfext.sty"
Package: grfext 2016/05/16 v1.2 Manage graphics extensions (HO)

("D:\Program Files\MiKTeX 2.9\tex/generic/oberdiek\kvdefinekeys.sty"
Package: kvdefinekeys 2016/05/16 v1.4 Define keys (HO)

("D:\Program Files\MiKTeX 2.9\tex/generic/oberdiek\ltxcmds.sty"
Package: ltxcmds 2016/05/16 v1.23 LaTeX kernel commands for general use (HO)
)))
("D:\Program Files\MiKTeX 2.9\tex/latex/oberdiek\kvoptions.sty"
Package: kvoptions 2016/05/16 v3.12 Key value format for package options (HO)

("D:\Program Files\MiKTeX 2.9\tex/generic/oberdiek\kvsetkeys.sty"
Package: kvsetkeys 2016/05/16 v1.17 Key value parser (HO)

("D:\Program Files\MiKTeX 2.9\tex/generic/oberdiek\etexcmds.sty"
Package: etexcmds 2016/05/16 v1.6 Avoid name clashes with e-TeX commands (HO)

("D:\Program Files\MiKTeX 2.9\tex/generic/oberdiek\ifluatex.sty"
Package: ifluatex 2016/05/16 v1.4 Provides the ifluatex switch (HO)
Package ifluatex Info: LuaTeX not detected.
))))
("D:\Program Files\MiKTeX 2.9\tex/generic/oberdiek\pdftexcmds.sty"
Package: pdftexcmds 2018/09/10 v0.29 Utility functions of pdfTeX for LuaTeX (HO
)
Package pdftexcmds Info: LuaTeX not detected.
Package pdftexcmds Info: \pdf@primitive is available.
Package pdftexcmds Info: \pdf@ifprimitive is available.
Package pdftexcmds Info: \pdfdraftmode found.
)
Package epstopdf-base Info: Redefining graphics rule for `.eps' on input line 4
38.
Package grfext Info: Graphics extension search list:
(grfext)             [.pdf,.png,.jpg,.mps,.jpeg,.jbig2,.jb2,.PDF,.PNG,.JPG,.JPE
G,.JBIG2,.JB2,.eps]
(grfext)             \AppendGraphicsExtensions on input line 456.
)
*geometry* driver: auto-detecting
*geometry* detected driver: pdftex
*geometry* verbose mode - [ preamble ] result:
* driver: pdftex
* paper: a4paper
* layout: <same size as paper>
* layoutoffset:(h,v)=(0.0pt,0.0pt)
* modes: 
* h-part:(L,W,R)=(42.67912pt, 512.14963pt, 42.67912pt)
* v-part:(T,H,B)=(56.9055pt, 717.00946pt, 71.13188pt)
* \paperwidth=597.50787pt
* \paperheight=845.04684pt
* \textwidth=512.14963pt
* \textheight=717.00946pt
* \oddsidemargin=-29.59087pt
* \evensidemargin=-29.59087pt
* \topmargin=-52.36449pt
* \headheight=12.0pt
* \headsep=25.0pt
* \topskip=12.0pt
* \footskip=30.0pt
* \marginparwidth=35.0pt
* \marginparsep=10.0pt
* \columnsep=10.0pt
* \skip\footins=10.8pt plus 4.0pt minus 2.0pt
* \hoffset=0.0pt
* \voffset=0.0pt
* \mag=1000
* \@twocolumnfalse
* \@twosidefalse
* \@mparswitchfalse
* \@reversemarginfalse
* (1in=72.27pt=25.4mm, 1cm=28.453pt)

ABD: EveryShipout initializing macros
Package caption Info: Begin \AtBeginDocument code.
Package caption Info: End \AtBeginDocument code.
LaTeX Font Info:    Try loading font information for U+rsfs on input line 44.

("D:\Program Files\MiKTeX 2.9\tex/latex/jknappen\ursfs.fd"
File: ursfs.fd 1998/03/24 rsfs font definition file (jk)
)
LaTeX Font Info:    Try loading font information for U+msa on input line 44.

("D:\Program Files\MiKTeX 2.9\tex/latex/amsfonts\umsa.fd"
File: umsa.fd 2013/01/14 v3.01 AMS symbols A
)
LaTeX Font Info:    Try loading font information for U+msb on input line 44.

("D:\Program Files\MiKTeX 2.9\tex/latex/amsfonts\umsb.fd"
File: umsb.fd 2013/01/14 v3.01 AMS symbols B
)
("РўРѕРїРѕР»РѕРіРёСЏ (Р»РµРєС†РёРё).toc"
Overfull \hbox (0.81068pt too wide) in paragraph at lines 11--11
 [] []\T2A/cmr/bx/n/14.4 Сходимость по-сле-до-ва-тель-но-стей в то-по-ло-ги-че-
ском про-стран-стве []  
 []


Overfull \hbox (27.85374pt too wide) in paragraph at lines 18--18
 [] []\T2A/cmr/bx/n/14.4 Инициальные то-по-ло-гии. Про-из-ве-де-ния то-по-ло-ги
-че-ских про-странств []  
 []

[1

{C:/Users/vlad2/AppData/Local/MiKTeX/2.9/pdftex/config/pdftex.map}])
\tf@toc=\write5
\openout5 = `"РўРѕРїРѕР»РѕРіРёСЏ (Р»РµРєС†РёРё).toc"'.

 [2]
[3] [4]
Overfull \hbox (0.86632pt too wide) in paragraph at lines 157--158
[]\T2A/cmr/m/n/14.4 Частный слу-чай: про-стран-ство огра-ни-чен-ных по-сле-до-в
а-тель-но-стей $\OML/cmm/m/it/14.4 l[] \OT1/cmr/m/n/14.4 = \OML/cmm/m/it/14.4 l
[]\OT1/cmr/m/n/14.4 (\U/msb/m/n/14.4 N\OT1/cmr/m/n/14.4 )\OML/cmm/m/it/14.4 :$ 

 []

[5] [6]
LaTeX Font Info:    Try loading font information for U+euf on input line 231.
 ("D:\Program Files\MiKTeX 2.9\tex/latex/amsfonts\ueuf.fd"
File: ueuf.fd 2013/01/14 v3.01 Euler Fraktur
) [7]
<lect2_1.png, id=43, 209.28188pt x 187.70125pt>
File: lect2_1.png Graphic file (type png)
<use lect2_1.png>
Package pdftex.def Info: lect2_1.png  used on input line 254.
(pdftex.def)             Requested size: 142.26378pt x 127.5922pt.

Underfull \hbox (badness 10000) in paragraph at lines 254--256
[][]
 []


Underfull \hbox (badness 3601) in paragraph at lines 254--256
[][]\OT1/cmr/m/n/14.4 (\OML/cmm/m/it/14.4 f\OT1/cmr/m/n/14.4 )$ \T2A/cmr/m/n/14
.4 со-сто-ит из тех
 []


Underfull \hbox (badness 10000) in paragraph at lines 254--256
\T2A/cmr/m/n/14.4 непре-рыв-ных функ-
 []


Underfull \hbox (badness 1478) in paragraph at lines 254--256
\T2A/cmr/m/n/14.4 ций, гра-фи-ки ко-то-рых
 []

<lect2_2.png, id=44, 166.12062pt x 151.06438pt>
File: lect2_2.png Graphic file (type png)
<use lect2_2.png>
Package pdftex.def Info: lect2_2.png  used on input line 269.
(pdftex.def)             Requested size: 142.26378pt x 129.37804pt.

Underfull \hbox (badness 2726) in paragraph at lines 278--279
[]\T2A/cmr/m/n/14.4 Неравенство тре-уголь-ни-ка: $\OML/cmm/m/it/14.4 \OT1/cmr/
m/n/14.4 (\OML/cmm/m/it/14.4 z; x\OT1/cmr/m/n/14.4 ) \OMS/cmsy/m/n/14.4  \OML/
cmm/m/it/14.4 \OT1/cmr/m/n/14.4 (\OML/cmm/m/it/14.4 z; y\OT1/cmr/m/n/14.4 ) +
 []

[8 <./lect2_1.png> <./lect2_2.png>]
<lect2_3.png, id=48, 228.855pt x 111.91812pt>
File: lect2_3.png Graphic file (type png)
<use lect2_3.png>
Package pdftex.def Info: lect2_3.png  used on input line 295.
(pdftex.def)             Requested size: 142.26378pt x 69.57465pt.

Underfull \hbox (badness 10000) in paragraph at lines 295--297
[][]
 []


Underfull \hbox (badness 10000) in paragraph at lines 308--309
[]\T2A/cmr/m/n/14.4 Обозначение. $\OT1/cmr/m/n/14.4 2[]$ \T2A/cmr/m/n/14.4 ---
 []


Underfull \hbox (badness 10000) in paragraph at lines 308--309
\T2A/cmr/m/n/14.4 мно-же-ство всех под-
 []


Underfull \hbox (badness 10000) in paragraph at lines 308--309
\T2A/cmr/m/n/14.4 мно-жеств мно-же-ства
 []


Underfull \hbox (badness 3088) in paragraph at lines 321--322
[]$[]$ \T2A/cmr/m/n/14.4 на-зы-ва-ет-ся \T2A/cmr/bx/n/14.4 то-по-ло-ги-че-ским 
про-стран-
 []

[9 <./lect2_3.png>]
<lect2_4.png, id=55, 216.81pt x 116.435pt>
File: lect2_4.png Graphic file (type png)
<use lect2_4.png>
Package pdftex.def Info: lect2_4.png  used on input line 364.
(pdftex.def)             Requested size: 142.26378pt x 76.40494pt.

Underfull \hbox (badness 10000) in paragraph at lines 364--366
[][]
 []


Underfull \hbox (badness 10000) in paragraph at lines 364--366
\T2A/cmr/m/n/14.4 Из нера-вен-ства
 []


Underfull \hbox (badness 10000) in paragraph at lines 364--366
\T2A/cmr/m/n/14.4 тре-уголь-ни-ка:
 []


Underfull \hbox (badness 1168) in paragraph at lines 370--371
[]\T2A/cmr/bx/n/14.4 Определение. \T2A/cmr/m/n/14.4 Пусть $\OML/cmm/m/it/14.4 X
$ \T2A/cmr/m/n/14.4 --- то-по-ло-ги-че-ское про-
 []


Underfull \hbox (badness 10000) in paragraph at lines 387--388
[]$\OML/cmm/m/it/14.4 X\OMS/cmsy/m/n/14.4 n [][] \OML/cmm/m/it/14.4 F[] \OT1/cm
r/m/n/14.4 =
 []


Underfull \hbox (badness 10000) in paragraph at lines 389--390
[]$\OML/cmm/m/it/14.4 X\OMS/cmsy/m/n/14.4 n [][] \OML/cmm/m/it/14.4 F[] \OT1/cm
r/m/n/14.4 =
 []

[10 <./lect2_4.png>]
File: lect2_1.png Graphic file (type png)
<use lect2_1.png>
Package pdftex.def Info: lect2_1.png  used on input line 440.
(pdftex.def)             Requested size: 142.26378pt x 127.5922pt.

Underfull \hbox (badness 10000) in paragraph at lines 440--442
[][]
 []


Underfull \hbox (badness 3601) in paragraph at lines 440--442
[][]\OT1/cmr/m/n/14.4 (\OML/cmm/m/it/14.4 f\OT1/cmr/m/n/14.4 )$ \T2A/cmr/m/n/14
.4 со-сто-ит из тех
 []


Underfull \hbox (badness 10000) in paragraph at lines 440--442
\T2A/cmr/m/n/14.4 непре-рыв-ных функ-
 []


Underfull \hbox (badness 1478) in paragraph at lines 440--442
\T2A/cmr/m/n/14.4 ций, гра-фи-ки ко-то-рых
 []

File: lect2_2.png Graphic file (type png)
<use lect2_2.png>
Package pdftex.def Info: lect2_2.png  used on input line 454.
(pdftex.def)             Requested size: 142.26378pt x 129.37804pt.

Underfull \hbox (badness 2726) in paragraph at lines 463--464
[]\T2A/cmr/m/n/14.4 Неравенство тре-уголь-ни-ка: $\OML/cmm/m/it/14.4 \OT1/cmr/
m/n/14.4 (\OML/cmm/m/it/14.4 z; x\OT1/cmr/m/n/14.4 ) \OMS/cmsy/m/n/14.4  \OML/
cmm/m/it/14.4 \OT1/cmr/m/n/14.4 (\OML/cmm/m/it/14.4 z; y\OT1/cmr/m/n/14.4 ) +
 []

[11]
File: lect2_3.png Graphic file (type png)
<use lect2_3.png>
Package pdftex.def Info: lect2_3.png  used on input line 480.
(pdftex.def)             Requested size: 142.26378pt x 69.57465pt.

Underfull \hbox (badness 10000) in paragraph at lines 480--482
[][]
 []


Underfull \hbox (badness 10000) in paragraph at lines 493--494
[]\T2A/cmr/m/n/14.4 Обозначение. $\OT1/cmr/m/n/14.4 2[]$ \T2A/cmr/m/n/14.4 ---
 []


Underfull \hbox (badness 10000) in paragraph at lines 493--494
\T2A/cmr/m/n/14.4 мно-же-ство всех под-
 []


Underfull \hbox (badness 10000) in paragraph at lines 493--494
\T2A/cmr/m/n/14.4 мно-жеств мно-же-ства
 []


Underfull \hbox (badness 3088) in paragraph at lines 506--507
[]$[]$ \T2A/cmr/m/n/14.4 на-зы-ва-ет-ся \T2A/cmr/bx/n/14.4 то-по-ло-ги-че-ским 
про-стран-
 []

[12]
File: lect2_4.png Graphic file (type png)
<use lect2_4.png>
Package pdftex.def Info: lect2_4.png  used on input line 549.
(pdftex.def)             Requested size: 142.26378pt x 76.40494pt.

Underfull \hbox (badness 10000) in paragraph at lines 549--551
[][]
 []


Underfull \hbox (badness 10000) in paragraph at lines 549--551
\T2A/cmr/m/n/14.4 Из нера-вен-ства
 []


Underfull \hbox (badness 10000) in paragraph at lines 549--551
\T2A/cmr/m/n/14.4 тре-уголь-ни-ка:
 []


Underfull \hbox (badness 1168) in paragraph at lines 555--556
[]\T2A/cmr/bx/n/14.4 Определение. \T2A/cmr/m/n/14.4 Пусть $\OML/cmm/m/it/14.4 X
$ \T2A/cmr/m/n/14.4 --- то-по-ло-ги-че-ское про-
 []


Underfull \hbox (badness 10000) in paragraph at lines 572--573
[]$\OML/cmm/m/it/14.4 X\OMS/cmsy/m/n/14.4 n [][] \OML/cmm/m/it/14.4 F[] \OT1/cm
r/m/n/14.4 =
 []


Underfull \hbox (badness 10000) in paragraph at lines 574--575
[]$\OML/cmm/m/it/14.4 X\OMS/cmsy/m/n/14.4 n [][] \OML/cmm/m/it/14.4 F[] \OT1/cm
r/m/n/14.4 =
 []

[13]
<lect3_1.png, id=69, 77.28876pt x 63.73813pt>
File: lect3_1.png Graphic file (type png)
<use lect3_1.png>
Package pdftex.def Info: lect3_1.png  used on input line 614.
(pdftex.def)             Requested size: 142.26378pt x 117.33208pt.
 [14 <./lect3_1.png>]
<lect3_2.png, id=73, 136.00812pt x 107.40125pt>
File: lect3_2.png Graphic file (type png)
<use lect3_2.png>
Package pdftex.def Info: lect3_2.png  used on input line 649.
(pdftex.def)             Requested size: 142.26378pt x 112.3469pt.
<lect3_3.png, id=74, 165.11688pt x 127.97812pt>
File: lect3_3.png Graphic file (type png)
<use lect3_3.png>
Package pdftex.def Info: lect3_3.png  used on input line 669.
(pdftex.def)             Requested size: 142.26378pt x 110.26993pt.
 [15 <./lect3_2.png> <./lect3_3.png>]
<lect3_4.png, id=79, 220.32312pt x 102.3825pt>
File: lect3_4.png Graphic file (type png)
<use lect3_4.png>
Package pdftex.def Info: lect3_4.png  used on input line 697.
(pdftex.def)             Requested size: 142.26378pt x 66.1104pt.
 [16 <./lect3_4.png>]

LaTeX Warning: Command \CYRA invalid in math mode on input line 757.

Missing character: There is no А in font cmr12!

LaTeX Warning: Command \CYRA invalid in math mode on input line 759.

Missing character: There is no А in font cmr12!
[17] [18] [19] [20]
<lect4_3.png, id=96, 292.59312pt x 127.47626pt>
File: lect4_3.png Graphic file (type png)
<use lect4_3.png>
Package pdftex.def Info: lect4_3.png  used on input line 880.
(pdftex.def)             Requested size: 142.26378pt x 61.98346pt.

Overfull \hbox (1.34042pt too wide) in paragraph at lines 889--890
[]\T2A/cmr/bx/n/14.4 Предложение. \T2A/cmr/m/n/14.4 Пусть $\OML/cmm/m/it/14.4 f
 \OT1/cmr/m/n/14.4 : \OML/cmm/m/it/14.4 X \OMS/cmsy/m/n/14.4 ! \OML/cmm/m/it/14
.4 Y$ \T2A/cmr/m/n/14.4 --- отоб-ра-же-ние то-по-ло-ги-че-ских про-странств,
 []

[21 <./lect4_3.png>]
Overfull \hbox (1.34042pt too wide) in paragraph at lines 926--927
[]\T2A/cmr/bx/n/14.4 Предложение. \T2A/cmr/m/n/14.4 Пусть $\OML/cmm/m/it/14.4 f
 \OT1/cmr/m/n/14.4 : \OML/cmm/m/it/14.4 X \OMS/cmsy/m/n/14.4 ! \OML/cmm/m/it/14
.4 Y$ \T2A/cmr/m/n/14.4 --- отоб-ра-же-ние то-по-ло-ги-че-ских про-странств,
 []

<lect5_1.png, id=102, 510.90875pt x 166.6225pt>
File: lect5_1.png Graphic file (type png)
<use lect5_1.png>
Package pdftex.def Info: lect5_1.png  used on input line 938.
(pdftex.def)             Requested size: 409.72125pt x 133.62106pt.
[22 <./lect5_1.png>]
<lect5_3.png, id=106, 448.67625pt x 240.9pt>
File: lect5_3.png Graphic file (type png)
<use lect5_3.png>
Package pdftex.def Info: lect5_3.png  used on input line 1017.
(pdftex.def)             Requested size: 409.72125pt x 219.99126pt.
 [23] [24 <./lect5_3.png>]
<lect5_4.png, id=113, 263.98625pt x 156.585pt>
File: lect5_4.png Graphic file (type png)
<use lect5_4.png>
Package pdftex.def Info: lect5_4.png  used on input line 1066.
(pdftex.def)             Requested size: 307.2929pt x 182.28383pt.
 [25 <./lect5_4.png>]
Overfull \hbox (14.6463pt too wide) in paragraph at lines 1131--1132
[]$\OML/cmm/m/it/14.4 X$ \T2A/cmr/m/n/14.4 --- мно-же-ство, $\OT1/cmr/m/n/14.4 
(\OML/cmm/m/it/14.4 X[]; []\OT1/cmr/m/n/14.4 )[]$ \T2A/cmr/m/n/14.4 --- се-мей
-ство то-по-ло-ги-че-ских про-странств $\OT1/cmr/m/n/14.4 (\OML/cmm/m/it/14.4 I
 \OMS/cmsy/m/n/14.4 6\OT1/cmr/m/n/14.4 = \U/msb/m/n/14.4 ?\OT1/cmr/m/n/14.4 ); 
 (\OML/cmm/m/it/14.4 f[] \OT1/cmr/m/n/14.4 :
 []

[26]
Overfull \hbox (0.14389pt too wide) in paragraph at lines 1141--1142
[]\T2A/cmr/bx/n/14.4 Пример 2. $\OML/cmm/m/it/14.4 X$ \T2A/cmr/m/n/14.4 --- мно
-же-ство. Ини-ци-аль-ная то-по-ло-гия на $\OML/cmm/m/it/14.4 X;$ \T2A/cmr/m/n/1
4.4 по-рож-ден-ная $\OMS/cmsy/m/n/14.4 f\OML/cmm/m/it/14.4 X \OMS/cmsy/m/n/14.4
 !
 []

[27] [28] [29]
Overfull \hbox (20.05006pt too wide) in paragraph at lines 1338--1339
[]\T2A/cmr/bx/n/14.4 Предположение. \T2A/cmr/m/n/14.4 Пусть $\OT1/cmr/m/n/14.4 
(\OML/cmm/m/it/14.4 X[]\OT1/cmr/m/n/14.4 )[]\OML/cmm/m/it/14.4 ; \OT1/cmr/m/n/1
4.4 (\OML/cmm/m/it/14.4 Y[]\OT1/cmr/m/n/14.4 )[]$ \T2A/cmr/m/n/14.4 --- се-мей-
ства то-по-ло-ги-че-ских про-странств,
 []


Overfull \hbox (8.50043pt too wide) in paragraph at lines 1352--1353
[][] 
 []

<lect7_2.png, id=130, 121.45375pt x 112.92188pt>
File: lect7_2.png Graphic file (type png)
<use lect7_2.png>
Package pdftex.def Info: lect7_2.png  used on input line 1368.
(pdftex.def)             Requested size: 142.26378pt x 132.26967pt.
[30]
Overfull \hbox (5.98242pt too wide) in paragraph at lines 1389--1390
[]\T2A/cmr/bx/n/14.4 Определение. Фи-наль-ная то-по-ло-гия \T2A/cmr/m/n/14.4 на
 $\OML/cmm/m/it/14.4 X;$ \T2A/cmr/m/n/14.4 по-рож-ден-ная $\OT1/cmr/m/n/14.4 (\
OML/cmm/m/it/14.4 f[]\OT1/cmr/m/n/14.4 )[]$ \T2A/cmr/m/n/14.4 --- это $\OML/cmm
/m/it/14.4 [] \OT1/cmr/m/n/14.4 =
 []


Overfull \hbox (2.97572pt too wide) in paragraph at lines 1393--1394
[]\T2A/cmr/bx/n/14.4 Предложение. \T2A/cmr/m/n/14.4 Фи-наль-ная то-по-ло-гия на
 $\OML/cmm/m/it/14.4 X;$ \T2A/cmr/m/n/14.4 по-рож-ден-ная отоб-ра-же-ни-ем $\OM
S/cmsy/m/n/14.4 f\U/msb/m/n/14.4 ? \OMS/cmsy/m/n/14.4 !
 []

[31 <./lect7_2.png>]
Underfull \hbox (badness 1292) in paragraph at lines 1461--1462
[][]\T2A/cmr/bx/n/14.4 Доказательство. \T2A/cmr/m/n/14.4 За-да-дим $\OML/cmm/m/
it/14.4 f \OT1/cmr/m/n/14.4 : \OML/cmm/m/it/14.4 X \OMS/cmsy/m/n/14.4 ! \OML/cm
m/m/it/14.4 Y$ \T2A/cmr/m/n/14.4 так:
 []

[32]
(C:\Users\vlad2\AppData\Roaming\MiKTeX\2.9\tex/generic/pgf/frontendlayer/tikz/l
ibraries\tikzlibrarypatterns.code.tex
File: tikzlibrarypatterns.code.tex 2019/08/03 v3.1.4b (3.1.4b)

(C:\Users\vlad2\AppData\Roaming\MiKTeX\2.9\tex/generic/pgf/libraries\pgflibrary
patterns.code.tex
File: pgflibrarypatterns.code.tex 2019/08/03 v3.1.4b (3.1.4b)
))
Underfull \hbox (badness 1057) in paragraph at lines 1504--1505
[]\T2A/cmr/bx/n/14.4 Пример. $\OML/cmm/m/it/14.4 X; Y$ \T2A/cmr/m/n/14.4 --- не
пу-стые то-по-ло-ги-че-ские про-
 []

[33]
Overfull \hbox (18.00728pt too wide) in paragraph at lines 1573--1574
[][] 
 []

<lect8_3.png, id=147, 423.08063pt x 288.3272pt>
File: lect8_3.png Graphic file (type png)
<use lect8_3.png>
Package pdftex.def Info: lect8_3.png  used on input line 1587.
(pdftex.def)             Requested size: 163.88599pt x 111.68602pt.
[34]
<lect8_4.png, id=151, 180.675pt x 147.04938pt>
File: lect8_4.png Graphic file (type png)
<use lect8_4.png>
Package pdftex.def Info: lect8_4.png  used on input line 1611.
(pdftex.def)             Requested size: 163.88599pt x 133.38655pt.

Underfull \hbox (badness 10000) in paragraph at lines 1611--1619

 []

<lect8_6.png, id=152, 255.95625pt x 113.92563pt>
File: lect8_6.png Graphic file (type png)
<use lect8_6.png>
Package pdftex.def Info: lect8_6.png  used on input line 1633.
(pdftex.def)             Requested size: 163.88599pt x 72.94518pt.
[35 <./lect8_3.png> <./lect8_4.png>]
Underfull \hbox (badness 1205) in paragraph at lines 1640--1641
\T2A/cmr/m/n/14.4 ми-ро-ван-но-го про-стран-ства (над $\U/msb/m/n/14.4 R\OT1/cm
r/m/n/14.4 )$ \T2A/cmr/m/n/14.4 ли-ней-но
 []


Underfull \hbox (badness 10000) in paragraph at lines 1652--1665
[][]
 []


Overfull \hbox (4.45255pt too wide) in paragraph at lines 1699--1700
[][] 
 []

[36 <./lect8_6.png>] [37] [38]
Overfull \hbox (312.33043pt too wide) in paragraph at lines 1798--1799
[]\T2A/cmr/m/n/14.4 Пусть $\OML/cmm/m/it/14.4 B$ \T2A/cmr/m/n/14.4 --- связ-ная
 ком-по-нен-та $\OML/cmm/m/it/14.4 X;$ \T2A/cmr/m/n/14.4 т.ч. $\OML/cmm/m/it/14
.4 A \OMS/cmsy/m/n/14.4  \OML/cmm/m/it/14.4 B:$ $B\OMS/cmsy/m/n/14.4 n\OML/cmm
/m/it/14.4 A \OT1/cmr/m/n/14.4 = []\OMS/cmsy/m/n/14.4 f[]g )
 []

[39]
<lect9_1.png, id=172, 266.49562pt x 135.00438pt>
File: lect9_1.png Graphic file (type png)
<use lect9_1.png>
Package pdftex.def Info: lect9_1.png  used on input line 1839.
(pdftex.def)             Requested size: 142.26378pt x 72.07108pt.
 [40 <./lect9_1.png>]
<lect9_2.png, id=177, 307.64937pt x 321.70187pt>
File: lect9_2.png Graphic file (type png)
<use lect9_2.png>
Package pdftex.def Info: lect9_2.png  used on input line 1873.
(pdftex.def)             Requested size: 227.62204pt x 238.02129pt.

Overfull \hbox (22.76532pt too wide) in paragraph at lines 1873--1874
[][] 
 []


Overfull \hbox (27.98128pt too wide) in paragraph at lines 1896--1897
[]\T2A/cmr/bx/n/14.4 Следствие. $\OML/cmm/m/it/14.4 X$ \T2A/cmr/m/n/14.4 --- ко
м-пакт-ное то-по-ло-ги-че-ское про-стран-ство, $\OML/cmm/m/it/14.4 X \OMS/cmsy/
m/n/14.4 6\OT1/cmr/m/n/14.4 = \U/msb/m/n/14.4 ?\OML/cmm/m/it/14.4 ; f \OMS/cmsy
/m/n/14.4 2 \OML/cmm/m/it/14.4 C\OT1/cmr/m/n/14.4 (\OML/cmm/m/it/14.4 X; \U/msb
/m/n/14.4 R\OT1/cmr/m/n/14.4 ) \OMS/cmsy/m/n/14.4 )
 []

[41 <./lect9_2.png>] [42]
<lect10_1.png, id=185, 123.46124pt x 125.97063pt>
File: lect10_1.png Graphic file (type png)
<use lect10_1.png>
Package pdftex.def Info: lect10_1.png  used on input line 1981.
(pdftex.def)             Requested size: 142.26378pt x 145.16301pt.
 [43]
Underfull \hbox (badness 1406) in paragraph at lines 1988--1989
\OML/cmm/m/it/14.4 U \OMS/cmsy/m/n/14.4  []$ \T2A/cmr/m/n/14.4 --- ба-зис-ное 
от-кры-тое мно-же-ство, $\OML/cmm/m/it/14.4 U \OT1/cmr/m/n/14.4 =
 []

<lect10_2.png, id=190, 244.915pt x 262.48062pt>
File: lect10_2.png Graphic file (type png)
<use lect10_2.png>
Package pdftex.def Info: lect10_2.png  used on input line 2011.
(pdftex.def)             Requested size: 142.26378pt x 152.47116pt.
[44 <./lect10_1.png> <./lect10_2.png>] [45]
<lect10_3.png, id=198, 147.04938pt x 132.495pt>
File: lect10_3.png Graphic file (type png)
<use lect10_3.png>
Package pdftex.def Info: lect10_3.png  used on input line 2087.
(pdftex.def)             Requested size: 142.26378pt x 128.18437pt.
 [46 <./lect10_3.png>]
Overfull \hbox (14.37184pt too wide) in paragraph at lines 2134--2135
[]\T2A/cmr/m/n/14.4 Обозначим $\OML/cmm/m/it/14.4 f\OT1/cmr/m/n/14.4 (\OML/cmm/
m/it/14.4 x\OT1/cmr/m/n/14.4 ) = \OMS/cmsy/m/n/14.4 jj\OML/cmm/m/it/14.4 x\OMS/
cmsy/m/n/14.4 jj\OML/cmm/m/it/14.4 :$ \T2A/cmr/m/n/14.4 По-ка-жем: $\OML/cmm/m/
it/14.4 f$ \T2A/cmr/m/n/14.4 непре-рыв-на на $\OT1/cmr/m/n/14.4 (\U/msb/m/n/14.
4 K[]\OML/cmm/m/it/14.4 ; \OMS/cmsy/m/n/14.4 jj  jj[]\OT1/cmr/m/n/14.4 )\OML/c
mm/m/it/14.4 :$ $\OMS/cmsy/m/n/14.4 8\OML/cmm/m/it/14.4 x; y \OMS/cmsy/m/n/14.4
 2 \U/msb/m/n/14.4 K[] \OMS/cmsy/m/n/14.4 j\OML/cmm/m/it/14.4 f\OT1/cmr/m/n/14.
4 (\OML/cmm/m/it/14.4 x\OT1/cmr/m/n/14.4 ) \OMS/cmsy/m/n/14.4  
 []

[47]
Overfull \hbox (2.45642pt too wide) in paragraph at lines 2179--2180
[]\T2A/cmr/bx/n/14.4 Теорема 2 \T2A/cmr/m/n/14.4 (уни-вер-саль-ное свой-ство фа
к-тор-про-странств) 
 []

[48]
Overfull \hbox (8.14548pt too wide) in paragraph at lines 2208--2209
[]\T2A/cmr/m/n/14.4 (2) $[]$ --- инъ-ек-ция $\OMS/cmsy/m/n/14.4 , 8\OML/cmm/m/i
t/14.4 u; v \OMS/cmsy/m/n/14.4 2 \OML/cmm/m/it/14.4 X[]\OT1/cmr/m/n/14.4 ([](\O
ML/cmm/m/it/14.4 u\OT1/cmr/m/n/14.4 ) = [](\OML/cmm/m/it/14.4 v\OT1/cmr/m/n/14.
4 ) \OMS/cmsy/m/n/14.4 , \OML/cmm/m/it/14.4 u \OT1/cmr/m/n/14.4 = \OML/cmm/m/it
/14.4 v\OT1/cmr/m/n/14.4 ) \OMS/cmsy/m/n/14.4 , 8\OML/cmm/m/it/14.4 x; y \OMS/c
msy/m/n/14.4 2 \OML/cmm/m/it/14.4 X \OT1/cmr/m/n/14.4 ([] =
 []

<lect11_4.png, id=208, 240.14719pt x 156.585pt>
File: lect11_4.png Graphic file (type png)
<use lect11_4.png>
Package pdftex.def Info: lect11_4.png  used on input line 2245.
(pdftex.def)             Requested size: 142.26378pt x 92.76184pt.
[49 <./lect11_4.png>]
Overfull \hbox (1.8298pt too wide) in paragraph at lines 2291--2292
[][] 
 []

<lect12_2.png, id=217, 2022.55624pt x 742.775pt>
File: lect12_2.png Graphic file (type png)
<use lect12_2.png>
Package pdftex.def Info: lect12_2.png  used on input line 2303.
(pdftex.def)             Requested size: 199.16928pt x 73.13713pt.

Underfull \hbox (badness 10000) in paragraph at lines 2303--2315

 []


Overfull \hbox (12.96873pt too wide) in paragraph at lines 2329--2329
[]\T2A/cmr/bx/n/14.4 Частный слу-чай фак-тор-про-странств:
 []

[50 <./lect12_2.png>]
<lect12_5.png, id=221, 1157.32375pt x 502.87875pt>
File: lect12_5.png Graphic file (type png)
<use lect12_5.png>
Package pdftex.def Info: lect12_5.png  used on input line 2367.
(pdftex.def)             Requested size: 199.16928pt x 86.53949pt.

Overfull \hbox (49.3619pt too wide) in paragraph at lines 2382--2383
[]\T2A/cmr/m/n/14.4 Рассмотрим $\OML/cmm/m/it/14.4 g  \OT1/cmr/m/n/14.4 : [] \O
MS/cmsy/m/n/14.4 t [] ! \OML/cmm/m/it/14.4 S[];  g\OT1/cmr/m/n/14.4 (\OML/cmm/m
/it/14.4 x; y; [];  g\OT1/cmr/m/n/14.4 (\OML/cmm/m/it/14.4 x; y; \OMS/cmsy/m/n/
14.4  \OT1/cmr/m/n/14.4 1) = (\OML/cmm/m/it/14.4 x; y; \OMS/cmsy/m/n/14.4  []\O
ML/cmm/m/it/14.4 ;$
 []

[51 <./lect12_5.png>] [52]
Overfull \hbox (31.22325pt too wide) in paragraph at lines 2485--2486
[]$\U/msb/m/n/14.4 RP[]$ \T2A/cmr/m/n/14.4 снаб-жа-ет-ся фи-наль-ной то-по-ло-г
и-ей, по-рож-ден-ной отоб-ра-же-ни-ем $\OML/cmm/m/it/14.4 f  \OT1/cmr/m/n/14.4 
: \U/msb/m/n/14.4 R[]\OMS/cmsy/m/n/14.4 nf\OT1/cmr/m/n/14.4 0\OMS/cmsy/m/n/14.4
 g !
 []

[53] [54]
Overfull \hbox (13.6222pt too wide) in paragraph at lines 2624--2625
[][] 
 []

[55]
Overfull \hbox (7.36726pt too wide) in paragraph at lines 2627--2628
[][]\T2A/cmr/bx/n/14.4 Доказательство. \T2A/cmr/m/n/14.4 Обо-зна-чим $\OML/cmm/
m/it/14.4 U[] \OT1/cmr/m/n/14.4 = \OML/cmm/m/it/14.4 X\OMS/cmsy/m/n/14.4 n\OML/
cmm/m/it/14.4 B U[]$
 []

[56] ("РўРѕРїРѕР»РѕРіРёСЏ (Р»РµРєС†РёРё).aux") ) 
Here is how much of TeX's memory you used:
 22465 strings out of 492895
 432122 string characters out of 3133479
 881717 words of memory out of 3000000
 25967 multiletter control sequences out of 15000+200000
 21754 words of font info for 69 fonts, out of 3000000 for 9000
 1141 hyphenation exceptions out of 8191
 55i,14n,61p,1140b,885s stack positions out of 5000i,500n,10000p,200000b,50000s
 <C:\Users\vlad2\AppData\Local\
MiKTeX\2.9\fonts/pk/ljfour/lh/lh-t2a/dpi600\larm0700.pk> <C:\Users\vlad2\AppDat
a\Local\MiKTeX\2.9\fonts/pk/ljfour/lh/lh-t2a/dpi600\larm1000.pk> <C:\Users\vlad
2\AppData\Local\MiKTeX\2.9\fonts/pk/ljfour/lh/lh-t2a/dpi600\labi1440.pk> <C:\Us
ers\vlad2\AppData\Local\MiKTeX\2.9\fonts/pk/ljfour/lh/lh-t2a/dpi600\lati1440.pk
> <C:\Users\vlad2\AppData\Local\MiKTeX\2.9\fonts/pk/ljfour/lh/lh-t2a/dpi600\lar
m1200.pk> <C:\Users\vlad2\AppData\Local\MiKTeX\2.9\fonts/pk/ljfour/lh/lh-t2a/dp
i600\labx1440.pk> <C:\Users\vlad2\AppData\Local\MiKTeX\2.9\fonts/pk/ljfour/lh/l
h-t2a/dpi600\labx1728.pk> <C:\Users\vlad2\AppData\Local\MiKTeX\2.9\fonts/pk/ljf
our/lh/lh-t2a/dpi600\larm1440.pk><D:/Program Files/MiKTeX 2.9/fonts/type1/publi
c/amsfonts/cm/cmex10.pfb><D:/Program Files/MiKTeX 2.9/fonts/type1/public/amsfon
ts/cm/cmmi10.pfb><D:/Program Files/MiKTeX 2.9/fonts/type1/public/amsfonts/cm/cm
mi12.pfb><D:/Program Files/MiKTeX 2.9/fonts/type1/public/amsfonts/cm/cmmi7.pfb>
<D:/Program Files/MiKTeX 2.9/fonts/type1/public/amsfonts/cm/cmmi8.pfb><D:/Progr
am Files/MiKTeX 2.9/fonts/type1/public/amsfonts/cm/cmr10.pfb><D:/Program Files/
MiKTeX 2.9/fonts/type1/public/amsfonts/cm/cmr12.pfb><D:/Program Files/MiKTeX 2.
9/fonts/type1/public/amsfonts/cm/cmr7.pfb><D:/Program Files/MiKTeX 2.9/fonts/ty
pe1/public/amsfonts/cm/cmr8.pfb><D:/Program Files/MiKTeX 2.9/fonts/type1/public
/amsfonts/cm/cmsy10.pfb><D:/Program Files/MiKTeX 2.9/fonts/type1/public/amsfont
s/cm/cmsy7.pfb><D:/Program Files/MiKTeX 2.9/fonts/type1/public/amsfonts/cm/cmsy
8.pfb><D:/Program Files/MiKTeX 2.9/fonts/type1/public/amsfonts/euler/eufm10.pfb
><D:/Program Files/MiKTeX 2.9/fonts/type1/public/amsfonts/latxfont/line10.pfb><
D:/Program Files/MiKTeX 2.9/fonts/type1/public/amsfonts/symbols/msam10.pfb><D:/
Program Files/MiKTeX 2.9/fonts/type1/public/amsfonts/symbols/msbm10.pfb>
Output written on "РўРѕРїРѕР»РѕРіРёСЏ (Р»РµРєС†РёРё).pdf" (56 pages, 1043798 by
tes).
PDF statistics:
 670 PDF objects out of 1000 (max. 8388607)
 0 named destinations out of 1000 (max. 500000)
 137 words of extra memory for PDF output out of 10000 (max. 10000000)

