\BOOKMARK [1][-]{section.1}{ }{}% 1
\BOOKMARK [2][-]{subsection.1.1}{1 1}{section.1}% 2
\BOOKMARK [2][-]{subsection.1.2}{1 2}{section.1}% 3
\BOOKMARK [2][-]{subsection.1.3}{1 3}{section.1}% 4
\BOOKMARK [2][-]{subsection.1.4}{1 4}{section.1}% 5
\BOOKMARK [2][-]{subsection.1.5}{1 5}{section.1}% 6
\BOOKMARK [2][-]{subsection.1.6}{1 6}{section.1}% 7
\BOOKMARK [2][-]{subsection.1.7}{1 7}{section.1}% 8
\BOOKMARK [2][-]{subsection.1.8}{1 8}{section.1}% 9
\BOOKMARK [2][-]{subsection.1.9}{1 9}{section.1}% 10
\BOOKMARK [1][-]{section.2}{ \040 }{}% 11
\BOOKMARK [2][-]{subsection.2.1}{2 1}{section.2}% 12
\BOOKMARK [2][-]{subsection.2.2}{2 2}{section.2}% 13
\BOOKMARK [2][-]{subsection.2.3}{2 3}{section.2}% 14
\BOOKMARK [2][-]{subsection.2.4}{2 4}{section.2}% 15
\BOOKMARK [2][-]{subsection.2.5}{2 5}{section.2}% 16
\BOOKMARK [2][-]{subsection.2.6}{2 6}{section.2}% 17
\BOOKMARK [2][-]{subsection.2.7}{2 7}{section.2}% 18
\BOOKMARK [2][-]{subsection.2.8}{2 8}{section.2}% 19
\BOOKMARK [2][-]{subsection.2.9}{2 9}{section.2}% 20
\BOOKMARK [1][-]{section.3}{}{}% 21
\BOOKMARK [2][-]{subsection.3.1}{3 1}{section.3}% 22
\BOOKMARK [2][-]{subsection.3.2}{3 2}{section.3}% 23
\BOOKMARK [2][-]{subsection.3.3}{3 3}{section.3}% 24
\BOOKMARK [2][-]{subsection.3.4}{3 4}{section.3}% 25
\BOOKMARK [2][-]{subsection.3.5}{3 5}{section.3}% 26
\BOOKMARK [2][-]{subsection.3.6}{3 6}{section.3}% 27
\BOOKMARK [2][-]{subsection.3.7}{3 7}{section.3}% 28
\BOOKMARK [2][-]{subsection.3.8}{3 8}{section.3}% 29
\BOOKMARK [2][-]{subsection.3.9}{3 9}{section.3}% 30
\BOOKMARK [1][-]{section.4}{ \040 }{}% 31
\BOOKMARK [2][-]{subsection.4.1}{4 1}{section.4}% 32
\BOOKMARK [2][-]{subsection.4.2}{4 2}{section.4}% 33
\BOOKMARK [2][-]{subsection.4.3}{4 3}{section.4}% 34
\BOOKMARK [2][-]{subsection.4.4}{4 4}{section.4}% 35
\BOOKMARK [2][-]{subsection.4.5}{4 5}{section.4}% 36
\BOOKMARK [2][-]{subsection.4.6}{4 6}{section.4}% 37
\BOOKMARK [2][-]{subsection.4.7}{4 7}{section.4}% 38
\BOOKMARK [2][-]{subsection.4.8}{4 8}{section.4}% 39
\BOOKMARK [2][-]{subsection.4.9}{4 9}{section.4}% 40
\BOOKMARK [2][-]{subsection.4.10}{4 10}{section.4}% 41
\BOOKMARK [2][-]{subsection.4.11}{4 11*}{section.4}% 42
\BOOKMARK [2][-]{subsection.4.12}{4 12*}{section.4}% 43
\BOOKMARK [1][-]{section.5}{ \040 }{}% 44
\BOOKMARK [2][-]{subsection.5.1}{5 1}{section.5}% 45
\BOOKMARK [2][-]{subsection.5.2}{5 2*}{section.5}% 46
\BOOKMARK [2][-]{subsection.5.3}{5 3}{section.5}% 47
\BOOKMARK [2][-]{subsection.5.4}{5 4}{section.5}% 48
\BOOKMARK [2][-]{subsection.5.5}{5 5}{section.5}% 49
\BOOKMARK [2][-]{subsection.5.6}{5 6*}{section.5}% 50
\BOOKMARK [2][-]{subsection.5.7}{5 7}{section.5}% 51
\BOOKMARK [2][-]{subsection.5.8}{5 8}{section.5}% 52
\BOOKMARK [2][-]{subsection.5.9}{5 9}{section.5}% 53
\BOOKMARK [2][-]{subsection.5.10}{5 10*}{section.5}% 54
\BOOKMARK [2][-]{subsection.5.11}{5 11}{section.5}% 55
\BOOKMARK [2][-]{subsection.5.12}{5 12*}{section.5}% 56
\BOOKMARK [1][-]{section.6}{ \040 \040}{}% 57
\BOOKMARK [2][-]{subsection.6.1}{6 1}{section.6}% 58
\BOOKMARK [2][-]{subsection.6.2}{6 2}{section.6}% 59
\BOOKMARK [2][-]{subsection.6.3}{6 3}{section.6}% 60
\BOOKMARK [2][-]{subsection.6.4}{6 4}{section.6}% 61
\BOOKMARK [2][-]{subsection.6.5}{6 5}{section.6}% 62
\BOOKMARK [2][-]{subsection.6.6}{6 6}{section.6}% 63
\BOOKMARK [2][-]{subsection.6.7}{6 7}{section.6}% 64
\BOOKMARK [2][-]{subsection.6.8}{6 8}{section.6}% 65
\BOOKMARK [2][-]{subsection.6.9}{6 9}{section.6}% 66
\BOOKMARK [2][-]{subsection.6.10}{6 10}{section.6}% 67
\BOOKMARK [2][-]{subsection.6.11}{6 11}{section.6}% 68
\BOOKMARK [1][-]{section.7}{ }{}% 69
\BOOKMARK [2][-]{subsection.7.1}{7 1}{section.7}% 70
\BOOKMARK [2][-]{subsection.7.2}{7 2}{section.7}% 71
\BOOKMARK [2][-]{subsection.7.3}{7 3}{section.7}% 72
\BOOKMARK [2][-]{subsection.7.4}{7 4}{section.7}% 73
\BOOKMARK [2][-]{subsection.7.5}{7 5*}{section.7}% 74
\BOOKMARK [2][-]{subsection.7.6}{7 6}{section.7}% 75
\BOOKMARK [2][-]{subsection.7.7}{7 7}{section.7}% 76
\BOOKMARK [2][-]{subsection.7.8}{7 8}{section.7}% 77
