This is pdfTeX, Version 3.141592653-2.6-1.40.23 (MiKTeX 21.8) (preloaded format=pdflatex 2021.9.24)  5 OCT 2021 14:22
entering extended mode
**./P1.tex
(P1.tex
LaTeX2e <2021-06-01> patch level 1
L3 programming layer <2021-08-27>
! Undefined control sequence.
l.1 \section
            {–õ–∏—Å—Ç 1}
The control sequence at the end of the top line
of your error message was never \def'ed. If you have
misspelled it (e.g., `\hobx'), type `I' and the correct
spelling (e.g., `I\hbox'). Otherwise just continue,
and I'll forget about whatever was undefined.


! Package inputenc Error: Unicode character –õ (U+041B)
(inputenc)                not set up for use with LaTeX.

See the inputenc package documentation for explanation.
Type  H <return>  for immediate help.
 ...                                              
                                                  
l.1 \section{–õ
               –∏—Å—Ç 1}
You may provide a definition with
\DeclareUnicodeCharacter 


! Package inputenc Error: Unicode character –∏ (U+0438)
(inputenc)                not set up for use with LaTeX.

See the inputenc package documentation for explanation.
Type  H <return>  for immediate help.
 ...                                              
                                                  
l.1 \section{–õ–∏
                 —Å—Ç 1}
You may provide a definition with
\DeclareUnicodeCharacter 


! Package inputenc Error: Unicode character —Å (U+0441)
(inputenc)                not set up for use with LaTeX.

See the inputenc package documentation for explanation.
Type  H <return>  for immediate help.
 ...                                              
                                                  
l.1 \section{–õ–∏—Å
                   —Ç 1}
You may provide a definition with
\DeclareUnicodeCharacter 


! Package inputenc Error: Unicode character —Ç (U+0442)
(inputenc)                not set up for use with LaTeX.

See the inputenc package documentation for explanation.
Type  H <return>  for immediate help.
 ...                                              
                                                  
l.1 \section{–õ–∏—Å—Ç
                      1}
You may provide a definition with
\DeclareUnicodeCharacter 


! LaTeX Error: Missing \begin{document}.

See the LaTeX manual or LaTeX Companion for explanation.
Type  H <return>  for immediate help.
 ...                                              
                                                  
l.1 \section{–õ–∏—Å—Ç 1
                       }
You're in trouble here.  Try typing  <return>  to proceed.
If that doesn't work, type  X <return>  to quit.

Missing character: There is no 1 in font nullfont!

! LaTeX Error: Environment prob undefined.

See the LaTeX manual or LaTeX Companion for explanation.
Type  H <return>  for immediate help.
 ...                                              
                                                  
l.2     \begin{prob}
                    
Your command was ignored.
Type  I <command> <return>  to replace it with another command,
or  <return>  to continue without it.


! Package inputenc Error: Unicode character –í (U+0412)
(inputenc)                not set up for use with LaTeX.

See the inputenc package documentation for explanation.
Type  H <return>  for immediate help.
 ...                                              
                                                  
l.3         –í
              —ã—á–∏—Å–ª–∏—Ç–µ —á–∏—Å–ª–æ –Ω–µ—É–±—ã–≤–∞—é–ø–∏—Ö –ø—É—Ç–µ–π ...

You may provide a definition with
\DeclareUnicodeCharacter 


! Package inputenc Error: Unicode character —ã (U+044B)
(inputenc)                not set up for use with LaTeX.

See the inputenc package documentation for explanation.
Type  H <return>  for immediate help.
 ...                                              
                                                  
l.3         –í—ã
                —á–∏—Å–ª–∏—Ç–µ —á–∏—Å–ª–æ –Ω–µ—É–±—ã–≤–∞—é–ø–∏—Ö –ø—É—Ç–µ–π ...

You may provide a definition with
\DeclareUnicodeCharacter 


! Package inputenc Error: Unicode character —á (U+0447)
(inputenc)                not set up for use with LaTeX.

See the inputenc package documentation for explanation.
Type  H <return>  for immediate help.
 ...                                              
                                                  
l.3         –í—ã—á
                  –∏—Å–ª–∏—Ç–µ —á–∏—Å–ª–æ –Ω–µ—É–±—ã–≤–∞—é–ø–∏—Ö –ø—É—Ç–µ–π ...

You may provide a definition with
\DeclareUnicodeCharacter 


! Package inputenc Error: Unicode character –∏ (U+0438)
(inputenc)                not set up for use with LaTeX.

See the inputenc package documentation for explanation.
Type  H <return>  for immediate help.
 ...                                              
                                                  
l.3         –í—ã—á–∏
                    —Å–ª–∏—Ç–µ —á–∏—Å–ª–æ –Ω–µ—É–±—ã–≤–∞—é–ø–∏—Ö –ø—É—Ç–µ–π ...

You may provide a definition with
\DeclareUnicodeCharacter 


! Package inputenc Error: Unicode character —Å (U+0441)
(inputenc)                not set up for use with LaTeX.

See the inputenc package documentation for explanation.
Type  H <return>  for immediate help.
 ...                                              
                                                  
l.3         –í—ã—á–∏—Å
                      –ª–∏—Ç–µ —á–∏—Å–ª–æ –Ω–µ—É–±—ã–≤–∞—é–ø–∏—Ö –ø—É—Ç–µ–π ...

You may provide a definition with
\DeclareUnicodeCharacter 


! Package inputenc Error: Unicode character –ª (U+043B)
(inputenc)                not set up for use with LaTeX.

See the inputenc package documentation for explanation.
Type  H <return>  for immediate help.
 ...                                              
                                                  
l.3         –í—ã—á–∏—Å–ª
                        –∏—Ç–µ —á–∏—Å–ª–æ –Ω–µ—É–±—ã–≤–∞—é–ø–∏—Ö –ø—É—Ç–µ–π ...

You may provide a definition with
\DeclareUnicodeCharacter 


! Package inputenc Error: Unicode character –∏ (U+0438)
(inputenc)                not set up for use with LaTeX.

See the inputenc package documentation for explanation.
Type  H <return>  for immediate help.
 ...                                              
                                                  
l.3         –í—ã—á–∏—Å–ª–∏
                          —Ç–µ —á–∏—Å–ª–æ –Ω–µ—É–±—ã–≤–∞—é–ø–∏—Ö –ø—É—Ç–µ–π ...

You may provide a definition with
\DeclareUnicodeCharacter 


! Package inputenc Error: Unicode character —Ç (U+0442)
(inputenc)                not set up for use with LaTeX.

See the inputenc package documentation for explanation.
Type  H <return>  for immediate help.
 ...                                              
                                                  
l.3         –í—ã—á–∏—Å–ª–∏—Ç
                            –µ —á–∏—Å–ª–æ –Ω–µ—É–±—ã–≤–∞—é–ø–∏—Ö –ø—É—Ç–µ–π ...

You may provide a definition with
\DeclareUnicodeCharacter 


! Package inputenc Error: Unicode character –µ (U+0435)
(inputenc)                not set up for use with LaTeX.

See the inputenc package documentation for explanation.
Type  H <return>  for immediate help.
 ...                                              
                                                  
l.3         –í—ã—á–∏—Å–ª–∏—Ç–µ
                               —á–∏—Å–ª–æ –Ω–µ—É–±—ã–≤–∞—é–ø–∏—Ö –ø—É—Ç–µ–π ...

You may provide a definition with
\DeclareUnicodeCharacter 


! Package inputenc Error: Unicode character —á (U+0447)
(inputenc)                not set up for use with LaTeX.

See the inputenc package documentation for explanation.
Type  H <return>  for immediate help.
 ...                                              
                                                  
l.3         –í—ã—á–∏—Å–ª–∏—Ç–µ —á
                                 –∏—Å–ª–æ –Ω–µ—É–±—ã–≤–∞—é–ø–∏—Ö –ø—É—Ç–µ–π ...

You may provide a definition with
\DeclareUnicodeCharacter 


! Package inputenc Error: Unicode character –∏ (U+0438)
(inputenc)                not set up for use with LaTeX.

See the inputenc package documentation for explanation.
Type  H <return>  for immediate help.
 ...                                              
                                                  
l.3         –í—ã—á–∏—Å–ª–∏—Ç–µ —á–∏
                                   —Å–ª–æ –Ω–µ—É–±—ã–≤–∞—é–ø–∏—Ö –ø—É—Ç–µ–π ...

You may provide a definition with
\DeclareUnicodeCharacter 


! Package inputenc Error: Unicode character —Å (U+0441)
(inputenc)                not set up for use with LaTeX.

See the inputenc package documentation for explanation.
Type  H <return>  for immediate help.
 ...                                              
                                                  
l.3         –í—ã—á–∏—Å–ª–∏—Ç–µ —á–∏—Å
                                     –ª–æ –Ω–µ—É–±—ã–≤–∞—é–ø–∏—Ö –ø—É—Ç–µ–π ...

You may provide a definition with
\DeclareUnicodeCharacter 


! Package inputenc Error: Unicode character –ª (U+043B)
(inputenc)                not set up for use with LaTeX.

See the inputenc package documentation for explanation.
Type  H <return>  for immediate help.
 ...                                              
                                                  
l.3         –í—ã—á–∏—Å–ª–∏—Ç–µ —á–∏—Å–ª
                                       –æ –Ω–µ—É–±—ã–≤–∞—é–ø–∏—Ö –ø—É—Ç–µ–π ...

You may provide a definition with
\DeclareUnicodeCharacter 


! Package inputenc Error: Unicode character –æ (U+043E)
(inputenc)                not set up for use with LaTeX.

See the inputenc package documentation for explanation.
Type  H <return>  for immediate help.
 ...                                              
                                                  
l.3         –í—ã—á–∏—Å–ª–∏—Ç–µ —á–∏—Å–ª–æ
                                          –Ω–µ—É–±—ã–≤–∞—é–ø–∏—Ö –ø—É—Ç–µ–π ...

You may provide a definition with
\DeclareUnicodeCharacter 


! Package inputenc Error: Unicode character –Ω (U+043D)
(inputenc)                not set up for use with LaTeX.

See the inputenc package documentation for explanation.
Type  H <return>  for immediate help.
 ...                                              
                                                  
l.3         –í—ã—á–∏—Å–ª–∏—Ç–µ —á–∏—Å–ª–æ –Ω
                                            –µ—É–±—ã–≤–∞—é–ø–∏—Ö –ø—É—Ç–µ–π ...

You may provide a definition with
\DeclareUnicodeCharacter 


! Package inputenc Error: Unicode character –µ (U+0435)
(inputenc)                not set up for use with LaTeX.

See the inputenc package documentation for explanation.
Type  H <return>  for immediate help.
 ...                                              
                                                  
l.3         –í—ã—á–∏—Å–ª–∏—Ç–µ —á–∏—Å–ª–æ –Ω–µ
                                              —É–±—ã–≤–∞—é–ø–∏—Ö –ø—É—Ç–µ–π ...

You may provide a definition with
\DeclareUnicodeCharacter 


! Package inputenc Error: Unicode character —É (U+0443)
(inputenc)                not set up for use with LaTeX.

See the inputenc package documentation for explanation.
Type  H <return>  for immediate help.
 ...                                              
                                                  
l.3         –í—ã—á–∏—Å–ª–∏—Ç–µ —á–∏—Å–ª–æ –Ω–µ—É
                                                –±—ã–≤–∞—é–ø–∏—Ö –ø—É—Ç–µ–π ...

You may provide a definition with
\DeclareUnicodeCharacter 


! Package inputenc Error: Unicode character –± (U+0431)
(inputenc)                not set up for use with LaTeX.

See the inputenc package documentation for explanation.
Type  H <return>  for immediate help.
 ...                                              
                                                  
l.3         –í—ã—á–∏—Å–ª–∏—Ç–µ —á–∏—Å–ª–æ –Ω–µ—É–±
                                                  —ã–≤–∞—é–ø–∏—Ö –ø—É—Ç–µ–π ...

You may provide a definition with
\DeclareUnicodeCharacter 


! Package inputenc Error: Unicode character —ã (U+044B)
(inputenc)                not set up for use with LaTeX.

See the inputenc package documentation for explanation.
Type  H <return>  for immediate help.
 ...                                              
                                                  
l.3 ...   –í—ã—á–∏—Å–ª–∏—Ç–µ —á–∏—Å–ª–æ –Ω–µ—É–±—ã
                                                  –≤–∞—é–ø–∏—Ö –ø—É—Ç–µ–π –Ω...

You may provide a definition with
\DeclareUnicodeCharacter 


! Package inputenc Error: Unicode character –≤ (U+0432)
(inputenc)                not set up for use with LaTeX.

See the inputenc package documentation for explanation.
Type  H <return>  for immediate help.
 ...                                              
                                                  
l.3 ... –í—ã—á–∏—Å–ª–∏—Ç–µ —á–∏—Å–ª–æ –Ω–µ—É–±—ã–≤
                                                  –∞—é–ø–∏—Ö –ø—É—Ç–µ–π –Ω–∞...

You may provide a definition with
\DeclareUnicodeCharacter 


! Package inputenc Error: Unicode character –∞ (U+0430)
(inputenc)                not set up for use with LaTeX.

See the inputenc package documentation for explanation.
Type  H <return>  for immediate help.
 ...                                              
                                                  
l.3 ...í—ã—á–∏—Å–ª–∏—Ç–µ —á–∏—Å–ª–æ –Ω–µ—É–±—ã–≤–∞
                                                  —é–ø–∏—Ö –ø—É—Ç–µ–π –Ω–∞ —...

You may provide a definition with
\DeclareUnicodeCharacter 


! Package inputenc Error: Unicode character —é (U+044E)
(inputenc)                not set up for use with LaTeX.

See the inputenc package documentation for explanation.
Type  H <return>  for immediate help.
 ...                                              
                                                  
l.3 ...ã—á–∏—Å–ª–∏—Ç–µ —á–∏—Å–ª–æ –Ω–µ—É–±—ã–≤–∞—é
                                                  –ø–∏—Ö –ø—É—Ç–µ–π –Ω–∞ —Ü–...

You may provide a definition with
\DeclareUnicodeCharacter 


! Package inputenc Error: Unicode character –ø (U+043F)
(inputenc)                not set up for use with LaTeX.

See the inputenc package documentation for explanation.
Type  H <return>  for immediate help.
 ...                                              
                                                  
l.3 ...á–∏—Å–ª–∏—Ç–µ —á–∏—Å–ª–æ –Ω–µ—É–±—ã–≤–∞—é–ø
                                                  –∏—Ö –ø—É—Ç–µ–π –Ω–∞ —Ü–µ–...

You may provide a definition with
\DeclareUnicodeCharacter 


! Package inputenc Error: Unicode character –∏ (U+0438)
(inputenc)                not set up for use with LaTeX.

See the inputenc package documentation for explanation.
Type  H <return>  for immediate help.
 ...                                              
                                                  
l.3 ...∏—Å–ª–∏—Ç–µ —á–∏—Å–ª–æ –Ω–µ—É–±—ã–≤–∞—é–ø–∏
                                                  —Ö –ø—É—Ç–µ–π –Ω–∞ —Ü–µ–ª–...

You may provide a definition with
\DeclareUnicodeCharacter 


! Package inputenc Error: Unicode character —Ö (U+0445)
(inputenc)                not set up for use with LaTeX.

See the inputenc package documentation for explanation.
Type  H <return>  for immediate help.
 ...                                              
                                                  
l.3 ...Å–ª–∏—Ç–µ —á–∏—Å–ª–æ –Ω–µ—É–±—ã–≤–∞—é–ø–∏—Ö
                                                   –ø—É—Ç–µ–π –Ω–∞ —Ü–µ–ª–æ—...

You may provide a definition with
\DeclareUnicodeCharacter 


! Package inputenc Error: Unicode character –ø (U+043F)
(inputenc)                not set up for use with LaTeX.

See the inputenc package documentation for explanation.
Type  H <return>  for immediate help.
 ...                                              
                                                  
l.3 ...–∏—Ç–µ —á–∏—Å–ª–æ –Ω–µ—É–±—ã–≤–∞—é–ø–∏—Ö –ø
                                                  —É—Ç–µ–π –Ω–∞ —Ü–µ–ª–æ—á–∏...

You may provide a definition with
\DeclareUnicodeCharacter 


! Package inputenc Error: Unicode character —É (U+0443)
(inputenc)                not set up for use with LaTeX.

See the inputenc package documentation for explanation.
Type  H <return>  for immediate help.
 ...                                              
                                                  
l.3 ...—Ç–µ —á–∏—Å–ª–æ –Ω–µ—É–±—ã–≤–∞—é–ø–∏—Ö –ø—É
                                                  —Ç–µ–π –Ω–∞ —Ü–µ–ª–æ—á–∏—Å...

You may provide a definition with
\DeclareUnicodeCharacter 


! Package inputenc Error: Unicode character —Ç (U+0442)
(inputenc)                not set up for use with LaTeX.

See the inputenc package documentation for explanation.
Type  H <return>  for immediate help.
 ...                                              
                                                  
l.3 ...–µ —á–∏—Å–ª–æ –Ω–µ—É–±—ã–≤–∞—é–ø–∏—Ö –ø—É—Ç
                                                  –µ–π –Ω–∞ —Ü–µ–ª–æ—á–∏—Å—Ç...

You may provide a definition with
\DeclareUnicodeCharacter 


! Package inputenc Error: Unicode character –µ (U+0435)
(inputenc)                not set up for use with LaTeX.

See the inputenc package documentation for explanation.
Type  H <return>  for immediate help.
 ...                                              
                                                  
l.3 ... —á–∏—Å–ª–æ –Ω–µ—É–±—ã–≤–∞—é–ø–∏—Ö –ø—É—Ç–µ
                                                  –π –Ω–∞ —Ü–µ–ª–æ—á–∏—Å—Ç–µ...

You may provide a definition with
\DeclareUnicodeCharacter 


! Package inputenc Error: Unicode character –π (U+0439)
(inputenc)                not set up for use with LaTeX.

See the inputenc package documentation for explanation.
Type  H <return>  for immediate help.
 ...                                              
                                                  
l.3 ...á–∏—Å–ª–æ –Ω–µ—É–±—ã–≤–∞—é–ø–∏—Ö –ø—É—Ç–µ–π
                                                   –Ω–∞ —Ü–µ–ª–æ—á–∏—Å—Ç–µ–Ω...

You may provide a definition with
\DeclareUnicodeCharacter 


! Package inputenc Error: Unicode character –Ω (U+043D)
(inputenc)                not set up for use with LaTeX.

See the inputenc package documentation for explanation.
Type  H <return>  for immediate help.
 ...                                              
                                                  
l.3 ...—Å–ª–æ –Ω–µ—É–±—ã–≤–∞—é–ø–∏—Ö –ø—É—Ç–µ–π –Ω
                                                  –∞ —Ü–µ–ª–æ—á–∏—Å—Ç–µ–Ω–Ω–...

You may provide a definition with
\DeclareUnicodeCharacter 


! Package inputenc Error: Unicode character –∞ (U+0430)
(inputenc)                not set up for use with LaTeX.

See the inputenc package documentation for explanation.
Type  H <return>  for immediate help.
 ...                                              
                                                  
l.3 ...–ª–æ –Ω–µ—É–±—ã–≤–∞—é–ø–∏—Ö –ø—É—Ç–µ–π –Ω–∞
                                                   —Ü–µ–ª–æ—á–∏—Å—Ç–µ–Ω–Ω–æ–...

You may provide a definition with
\DeclareUnicodeCharacter 


! Package inputenc Error: Unicode character —Ü (U+0446)
(inputenc)                not set up for use with LaTeX.

See the inputenc package documentation for explanation.
Type  H <return>  for immediate help.
 ...                                              
                                                  
l.3 ...æ –Ω–µ—É–±—ã–≤–∞—é–ø–∏—Ö –ø—É—Ç–µ–π –Ω–∞ —Ü
                                                  –µ–ª–æ—á–∏—Å—Ç–µ–Ω–Ω–æ–π —...

You may provide a definition with
\DeclareUnicodeCharacter 


! Package inputenc Error: Unicode character –µ (U+0435)
(inputenc)                not set up for use with LaTeX.

See the inputenc package documentation for explanation.
Type  H <return>  for immediate help.
 ...                                              
                                                  
l.3 ...–Ω–µ—É–±—ã–≤–∞—é–ø–∏—Ö –ø—É—Ç–µ–π –Ω–∞ —Ü–µ
                                                  –ª–æ—á–∏—Å—Ç–µ–Ω–Ω–æ–π —Ä–...

You may provide a definition with
\DeclareUnicodeCharacter 


! Package inputenc Error: Unicode character –ª (U+043B)
(inputenc)                not set up for use with LaTeX.

See the inputenc package documentation for explanation.
Type  H <return>  for immediate help.
 ...                                              
                                                  
l.3 ...–µ—É–±—ã–≤–∞—é–ø–∏—Ö –ø—É—Ç–µ–π –Ω–∞ —Ü–µ–ª
                                                  –æ—á–∏—Å—Ç–µ–Ω–Ω–æ–π —Ä–µ–...

You may provide a definition with
\DeclareUnicodeCharacter 


! Package inputenc Error: Unicode character –æ (U+043E)
(inputenc)                not set up for use with LaTeX.

See the inputenc package documentation for explanation.
Type  H <return>  for immediate help.
 ...                                              
                                                  
l.3 ...—É–±—ã–≤–∞—é–ø–∏—Ö –ø—É—Ç–µ–π –Ω–∞ —Ü–µ–ª–æ
                                                  —á–∏—Å—Ç–µ–Ω–Ω–æ–π —Ä–µ–ø–...

You may provide a definition with
\DeclareUnicodeCharacter 


! Package inputenc Error: Unicode character —á (U+0447)
(inputenc)                not set up for use with LaTeX.

See the inputenc package documentation for explanation.
Type  H <return>  for immediate help.
 ...                                              
                                                  
l.3 ...–±—ã–≤–∞—é–ø–∏—Ö –ø—É—Ç–µ–π –Ω–∞ —Ü–µ–ª–æ—á
                                                  –∏—Å—Ç–µ–Ω–Ω–æ–π —Ä–µ–ø–µ—...

You may provide a definition with
\DeclareUnicodeCharacter 


! Package inputenc Error: Unicode character –∏ (U+0438)
(inputenc)                not set up for use with LaTeX.

See the inputenc package documentation for explanation.
Type  H <return>  for immediate help.
 ...                                              
                                                  
l.3 ...—ã–≤–∞—é–ø–∏—Ö –ø—É—Ç–µ–π –Ω–∞ —Ü–µ–ª–æ—á–∏
                                                  —Å—Ç–µ–Ω–Ω–æ–π —Ä–µ–ø–µ—Ç–...

You may provide a definition with
\DeclareUnicodeCharacter 


! Package inputenc Error: Unicode character —Å (U+0441)
(inputenc)                not set up for use with LaTeX.

See the inputenc package documentation for explanation.
Type  H <return>  for immediate help.
 ...                                              
                                                  
l.3 ...–≤–∞—é–ø–∏—Ö –ø—É—Ç–µ–π –Ω–∞ —Ü–µ–ª–æ—á–∏—Å
                                                  —Ç–µ–Ω–Ω–æ–π —Ä–µ–ø–µ—Ç–∫–...

You may provide a definition with
\DeclareUnicodeCharacter 


! Package inputenc Error: Unicode character —Ç (U+0442)
(inputenc)                not set up for use with LaTeX.

See the inputenc package documentation for explanation.
Type  H <return>  for immediate help.
 ...                                              
                                                  
l.3 ...–∞—é–ø–∏—Ö –ø—É—Ç–µ–π –Ω–∞ —Ü–µ–ª–æ—á–∏—Å—Ç
                                                  –µ–Ω–Ω–æ–π —Ä–µ–ø–µ—Ç–∫–µ ...

You may provide a definition with
\DeclareUnicodeCharacter 


! Package inputenc Error: Unicode character –µ (U+0435)
(inputenc)                not set up for use with LaTeX.

See the inputenc package documentation for explanation.
Type  H <return>  for immediate help.
 ...                                              
                                                  
l.3 ...—é–ø–∏—Ö –ø—É—Ç–µ–π –Ω–∞ —Ü–µ–ª–æ—á–∏—Å—Ç–µ
                                                  –Ω–Ω–æ–π —Ä–µ–ø–µ—Ç–∫–µ $\...

You may provide a definition with
\DeclareUnicodeCharacter 


! Package inputenc Error: Unicode character –Ω (U+043D)
(inputenc)                not set up for use with LaTeX.

See the inputenc package documentation for explanation.
Type  H <return>  for immediate help.
 ...                                              
                                                  
l.3 ...–ø–∏—Ö –ø—É—Ç–µ–π –Ω–∞ —Ü–µ–ª–æ—á–∏—Å—Ç–µ–Ω
                                                  –Ω–æ–π —Ä–µ–ø–µ—Ç–∫–µ $\ma...

You may provide a definition with
\DeclareUnicodeCharacter 


! Package inputenc Error: Unicode character –Ω (U+043D)
(inputenc)                not set up for use with LaTeX.

See the inputenc package documentation for explanation.
Type  H <return>  for immediate help.
 ...                                              
                                                  
l.3 ...–∏—Ö –ø—É—Ç–µ–π –Ω–∞ —Ü–µ–ª–æ—á–∏—Å—Ç–µ–Ω–Ω
                                                  –æ–π —Ä–µ–ø–µ—Ç–∫–µ $\math...

You may provide a definition with
\DeclareUnicodeCharacter 


! Package inputenc Error: Unicode character –æ (U+043E)
(inputenc)                not set up for use with LaTeX.

See the inputenc package documentation for explanation.
Type  H <return>  for immediate help.
 ...                                              
                                                  
l.3 ...—Ö –ø—É—Ç–µ–π –Ω–∞ —Ü–µ–ª–æ—á–∏—Å—Ç–µ–Ω–Ω–æ
                                                  –π —Ä–µ–ø–µ—Ç–∫–µ $\mathbb...

You may provide a definition with
\DeclareUnicodeCharacter 


! Package inputenc Error: Unicode character –π (U+0439)
(inputenc)                not set up for use with LaTeX.

See the inputenc package documentation for explanation.
Type  H <return>  for immediate help.
 ...                                              
                                                  
l.3 ... –ø—É—Ç–µ–π –Ω–∞ —Ü–µ–ª–æ—á–∏—Å—Ç–µ–Ω–Ω–æ–π
                                                   —Ä–µ–ø–µ—Ç–∫–µ $\mathbb{Z...

You may provide a definition with
\DeclareUnicodeCharacter 


! Package inputenc Error: Unicode character —Ä (U+0440)
(inputenc)                not set up for use with LaTeX.

See the inputenc package documentation for explanation.
Type  H <return>  for immediate help.
 ...                                              
                                                  
l.3 ...—É—Ç–µ–π –Ω–∞ —Ü–µ–ª–æ—á–∏—Å—Ç–µ–Ω–Ω–æ–π —Ä
                                                  –µ–ø–µ—Ç–∫–µ $\mathbb{Z}^{...

You may provide a definition with
\DeclareUnicodeCharacter 


! Package inputenc Error: Unicode character –µ (U+0435)
(inputenc)                not set up for use with LaTeX.

See the inputenc package documentation for explanation.
Type  H <return>  for immediate help.
 ...                                              
                                                  
l.3 ...—Ç–µ–π –Ω–∞ —Ü–µ–ª–æ—á–∏—Å—Ç–µ–Ω–Ω–æ–π —Ä–µ
                                                  –ø–µ—Ç–∫–µ $\mathbb{Z}^{2}...

You may provide a definition with
\DeclareUnicodeCharacter 


! Package inputenc Error: Unicode character –ø (U+043F)
(inputenc)                not set up for use with LaTeX.

See the inputenc package documentation for explanation.
Type  H <return>  for immediate help.
 ...                                              
                                                  
l.3 ...–µ–π –Ω–∞ —Ü–µ–ª–æ—á–∏—Å—Ç–µ–Ω–Ω–æ–π —Ä–µ–ø
                                                  –µ—Ç–∫–µ $\mathbb{Z}^{2}$ ...

You may provide a definition with
\DeclareUnicodeCharacter 


! Package inputenc Error: Unicode character –µ (U+0435)
(inputenc)                not set up for use with LaTeX.

See the inputenc package documentation for explanation.
Type  H <return>  for immediate help.
 ...                                              
                                                  
l.3 ...–π –Ω–∞ —Ü–µ–ª–æ—á–∏—Å—Ç–µ–Ω–Ω–æ–π —Ä–µ–ø–µ
                                                  —Ç–∫–µ $\mathbb{Z}^{2}$ (—...

You may provide a definition with
\DeclareUnicodeCharacter 


! Package inputenc Error: Unicode character —Ç (U+0442)
(inputenc)                not set up for use with LaTeX.

See the inputenc package documentation for explanation.
Type  H <return>  for immediate help.
 ...                                              
                                                  
l.3 ... –Ω–∞ —Ü–µ–ª–æ—á–∏—Å—Ç–µ–Ω–Ω–æ–π —Ä–µ–ø–µ—Ç
                                                  –∫–µ $\mathbb{Z}^{2}$ (—Ç–...

You may provide a definition with
\DeclareUnicodeCharacter 


! Package inputenc Error: Unicode character –∫ (U+043A)
(inputenc)                not set up for use with LaTeX.

See the inputenc package documentation for explanation.
Type  H <return>  for immediate help.
 ...                                              
                                                  
l.3 ...Ω–∞ —Ü–µ–ª–æ—á–∏—Å—Ç–µ–Ω–Ω–æ–π —Ä–µ–ø–µ—Ç–∫
                                                  –µ $\mathbb{Z}^{2}$ (—Ç–æ ...

You may provide a definition with
\DeclareUnicodeCharacter 


! Package inputenc Error: Unicode character –µ (U+0435)
(inputenc)                not set up for use with LaTeX.

See the inputenc package documentation for explanation.
Type  H <return>  for immediate help.
 ...                                              
                                                  
l.3 ...∞ —Ü–µ–ª–æ—á–∏—Å—Ç–µ–Ω–Ω–æ–π —Ä–µ–ø–µ—Ç–∫–µ
                                                   $\mathbb{Z}^{2}$ (—Ç–æ –µ...

You may provide a definition with
\DeclareUnicodeCharacter 

LaTeX Font Info:    External font `cmex10' loaded for size
(Font)              <7> on input line 3.
LaTeX Font Info:    External font `cmex10' loaded for size
(Font)              <5> on input line 3.
! Undefined control sequence.
<recently read> \mathbb 
                        
l.3 ...æ—á–∏—Å—Ç–µ–Ω–Ω–æ–π —Ä–µ–ø–µ—Ç–∫–µ $\mathbb
                                                  {Z}^{2}$ (—Ç–æ –µ—Å—Ç—å —Ç...
The control sequence at the end of the top line
of your error message was never \def'ed. If you have
misspelled it (e.g., `\hobx'), type `I' and the correct
spelling (e.g., `I\hbox'). Otherwise just continue,
and I'll forget about whatever was undefined.

Missing character: There is no ( in font nullfont!

! Package inputenc Error: Unicode character —Ç (U+0442)
(inputenc)                not set up for use with LaTeX.

See the inputenc package documentation for explanation.
Type  H <return>  for immediate help.
 ...                                              
                                                  
l.3 ...Ω–Ω–æ–π —Ä–µ–ø–µ—Ç–∫–µ $\mathbb{Z}^{2}$ (—Ç
                                                  –æ –µ—Å—Ç—å —Ç–∞–∫–∏—Ö, —á...

You may provide a definition with
\DeclareUnicodeCharacter 


! Package inputenc Error: Unicode character –æ (U+043E)
(inputenc)                not set up for use with LaTeX.

See the inputenc package documentation for explanation.
Type  H <return>  for immediate help.
 ...                                              
                                                  
l.3 ...Ω–æ–π —Ä–µ–ø–µ—Ç–∫–µ $\mathbb{Z}^{2}$ (—Ç–æ
                                                   –µ—Å—Ç—å —Ç–∞–∫–∏—Ö, —á—Ç...

You may provide a definition with
\DeclareUnicodeCharacter 


! Package inputenc Error: Unicode character –µ (U+0435)
(inputenc)                not set up for use with LaTeX.

See the inputenc package documentation for explanation.
Type  H <return>  for immediate help.
 ...                                              
                                                  
l.3 ...–π —Ä–µ–ø–µ—Ç–∫–µ $\mathbb{Z}^{2}$ (—Ç–æ –µ
                                                  —Å—Ç—å —Ç–∞–∫–∏—Ö, —á—Ç–æ ...

You may provide a definition with
\DeclareUnicodeCharacter 


! Package inputenc Error: Unicode character —Å (U+0441)
(inputenc)                not set up for use with LaTeX.

See the inputenc package documentation for explanation.
Type  H <return>  for immediate help.
 ...                                              
                                                  
l.3 ... —Ä–µ–ø–µ—Ç–∫–µ $\mathbb{Z}^{2}$ (—Ç–æ –µ—Å
                                                  —Ç—å —Ç–∞–∫–∏—Ö, —á—Ç–æ –∑...

You may provide a definition with
\DeclareUnicodeCharacter 


! Package inputenc Error: Unicode character —Ç (U+0442)
(inputenc)                not set up for use with LaTeX.

See the inputenc package documentation for explanation.
Type  H <return>  for immediate help.
 ...                                              
                                                  
l.3 ...Ä–µ–ø–µ—Ç–∫–µ $\mathbb{Z}^{2}$ (—Ç–æ –µ—Å—Ç
                                                  —å —Ç–∞–∫–∏—Ö, —á—Ç–æ –∑–∞...

You may provide a definition with
\DeclareUnicodeCharacter 


! Package inputenc Error: Unicode character —å (U+044C)
(inputenc)                not set up for use with LaTeX.

See the inputenc package documentation for explanation.
Type  H <return>  for immediate help.
 ...                                              
                                                  
l.3 ...µ–ø–µ—Ç–∫–µ $\mathbb{Z}^{2}$ (—Ç–æ –µ—Å—Ç—å
                                                   —Ç–∞–∫–∏—Ö, —á—Ç–æ –∑–∞ –...

You may provide a definition with
\DeclareUnicodeCharacter 


! Package inputenc Error: Unicode character —Ç (U+0442)
(inputenc)                not set up for use with LaTeX.

See the inputenc package documentation for explanation.
Type  H <return>  for immediate help.
 ...                                              
                                                  
l.3 ...–µ—Ç–∫–µ $\mathbb{Z}^{2}$ (—Ç–æ –µ—Å—Ç—å —Ç
                                                  –∞–∫–∏—Ö, —á—Ç–æ –∑–∞ –æ–¥...

You may provide a definition with
\DeclareUnicodeCharacter 


! Package inputenc Error: Unicode character –∞ (U+0430)
(inputenc)                not set up for use with LaTeX.

See the inputenc package documentation for explanation.
Type  H <return>  for immediate help.
 ...                                              
                                                  
l.3 ...—Ç–∫–µ $\mathbb{Z}^{2}$ (—Ç–æ –µ—Å—Ç—å —Ç–∞
                                                  –∫–∏—Ö, —á—Ç–æ –∑–∞ –æ–¥–∏...

You may provide a definition with
\DeclareUnicodeCharacter 


! Package inputenc Error: Unicode character –∫ (U+043A)
(inputenc)                not set up for use with LaTeX.

See the inputenc package documentation for explanation.
Type  H <return>  for immediate help.
 ...                                              
                                                  
l.3 ...–∫–µ $\mathbb{Z}^{2}$ (—Ç–æ –µ—Å—Ç—å —Ç–∞–∫
                                                  –∏—Ö, —á—Ç–æ –∑–∞ –æ–¥–∏–Ω...

You may provide a definition with
\DeclareUnicodeCharacter 


! Package inputenc Error: Unicode character –∏ (U+0438)
(inputenc)                not set up for use with LaTeX.

See the inputenc package documentation for explanation.
Type  H <return>  for immediate help.
 ...                                              
                                                  
l.3 ...–µ $\mathbb{Z}^{2}$ (—Ç–æ –µ—Å—Ç—å —Ç–∞–∫–∏
                                                  —Ö, —á—Ç–æ –∑–∞ –æ–¥–∏–Ω —...

You may provide a definition with
\DeclareUnicodeCharacter 


! Package inputenc Error: Unicode character —Ö (U+0445)
(inputenc)                not set up for use with LaTeX.

See the inputenc package documentation for explanation.
Type  H <return>  for immediate help.
 ...                                              
                                                  
l.3 ... $\mathbb{Z}^{2}$ (—Ç–æ –µ—Å—Ç—å —Ç–∞–∫–∏—Ö
                                                  , —á—Ç–æ –∑–∞ –æ–¥–∏–Ω —à–...

You may provide a definition with
\DeclareUnicodeCharacter 

Missing character: There is no , in font nullfont!

! Package inputenc Error: Unicode character —á (U+0447)
(inputenc)                not set up for use with LaTeX.

See the inputenc package documentation for explanation.
Type  H <return>  for immediate help.
 ...                                              
                                                  
l.3 ...athbb{Z}^{2}$ (—Ç–æ –µ—Å—Ç—å —Ç–∞–∫–∏—Ö, —á
                                                  —Ç–æ –∑–∞ –æ–¥–∏–Ω —à–∞–≥ ...

You may provide a definition with
\DeclareUnicodeCharacter 


! Package inputenc Error: Unicode character —Ç (U+0442)
(inputenc)                not set up for use with LaTeX.

See the inputenc package documentation for explanation.
Type  H <return>  for immediate help.
 ...                                              
                                                  
l.3 ...hbb{Z}^{2}$ (—Ç–æ –µ—Å—Ç—å —Ç–∞–∫–∏—Ö, —á—Ç
                                                  –æ –∑–∞ –æ–¥–∏–Ω —à–∞–≥ –ø...

You may provide a definition with
\DeclareUnicodeCharacter 


! Package inputenc Error: Unicode character –æ (U+043E)
(inputenc)                not set up for use with LaTeX.

See the inputenc package documentation for explanation.
Type  H <return>  for immediate help.
 ...                                              
                                                  
l.3 ...b{Z}^{2}$ (—Ç–æ –µ—Å—Ç—å —Ç–∞–∫–∏—Ö, —á—Ç–æ
                                                   –∑–∞ –æ–¥–∏–Ω —à–∞–≥ –ø—Ä...

You may provide a definition with
\DeclareUnicodeCharacter 


! Package inputenc Error: Unicode character –∑ (U+0437)
(inputenc)                not set up for use with LaTeX.

See the inputenc package documentation for explanation.
Type  H <return>  for immediate help.
 ...                                              
                                                  
l.3 ...}^{2}$ (—Ç–æ –µ—Å—Ç—å —Ç–∞–∫–∏—Ö, —á—Ç–æ –∑
                                                  –∞ –æ–¥–∏–Ω —à–∞–≥ –ø—Ä–æ–...

You may provide a definition with
\DeclareUnicodeCharacter 


! Package inputenc Error: Unicode character –∞ (U+0430)
(inputenc)                not set up for use with LaTeX.

See the inputenc package documentation for explanation.
Type  H <return>  for immediate help.
 ...                                              
                                                  
l.3 ...{2}$ (—Ç–æ –µ—Å—Ç—å —Ç–∞–∫–∏—Ö, —á—Ç–æ –∑–∞
                                                   –æ–¥–∏–Ω —à–∞–≥ –ø—Ä–æ–∏—...

You may provide a definition with
\DeclareUnicodeCharacter 


! Package inputenc Error: Unicode character –æ (U+043E)
(inputenc)                not set up for use with LaTeX.

See the inputenc package documentation for explanation.
Type  H <return>  for immediate help.
 ...                                              
                                                  
l.3 ...$ (—Ç–æ –µ—Å—Ç—å —Ç–∞–∫–∏—Ö, —á—Ç–æ –∑–∞ –æ
                                                  –¥–∏–Ω —à–∞–≥ –ø—Ä–æ–∏—Å—Ö...

You may provide a definition with
\DeclareUnicodeCharacter 


! Package inputenc Error: Unicode character –¥ (U+0434)
(inputenc)                not set up for use with LaTeX.

See the inputenc package documentation for explanation.
Type  H <return>  for immediate help.
 ...                                              
                                                  
l.3 ...(—Ç–æ –µ—Å—Ç—å —Ç–∞–∫–∏—Ö, —á—Ç–æ –∑–∞ –æ–¥
                                                  –∏–Ω —à–∞–≥ –ø—Ä–æ–∏—Å—Ö–æ...

You may provide a definition with
\DeclareUnicodeCharacter 


! Package inputenc Error: Unicode character –∏ (U+0438)
(inputenc)                not set up for use with LaTeX.

See the inputenc package documentation for explanation.
Type  H <return>  for immediate help.
 ...                                              
                                                  
l.3 ...Ç–æ –µ—Å—Ç—å —Ç–∞–∫–∏—Ö, —á—Ç–æ –∑–∞ –æ–¥–∏
                                                  –Ω —à–∞–≥ –ø—Ä–æ–∏—Å—Ö–æ–¥...

You may provide a definition with
\DeclareUnicodeCharacter 


! Package inputenc Error: Unicode character –Ω (U+043D)
(inputenc)                not set up for use with LaTeX.

See the inputenc package documentation for explanation.
Type  H <return>  for immediate help.
 ...                                              
                                                  
l.3 ...æ –µ—Å—Ç—å —Ç–∞–∫–∏—Ö, —á—Ç–æ –∑–∞ –æ–¥–∏–Ω
                                                   —à–∞–≥ –ø—Ä–æ–∏—Å—Ö–æ–¥–∏...

You may provide a definition with
\DeclareUnicodeCharacter 


! Package inputenc Error: Unicode character —à (U+0448)
(inputenc)                not set up for use with LaTeX.

See the inputenc package documentation for explanation.
Type  H <return>  for immediate help.
 ...                                              
                                                  
l.3 ...µ—Å—Ç—å —Ç–∞–∫–∏—Ö, —á—Ç–æ –∑–∞ –æ–¥–∏–Ω —à
                                                  –∞–≥ –ø—Ä–æ–∏—Å—Ö–æ–¥–∏—Ç ...

You may provide a definition with
\DeclareUnicodeCharacter 


! Package inputenc Error: Unicode character –∞ (U+0430)
(inputenc)                not set up for use with LaTeX.

See the inputenc package documentation for explanation.
Type  H <return>  for immediate help.
 ...                                              
                                                  
l.3 ...Å—Ç—å —Ç–∞–∫–∏—Ö, —á—Ç–æ –∑–∞ –æ–¥–∏–Ω —à–∞
                                                  –≥ –ø—Ä–æ–∏—Å—Ö–æ–¥–∏—Ç —Å...

You may provide a definition with
\DeclareUnicodeCharacter 


! Package inputenc Error: Unicode character –≥ (U+0433)
(inputenc)                not set up for use with LaTeX.

See the inputenc package documentation for explanation.
Type  H <return>  for immediate help.
 ...                                              
                                                  
l.3 ...Ç—å —Ç–∞–∫–∏—Ö, —á—Ç–æ –∑–∞ –æ–¥–∏–Ω —à–∞–≥
                                                   –ø—Ä–æ–∏—Å—Ö–æ–¥–∏—Ç —Å–¥...

You may provide a definition with
\DeclareUnicodeCharacter 


! Package inputenc Error: Unicode character –ø (U+043F)
(inputenc)                not set up for use with LaTeX.

See the inputenc package documentation for explanation.
Type  H <return>  for immediate help.
 ...                                              
                                                  
l.3 ... —Ç–∞–∫–∏—Ö, —á—Ç–æ –∑–∞ –æ–¥–∏–Ω —à–∞–≥ –ø
                                                  —Ä–æ–∏—Å—Ö–æ–¥–∏—Ç —Å–¥–≤–...

You may provide a definition with
\DeclareUnicodeCharacter 


! Package inputenc Error: Unicode character —Ä (U+0440)
(inputenc)                not set up for use with LaTeX.

See the inputenc package documentation for explanation.
Type  H <return>  for immediate help.
 ...                                              
                                                  
l.3 ...Ç–∞–∫–∏—Ö, —á—Ç–æ –∑–∞ –æ–¥–∏–Ω —à–∞–≥ –ø—Ä
                                                  –æ–∏—Å—Ö–æ–¥–∏—Ç —Å–¥–≤–∏–...

You may provide a definition with
\DeclareUnicodeCharacter 


! Package inputenc Error: Unicode character –æ (U+043E)
(inputenc)                not set up for use with LaTeX.

See the inputenc package documentation for explanation.
Type  H <return>  for immediate help.
 ...                                              
                                                  
l.3 ...∞–∫–∏—Ö, —á—Ç–æ –∑–∞ –æ–¥–∏–Ω —à–∞–≥ –ø—Ä–æ
                                                  –∏—Å—Ö–æ–¥–∏—Ç —Å–¥–≤–∏–≥ ...

You may provide a definition with
\DeclareUnicodeCharacter 


! Package inputenc Error: Unicode character –∏ (U+0438)
(inputenc)                not set up for use with LaTeX.

See the inputenc package documentation for explanation.
Type  H <return>  for immediate help.
 ...                                              
                                                  
l.3 ...∫–∏—Ö, —á—Ç–æ –∑–∞ –æ–¥–∏–Ω —à–∞–≥ –ø—Ä–æ–∏
                                                  —Å—Ö–æ–¥–∏—Ç —Å–¥–≤–∏–≥ –Ω...

You may provide a definition with
\DeclareUnicodeCharacter 


! Package inputenc Error: Unicode character —Å (U+0441)
(inputenc)                not set up for use with LaTeX.

See the inputenc package documentation for explanation.
Type  H <return>  for immediate help.
 ...                                              
                                                  
l.3 ...∏—Ö, —á—Ç–æ –∑–∞ –æ–¥–∏–Ω —à–∞–≥ –ø—Ä–æ–∏—Å
                                                  —Ö–æ–¥–∏—Ç —Å–¥–≤–∏–≥ –Ω–∞...

You may provide a definition with
\DeclareUnicodeCharacter 


! Package inputenc Error: Unicode character —Ö (U+0445)
(inputenc)                not set up for use with LaTeX.

See the inputenc package documentation for explanation.
Type  H <return>  for immediate help.
 ...                                              
                                                  
l.3 ...Ö, —á—Ç–æ –∑–∞ –æ–¥–∏–Ω —à–∞–≥ –ø—Ä–æ–∏—Å—Ö
                                                  –æ–¥–∏—Ç —Å–¥–≤–∏–≥ –Ω–∞ –...

You may provide a definition with
\DeclareUnicodeCharacter 


! Package inputenc Error: Unicode character –æ (U+043E)
(inputenc)                not set up for use with LaTeX.

See the inputenc package documentation for explanation.
Type  H <return>  for immediate help.
 ...                                              
                                                  
l.3 ... —á—Ç–æ –∑–∞ –æ–¥–∏–Ω —à–∞–≥ –ø—Ä–æ–∏—Å—Ö–æ
                                                  –¥–∏—Ç —Å–¥–≤–∏–≥ –Ω–∞ –µ–...

You may provide a definition with
\DeclareUnicodeCharacter 


! Package inputenc Error: Unicode character –¥ (U+0434)
(inputenc)                not set up for use with LaTeX.

See the inputenc package documentation for explanation.
Type  H <return>  for immediate help.
 ...                                              
                                                  
l.3 ...á—Ç–æ –∑–∞ –æ–¥–∏–Ω —à–∞–≥ –ø—Ä–æ–∏—Å—Ö–æ–¥
                                                  –∏—Ç —Å–¥–≤–∏–≥ –Ω–∞ –µ–¥–...

You may provide a definition with
\DeclareUnicodeCharacter 


! Package inputenc Error: Unicode character –∏ (U+0438)
(inputenc)                not set up for use with LaTeX.

See the inputenc package documentation for explanation.
Type  H <return>  for immediate help.
 ...                                              
                                                  
l.3 ...Ç–æ –∑–∞ –æ–¥–∏–Ω —à–∞–≥ –ø—Ä–æ–∏—Å—Ö–æ–¥–∏
                                                  —Ç —Å–¥–≤–∏–≥ –Ω–∞ –µ–¥–∏–...

You may provide a definition with
\DeclareUnicodeCharacter 


! Package inputenc Error: Unicode character —Ç (U+0442)
(inputenc)                not set up for use with LaTeX.

See the inputenc package documentation for explanation.
Type  H <return>  for immediate help.
 ...                                              
                                                  
l.3 ...æ –∑–∞ –æ–¥–∏–Ω —à–∞–≥ –ø—Ä–æ–∏—Å—Ö–æ–¥–∏—Ç
                                                   —Å–¥–≤–∏–≥ –Ω–∞ –µ–¥–∏–Ω–...

You may provide a definition with
\DeclareUnicodeCharacter 


! Package inputenc Error: Unicode character —Å (U+0441)
(inputenc)                not set up for use with LaTeX.

See the inputenc package documentation for explanation.
Type  H <return>  for immediate help.
 ...                                              
                                                  
l.3 ...∑–∞ –æ–¥–∏–Ω —à–∞–≥ –ø—Ä–æ–∏—Å—Ö–æ–¥–∏—Ç —Å
                                                  –¥–≤–∏–≥ –Ω–∞ –µ–¥–∏–Ω–∏—Ü...

You may provide a definition with
\DeclareUnicodeCharacter 


! Package inputenc Error: Unicode character –¥ (U+0434)
(inputenc)                not set up for use with LaTeX.

See the inputenc package documentation for explanation.
Type  H <return>  for immediate help.
 ...                                              
                                                  
l.3 ...∞ –æ–¥–∏–Ω —à–∞–≥ –ø—Ä–æ–∏—Å—Ö–æ–¥–∏—Ç —Å–¥
                                                  –≤–∏–≥ –Ω–∞ –µ–¥–∏–Ω–∏—Ü—É...

You may provide a definition with
\DeclareUnicodeCharacter 


! Package inputenc Error: Unicode character –≤ (U+0432)
(inputenc)                not set up for use with LaTeX.

See the inputenc package documentation for explanation.
Type  H <return>  for immediate help.
 ...                                              
                                                  
l.3 ...–æ–¥–∏–Ω —à–∞–≥ –ø—Ä–æ–∏—Å—Ö–æ–¥–∏—Ç —Å–¥–≤
                                                  –∏–≥ –Ω–∞ –µ–¥–∏–Ω–∏—Ü—É –...

You may provide a definition with
\DeclareUnicodeCharacter 


! Package inputenc Error: Unicode character –∏ (U+0438)
(inputenc)                not set up for use with LaTeX.

See the inputenc package documentation for explanation.
Type  H <return>  for immediate help.
 ...                                              
                                                  
l.3 ...–¥–∏–Ω —à–∞–≥ –ø—Ä–æ–∏—Å—Ö–æ–¥–∏—Ç —Å–¥–≤–∏
                                                  –≥ –Ω–∞ –µ–¥–∏–Ω–∏—Ü—É –ª–...

You may provide a definition with
\DeclareUnicodeCharacter 


! Package inputenc Error: Unicode character –≥ (U+0433)
(inputenc)                not set up for use with LaTeX.

See the inputenc package documentation for explanation.
Type  H <return>  for immediate help.
 ...                                              
                                                  
l.3 ...–∏–Ω —à–∞–≥ –ø—Ä–æ–∏—Å—Ö–æ–¥–∏—Ç —Å–¥–≤–∏–≥
                                                   –Ω–∞ –µ–¥–∏–Ω–∏—Ü—É –ª–∏–...

You may provide a definition with
\DeclareUnicodeCharacter 


! Package inputenc Error: Unicode character –Ω (U+043D)
(inputenc)                not set up for use with LaTeX.

See the inputenc package documentation for explanation.
Type  H <return>  for immediate help.
 ...                                              
                                                  
l.3 ...Ω —à–∞–≥ –ø—Ä–æ–∏—Å—Ö–æ–¥–∏—Ç —Å–¥–≤–∏–≥ –Ω
                                                  –∞ –µ–¥–∏–Ω–∏—Ü—É –ª–∏–±–æ...

You may provide a definition with
\DeclareUnicodeCharacter 


! Package inputenc Error: Unicode character –∞ (U+0430)
(inputenc)                not set up for use with LaTeX.

See the inputenc package documentation for explanation.
Type  H <return>  for immediate help.
 ...                                              
                                                  
l.3 ...—à–∞–≥ –ø—Ä–æ–∏—Å—Ö–æ–¥–∏—Ç —Å–¥–≤–∏–≥ –Ω–∞
                                                   –µ–¥–∏–Ω–∏—Ü—É –ª–∏–±–æ –...

You may provide a definition with
\DeclareUnicodeCharacter 


! Package inputenc Error: Unicode character –µ (U+0435)
(inputenc)                not set up for use with LaTeX.

See the inputenc package documentation for explanation.
Type  H <return>  for immediate help.
 ...                                              
                                                  
l.3 ...∞–≥ –ø—Ä–æ–∏—Å—Ö–æ–¥–∏—Ç —Å–¥–≤–∏–≥ –Ω–∞ –µ
                                                  –¥–∏–Ω–∏—Ü—É –ª–∏–±–æ –≤–ø...

You may provide a definition with
\DeclareUnicodeCharacter 


! Package inputenc Error: Unicode character –¥ (U+0434)
(inputenc)                not set up for use with LaTeX.

See the inputenc package documentation for explanation.
Type  H <return>  for immediate help.
 ...                                              
                                                  
l.3 ...≥ –ø—Ä–æ–∏—Å—Ö–æ–¥–∏—Ç —Å–¥–≤–∏–≥ –Ω–∞ –µ–¥
                                                  –∏–Ω–∏—Ü—É –ª–∏–±–æ –≤–ø—Ä...

You may provide a definition with
\DeclareUnicodeCharacter 


! Package inputenc Error: Unicode character –∏ (U+0438)
(inputenc)                not set up for use with LaTeX.

See the inputenc package documentation for explanation.
Type  H <return>  for immediate help.
 ...                                              
                                                  
l.3 ...–ø—Ä–æ–∏—Å—Ö–æ–¥–∏—Ç —Å–¥–≤–∏–≥ –Ω–∞ –µ–¥–∏
                                                  –Ω–∏—Ü—É –ª–∏–±–æ –≤–ø—Ä–∞...

You may provide a definition with
\DeclareUnicodeCharacter 


! Package inputenc Error: Unicode character –Ω (U+043D)
(inputenc)                not set up for use with LaTeX.

See the inputenc package documentation for explanation.
Type  H <return>  for immediate help.
 ...                                              
                                                  
l.3 ...—Ä–æ–∏—Å—Ö–æ–¥–∏—Ç —Å–¥–≤–∏–≥ –Ω–∞ –µ–¥–∏–Ω
                                                  –∏—Ü—É –ª–∏–±–æ –≤–ø—Ä–∞–≤...

You may provide a definition with
\DeclareUnicodeCharacter 


! Package inputenc Error: Unicode character –∏ (U+0438)
(inputenc)                not set up for use with LaTeX.

See the inputenc package documentation for explanation.
Type  H <return>  for immediate help.
 ...                                              
                                                  
l.3 ...–æ–∏—Å—Ö–æ–¥–∏—Ç —Å–¥–≤–∏–≥ –Ω–∞ –µ–¥–∏–Ω–∏
                                                  —Ü—É –ª–∏–±–æ –≤–ø—Ä–∞–≤–æ...
(That makes 100 errors; please try again.) 
Here is how much of TeX's memory you used:
 49 strings out of 478927
 791 string characters out of 2860508
 290175 words of memory out of 3000000
 18008 multiletter control sequences out of 15000+600000
 403430 words of font info for 27 fonts, out of 8000000 for 9000
 1141 hyphenation exceptions out of 8191
 18i,2n,12p,647b,79s stack positions out of 5000i,500n,10000p,200000b,80000s

!  ==> Fatal error occurred, no output PDF file produced!
