This is pdfTeX, Version 3.14159265-2.6-1.40.21 (MiKTeX 2.9.7400 64-bit) (preloaded format=pdflatex 2021.1.19)  13 MAY 2021 13:25
entering extended mode
**"D:/HSE/HSE/bachelor-2/semester-2/Applied Math/TeX/Sol/P1.tex"
("D:/HSE/HSE/bachelor-2/semester-2/Applied Math/TeX/Sol/P1.tex"
LaTeX2e <2020-02-02> patch level 5
! Undefined control sequence.
l.1 \section
            *{–ó–∞–¥–∞—á–∏}
The control sequence at the end of the top line
of your error message was never \def'ed. If you have
misspelled it (e.g., `\hobx'), type `I' and the correct
spelling (e.g., `I\hbox'). Otherwise just continue,
and I'll forget about whatever was undefined.


! LaTeX Error: Missing \begin{document}.

See the LaTeX manual or LaTeX Companion for explanation.
Type  H <return>  for immediate help.
 ...                                              
                                                  
l.1 \section*
             {–ó–∞–¥–∞—á–∏}
You're in trouble here.  Try typing  <return>  to proceed.
If that doesn't work, type  X <return>  to quit.

Missing character: There is no * in font nullfont!

! Package inputenc Error: Unicode character –ó (U+0417)
(inputenc)                not set up for use with LaTeX.

See the inputenc package documentation for explanation.
Type  H <return>  for immediate help.
 ...                                              
                                                  
l.1 \section*{–ó
                –∞–¥–∞—á–∏}
You may provide a definition with
\DeclareUnicodeCharacter 


! Package inputenc Error: Unicode character –∞ (U+0430)
(inputenc)                not set up for use with LaTeX.

See the inputenc package documentation for explanation.
Type  H <return>  for immediate help.
 ...                                              
                                                  
l.1 \section*{–ó–∞
                  –¥–∞—á–∏}
You may provide a definition with
\DeclareUnicodeCharacter 


! Package inputenc Error: Unicode character –¥ (U+0434)
(inputenc)                not set up for use with LaTeX.

See the inputenc package documentation for explanation.
Type  H <return>  for immediate help.
 ...                                              
                                                  
l.1 \section*{–ó–∞–¥
                    –∞—á–∏}
You may provide a definition with
\DeclareUnicodeCharacter 


! Package inputenc Error: Unicode character –∞ (U+0430)
(inputenc)                not set up for use with LaTeX.

See the inputenc package documentation for explanation.
Type  H <return>  for immediate help.
 ...                                              
                                                  
l.1 \section*{–ó–∞–¥–∞
                      —á–∏}
You may provide a definition with
\DeclareUnicodeCharacter 


! Package inputenc Error: Unicode character —á (U+0447)
(inputenc)                not set up for use with LaTeX.

See the inputenc package documentation for explanation.
Type  H <return>  for immediate help.
 ...                                              
                                                  
l.1 \section*{–ó–∞–¥–∞—á
                        –∏}
You may provide a definition with
\DeclareUnicodeCharacter 


! Package inputenc Error: Unicode character –∏ (U+0438)
(inputenc)                not set up for use with LaTeX.

See the inputenc package documentation for explanation.
Type  H <return>  for immediate help.
 ...                                              
                                                  
l.1 \section*{–ó–∞–¥–∞—á–∏
                          }
You may provide a definition with
\DeclareUnicodeCharacter 

! Undefined control sequence.
l.2 \subsection
               *{–ó–∞–¥–∞—á–∞ 1}
The control sequence at the end of the top line
of your error message was never \def'ed. If you have
misspelled it (e.g., `\hobx'), type `I' and the correct
spelling (e.g., `I\hbox'). Otherwise just continue,
and I'll forget about whatever was undefined.

Missing character: There is no * in font nullfont!

! Package inputenc Error: Unicode character –ó (U+0417)
(inputenc)                not set up for use with LaTeX.

See the inputenc package documentation for explanation.
Type  H <return>  for immediate help.
 ...                                              
                                                  
l.2 \subsection*{–ó
                   –∞–¥–∞—á–∞ 1}
You may provide a definition with
\DeclareUnicodeCharacter 


! Package inputenc Error: Unicode character –∞ (U+0430)
(inputenc)                not set up for use with LaTeX.

See the inputenc package documentation for explanation.
Type  H <return>  for immediate help.
 ...                                              
                                                  
l.2 \subsection*{–ó–∞
                     –¥–∞—á–∞ 1}
You may provide a definition with
\DeclareUnicodeCharacter 


! Package inputenc Error: Unicode character –¥ (U+0434)
(inputenc)                not set up for use with LaTeX.

See the inputenc package documentation for explanation.
Type  H <return>  for immediate help.
 ...                                              
                                                  
l.2 \subsection*{–ó–∞–¥
                       –∞—á–∞ 1}
You may provide a definition with
\DeclareUnicodeCharacter 


! Package inputenc Error: Unicode character –∞ (U+0430)
(inputenc)                not set up for use with LaTeX.

See the inputenc package documentation for explanation.
Type  H <return>  for immediate help.
 ...                                              
                                                  
l.2 \subsection*{–ó–∞–¥–∞
                         —á–∞ 1}
You may provide a definition with
\DeclareUnicodeCharacter 


! Package inputenc Error: Unicode character —á (U+0447)
(inputenc)                not set up for use with LaTeX.

See the inputenc package documentation for explanation.
Type  H <return>  for immediate help.
 ...                                              
                                                  
l.2 \subsection*{–ó–∞–¥–∞—á
                           –∞ 1}
You may provide a definition with
\DeclareUnicodeCharacter 


! Package inputenc Error: Unicode character –∞ (U+0430)
(inputenc)                not set up for use with LaTeX.

See the inputenc package documentation for explanation.
Type  H <return>  for immediate help.
 ...                                              
                                                  
l.2 \subsection*{–ó–∞–¥–∞—á–∞
                              1}
You may provide a definition with
\DeclareUnicodeCharacter 

Missing character: There is no 1 in font nullfont!

! Package inputenc Error: Unicode character –£ (U+0423)
(inputenc)                not set up for use with LaTeX.

See the inputenc package documentation for explanation.
Type  H <return>  for immediate help.
 ...                                              
                                                  
l.3 	–£
       —á–∏—Ç–µ–ª—å –¥–∞–ª –∫–≤–∞–¥—Ä–∞—Ç–Ω–æ–µ —É—Ä–∞–≤–Ω–µ–Ω–∏–µ –≤–∏–¥–∞ ...

You may provide a definition with
\DeclareUnicodeCharacter 


! Package inputenc Error: Unicode character —á (U+0447)
(inputenc)                not set up for use with LaTeX.

See the inputenc package documentation for explanation.
Type  H <return>  for immediate help.
 ...                                              
                                                  
l.3 	–£—á
         –∏—Ç–µ–ª—å –¥–∞–ª –∫–≤–∞–¥—Ä–∞—Ç–Ω–æ–µ —É—Ä–∞–≤–Ω–µ–Ω–∏–µ –≤–∏–¥–∞ ...

You may provide a definition with
\DeclareUnicodeCharacter 


! Package inputenc Error: Unicode character –∏ (U+0438)
(inputenc)                not set up for use with LaTeX.

See the inputenc package documentation for explanation.
Type  H <return>  for immediate help.
 ...                                              
                                                  
l.3 	–£—á–∏
           —Ç–µ–ª—å –¥–∞–ª –∫–≤–∞–¥—Ä–∞—Ç–Ω–æ–µ —É—Ä–∞–≤–Ω–µ–Ω–∏–µ –≤–∏–¥–∞ ...

You may provide a definition with
\DeclareUnicodeCharacter 


! Package inputenc Error: Unicode character —Ç (U+0442)
(inputenc)                not set up for use with LaTeX.

See the inputenc package documentation for explanation.
Type  H <return>  for immediate help.
 ...                                              
                                                  
l.3 	–£—á–∏—Ç
             –µ–ª—å –¥–∞–ª –∫–≤–∞–¥—Ä–∞—Ç–Ω–æ–µ —É—Ä–∞–≤–Ω–µ–Ω–∏–µ –≤–∏–¥–∞ ...

You may provide a definition with
\DeclareUnicodeCharacter 


! Package inputenc Error: Unicode character –µ (U+0435)
(inputenc)                not set up for use with LaTeX.

See the inputenc package documentation for explanation.
Type  H <return>  for immediate help.
 ...                                              
                                                  
l.3 	–£—á–∏—Ç–µ
               –ª—å –¥–∞–ª –∫–≤–∞–¥—Ä–∞—Ç–Ω–æ–µ —É—Ä–∞–≤–Ω–µ–Ω–∏–µ –≤–∏–¥–∞ ...

You may provide a definition with
\DeclareUnicodeCharacter 


! Package inputenc Error: Unicode character –ª (U+043B)
(inputenc)                not set up for use with LaTeX.

See the inputenc package documentation for explanation.
Type  H <return>  for immediate help.
 ...                                              
                                                  
l.3 	–£—á–∏—Ç–µ–ª
                 —å –¥–∞–ª –∫–≤–∞–¥—Ä–∞—Ç–Ω–æ–µ —É—Ä–∞–≤–Ω–µ–Ω–∏–µ –≤–∏–¥–∞ ...

You may provide a definition with
\DeclareUnicodeCharacter 


! Package inputenc Error: Unicode character —å (U+044C)
(inputenc)                not set up for use with LaTeX.

See the inputenc package documentation for explanation.
Type  H <return>  for immediate help.
 ...                                              
                                                  
l.3 	–£—á–∏—Ç–µ–ª—å
                    –¥–∞–ª –∫–≤–∞–¥—Ä–∞—Ç–Ω–æ–µ —É—Ä–∞–≤–Ω–µ–Ω–∏–µ –≤–∏–¥–∞ ...

You may provide a definition with
\DeclareUnicodeCharacter 


! Package inputenc Error: Unicode character –¥ (U+0434)
(inputenc)                not set up for use with LaTeX.

See the inputenc package documentation for explanation.
Type  H <return>  for immediate help.
 ...                                              
                                                  
l.3 	–£—á–∏—Ç–µ–ª—å –¥
                      –∞–ª –∫–≤–∞–¥—Ä–∞—Ç–Ω–æ–µ —É—Ä–∞–≤–Ω–µ–Ω–∏–µ –≤–∏–¥–∞ ...

You may provide a definition with
\DeclareUnicodeCharacter 


! Package inputenc Error: Unicode character –∞ (U+0430)
(inputenc)                not set up for use with LaTeX.

See the inputenc package documentation for explanation.
Type  H <return>  for immediate help.
 ...                                              
                                                  
l.3 	–£—á–∏—Ç–µ–ª—å –¥–∞
                        –ª –∫–≤–∞–¥—Ä–∞—Ç–Ω–æ–µ —É—Ä–∞–≤–Ω–µ–Ω–∏–µ –≤–∏–¥–∞ ...

You may provide a definition with
\DeclareUnicodeCharacter 


! Package inputenc Error: Unicode character –ª (U+043B)
(inputenc)                not set up for use with LaTeX.

See the inputenc package documentation for explanation.
Type  H <return>  for immediate help.
 ...                                              
                                                  
l.3 	–£—á–∏—Ç–µ–ª—å –¥–∞–ª
                           –∫–≤–∞–¥—Ä–∞—Ç–Ω–æ–µ —É—Ä–∞–≤–Ω–µ–Ω–∏–µ –≤–∏–¥–∞ ...

You may provide a definition with
\DeclareUnicodeCharacter 


! Package inputenc Error: Unicode character –∫ (U+043A)
(inputenc)                not set up for use with LaTeX.

See the inputenc package documentation for explanation.
Type  H <return>  for immediate help.
 ...                                              
                                                  
l.3 	–£—á–∏—Ç–µ–ª—å –¥–∞–ª –∫
                             –≤–∞–¥—Ä–∞—Ç–Ω–æ–µ —É—Ä–∞–≤–Ω–µ–Ω–∏–µ –≤–∏–¥–∞ ...

You may provide a definition with
\DeclareUnicodeCharacter 


! Package inputenc Error: Unicode character –≤ (U+0432)
(inputenc)                not set up for use with LaTeX.

See the inputenc package documentation for explanation.
Type  H <return>  for immediate help.
 ...                                              
                                                  
l.3 	–£—á–∏—Ç–µ–ª—å –¥–∞–ª –∫–≤
                               –∞–¥—Ä–∞—Ç–Ω–æ–µ —É—Ä–∞–≤–Ω–µ–Ω–∏–µ –≤–∏–¥–∞ ...

You may provide a definition with
\DeclareUnicodeCharacter 


! Package inputenc Error: Unicode character –∞ (U+0430)
(inputenc)                not set up for use with LaTeX.

See the inputenc package documentation for explanation.
Type  H <return>  for immediate help.
 ...                                              
                                                  
l.3 	–£—á–∏—Ç–µ–ª—å –¥–∞–ª –∫–≤–∞
                                 –¥—Ä–∞—Ç–Ω–æ–µ —É—Ä–∞–≤–Ω–µ–Ω–∏–µ –≤–∏–¥–∞ ...

You may provide a definition with
\DeclareUnicodeCharacter 


! Package inputenc Error: Unicode character –¥ (U+0434)
(inputenc)                not set up for use with LaTeX.

See the inputenc package documentation for explanation.
Type  H <return>  for immediate help.
 ...                                              
                                                  
l.3 	–£—á–∏—Ç–µ–ª—å –¥–∞–ª –∫–≤–∞–¥
                                   —Ä–∞—Ç–Ω–æ–µ —É—Ä–∞–≤–Ω–µ–Ω–∏–µ –≤–∏–¥–∞ ...

You may provide a definition with
\DeclareUnicodeCharacter 


! Package inputenc Error: Unicode character —Ä (U+0440)
(inputenc)                not set up for use with LaTeX.

See the inputenc package documentation for explanation.
Type  H <return>  for immediate help.
 ...                                              
                                                  
l.3 	–£—á–∏—Ç–µ–ª—å –¥–∞–ª –∫–≤–∞–¥—Ä
                                     –∞—Ç–Ω–æ–µ —É—Ä–∞–≤–Ω–µ–Ω–∏–µ –≤–∏–¥–∞ ...

You may provide a definition with
\DeclareUnicodeCharacter 


! Package inputenc Error: Unicode character –∞ (U+0430)
(inputenc)                not set up for use with LaTeX.

See the inputenc package documentation for explanation.
Type  H <return>  for immediate help.
 ...                                              
                                                  
l.3 	–£—á–∏—Ç–µ–ª—å –¥–∞–ª –∫–≤–∞–¥—Ä–∞
                                       —Ç–Ω–æ–µ —É—Ä–∞–≤–Ω–µ–Ω–∏–µ –≤–∏–¥–∞ ...

You may provide a definition with
\DeclareUnicodeCharacter 


! Package inputenc Error: Unicode character —Ç (U+0442)
(inputenc)                not set up for use with LaTeX.

See the inputenc package documentation for explanation.
Type  H <return>  for immediate help.
 ...                                              
                                                  
l.3 	–£—á–∏—Ç–µ–ª—å –¥–∞–ª –∫–≤–∞–¥—Ä–∞—Ç
                                         –Ω–æ–µ —É—Ä–∞–≤–Ω–µ–Ω–∏–µ –≤–∏–¥–∞ ...

You may provide a definition with
\DeclareUnicodeCharacter 


! Package inputenc Error: Unicode character –Ω (U+043D)
(inputenc)                not set up for use with LaTeX.

See the inputenc package documentation for explanation.
Type  H <return>  for immediate help.
 ...                                              
                                                  
l.3 	–£—á–∏—Ç–µ–ª—å –¥–∞–ª –∫–≤–∞–¥—Ä–∞—Ç–Ω
                                           –æ–µ —É—Ä–∞–≤–Ω–µ–Ω–∏–µ –≤–∏–¥–∞ ...

You may provide a definition with
\DeclareUnicodeCharacter 


! Package inputenc Error: Unicode character –æ (U+043E)
(inputenc)                not set up for use with LaTeX.

See the inputenc package documentation for explanation.
Type  H <return>  for immediate help.
 ...                                              
                                                  
l.3 	–£—á–∏—Ç–µ–ª—å –¥–∞–ª –∫–≤–∞–¥—Ä–∞—Ç–Ω–æ
                                             –µ —É—Ä–∞–≤–Ω–µ–Ω–∏–µ –≤–∏–¥–∞ ...

You may provide a definition with
\DeclareUnicodeCharacter 


! Package inputenc Error: Unicode character –µ (U+0435)
(inputenc)                not set up for use with LaTeX.

See the inputenc package documentation for explanation.
Type  H <return>  for immediate help.
 ...                                              
                                                  
l.3 	–£—á–∏—Ç–µ–ª—å –¥–∞–ª –∫–≤–∞–¥—Ä–∞—Ç–Ω–æ–µ
                                                —É—Ä–∞–≤–Ω–µ–Ω–∏–µ –≤–∏–¥–∞ ...

You may provide a definition with
\DeclareUnicodeCharacter 


! Package inputenc Error: Unicode character —É (U+0443)
(inputenc)                not set up for use with LaTeX.

See the inputenc package documentation for explanation.
Type  H <return>  for immediate help.
 ...                                              
                                                  
l.3 	–£—á–∏—Ç–µ–ª—å –¥–∞–ª –∫–≤–∞–¥—Ä–∞—Ç–Ω–æ–µ —É
                                                  —Ä–∞–≤–Ω–µ–Ω–∏–µ –≤–∏–¥–∞ ...

You may provide a definition with
\DeclareUnicodeCharacter 


! Package inputenc Error: Unicode character —Ä (U+0440)
(inputenc)                not set up for use with LaTeX.

See the inputenc package documentation for explanation.
Type  H <return>  for immediate help.
 ...                                              
                                                  
l.3 ...–∏—Ç–µ–ª—å –¥–∞–ª –∫–≤–∞–¥—Ä–∞—Ç–Ω–æ–µ —É—Ä
                                                  –∞–≤–Ω–µ–Ω–∏–µ –≤–∏–¥–∞ $x...

You may provide a definition with
\DeclareUnicodeCharacter 


! Package inputenc Error: Unicode character –∞ (U+0430)
(inputenc)                not set up for use with LaTeX.

See the inputenc package documentation for explanation.
Type  H <return>  for immediate help.
 ...                                              
                                                  
l.3 ...—Ç–µ–ª—å –¥–∞–ª –∫–≤–∞–¥—Ä–∞—Ç–Ω–æ–µ —É—Ä–∞
                                                  –≤–Ω–µ–Ω–∏–µ –≤–∏–¥–∞ $x^2...

You may provide a definition with
\DeclareUnicodeCharacter 


! Package inputenc Error: Unicode character –≤ (U+0432)
(inputenc)                not set up for use with LaTeX.

See the inputenc package documentation for explanation.
Type  H <return>  for immediate help.
 ...                                              
                                                  
l.3 ...–µ–ª—å –¥–∞–ª –∫–≤–∞–¥—Ä–∞—Ç–Ω–æ–µ —É—Ä–∞–≤
                                                  –Ω–µ–Ω–∏–µ –≤–∏–¥–∞ $x^2 +...

You may provide a definition with
\DeclareUnicodeCharacter 


! Package inputenc Error: Unicode character –Ω (U+043D)
(inputenc)                not set up for use with LaTeX.

See the inputenc package documentation for explanation.
Type  H <return>  for immediate help.
 ...                                              
                                                  
l.3 ...–ª—å –¥–∞–ª –∫–≤–∞–¥—Ä–∞—Ç–Ω–æ–µ —É—Ä–∞–≤–Ω
                                                  –µ–Ω–∏–µ –≤–∏–¥–∞ $x^2 + b...

You may provide a definition with
\DeclareUnicodeCharacter 


! Package inputenc Error: Unicode character –µ (U+0435)
(inputenc)                not set up for use with LaTeX.

See the inputenc package documentation for explanation.
Type  H <return>  for immediate help.
 ...                                              
                                                  
l.3 ...—å –¥–∞–ª –∫–≤–∞–¥—Ä–∞—Ç–Ω–æ–µ —É—Ä–∞–≤–Ω–µ
                                                  –Ω–∏–µ –≤–∏–¥–∞ $x^2 + bx ...

You may provide a definition with
\DeclareUnicodeCharacter 


! Package inputenc Error: Unicode character –Ω (U+043D)
(inputenc)                not set up for use with LaTeX.

See the inputenc package documentation for explanation.
Type  H <return>  for immediate help.
 ...                                              
                                                  
l.3 ... –¥–∞–ª –∫–≤–∞–¥—Ä–∞—Ç–Ω–æ–µ —É—Ä–∞–≤–Ω–µ–Ω
                                                  –∏–µ –≤–∏–¥–∞ $x^2 + bx + ...

You may provide a definition with
\DeclareUnicodeCharacter 


! Package inputenc Error: Unicode character –∏ (U+0438)
(inputenc)                not set up for use with LaTeX.

See the inputenc package documentation for explanation.
Type  H <return>  for immediate help.
 ...                                              
                                                  
l.3 ...¥–∞–ª –∫–≤–∞–¥—Ä–∞—Ç–Ω–æ–µ —É—Ä–∞–≤–Ω–µ–Ω–∏
                                                  –µ –≤–∏–¥–∞ $x^2 + bx + c$...

You may provide a definition with
\DeclareUnicodeCharacter 


! Package inputenc Error: Unicode character –µ (U+0435)
(inputenc)                not set up for use with LaTeX.

See the inputenc package documentation for explanation.
Type  H <return>  for immediate help.
 ...                                              
                                                  
l.3 ...∞–ª –∫–≤–∞–¥—Ä–∞—Ç–Ω–æ–µ —É—Ä–∞–≤–Ω–µ–Ω–∏–µ
                                                   –≤–∏–¥–∞ $x^2 + bx + c$, ...

You may provide a definition with
\DeclareUnicodeCharacter 


! Package inputenc Error: Unicode character –≤ (U+0432)
(inputenc)                not set up for use with LaTeX.

See the inputenc package documentation for explanation.
Type  H <return>  for immediate help.
 ...                                              
                                                  
l.3 ... –∫–≤–∞–¥—Ä–∞—Ç–Ω–æ–µ —É—Ä–∞–≤–Ω–µ–Ω–∏–µ –≤
                                                  –∏–¥–∞ $x^2 + bx + c$, –≥–...

You may provide a definition with
\DeclareUnicodeCharacter 


! Package inputenc Error: Unicode character –∏ (U+0438)
(inputenc)                not set up for use with LaTeX.

See the inputenc package documentation for explanation.
Type  H <return>  for immediate help.
 ...                                              
                                                  
l.3 ...∫–≤–∞–¥—Ä–∞—Ç–Ω–æ–µ —É—Ä–∞–≤–Ω–µ–Ω–∏–µ –≤–∏
                                                  –¥–∞ $x^2 + bx + c$, –≥–¥–...

You may provide a definition with
\DeclareUnicodeCharacter 


! Package inputenc Error: Unicode character –¥ (U+0434)
(inputenc)                not set up for use with LaTeX.

See the inputenc package documentation for explanation.
Type  H <return>  for immediate help.
 ...                                              
                                                  
l.3 ...≤–∞–¥—Ä–∞—Ç–Ω–æ–µ —É—Ä–∞–≤–Ω–µ–Ω–∏–µ –≤–∏–¥
                                                  –∞ $x^2 + bx + c$, –≥–¥–µ ...

You may provide a definition with
\DeclareUnicodeCharacter 


! Package inputenc Error: Unicode character –∞ (U+0430)
(inputenc)                not set up for use with LaTeX.

See the inputenc package documentation for explanation.
Type  H <return>  for immediate help.
 ...                                              
                                                  
l.3 ...∞–¥—Ä–∞—Ç–Ω–æ–µ —É—Ä–∞–≤–Ω–µ–Ω–∏–µ –≤–∏–¥–∞
                                                   $x^2 + bx + c$, –≥–¥–µ $b...

You may provide a definition with
\DeclareUnicodeCharacter 

LaTeX Font Info:    External font `cmex10' loaded for size
(Font)              <7> on input line 3.
LaTeX Font Info:    External font `cmex10' loaded for size
(Font)              <5> on input line 3.
Missing character: There is no , in font nullfont!

! Package inputenc Error: Unicode character –≥ (U+0433)
(inputenc)                not set up for use with LaTeX.

See the inputenc package documentation for explanation.
Type  H <return>  for immediate help.
 ...                                              
                                                  
l.3 ...Ä–∞–≤–Ω–µ–Ω–∏–µ –≤–∏–¥–∞ $x^2 + bx + c$, –≥
                                                  –¥–µ $b < 100$ –∏ –∫–æ—Ä–Ω...

You may provide a definition with
\DeclareUnicodeCharacter 


! Package inputenc Error: Unicode character –¥ (U+0434)
(inputenc)                not set up for use with LaTeX.

See the inputenc package documentation for explanation.
Type  H <return>  for immediate help.
 ...                                              
                                                  
l.3 ...∞–≤–Ω–µ–Ω–∏–µ –≤–∏–¥–∞ $x^2 + bx + c$, –≥–¥
                                                  –µ $b < 100$ –∏ –∫–æ—Ä–Ω–∏...

You may provide a definition with
\DeclareUnicodeCharacter 


! Package inputenc Error: Unicode character –µ (U+0435)
(inputenc)                not set up for use with LaTeX.

See the inputenc package documentation for explanation.
Type  H <return>  for immediate help.
 ...                                              
                                                  
l.3 ...≤–Ω–µ–Ω–∏–µ –≤–∏–¥–∞ $x^2 + bx + c$, –≥–¥–µ
                                                   $b < 100$ –∏ –∫–æ—Ä–Ω–∏ —...

You may provide a definition with
\DeclareUnicodeCharacter 


! Package inputenc Error: Unicode character –∏ (U+0438)
(inputenc)                not set up for use with LaTeX.

See the inputenc package documentation for explanation.
Type  H <return>  for immediate help.
 ...                                              
                                                  
l.3 ...≤–∏–¥–∞ $x^2 + bx + c$, –≥–¥–µ $b < 100$ –∏
                                                   –∫–æ—Ä–Ω–∏ —è–≤–ª—è—é—Ç—Å...

You may provide a definition with
\DeclareUnicodeCharacter 


! Package inputenc Error: Unicode character –∫ (U+043A)
(inputenc)                not set up for use with LaTeX.

See the inputenc package documentation for explanation.
Type  H <return>  for immediate help.
 ...                                              
                                                  
l.3 ...–¥–∞ $x^2 + bx + c$, –≥–¥–µ $b < 100$ –∏ –∫
                                                  –æ—Ä–Ω–∏ —è–≤–ª—è—é—Ç—Å—è ...

You may provide a definition with
\DeclareUnicodeCharacter 


! Package inputenc Error: Unicode character –æ (U+043E)
(inputenc)                not set up for use with LaTeX.

See the inputenc package documentation for explanation.
Type  H <return>  for immediate help.
 ...                                              
                                                  
l.3 ...–∞ $x^2 + bx + c$, –≥–¥–µ $b < 100$ –∏ –∫–æ
                                                  —Ä–Ω–∏ —è–≤–ª—è—é—Ç—Å—è –Ω...

You may provide a definition with
\DeclareUnicodeCharacter 


! Package inputenc Error: Unicode character —Ä (U+0440)
(inputenc)                not set up for use with LaTeX.

See the inputenc package documentation for explanation.
Type  H <return>  for immediate help.
 ...                                              
                                                  
l.3 ... $x^2 + bx + c$, –≥–¥–µ $b < 100$ –∏ –∫–æ—Ä
                                                  –Ω–∏ —è–≤–ª—è—é—Ç—Å—è –Ω–∞...

You may provide a definition with
\DeclareUnicodeCharacter 


! Package inputenc Error: Unicode character –Ω (U+043D)
(inputenc)                not set up for use with LaTeX.

See the inputenc package documentation for explanation.
Type  H <return>  for immediate help.
 ...                                              
                                                  
l.3 ...x^2 + bx + c$, –≥–¥–µ $b < 100$ –∏ –∫–æ—Ä–Ω
                                                  –∏ —è–≤–ª—è—é—Ç—Å—è –Ω–∞—Ç...

You may provide a definition with
\DeclareUnicodeCharacter 


! Package inputenc Error: Unicode character –∏ (U+0438)
(inputenc)                not set up for use with LaTeX.

See the inputenc package documentation for explanation.
Type  H <return>  for immediate help.
 ...                                              
                                                  
l.3 ...2 + bx + c$, –≥–¥–µ $b < 100$ –∏ –∫–æ—Ä–Ω–∏
                                                   —è–≤–ª—è—é—Ç—Å—è –Ω–∞—Ç—É...

You may provide a definition with
\DeclareUnicodeCharacter 


! Package inputenc Error: Unicode character —è (U+044F)
(inputenc)                not set up for use with LaTeX.

See the inputenc package documentation for explanation.
Type  H <return>  for immediate help.
 ...                                              
                                                  
l.3 ... bx + c$, –≥–¥–µ $b < 100$ –∏ –∫–æ—Ä–Ω–∏ —è
                                                  –≤–ª—è—é—Ç—Å—è –Ω–∞—Ç—É—Ä–...

You may provide a definition with
\DeclareUnicodeCharacter 


! Package inputenc Error: Unicode character –≤ (U+0432)
(inputenc)                not set up for use with LaTeX.

See the inputenc package documentation for explanation.
Type  H <return>  for immediate help.
 ...                                              
                                                  
l.3 ...x + c$, –≥–¥–µ $b < 100$ –∏ –∫–æ—Ä–Ω–∏ —è–≤
                                                  –ª—è—é—Ç—Å—è –Ω–∞—Ç—É—Ä–∞–...

You may provide a definition with
\DeclareUnicodeCharacter 


! Package inputenc Error: Unicode character –ª (U+043B)
(inputenc)                not set up for use with LaTeX.

See the inputenc package documentation for explanation.
Type  H <return>  for immediate help.
 ...                                              
                                                  
l.3 ...+ c$, –≥–¥–µ $b < 100$ –∏ –∫–æ—Ä–Ω–∏ —è–≤–ª
                                                  —è—é—Ç—Å—è –Ω–∞—Ç—É—Ä–∞–ª—...

You may provide a definition with
\DeclareUnicodeCharacter 


! Package inputenc Error: Unicode character —è (U+044F)
(inputenc)                not set up for use with LaTeX.

See the inputenc package documentation for explanation.
Type  H <return>  for immediate help.
 ...                                              
                                                  
l.3 ...c$, –≥–¥–µ $b < 100$ –∏ –∫–æ—Ä–Ω–∏ —è–≤–ª—è
                                                  —é—Ç—Å—è –Ω–∞—Ç—É—Ä–∞–ª—å–...

You may provide a definition with
\DeclareUnicodeCharacter 


! Package inputenc Error: Unicode character —é (U+044E)
(inputenc)                not set up for use with LaTeX.

See the inputenc package documentation for explanation.
Type  H <return>  for immediate help.
 ...                                              
                                                  
l.3 ..., –≥–¥–µ $b < 100$ –∏ –∫–æ—Ä–Ω–∏ —è–≤–ª—è—é
                                                  —Ç—Å—è –Ω–∞—Ç—É—Ä–∞–ª—å–Ω—...

You may provide a definition with
\DeclareUnicodeCharacter 


! Package inputenc Error: Unicode character —Ç (U+0442)
(inputenc)                not set up for use with LaTeX.

See the inputenc package documentation for explanation.
Type  H <return>  for immediate help.
 ...                                              
                                                  
l.3 ...–≥–¥–µ $b < 100$ –∏ –∫–æ—Ä–Ω–∏ —è–≤–ª—è—é—Ç
                                                  —Å—è –Ω–∞—Ç—É—Ä–∞–ª—å–Ω—ã–...

You may provide a definition with
\DeclareUnicodeCharacter 


! Package inputenc Error: Unicode character —Å (U+0441)
(inputenc)                not set up for use with LaTeX.

See the inputenc package documentation for explanation.
Type  H <return>  for immediate help.
 ...                                              
                                                  
l.3 ...–¥–µ $b < 100$ –∏ –∫–æ—Ä–Ω–∏ —è–≤–ª—è—é—Ç—Å
                                                  —è –Ω–∞—Ç—É—Ä–∞–ª—å–Ω—ã–º ...

You may provide a definition with
\DeclareUnicodeCharacter 


! Package inputenc Error: Unicode character —è (U+044F)
(inputenc)                not set up for use with LaTeX.

See the inputenc package documentation for explanation.
Type  H <return>  for immediate help.
 ...                                              
                                                  
l.3 ...–µ $b < 100$ –∏ –∫–æ—Ä–Ω–∏ —è–≤–ª—è—é—Ç—Å—è
                                                   –Ω–∞—Ç—É—Ä–∞–ª—å–Ω—ã–º —á...

You may provide a definition with
\DeclareUnicodeCharacter 


! Package inputenc Error: Unicode character –Ω (U+043D)
(inputenc)                not set up for use with LaTeX.

See the inputenc package documentation for explanation.
Type  H <return>  for immediate help.
 ...                                              
                                                  
l.3 ...$b < 100$ –∏ –∫–æ—Ä–Ω–∏ —è–≤–ª—è—é—Ç—Å—è –Ω
                                                  –∞—Ç—É—Ä–∞–ª—å–Ω—ã–º —á–∏—...

You may provide a definition with
\DeclareUnicodeCharacter 


! Package inputenc Error: Unicode character –∞ (U+0430)
(inputenc)                not set up for use with LaTeX.

See the inputenc package documentation for explanation.
Type  H <return>  for immediate help.
 ...                                              
                                                  
l.3 ... < 100$ –∏ –∫–æ—Ä–Ω–∏ —è–≤–ª—è—é—Ç—Å—è –Ω–∞
                                                  —Ç—É—Ä–∞–ª—å–Ω—ã–º —á–∏—Å–...

You may provide a definition with
\DeclareUnicodeCharacter 


! Package inputenc Error: Unicode character —Ç (U+0442)
(inputenc)                not set up for use with LaTeX.

See the inputenc package documentation for explanation.
Type  H <return>  for immediate help.
 ...                                              
                                                  
l.3 ... 100$ –∏ –∫–æ—Ä–Ω–∏ —è–≤–ª—è—é—Ç—Å—è –Ω–∞—Ç
                                                  —É—Ä–∞–ª—å–Ω—ã–º —á–∏—Å–ª–...

You may provide a definition with
\DeclareUnicodeCharacter 


! Package inputenc Error: Unicode character —É (U+0443)
(inputenc)                not set up for use with LaTeX.

See the inputenc package documentation for explanation.
Type  H <return>  for immediate help.
 ...                                              
                                                  
l.3 ...00$ –∏ –∫–æ—Ä–Ω–∏ —è–≤–ª—è—é—Ç—Å—è –Ω–∞—Ç—É
                                                  —Ä–∞–ª—å–Ω—ã–º —á–∏—Å–ª–∞–...

You may provide a definition with
\DeclareUnicodeCharacter 


! Package inputenc Error: Unicode character —Ä (U+0440)
(inputenc)                not set up for use with LaTeX.

See the inputenc package documentation for explanation.
Type  H <return>  for immediate help.
 ...                                              
                                                  
l.3 ...$ –∏ –∫–æ—Ä–Ω–∏ —è–≤–ª—è—é—Ç—Å—è –Ω–∞—Ç—É—Ä
                                                  –∞–ª—å–Ω—ã–º —á–∏—Å–ª–∞–º–...

You may provide a definition with
\DeclareUnicodeCharacter 


! Package inputenc Error: Unicode character –∞ (U+0430)
(inputenc)                not set up for use with LaTeX.

See the inputenc package documentation for explanation.
Type  H <return>  for immediate help.
 ...                                              
                                                  
l.3 ...–∏ –∫–æ—Ä–Ω–∏ —è–≤–ª—è—é—Ç—Å—è –Ω–∞—Ç—É—Ä–∞
                                                  –ª—å–Ω—ã–º —á–∏—Å–ª–∞–º–∏ ...

You may provide a definition with
\DeclareUnicodeCharacter 


! Package inputenc Error: Unicode character –ª (U+043B)
(inputenc)                not set up for use with LaTeX.

See the inputenc package documentation for explanation.
Type  H <return>  for immediate help.
 ...                                              
                                                  
l.3 ... –∫–æ—Ä–Ω–∏ —è–≤–ª—è—é—Ç—Å—è –Ω–∞—Ç—É—Ä–∞–ª
                                                  —å–Ω—ã–º —á–∏—Å–ª–∞–º–∏ –±...

You may provide a definition with
\DeclareUnicodeCharacter 


! Package inputenc Error: Unicode character —å (U+044C)
(inputenc)                not set up for use with LaTeX.

See the inputenc package documentation for explanation.
Type  H <return>  for immediate help.
 ...                                              
                                                  
l.3 ...∫–æ—Ä–Ω–∏ —è–≤–ª—è—é—Ç—Å—è –Ω–∞—Ç—É—Ä–∞–ª—å
                                                  –Ω—ã–º —á–∏—Å–ª–∞–º–∏ –±–æ...

You may provide a definition with
\DeclareUnicodeCharacter 


! Package inputenc Error: Unicode character –Ω (U+043D)
(inputenc)                not set up for use with LaTeX.

See the inputenc package documentation for explanation.
Type  H <return>  for immediate help.
 ...                                              
                                                  
l.3 ...æ—Ä–Ω–∏ —è–≤–ª—è—é—Ç—Å—è –Ω–∞—Ç—É—Ä–∞–ª—å–Ω
                                                  —ã–º —á–∏—Å–ª–∞–º–∏ –±–æ–ª...

You may provide a definition with
\DeclareUnicodeCharacter 


! Package inputenc Error: Unicode character —ã (U+044B)
(inputenc)                not set up for use with LaTeX.

See the inputenc package documentation for explanation.
Type  H <return>  for immediate help.
 ...                                              
                                                  
l.3 ...Ä–Ω–∏ —è–≤–ª—è—é—Ç—Å—è –Ω–∞—Ç—É—Ä–∞–ª—å–Ω—ã
                                                  –º —á–∏—Å–ª–∞–º–∏ –±–æ–ª—å...

You may provide a definition with
\DeclareUnicodeCharacter 


! Package inputenc Error: Unicode character –º (U+043C)
(inputenc)                not set up for use with LaTeX.

See the inputenc package documentation for explanation.
Type  H <return>  for immediate help.
 ...                                              
                                                  
l.3 ...Ω–∏ —è–≤–ª—è—é—Ç—Å—è –Ω–∞—Ç—É—Ä–∞–ª—å–Ω—ã–º
                                                   —á–∏—Å–ª–∞–º–∏ –±–æ–ª—å—à...

You may provide a definition with
\DeclareUnicodeCharacter 


! Package inputenc Error: Unicode character —á (U+0447)
(inputenc)                not set up for use with LaTeX.

See the inputenc package documentation for explanation.
Type  H <return>  for immediate help.
 ...                                              
                                                  
l.3 ... —è–≤–ª—è—é—Ç—Å—è –Ω–∞—Ç—É—Ä–∞–ª—å–Ω—ã–º —á
                                                  –∏—Å–ª–∞–º–∏ –±–æ–ª—å—à–∏–...

You may provide a definition with
\DeclareUnicodeCharacter 


! Package inputenc Error: Unicode character –∏ (U+0438)
(inputenc)                not set up for use with LaTeX.

See the inputenc package documentation for explanation.
Type  H <return>  for immediate help.
 ...                                              
                                                  
l.3 ...è–≤–ª—è—é—Ç—Å—è –Ω–∞—Ç—É—Ä–∞–ª—å–Ω—ã–º —á–∏
                                                  —Å–ª–∞–º–∏ –±–æ–ª—å—à–∏–º–...

You may provide a definition with
\DeclareUnicodeCharacter 


! Package inputenc Error: Unicode character —Å (U+0441)
(inputenc)                not set up for use with LaTeX.

See the inputenc package documentation for explanation.
Type  H <return>  for immediate help.
 ...                                              
                                                  
l.3 ...≤–ª—è—é—Ç—Å—è –Ω–∞—Ç—É—Ä–∞–ª—å–Ω—ã–º —á–∏—Å
                                                  –ª–∞–º–∏ –±–æ–ª—å—à–∏–º–∏ ...

You may provide a definition with
\DeclareUnicodeCharacter 


! Package inputenc Error: Unicode character –ª (U+043B)
(inputenc)                not set up for use with LaTeX.

See the inputenc package documentation for explanation.
Type  H <return>  for immediate help.
 ...                                              
                                                  
l.3 ...ª—è—é—Ç—Å—è –Ω–∞—Ç—É—Ä–∞–ª—å–Ω—ã–º —á–∏—Å–ª
                                                  –∞–º–∏ –±–æ–ª—å—à–∏–º–∏ 1....

You may provide a definition with
\DeclareUnicodeCharacter 


! Package inputenc Error: Unicode character –∞ (U+0430)
(inputenc)                not set up for use with LaTeX.

See the inputenc package documentation for explanation.
Type  H <return>  for immediate help.
 ...                                              
                                                  
l.3 ...è—é—Ç—Å—è –Ω–∞—Ç—É—Ä–∞–ª—å–Ω—ã–º —á–∏—Å–ª–∞
                                                  –º–∏ –±–æ–ª—å—à–∏–º–∏ 1. –...

You may provide a definition with
\DeclareUnicodeCharacter 


! Package inputenc Error: Unicode character –º (U+043C)
(inputenc)                not set up for use with LaTeX.

See the inputenc package documentation for explanation.
Type  H <return>  for immediate help.
 ...                                              
                                                  
l.3 ...é—Ç—Å—è –Ω–∞—Ç—É—Ä–∞–ª—å–Ω—ã–º —á–∏—Å–ª–∞–º
                                                  –∏ –±–æ–ª—å—à–∏–º–∏ 1. –ó–...

You may provide a definition with
\DeclareUnicodeCharacter 


! Package inputenc Error: Unicode character –∏ (U+0438)
(inputenc)                not set up for use with LaTeX.

See the inputenc package documentation for explanation.
Type  H <return>  for immediate help.
 ...                                              
                                                  
l.3 ...Ç—Å—è –Ω–∞—Ç—É—Ä–∞–ª—å–Ω—ã–º —á–∏—Å–ª–∞–º–∏
                                                   –±–æ–ª—å—à–∏–º–∏ 1. –ó–∞—...

You may provide a definition with
\DeclareUnicodeCharacter 


! Package inputenc Error: Unicode character –± (U+0431)
(inputenc)                not set up for use with LaTeX.

See the inputenc package documentation for explanation.
Type  H <return>  for immediate help.
 ...                                              
                                                  
l.3 ...—è –Ω–∞—Ç—É—Ä–∞–ª—å–Ω—ã–º —á–∏—Å–ª–∞–º–∏ –±
                                                  –æ–ª—å—à–∏–º–∏ 1. –ó–∞—Ç–µ...

You may provide a definition with
\DeclareUnicodeCharacter 


! Package inputenc Error: Unicode character –æ (U+043E)
(inputenc)                not set up for use with LaTeX.

See the inputenc package documentation for explanation.
Type  H <return>  for immediate help.
 ...                                              
                                                  
l.3 ... –Ω–∞—Ç—É—Ä–∞–ª—å–Ω—ã–º —á–∏—Å–ª–∞–º–∏ –±–æ
                                                  –ª—å—à–∏–º–∏ 1. –ó–∞—Ç–µ–º...

You may provide a definition with
\DeclareUnicodeCharacter 


! Package inputenc Error: Unicode character –ª (U+043B)
(inputenc)                not set up for use with LaTeX.

See the inputenc package documentation for explanation.
Type  H <return>  for immediate help.
 ...                                              
                                                  
l.3 ...Ω–∞—Ç—É—Ä–∞–ª—å–Ω—ã–º —á–∏—Å–ª–∞–º–∏ –±–æ–ª
                                                  —å—à–∏–º–∏ 1. –ó–∞—Ç–µ–º –...

You may provide a definition with
\DeclareUnicodeCharacter 


! Package inputenc Error: Unicode character —å (U+044C)
(inputenc)                not set up for use with LaTeX.

See the inputenc package documentation for explanation.
Type  H <return>  for immediate help.
 ...                                              
                                                  
l.3 ...∞—Ç—É—Ä–∞–ª—å–Ω—ã–º —á–∏—Å–ª–∞–º–∏ –±–æ–ª—å
                                                  —à–∏–º–∏ 1. –ó–∞—Ç–µ–º –æ–...

You may provide a definition with
\DeclareUnicodeCharacter 


! Package inputenc Error: Unicode character —à (U+0448)
(inputenc)                not set up for use with LaTeX.

See the inputenc package documentation for explanation.
Type  H <return>  for immediate help.
 ...                                              
                                                  
l.3 ...Ç—É—Ä–∞–ª—å–Ω—ã–º —á–∏—Å–ª–∞–º–∏ –±–æ–ª—å—à
                                                  –∏–º–∏ 1. –ó–∞—Ç–µ–º –æ–Ω ...

You may provide a definition with
\DeclareUnicodeCharacter 


! Package inputenc Error: Unicode character –∏ (U+0438)
(inputenc)                not set up for use with LaTeX.

See the inputenc package documentation for explanation.
Type  H <return>  for immediate help.
 ...                                              
                                                  
l.3 ...É—Ä–∞–ª—å–Ω—ã–º —á–∏—Å–ª–∞–º–∏ –±–æ–ª—å—à–∏
                                                  –º–∏ 1. –ó–∞—Ç–µ–º –æ–Ω —Å...

You may provide a definition with
\DeclareUnicodeCharacter 


! Package inputenc Error: Unicode character –º (U+043C)
(inputenc)                not set up for use with LaTeX.

See the inputenc package documentation for explanation.
Type  H <return>  for immediate help.
 ...                                              
                                                  
l.3 ...Ä–∞–ª—å–Ω—ã–º —á–∏—Å–ª–∞–º–∏ –±–æ–ª—å—à–∏–º
                                                  –∏ 1. –ó–∞—Ç–µ–º –æ–Ω —Å–æ...

You may provide a definition with
\DeclareUnicodeCharacter 


! Package inputenc Error: Unicode character –∏ (U+0438)
(inputenc)                not set up for use with LaTeX.

See the inputenc package documentation for explanation.
Type  H <return>  for immediate help.
 ...                                              
                                                  
l.3 ...∞–ª—å–Ω—ã–º —á–∏—Å–ª–∞–º–∏ –±–æ–ª—å—à–∏–º–∏
                                                   1. –ó–∞—Ç–µ–º –æ–Ω —Å–æ–æ...

You may provide a definition with
\DeclareUnicodeCharacter 

Missing character: There is no 1 in font nullfont!
Missing character: There is no . in font nullfont!

! Package inputenc Error: Unicode character –ó (U+0417)
(inputenc)                not set up for use with LaTeX.

See the inputenc package documentation for explanation.
Type  H <return>  for immediate help.
 ...                                              
                                                  
l.3 ...Ω—ã–º —á–∏—Å–ª–∞–º–∏ –±–æ–ª—å—à–∏–º–∏ 1. –ó
                                                  –∞—Ç–µ–º –æ–Ω —Å–æ–æ–±—â–∏...

You may provide a definition with
\DeclareUnicodeCharacter 


! Package inputenc Error: Unicode character –∞ (U+0430)
(inputenc)                not set up for use with LaTeX.

See the inputenc package documentation for explanation.
Type  H <return>  for immediate help.
 ...                                              
                                                  
l.3 ...ã–º —á–∏—Å–ª–∞–º–∏ –±–æ–ª—å—à–∏–º–∏ 1. –ó–∞
                                                  —Ç–µ–º –æ–Ω —Å–æ–æ–±—â–∏–ª...

You may provide a definition with
\DeclareUnicodeCharacter 


! Package inputenc Error: Unicode character —Ç (U+0442)
(inputenc)                not set up for use with LaTeX.

See the inputenc package documentation for explanation.
Type  H <return>  for immediate help.
 ...                                              
                                                  
l.3 ...º —á–∏—Å–ª–∞–º–∏ –±–æ–ª—å—à–∏–º–∏ 1. –ó–∞—Ç
                                                  –µ–º –æ–Ω —Å–æ–æ–±—â–∏–ª –...

You may provide a definition with
\DeclareUnicodeCharacter 


! Package inputenc Error: Unicode character –µ (U+0435)
(inputenc)                not set up for use with LaTeX.

See the inputenc package documentation for explanation.
Type  H <return>  for immediate help.
 ...                                              
                                                  
l.3 ...—á–∏—Å–ª–∞–º–∏ –±–æ–ª—å—à–∏–º–∏ 1. –ó–∞—Ç–µ
                                                  –º –æ–Ω —Å–æ–æ–±—â–∏–ª –í–...

You may provide a definition with
\DeclareUnicodeCharacter 


! Package inputenc Error: Unicode character –º (U+043C)
(inputenc)                not set up for use with LaTeX.

See the inputenc package documentation for explanation.
Type  H <return>  for immediate help.
 ...                                              
                                                  
l.3 ...–∏—Å–ª–∞–º–∏ –±–æ–ª—å—à–∏–º–∏ 1. –ó–∞—Ç–µ–º
                                                   –æ–Ω —Å–æ–æ–±—â–∏–ª –í–∞—...

You may provide a definition with
\DeclareUnicodeCharacter 


! Package inputenc Error: Unicode character –æ (U+043E)
(inputenc)                not set up for use with LaTeX.

See the inputenc package documentation for explanation.
Type  H <return>  for immediate help.
 ...                                              
                                                  
l.3 ...Å–ª–∞–º–∏ –±–æ–ª—å—à–∏–º–∏ 1. –ó–∞—Ç–µ–º –æ
                                                  –Ω —Å–æ–æ–±—â–∏–ª –í–∞—Å–µ...

You may provide a definition with
\DeclareUnicodeCharacter 


! Package inputenc Error: Unicode character –Ω (U+043D)
(inputenc)                not set up for use with LaTeX.

See the inputenc package documentation for explanation.
Type  H <return>  for immediate help.
 ...                                              
                                                  
l.3 ...ª–∞–º–∏ –±–æ–ª—å—à–∏–º–∏ 1. –ó–∞—Ç–µ–º –æ–Ω
                                                   —Å–æ–æ–±—â–∏–ª –í–∞—Å–µ –...

You may provide a definition with
\DeclareUnicodeCharacter 


! Package inputenc Error: Unicode character —Å (U+0441)
(inputenc)                not set up for use with LaTeX.

See the inputenc package documentation for explanation.
Type  H <return>  for immediate help.
 ...                                              
                                                  
l.3 ...–º–∏ –±–æ–ª—å—à–∏–º–∏ 1. –ó–∞—Ç–µ–º –æ–Ω —Å
                                                  –æ–æ–±—â–∏–ª –í–∞—Å–µ –∫–æ...

You may provide a definition with
\DeclareUnicodeCharacter 


! Package inputenc Error: Unicode character –æ (U+043E)
(inputenc)                not set up for use with LaTeX.

See the inputenc package documentation for explanation.
Type  H <return>  for immediate help.
 ...                                              
                                                  
l.3 ...–∏ –±–æ–ª—å—à–∏–º–∏ 1. –ó–∞—Ç–µ–º –æ–Ω —Å–æ
                                                  –æ–±—â–∏–ª –í–∞—Å–µ –∫–æ—ç...
(That makes 100 errors; please try again.) 
Here is how much of TeX's memory you used:
 35 strings out of 491202
 634 string characters out of 3111285
 69191 words of memory out of 3000000
 5726 multiletter control sequences out of 15000+200000
 3640 words of font info for 14 fonts, out of 3000000 for 9000
 1141 hyphenation exceptions out of 8191
 18i,1n,12p,490b,56s stack positions out of 5000i,500n,10000p,200000b,50000s

!  ==> Fatal error occurred, no output PDF file produced!
