This is pdfTeX, Version 3.14159265-2.6-1.40.20 (MiKTeX 2.9.7050 64-bit) (preloaded format=pdflatex 2019.8.12)  12 FEB 2020 09:14
entering extended mode
**./P4.tex
(P4.tex
LaTeX2e <2018-12-01>
! Undefined control sequence.
l.2 	{\large
             \hspace{3cm} \begin{center} –î–æ–º–∞—à–Ω–µ–µ –∑–∞–¥–∞–Ω–∏–µ 4 $...
The control sequence at the end of the top line
of your error message was never \def'ed. If you have
misspelled it (e.g., `\hobx'), type `I' and the correct
spelling (e.g., `I\hbox'). Otherwise just continue,
and I'll forget about whatever was undefined.


! LaTeX Error: Missing \begin{document}.

See the LaTeX manual or LaTeX Companion for explanation.
Type  H <return>  for immediate help.
 ...                                              
                                                  
l.2 	{\large \hspace{3cm}
                          \begin{center} –î–æ–º–∞—à–Ω–µ–µ –∑–∞–¥–∞–Ω–∏–µ 4 $...

You're in trouble here.  Try typing  <return>  to proceed.
If that doesn't work, type  X <return>  to quit.


Overfull \hbox (20.0pt too wide) in paragraph at lines 2--2
[] 
 []


! Package inputenc Error: Unicode character –î (U+0414)
(inputenc)                not set up for use with LaTeX.

See the inputenc package documentation for explanation.
Type  H <return>  for immediate help.
 ...                                              
                                                  
l.2 	{\large \hspace{3cm} \begin{center} –î
                                           –æ–º–∞—à–Ω–µ–µ –∑–∞–¥–∞–Ω–∏–µ 4 $...

You may provide a definition with
\DeclareUnicodeCharacter 


! Package inputenc Error: Unicode character –æ (U+043E)
(inputenc)                not set up for use with LaTeX.

See the inputenc package documentation for explanation.
Type  H <return>  for immediate help.
 ...                                              
                                                  
l.2 	{\large \hspace{3cm} \begin{center} –î–æ
                                             –º–∞—à–Ω–µ–µ –∑–∞–¥–∞–Ω–∏–µ 4 $...

You may provide a definition with
\DeclareUnicodeCharacter 


! Package inputenc Error: Unicode character –º (U+043C)
(inputenc)                not set up for use with LaTeX.

See the inputenc package documentation for explanation.
Type  H <return>  for immediate help.
 ...                                              
                                                  
l.2 	{\large \hspace{3cm} \begin{center} –î–æ–º
                                               –∞—à–Ω–µ–µ –∑–∞–¥–∞–Ω–∏–µ 4 $...

You may provide a definition with
\DeclareUnicodeCharacter 


! Package inputenc Error: Unicode character –∞ (U+0430)
(inputenc)                not set up for use with LaTeX.

See the inputenc package documentation for explanation.
Type  H <return>  for immediate help.
 ...                                              
                                                  
l.2 	{\large \hspace{3cm} \begin{center} –î–æ–º–∞
                                                 —à–Ω–µ–µ –∑–∞–¥–∞–Ω–∏–µ 4 $...

You may provide a definition with
\DeclareUnicodeCharacter 


! Package inputenc Error: Unicode character —à (U+0448)
(inputenc)                not set up for use with LaTeX.

See the inputenc package documentation for explanation.
Type  H <return>  for immediate help.
 ...                                              
                                                  
l.2 ...arge \hspace{3cm} \begin{center} –î–æ–º–∞—à
                                                  –Ω–µ–µ –∑–∞–¥–∞–Ω–∏–µ 4 $\...

You may provide a definition with
\DeclareUnicodeCharacter 


! Package inputenc Error: Unicode character –Ω (U+043D)
(inputenc)                not set up for use with LaTeX.

See the inputenc package documentation for explanation.
Type  H <return>  for immediate help.
 ...                                              
                                                  
l.2 ...ge \hspace{3cm} \begin{center} –î–æ–º–∞—à–Ω
                                                  –µ–µ –∑–∞–¥–∞–Ω–∏–µ 4 $\bu...

You may provide a definition with
\DeclareUnicodeCharacter 


! Package inputenc Error: Unicode character –µ (U+0435)
(inputenc)                not set up for use with LaTeX.

See the inputenc package documentation for explanation.
Type  H <return>  for immediate help.
 ...                                              
                                                  
l.2 ... \hspace{3cm} \begin{center} –î–æ–º–∞—à–Ω–µ
                                                  –µ –∑–∞–¥–∞–Ω–∏–µ 4 $\bull...

You may provide a definition with
\DeclareUnicodeCharacter 


! Package inputenc Error: Unicode character –µ (U+0435)
(inputenc)                not set up for use with LaTeX.

See the inputenc package documentation for explanation.
Type  H <return>  for immediate help.
 ...                                              
                                                  
l.2 ...hspace{3cm} \begin{center} –î–æ–º–∞—à–Ω–µ–µ
                                                   –∑–∞–¥–∞–Ω–∏–µ 4 $\bullet...

You may provide a definition with
\DeclareUnicodeCharacter 


! Package inputenc Error: Unicode character –∑ (U+0437)
(inputenc)                not set up for use with LaTeX.

See the inputenc package documentation for explanation.
Type  H <return>  for immediate help.
 ...                                              
                                                  
l.2 ...ace{3cm} \begin{center} –î–æ–º–∞—à–Ω–µ–µ –∑
                                                  –∞–¥–∞–Ω–∏–µ 4 $\bullet$ –...

You may provide a definition with
\DeclareUnicodeCharacter 


! Package inputenc Error: Unicode character –∞ (U+0430)
(inputenc)                not set up for use with LaTeX.

See the inputenc package documentation for explanation.
Type  H <return>  for immediate help.
 ...                                              
                                                  
l.2 ...e{3cm} \begin{center} –î–æ–º–∞—à–Ω–µ–µ –∑–∞
                                                  –¥–∞–Ω–∏–µ 4 $\bullet$ –ú–...

You may provide a definition with
\DeclareUnicodeCharacter 


! Package inputenc Error: Unicode character –¥ (U+0434)
(inputenc)                not set up for use with LaTeX.

See the inputenc package documentation for explanation.
Type  H <return>  for immediate help.
 ...                                              
                                                  
l.2 ...3cm} \begin{center} –î–æ–º–∞—à–Ω–µ–µ –∑–∞–¥
                                                  –∞–Ω–∏–µ 4 $\bullet$ –ú–æ–...

You may provide a definition with
\DeclareUnicodeCharacter 


! Package inputenc Error: Unicode character –∞ (U+0430)
(inputenc)                not set up for use with LaTeX.

See the inputenc package documentation for explanation.
Type  H <return>  for immediate help.
 ...                                              
                                                  
l.2 ...m} \begin{center} –î–æ–º–∞—à–Ω–µ–µ –∑–∞–¥–∞
                                                  –Ω–∏–µ 4 $\bullet$ –ú–æ–∑–...

You may provide a definition with
\DeclareUnicodeCharacter 


! Package inputenc Error: Unicode character –Ω (U+043D)
(inputenc)                not set up for use with LaTeX.

See the inputenc package documentation for explanation.
Type  H <return>  for immediate help.
 ...                                              
                                                  
l.2 ... \begin{center} –î–æ–º–∞—à–Ω–µ–µ –∑–∞–¥–∞–Ω
                                                  –∏–µ 4 $\bullet$ –ú–æ–∑–≥–...

You may provide a definition with
\DeclareUnicodeCharacter 


! Package inputenc Error: Unicode character –∏ (U+0438)
(inputenc)                not set up for use with LaTeX.

See the inputenc package documentation for explanation.
Type  H <return>  for immediate help.
 ...                                              
                                                  
l.2 ...begin{center} –î–æ–º–∞—à–Ω–µ–µ –∑–∞–¥–∞–Ω–∏
                                                  –µ 4 $\bullet$ –ú–æ–∑–≥–æ–...

You may provide a definition with
\DeclareUnicodeCharacter 


! Package inputenc Error: Unicode character –µ (U+0435)
(inputenc)                not set up for use with LaTeX.

See the inputenc package documentation for explanation.
Type  H <return>  for immediate help.
 ...                                              
                                                  
l.2 ...gin{center} –î–æ–º–∞—à–Ω–µ–µ –∑–∞–¥–∞–Ω–∏–µ
                                                   4 $\bullet$ –ú–æ–∑–≥–æ–≤–...

You may provide a definition with
\DeclareUnicodeCharacter 

Missing character: There is no 4 in font nullfont!
LaTeX Font Info:    External font `cmex10' loaded for size
(Font)              <7> on input line 2.
LaTeX Font Info:    External font `cmex10' loaded for size
(Font)              <5> on input line 2.

! Package inputenc Error: Unicode character –ú (U+041C)
(inputenc)                not set up for use with LaTeX.

See the inputenc package documentation for explanation.
Type  H <return>  for immediate help.
 ...                                              
                                                  
l.2 ...æ–º–∞—à–Ω–µ–µ –∑–∞–¥–∞–Ω–∏–µ 4 $\bullet$ –ú
                                                  –æ–∑–≥–æ–≤–æ–π –í–ª–∞–¥–∏—...

You may provide a definition with
\DeclareUnicodeCharacter 


! Package inputenc Error: Unicode character –æ (U+043E)
(inputenc)                not set up for use with LaTeX.

See the inputenc package documentation for explanation.
Type  H <return>  for immediate help.
 ...                                              
                                                  
l.2 ...º–∞—à–Ω–µ–µ –∑–∞–¥–∞–Ω–∏–µ 4 $\bullet$ –ú–æ
                                                  –∑–≥–æ–≤–æ–π –í–ª–∞–¥–∏—Å–...

You may provide a definition with
\DeclareUnicodeCharacter 


! Package inputenc Error: Unicode character –∑ (U+0437)
(inputenc)                not set up for use with LaTeX.

See the inputenc package documentation for explanation.
Type  H <return>  for immediate help.
 ...                                              
                                                  
l.2 ...∞—à–Ω–µ–µ –∑–∞–¥–∞–Ω–∏–µ 4 $\bullet$ –ú–æ–∑
                                                  –≥–æ–≤–æ–π –í–ª–∞–¥–∏—Å–ª–...

You may provide a definition with
\DeclareUnicodeCharacter 


! Package inputenc Error: Unicode character –≥ (U+0433)
(inputenc)                not set up for use with LaTeX.

See the inputenc package documentation for explanation.
Type  H <return>  for immediate help.
 ...                                              
                                                  
l.2 ...à–Ω–µ–µ –∑–∞–¥–∞–Ω–∏–µ 4 $\bullet$ –ú–æ–∑–≥
                                                  –æ–≤–æ–π –í–ª–∞–¥–∏—Å–ª–∞–...

You may provide a definition with
\DeclareUnicodeCharacter 


! Package inputenc Error: Unicode character –æ (U+043E)
(inputenc)                not set up for use with LaTeX.

See the inputenc package documentation for explanation.
Type  H <return>  for immediate help.
 ...                                              
                                                  
l.2 ...Ω–µ–µ –∑–∞–¥–∞–Ω–∏–µ 4 $\bullet$ –ú–æ–∑–≥–æ
                                                  –≤–æ–π –í–ª–∞–¥–∏—Å–ª–∞–≤ ...

You may provide a definition with
\DeclareUnicodeCharacter 


! Package inputenc Error: Unicode character –≤ (U+0432)
(inputenc)                not set up for use with LaTeX.

See the inputenc package documentation for explanation.
Type  H <return>  for immediate help.
 ...                                              
                                                  
l.2 ...µ–µ –∑–∞–¥–∞–Ω–∏–µ 4 $\bullet$ –ú–æ–∑–≥–æ–≤
                                                  –æ–π –í–ª–∞–¥–∏—Å–ª–∞–≤ \e...

You may provide a definition with
\DeclareUnicodeCharacter 


! Package inputenc Error: Unicode character –æ (U+043E)
(inputenc)                not set up for use with LaTeX.

See the inputenc package documentation for explanation.
Type  H <return>  for immediate help.
 ...                                              
                                                  
l.2 ...µ –∑–∞–¥–∞–Ω–∏–µ 4 $\bullet$ –ú–æ–∑–≥–æ–≤–æ
                                                  –π –í–ª–∞–¥–∏—Å–ª–∞–≤ \end...

You may provide a definition with
\DeclareUnicodeCharacter 


! Package inputenc Error: Unicode character –π (U+0439)
(inputenc)                not set up for use with LaTeX.

See the inputenc package documentation for explanation.
Type  H <return>  for immediate help.
 ...                                              
                                                  
l.2 ...–∑–∞–¥–∞–Ω–∏–µ 4 $\bullet$ –ú–æ–∑–≥–æ–≤–æ–π
                                                   –í–ª–∞–¥–∏—Å–ª–∞–≤ \end{c...

You may provide a definition with
\DeclareUnicodeCharacter 


! Package inputenc Error: Unicode character –í (U+0412)
(inputenc)                not set up for use with LaTeX.

See the inputenc package documentation for explanation.
Type  H <return>  for immediate help.
 ...                                              
                                                  
l.2 ...∞–¥–∞–Ω–∏–µ 4 $\bullet$ –ú–æ–∑–≥–æ–≤–æ–π –í
                                                  –ª–∞–¥–∏—Å–ª–∞–≤ \end{cent...

You may provide a definition with
\DeclareUnicodeCharacter 


! Package inputenc Error: Unicode character –ª (U+043B)
(inputenc)                not set up for use with LaTeX.

See the inputenc package documentation for explanation.
Type  H <return>  for immediate help.
 ...                                              
                                                  
l.2 ...¥–∞–Ω–∏–µ 4 $\bullet$ –ú–æ–∑–≥–æ–≤–æ–π –í–ª
                                                  –∞–¥–∏—Å–ª–∞–≤ \end{center} }

You may provide a definition with
\DeclareUnicodeCharacter 


! Package inputenc Error: Unicode character –∞ (U+0430)
(inputenc)                not set up for use with LaTeX.

See the inputenc package documentation for explanation.
Type  H <return>  for immediate help.
 ...                                              
                                                  
l.2 ...∞–Ω–∏–µ 4 $\bullet$ –ú–æ–∑–≥–æ–≤–æ–π –í–ª–∞
                                                  –¥–∏—Å–ª–∞–≤ \end{center} }
You may provide a definition with
\DeclareUnicodeCharacter 


! Package inputenc Error: Unicode character –¥ (U+0434)
(inputenc)                not set up for use with LaTeX.

See the inputenc package documentation for explanation.
Type  H <return>  for immediate help.
 ...                                              
                                                  
l.2 ...Ω–∏–µ 4 $\bullet$ –ú–æ–∑–≥–æ–≤–æ–π –í–ª–∞–¥
                                                  –∏—Å–ª–∞–≤ \end{center} }
You may provide a definition with
\DeclareUnicodeCharacter 


! Package inputenc Error: Unicode character –∏ (U+0438)
(inputenc)                not set up for use with LaTeX.

See the inputenc package documentation for explanation.
Type  H <return>  for immediate help.
 ...                                              
                                                  
l.2 ...∏–µ 4 $\bullet$ –ú–æ–∑–≥–æ–≤–æ–π –í–ª–∞–¥–∏
                                                  —Å–ª–∞–≤ \end{center} }
You may provide a definition with
\DeclareUnicodeCharacter 


! Package inputenc Error: Unicode character —Å (U+0441)
(inputenc)                not set up for use with LaTeX.

See the inputenc package documentation for explanation.
Type  H <return>  for immediate help.
 ...                                              
                                                  
l.2 ...µ 4 $\bullet$ –ú–æ–∑–≥–æ–≤–æ–π –í–ª–∞–¥–∏—Å
                                                  –ª–∞–≤ \end{center} }
You may provide a definition with
\DeclareUnicodeCharacter 


! Package inputenc Error: Unicode character –ª (U+043B)
(inputenc)                not set up for use with LaTeX.

See the inputenc package documentation for explanation.
Type  H <return>  for immediate help.
 ...                                              
                                                  
l.2 ...4 $\bullet$ –ú–æ–∑–≥–æ–≤–æ–π –í–ª–∞–¥–∏—Å–ª
                                                  –∞–≤ \end{center} }
You may provide a definition with
\DeclareUnicodeCharacter 


! Package inputenc Error: Unicode character –∞ (U+0430)
(inputenc)                not set up for use with LaTeX.

See the inputenc package documentation for explanation.
Type  H <return>  for immediate help.
 ...                                              
                                                  
l.2 ...$\bullet$ –ú–æ–∑–≥–æ–≤–æ–π –í–ª–∞–¥–∏—Å–ª–∞
                                                  –≤ \end{center} }
You may provide a definition with
\DeclareUnicodeCharacter 


! Package inputenc Error: Unicode character –≤ (U+0432)
(inputenc)                not set up for use with LaTeX.

See the inputenc package documentation for explanation.
Type  H <return>  for immediate help.
 ...                                              
                                                  
l.2 ...bullet$ –ú–æ–∑–≥–æ–≤–æ–π –í–ª–∞–¥–∏—Å–ª–∞–≤
                                                   \end{center} }
You may provide a definition with
\DeclareUnicodeCharacter 


Overfull \hbox (5.00002pt too wide) in paragraph at lines 2--2
 \OMS/cmsy/m/n/10 $ 
 []


! LaTeX Error: Missing \begin{document}.

See the LaTeX manual or LaTeX Companion for explanation.
Type  H <return>  for immediate help.
 ...                                              
                                                  
l.4 	\hrulefill
               
You're in trouble here.  Try typing  <return>  to proceed.
If that doesn't work, type  X <return>  to quit.


Overfull \hbox (20.0pt too wide) in paragraph at lines 4--5
[]
 []


! LaTeX Error: Missing \begin{document}.

See the LaTeX manual or LaTeX Companion for explanation.
Type  H <return>  for immediate help.
 ...                                              
                                                  
l.8 	\hrulefill
               
You're in trouble here.  Try typing  <return>  to proceed.
If that doesn't work, type  X <return>  to quit.


Overfull \hbox (20.0pt too wide) in paragraph at lines 8--10
[]
 []

! Undefined control sequence.
l.11 	\section
              *{}
The control sequence at the end of the top line
of your error message was never \def'ed. If you have
misspelled it (e.g., `\hobx'), type `I' and the correct
spelling (e.g., `I\hbox'). Otherwise just continue,
and I'll forget about whatever was undefined.


! LaTeX Error: Missing \begin{document}.

See the LaTeX manual or LaTeX Companion for explanation.
Type  H <return>  for immediate help.
 ...                                              
                                                  
l.11 	\section*
               {}
You're in trouble here.  Try typing  <return>  to proceed.
If that doesn't work, type  X <return>  to quit.

! Undefined control sequence.
l.12 		\subsection
                  *{\textbf{–ó–∞–¥–∞—á–∞ 1}}
The control sequence at the end of the top line
of your error message was never \def'ed. If you have
misspelled it (e.g., `\hobx'), type `I' and the correct
spelling (e.g., `I\hbox'). Otherwise just continue,
and I'll forget about whatever was undefined.


! Package inputenc Error: Unicode character –ó (U+0417)
(inputenc)                not set up for use with LaTeX.

See the inputenc package documentation for explanation.
Type  H <return>  for immediate help.
 ...                                              
                                                  
l.12 		\subsection*{\textbf{–ó–∞–¥–∞—á–∞ 1}
                                           }
You may provide a definition with
\DeclareUnicodeCharacter 


! Package inputenc Error: Unicode character –∞ (U+0430)
(inputenc)                not set up for use with LaTeX.

See the inputenc package documentation for explanation.
Type  H <return>  for immediate help.
 ...                                              
                                                  
l.12 		\subsection*{\textbf{–ó–∞–¥–∞—á–∞ 1}
                                           }
You may provide a definition with
\DeclareUnicodeCharacter 


! Package inputenc Error: Unicode character –¥ (U+0434)
(inputenc)                not set up for use with LaTeX.

See the inputenc package documentation for explanation.
Type  H <return>  for immediate help.
 ...                                              
                                                  
l.12 		\subsection*{\textbf{–ó–∞–¥–∞—á–∞ 1}
                                           }
You may provide a definition with
\DeclareUnicodeCharacter 


! Package inputenc Error: Unicode character –∞ (U+0430)
(inputenc)                not set up for use with LaTeX.

See the inputenc package documentation for explanation.
Type  H <return>  for immediate help.
 ...                                              
                                                  
l.12 		\subsection*{\textbf{–ó–∞–¥–∞—á–∞ 1}
                                           }
You may provide a definition with
\DeclareUnicodeCharacter 


! Package inputenc Error: Unicode character —á (U+0447)
(inputenc)                not set up for use with LaTeX.

See the inputenc package documentation for explanation.
Type  H <return>  for immediate help.
 ...                                              
                                                  
l.12 		\subsection*{\textbf{–ó–∞–¥–∞—á–∞ 1}
                                           }
You may provide a definition with
\DeclareUnicodeCharacter 


! Package inputenc Error: Unicode character –∞ (U+0430)
(inputenc)                not set up for use with LaTeX.

See the inputenc package documentation for explanation.
Type  H <return>  for immediate help.
 ...                                              
                                                  
l.12 		\subsection*{\textbf{–ó–∞–¥–∞—á–∞ 1}
                                           }
You may provide a definition with
\DeclareUnicodeCharacter 


! Package inputenc Error: Unicode character –£ (U+0423)
(inputenc)                not set up for use with LaTeX.

See the inputenc package documentation for explanation.
Type  H <return>  for immediate help.
 ...                                              
                                                  
l.13 		\textbf{–£—Å–ª–æ–≤–∏–µ}
                              \\
You may provide a definition with
\DeclareUnicodeCharacter 


! Package inputenc Error: Unicode character —Å (U+0441)
(inputenc)                not set up for use with LaTeX.

See the inputenc package documentation for explanation.
Type  H <return>  for immediate help.
 ...                                              
                                                  
l.13 		\textbf{–£—Å–ª–æ–≤–∏–µ}
                              \\
You may provide a definition with
\DeclareUnicodeCharacter 


! Package inputenc Error: Unicode character –ª (U+043B)
(inputenc)                not set up for use with LaTeX.

See the inputenc package documentation for explanation.
Type  H <return>  for immediate help.
 ...                                              
                                                  
l.13 		\textbf{–£—Å–ª–æ–≤–∏–µ}
                              \\
You may provide a definition with
\DeclareUnicodeCharacter 


! Package inputenc Error: Unicode character –æ (U+043E)
(inputenc)                not set up for use with LaTeX.

See the inputenc package documentation for explanation.
Type  H <return>  for immediate help.
 ...                                              
                                                  
l.13 		\textbf{–£—Å–ª–æ–≤–∏–µ}
                              \\
You may provide a definition with
\DeclareUnicodeCharacter 


! Package inputenc Error: Unicode character –≤ (U+0432)
(inputenc)                not set up for use with LaTeX.

See the inputenc package documentation for explanation.
Type  H <return>  for immediate help.
 ...                                              
                                                  
l.13 		\textbf{–£—Å–ª–æ–≤–∏–µ}
                              \\
You may provide a definition with
\DeclareUnicodeCharacter 


! Package inputenc Error: Unicode character –∏ (U+0438)
(inputenc)                not set up for use with LaTeX.

See the inputenc package documentation for explanation.
Type  H <return>  for immediate help.
 ...                                              
                                                  
l.13 		\textbf{–£—Å–ª–æ–≤–∏–µ}
                              \\
You may provide a definition with
\DeclareUnicodeCharacter 


! Package inputenc Error: Unicode character –µ (U+0435)
(inputenc)                not set up for use with LaTeX.

See the inputenc package documentation for explanation.
Type  H <return>  for immediate help.
 ...                                              
                                                  
l.13 		\textbf{–£—Å–ª–æ–≤–∏–µ}
                              \\
You may provide a definition with
\DeclareUnicodeCharacter 


! Package inputenc Error: Unicode character –í (U+0412)
(inputenc)                not set up for use with LaTeX.

See the inputenc package documentation for explanation.
Type  H <return>  for immediate help.
 ...                                              
                                                  
l.14 		–í
         —ã—á–∏—Å–ª–∏—Ç–µ –∫–æ–ª–∏—á–µ—Å—Ç–≤–æ —Ä–∞–∑–ª–∏—á–Ω—ã—Ö –≥–æ–º–æ–º...

You may provide a definition with
\DeclareUnicodeCharacter 


! Package inputenc Error: Unicode character —ã (U+044B)
(inputenc)                not set up for use with LaTeX.

See the inputenc package documentation for explanation.
Type  H <return>  for immediate help.
 ...                                              
                                                  
l.14 		–í—ã
           —á–∏—Å–ª–∏—Ç–µ –∫–æ–ª–∏—á–µ—Å—Ç–≤–æ —Ä–∞–∑–ª–∏—á–Ω—ã—Ö –≥–æ–º–æ–º...

You may provide a definition with
\DeclareUnicodeCharacter 


! Package inputenc Error: Unicode character —á (U+0447)
(inputenc)                not set up for use with LaTeX.

See the inputenc package documentation for explanation.
Type  H <return>  for immediate help.
 ...                                              
                                                  
l.14 		–í—ã—á
             –∏—Å–ª–∏—Ç–µ –∫–æ–ª–∏—á–µ—Å—Ç–≤–æ —Ä–∞–∑–ª–∏—á–Ω—ã—Ö –≥–æ–º–æ–º...

You may provide a definition with
\DeclareUnicodeCharacter 


! Package inputenc Error: Unicode character –∏ (U+0438)
(inputenc)                not set up for use with LaTeX.

See the inputenc package documentation for explanation.
Type  H <return>  for immediate help.
 ...                                              
                                                  
l.14 		–í—ã—á–∏
               —Å–ª–∏—Ç–µ –∫–æ–ª–∏—á–µ—Å—Ç–≤–æ —Ä–∞–∑–ª–∏—á–Ω—ã—Ö –≥–æ–º–æ–º...

You may provide a definition with
\DeclareUnicodeCharacter 


! Package inputenc Error: Unicode character —Å (U+0441)
(inputenc)                not set up for use with LaTeX.

See the inputenc package documentation for explanation.
Type  H <return>  for immediate help.
 ...                                              
                                                  
l.14 		–í—ã—á–∏—Å
                 –ª–∏—Ç–µ –∫–æ–ª–∏—á–µ—Å—Ç–≤–æ —Ä–∞–∑–ª–∏—á–Ω—ã—Ö –≥–æ–º–æ–º...

You may provide a definition with
\DeclareUnicodeCharacter 


! Package inputenc Error: Unicode character –ª (U+043B)
(inputenc)                not set up for use with LaTeX.

See the inputenc package documentation for explanation.
Type  H <return>  for immediate help.
 ...                                              
                                                  
l.14 		–í—ã—á–∏—Å–ª
                   –∏—Ç–µ –∫–æ–ª–∏—á–µ—Å—Ç–≤–æ —Ä–∞–∑–ª–∏—á–Ω—ã—Ö –≥–æ–º–æ–º...

You may provide a definition with
\DeclareUnicodeCharacter 


! Package inputenc Error: Unicode character –∏ (U+0438)
(inputenc)                not set up for use with LaTeX.

See the inputenc package documentation for explanation.
Type  H <return>  for immediate help.
 ...                                              
                                                  
l.14 		–í—ã—á–∏—Å–ª–∏
                     —Ç–µ –∫–æ–ª–∏—á–µ—Å—Ç–≤–æ —Ä–∞–∑–ª–∏—á–Ω—ã—Ö –≥–æ–º–æ–º...

You may provide a definition with
\DeclareUnicodeCharacter 


! Package inputenc Error: Unicode character —Ç (U+0442)
(inputenc)                not set up for use with LaTeX.

See the inputenc package documentation for explanation.
Type  H <return>  for immediate help.
 ...                                              
                                                  
l.14 		–í—ã—á–∏—Å–ª–∏—Ç
                       –µ –∫–æ–ª–∏—á–µ—Å—Ç–≤–æ —Ä–∞–∑–ª–∏—á–Ω—ã—Ö –≥–æ–º–æ–º...

You may provide a definition with
\DeclareUnicodeCharacter 


! Package inputenc Error: Unicode character –µ (U+0435)
(inputenc)                not set up for use with LaTeX.

See the inputenc package documentation for explanation.
Type  H <return>  for immediate help.
 ...                                              
                                                  
l.14 		–í—ã—á–∏—Å–ª–∏—Ç–µ
                          –∫–æ–ª–∏—á–µ—Å—Ç–≤–æ —Ä–∞–∑–ª–∏—á–Ω—ã—Ö –≥–æ–º–æ–º...

You may provide a definition with
\DeclareUnicodeCharacter 


! Package inputenc Error: Unicode character –∫ (U+043A)
(inputenc)                not set up for use with LaTeX.

See the inputenc package documentation for explanation.
Type  H <return>  for immediate help.
 ...                                              
                                                  
l.14 		–í—ã—á–∏—Å–ª–∏—Ç–µ –∫
                            –æ–ª–∏—á–µ—Å—Ç–≤–æ —Ä–∞–∑–ª–∏—á–Ω—ã—Ö –≥–æ–º–æ–º...

You may provide a definition with
\DeclareUnicodeCharacter 


! Package inputenc Error: Unicode character –æ (U+043E)
(inputenc)                not set up for use with LaTeX.

See the inputenc package documentation for explanation.
Type  H <return>  for immediate help.
 ...                                              
                                                  
l.14 		–í—ã—á–∏—Å–ª–∏—Ç–µ –∫–æ
                              –ª–∏—á–µ—Å—Ç–≤–æ —Ä–∞–∑–ª–∏—á–Ω—ã—Ö –≥–æ–º–æ–º...

You may provide a definition with
\DeclareUnicodeCharacter 


! Package inputenc Error: Unicode character –ª (U+043B)
(inputenc)                not set up for use with LaTeX.

See the inputenc package documentation for explanation.
Type  H <return>  for immediate help.
 ...                                              
                                                  
l.14 		–í—ã—á–∏—Å–ª–∏—Ç–µ –∫–æ–ª
                                –∏—á–µ—Å—Ç–≤–æ —Ä–∞–∑–ª–∏—á–Ω—ã—Ö –≥–æ–º–æ–º...

You may provide a definition with
\DeclareUnicodeCharacter 


! Package inputenc Error: Unicode character –∏ (U+0438)
(inputenc)                not set up for use with LaTeX.

See the inputenc package documentation for explanation.
Type  H <return>  for immediate help.
 ...                                              
                                                  
l.14 		–í—ã—á–∏—Å–ª–∏—Ç–µ –∫–æ–ª–∏
                                  —á–µ—Å—Ç–≤–æ —Ä–∞–∑–ª–∏—á–Ω—ã—Ö –≥–æ–º–æ–º...

You may provide a definition with
\DeclareUnicodeCharacter 


! Package inputenc Error: Unicode character —á (U+0447)
(inputenc)                not set up for use with LaTeX.

See the inputenc package documentation for explanation.
Type  H <return>  for immediate help.
 ...                                              
                                                  
l.14 		–í—ã—á–∏—Å–ª–∏—Ç–µ –∫–æ–ª–∏—á
                                    –µ—Å—Ç–≤–æ —Ä–∞–∑–ª–∏—á–Ω—ã—Ö –≥–æ–º–æ–º...

You may provide a definition with
\DeclareUnicodeCharacter 


! Package inputenc Error: Unicode character –µ (U+0435)
(inputenc)                not set up for use with LaTeX.

See the inputenc package documentation for explanation.
Type  H <return>  for immediate help.
 ...                                              
                                                  
l.14 		–í—ã—á–∏—Å–ª–∏—Ç–µ –∫–æ–ª–∏—á–µ
                                      —Å—Ç–≤–æ —Ä–∞–∑–ª–∏—á–Ω—ã—Ö –≥–æ–º–æ–º...

You may provide a definition with
\DeclareUnicodeCharacter 


! Package inputenc Error: Unicode character —Å (U+0441)
(inputenc)                not set up for use with LaTeX.

See the inputenc package documentation for explanation.
Type  H <return>  for immediate help.
 ...                                              
                                                  
l.14 		–í—ã—á–∏—Å–ª–∏—Ç–µ –∫–æ–ª–∏—á–µ—Å
                                        —Ç–≤–æ —Ä–∞–∑–ª–∏—á–Ω—ã—Ö –≥–æ–º–æ–º...

You may provide a definition with
\DeclareUnicodeCharacter 


! Package inputenc Error: Unicode character —Ç (U+0442)
(inputenc)                not set up for use with LaTeX.

See the inputenc package documentation for explanation.
Type  H <return>  for immediate help.
 ...                                              
                                                  
l.14 		–í—ã—á–∏—Å–ª–∏—Ç–µ –∫–æ–ª–∏—á–µ—Å—Ç
                                          –≤–æ —Ä–∞–∑–ª–∏—á–Ω—ã—Ö –≥–æ–º–æ–º...

You may provide a definition with
\DeclareUnicodeCharacter 


! Package inputenc Error: Unicode character –≤ (U+0432)
(inputenc)                not set up for use with LaTeX.

See the inputenc package documentation for explanation.
Type  H <return>  for immediate help.
 ...                                              
                                                  
l.14 		–í—ã—á–∏—Å–ª–∏—Ç–µ –∫–æ–ª–∏—á–µ—Å—Ç–≤
                                            –æ —Ä–∞–∑–ª–∏—á–Ω—ã—Ö –≥–æ–º–æ–º...

You may provide a definition with
\DeclareUnicodeCharacter 


! Package inputenc Error: Unicode character –æ (U+043E)
(inputenc)                not set up for use with LaTeX.

See the inputenc package documentation for explanation.
Type  H <return>  for immediate help.
 ...                                              
                                                  
l.14 		–í—ã—á–∏—Å–ª–∏—Ç–µ –∫–æ–ª–∏—á–µ—Å—Ç–≤–æ
                                               —Ä–∞–∑–ª–∏—á–Ω—ã—Ö –≥–æ–º–æ–º...

You may provide a definition with
\DeclareUnicodeCharacter 


! Package inputenc Error: Unicode character —Ä (U+0440)
(inputenc)                not set up for use with LaTeX.

See the inputenc package documentation for explanation.
Type  H <return>  for immediate help.
 ...                                              
                                                  
l.14 		–í—ã—á–∏—Å–ª–∏—Ç–µ –∫–æ–ª–∏—á–µ—Å—Ç–≤–æ —Ä
                                                 –∞–∑–ª–∏—á–Ω—ã—Ö –≥–æ–º–æ–º...

You may provide a definition with
\DeclareUnicodeCharacter 


! Package inputenc Error: Unicode character –∞ (U+0430)
(inputenc)                not set up for use with LaTeX.

See the inputenc package documentation for explanation.
Type  H <return>  for immediate help.
 ...                                              
                                                  
l.14 ...—ã—á–∏—Å–ª–∏—Ç–µ –∫–æ–ª–∏—á–µ—Å—Ç–≤–æ —Ä–∞
                                                  –∑–ª–∏—á–Ω—ã—Ö –≥–æ–º–æ–º–...

You may provide a definition with
\DeclareUnicodeCharacter 


! Package inputenc Error: Unicode character –∑ (U+0437)
(inputenc)                not set up for use with LaTeX.

See the inputenc package documentation for explanation.
Type  H <return>  for immediate help.
 ...                                              
                                                  
l.14 ...—á–∏—Å–ª–∏—Ç–µ –∫–æ–ª–∏—á–µ—Å—Ç–≤–æ —Ä–∞–∑
                                                  –ª–∏—á–Ω—ã—Ö –≥–æ–º–æ–º–æ—...

You may provide a definition with
\DeclareUnicodeCharacter 


! Package inputenc Error: Unicode character –ª (U+043B)
(inputenc)                not set up for use with LaTeX.

See the inputenc package documentation for explanation.
Type  H <return>  for immediate help.
 ...                                              
                                                  
l.14 ...–∏—Å–ª–∏—Ç–µ –∫–æ–ª–∏—á–µ—Å—Ç–≤–æ —Ä–∞–∑–ª
                                                  –∏—á–Ω—ã—Ö –≥–æ–º–æ–º–æ—Ä—...

You may provide a definition with
\DeclareUnicodeCharacter 


! Package inputenc Error: Unicode character –∏ (U+0438)
(inputenc)                not set up for use with LaTeX.

See the inputenc package documentation for explanation.
Type  H <return>  for immediate help.
 ...                                              
                                                  
l.14 ...—Å–ª–∏—Ç–µ –∫–æ–ª–∏—á–µ—Å—Ç–≤–æ —Ä–∞–∑–ª–∏
                                                  —á–Ω—ã—Ö –≥–æ–º–æ–º–æ—Ä—Ñ–...

You may provide a definition with
\DeclareUnicodeCharacter 


! Package inputenc Error: Unicode character —á (U+0447)
(inputenc)                not set up for use with LaTeX.

See the inputenc package documentation for explanation.
Type  H <return>  for immediate help.
 ...                                              
                                                  
l.14 ...–ª–∏—Ç–µ –∫–æ–ª–∏—á–µ—Å—Ç–≤–æ —Ä–∞–∑–ª–∏—á
                                                  –Ω—ã—Ö –≥–æ–º–æ–º–æ—Ä—Ñ–∏–...

You may provide a definition with
\DeclareUnicodeCharacter 


! Package inputenc Error: Unicode character –Ω (U+043D)
(inputenc)                not set up for use with LaTeX.

See the inputenc package documentation for explanation.
Type  H <return>  for immediate help.
 ...                                              
                                                  
l.14 ...–∏—Ç–µ –∫–æ–ª–∏—á–µ—Å—Ç–≤–æ —Ä–∞–∑–ª–∏—á–Ω
                                                  —ã—Ö –≥–æ–º–æ–º–æ—Ä—Ñ–∏–∑–...

You may provide a definition with
\DeclareUnicodeCharacter 


! Package inputenc Error: Unicode character —ã (U+044B)
(inputenc)                not set up for use with LaTeX.

See the inputenc package documentation for explanation.
Type  H <return>  for immediate help.
 ...                                              
                                                  
l.14 ...—Ç–µ –∫–æ–ª–∏—á–µ—Å—Ç–≤–æ —Ä–∞–∑–ª–∏—á–Ω—ã
                                                  —Ö –≥–æ–º–æ–º–æ—Ä—Ñ–∏–∑–º–...

You may provide a definition with
\DeclareUnicodeCharacter 


! Package inputenc Error: Unicode character —Ö (U+0445)
(inputenc)                not set up for use with LaTeX.

See the inputenc package documentation for explanation.
Type  H <return>  for immediate help.
 ...                                              
                                                  
l.14 ...–µ –∫–æ–ª–∏—á–µ—Å—Ç–≤–æ —Ä–∞–∑–ª–∏—á–Ω—ã—Ö
                                                   –≥–æ–º–æ–º–æ—Ä—Ñ–∏–∑–º–æ–...

You may provide a definition with
\DeclareUnicodeCharacter 


! Package inputenc Error: Unicode character –≥ (U+0433)
(inputenc)                not set up for use with LaTeX.

See the inputenc package documentation for explanation.
Type  H <return>  for immediate help.
 ...                                              
                                                  
l.14 ...–∫–æ–ª–∏—á–µ—Å—Ç–≤–æ —Ä–∞–∑–ª–∏—á–Ω—ã—Ö –≥
                                                  –æ–º–æ–º–æ—Ä—Ñ–∏–∑–º–æ–≤ –...

You may provide a definition with
\DeclareUnicodeCharacter 


! Package inputenc Error: Unicode character –æ (U+043E)
(inputenc)                not set up for use with LaTeX.

See the inputenc package documentation for explanation.
Type  H <return>  for immediate help.
 ...                                              
                                                  
l.14 ...–æ–ª–∏—á–µ—Å—Ç–≤–æ —Ä–∞–∑–ª–∏—á–Ω—ã—Ö –≥–æ
                                                  –º–æ–º–æ—Ä—Ñ–∏–∑–º–æ–≤ –∏–...

You may provide a definition with
\DeclareUnicodeCharacter 


! Package inputenc Error: Unicode character –º (U+043C)
(inputenc)                not set up for use with LaTeX.

See the inputenc package documentation for explanation.
Type  H <return>  for immediate help.
 ...                                              
                                                  
l.14 ...–ª–∏—á–µ—Å—Ç–≤–æ —Ä–∞–∑–ª–∏—á–Ω—ã—Ö –≥–æ–º
                                                  –æ–º–æ—Ä—Ñ–∏–∑–º–æ–≤ –∏–∑ ...

You may provide a definition with
\DeclareUnicodeCharacter 


! Package inputenc Error: Unicode character –æ (U+043E)
(inputenc)                not set up for use with LaTeX.

See the inputenc package documentation for explanation.
Type  H <return>  for immediate help.
 ...                                              
                                                  
l.14 ...–∏—á–µ—Å—Ç–≤–æ —Ä–∞–∑–ª–∏—á–Ω—ã—Ö –≥–æ–º–æ
                                                  –º–æ—Ä—Ñ–∏–∑–º–æ–≤ –∏–∑ —Ü...

You may provide a definition with
\DeclareUnicodeCharacter 


! Package inputenc Error: Unicode character –º (U+043C)
(inputenc)                not set up for use with LaTeX.

See the inputenc package documentation for explanation.
Type  H <return>  for immediate help.
 ...                                              
                                                  
l.14 ...—á–µ—Å—Ç–≤–æ —Ä–∞–∑–ª–∏—á–Ω—ã—Ö –≥–æ–º–æ–º
                                                  –æ—Ä—Ñ–∏–∑–º–æ–≤ –∏–∑ —Ü–∏...

You may provide a definition with
\DeclareUnicodeCharacter 


! Package inputenc Error: Unicode character –æ (U+043E)
(inputenc)                not set up for use with LaTeX.

See the inputenc package documentation for explanation.
Type  H <return>  for immediate help.
 ...                                              
                                                  
l.14 ...–µ—Å—Ç–≤–æ —Ä–∞–∑–ª–∏—á–Ω—ã—Ö –≥–æ–º–æ–º–æ
                                                  —Ä—Ñ–∏–∑–º–æ–≤ –∏–∑ —Ü–∏–∫...

You may provide a definition with
\DeclareUnicodeCharacter 


! Package inputenc Error: Unicode character —Ä (U+0440)
(inputenc)                not set up for use with LaTeX.

See the inputenc package documentation for explanation.
Type  H <return>  for immediate help.
 ...                                              
                                                  
l.14 ...—Å—Ç–≤–æ —Ä–∞–∑–ª–∏—á–Ω—ã—Ö –≥–æ–º–æ–º–æ—Ä
                                                  —Ñ–∏–∑–º–æ–≤ –∏–∑ —Ü–∏–∫–ª...

You may provide a definition with
\DeclareUnicodeCharacter 


! Package inputenc Error: Unicode character —Ñ (U+0444)
(inputenc)                not set up for use with LaTeX.

See the inputenc package documentation for explanation.
Type  H <return>  for immediate help.
 ...                                              
                                                  
l.14 ...—Ç–≤–æ —Ä–∞–∑–ª–∏—á–Ω—ã—Ö –≥–æ–º–æ–º–æ—Ä—Ñ
                                                  –∏–∑–º–æ–≤ –∏–∑ —Ü–∏–∫–ª–∏...

You may provide a definition with
\DeclareUnicodeCharacter 


! Package inputenc Error: Unicode character –∏ (U+0438)
(inputenc)                not set up for use with LaTeX.

See the inputenc package documentation for explanation.
Type  H <return>  for immediate help.
 ...                                              
                                                  
l.14 ...–≤–æ —Ä–∞–∑–ª–∏—á–Ω—ã—Ö –≥–æ–º–æ–º–æ—Ä—Ñ–∏
                                                  –∑–º–æ–≤ –∏–∑ —Ü–∏–∫–ª–∏—á...

You may provide a definition with
\DeclareUnicodeCharacter 


! Package inputenc Error: Unicode character –∑ (U+0437)
(inputenc)                not set up for use with LaTeX.

See the inputenc package documentation for explanation.
Type  H <return>  for immediate help.
 ...                                              
                                                  
l.14 ...–æ —Ä–∞–∑–ª–∏—á–Ω—ã—Ö –≥–æ–º–æ–º–æ—Ä—Ñ–∏–∑
                                                  –º–æ–≤ –∏–∑ —Ü–∏–∫–ª–∏—á–µ...

You may provide a definition with
\DeclareUnicodeCharacter 


! Package inputenc Error: Unicode character –º (U+043C)
(inputenc)                not set up for use with LaTeX.

See the inputenc package documentation for explanation.
Type  H <return>  for immediate help.
 ...                                              
                                                  
l.14 ... —Ä–∞–∑–ª–∏—á–Ω—ã—Ö –≥–æ–º–æ–º–æ—Ä—Ñ–∏–∑–º
                                                  –æ–≤ –∏–∑ —Ü–∏–∫–ª–∏—á–µ—Å...

You may provide a definition with
\DeclareUnicodeCharacter 


! Package inputenc Error: Unicode character –æ (U+043E)
(inputenc)                not set up for use with LaTeX.

See the inputenc package documentation for explanation.
Type  H <return>  for immediate help.
 ...                                              
                                                  
l.14 ...Ä–∞–∑–ª–∏—á–Ω—ã—Ö –≥–æ–º–æ–º–æ—Ä—Ñ–∏–∑–º–æ
                                                  –≤ –∏–∑ —Ü–∏–∫–ª–∏—á–µ—Å–∫...

You may provide a definition with
\DeclareUnicodeCharacter 


! Package inputenc Error: Unicode character –≤ (U+0432)
(inputenc)                not set up for use with LaTeX.

See the inputenc package documentation for explanation.
Type  H <return>  for immediate help.
 ...                                              
                                                  
l.14 ...∞–∑–ª–∏—á–Ω—ã—Ö –≥–æ–º–æ–º–æ—Ä—Ñ–∏–∑–º–æ–≤
                                                   –∏–∑ —Ü–∏–∫–ª–∏—á–µ—Å–∫–æ...

You may provide a definition with
\DeclareUnicodeCharacter 


! Package inputenc Error: Unicode character –∏ (U+0438)
(inputenc)                not set up for use with LaTeX.

See the inputenc package documentation for explanation.
Type  H <return>  for immediate help.
 ...                                              
                                                  
l.14 ...–ª–∏—á–Ω—ã—Ö –≥–æ–º–æ–º–æ—Ä—Ñ–∏–∑–º–æ–≤ –∏
                                                  –∑ —Ü–∏–∫–ª–∏—á–µ—Å–∫–æ–π ...

You may provide a definition with
\DeclareUnicodeCharacter 


! Package inputenc Error: Unicode character –∑ (U+0437)
(inputenc)                not set up for use with LaTeX.

See the inputenc package documentation for explanation.
Type  H <return>  for immediate help.
 ...                                              
                                                  
l.14 ...–∏—á–Ω—ã—Ö –≥–æ–º–æ–º–æ—Ä—Ñ–∏–∑–º–æ–≤ –∏–∑
                                                   —Ü–∏–∫–ª–∏—á–µ—Å–∫–æ–π –≥...

You may provide a definition with
\DeclareUnicodeCharacter 


! Package inputenc Error: Unicode character —Ü (U+0446)
(inputenc)                not set up for use with LaTeX.

See the inputenc package documentation for explanation.
Type  H <return>  for immediate help.
 ...                                              
                                                  
l.14 ...á–Ω—ã—Ö –≥–æ–º–æ–º–æ—Ä—Ñ–∏–∑–º–æ–≤ –∏–∑ —Ü
                                                  –∏–∫–ª–∏—á–µ—Å–∫–æ–π –≥—Ä—...

You may provide a definition with
\DeclareUnicodeCharacter 


! Package inputenc Error: Unicode character –∏ (U+0438)
(inputenc)                not set up for use with LaTeX.

See the inputenc package documentation for explanation.
Type  H <return>  for immediate help.
 ...                                              
                                                  
l.14 ...Ω—ã—Ö –≥–æ–º–æ–º–æ—Ä—Ñ–∏–∑–º–æ–≤ –∏–∑ —Ü–∏
                                                  –∫–ª–∏—á–µ—Å–∫–æ–π –≥—Ä—É–...

You may provide a definition with
\DeclareUnicodeCharacter 


! Package inputenc Error: Unicode character –∫ (U+043A)
(inputenc)                not set up for use with LaTeX.

See the inputenc package documentation for explanation.
Type  H <return>  for immediate help.
 ...                                              
                                                  
l.14 ...ã—Ö –≥–æ–º–æ–º–æ—Ä—Ñ–∏–∑–º–æ–≤ –∏–∑ —Ü–∏–∫
                                                  –ª–∏—á–µ—Å–∫–æ–π –≥—Ä—É–ø–...

You may provide a definition with
\DeclareUnicodeCharacter 


! Package inputenc Error: Unicode character –ª (U+043B)
(inputenc)                not set up for use with LaTeX.

See the inputenc package documentation for explanation.
Type  H <return>  for immediate help.
 ...                                              
                                                  
l.14 ...Ö –≥–æ–º–æ–º–æ—Ä—Ñ–∏–∑–º–æ–≤ –∏–∑ —Ü–∏–∫–ª
                                                  –∏—á–µ—Å–∫–æ–π –≥—Ä—É–ø–ø—...

You may provide a definition with
\DeclareUnicodeCharacter 


! Package inputenc Error: Unicode character –∏ (U+0438)
(inputenc)                not set up for use with LaTeX.

See the inputenc package documentation for explanation.
Type  H <return>  for immediate help.
 ...                                              
                                                  
l.14 ...–≥–æ–º–æ–º–æ—Ä—Ñ–∏–∑–º–æ–≤ –∏–∑ —Ü–∏–∫–ª–∏
                                                  —á–µ—Å–∫–æ–π –≥—Ä—É–ø–ø—ã ...

You may provide a definition with
\DeclareUnicodeCharacter 


! Package inputenc Error: Unicode character —á (U+0447)
(inputenc)                not set up for use with LaTeX.

See the inputenc package documentation for explanation.
Type  H <return>  for immediate help.
 ...                                              
                                                  
l.14 ...–æ–º–æ–º–æ—Ä—Ñ–∏–∑–º–æ–≤ –∏–∑ —Ü–∏–∫–ª–∏—á
                                                  –µ—Å–∫–æ–π –≥—Ä—É–ø–ø—ã –ø...

You may provide a definition with
\DeclareUnicodeCharacter 


! Package inputenc Error: Unicode character –µ (U+0435)
(inputenc)                not set up for use with LaTeX.

See the inputenc package documentation for explanation.
Type  H <return>  for immediate help.
 ...                                              
                                                  
l.14 ...–º–æ–º–æ—Ä—Ñ–∏–∑–º–æ–≤ –∏–∑ —Ü–∏–∫–ª–∏—á–µ
                                                  —Å–∫–æ–π –≥—Ä—É–ø–ø—ã –ø–æ...

You may provide a definition with
\DeclareUnicodeCharacter 


! Package inputenc Error: Unicode character —Å (U+0441)
(inputenc)                not set up for use with LaTeX.

See the inputenc package documentation for explanation.
Type  H <return>  for immediate help.
 ...                                              
                                                  
l.14 ...–æ–º–æ—Ä—Ñ–∏–∑–º–æ–≤ –∏–∑ —Ü–∏–∫–ª–∏—á–µ—Å
                                                  –∫–æ–π –≥—Ä—É–ø–ø—ã –ø–æ—Ä...

You may provide a definition with
\DeclareUnicodeCharacter 


! Package inputenc Error: Unicode character –∫ (U+043A)
(inputenc)                not set up for use with LaTeX.

See the inputenc package documentation for explanation.
Type  H <return>  for immediate help.
 ...                                              
                                                  
l.14 ...–º–æ—Ä—Ñ–∏–∑–º–æ–≤ –∏–∑ —Ü–∏–∫–ª–∏—á–µ—Å–∫
                                                  –æ–π –≥—Ä—É–ø–ø—ã –ø–æ—Ä—è...

You may provide a definition with
\DeclareUnicodeCharacter 


! Package inputenc Error: Unicode character –æ (U+043E)
(inputenc)                not set up for use with LaTeX.

See the inputenc package documentation for explanation.
Type  H <return>  for immediate help.
 ...                                              
                                                  
l.14 ...–æ—Ä—Ñ–∏–∑–º–æ–≤ –∏–∑ —Ü–∏–∫–ª–∏—á–µ—Å–∫–æ
                                                  –π –≥—Ä—É–ø–ø—ã –ø–æ—Ä—è–¥...

You may provide a definition with
\DeclareUnicodeCharacter 


! Package inputenc Error: Unicode character –π (U+0439)
(inputenc)                not set up for use with LaTeX.

See the inputenc package documentation for explanation.
Type  H <return>  for immediate help.
 ...                                              
                                                  
l.14 ...—Ä—Ñ–∏–∑–º–æ–≤ –∏–∑ —Ü–∏–∫–ª–∏—á–µ—Å–∫–æ–π
                                                   –≥—Ä—É–ø–ø—ã –ø–æ—Ä—è–¥–∫...

You may provide a definition with
\DeclareUnicodeCharacter 


! Package inputenc Error: Unicode character –≥ (U+0433)
(inputenc)                not set up for use with LaTeX.

See the inputenc package documentation for explanation.
Type  H <return>  for immediate help.
 ...                                              
                                                  
l.14 ...Ñ–∏–∑–º–æ–≤ –∏–∑ —Ü–∏–∫–ª–∏—á–µ—Å–∫–æ–π –≥
                                                  —Ä—É–ø–ø—ã –ø–æ—Ä—è–¥–∫–∞ ...

You may provide a definition with
\DeclareUnicodeCharacter 


! Package inputenc Error: Unicode character —Ä (U+0440)
(inputenc)                not set up for use with LaTeX.

See the inputenc package documentation for explanation.
Type  H <return>  for immediate help.
 ...                                              
                                                  
l.14 ...∏–∑–º–æ–≤ –∏–∑ —Ü–∏–∫–ª–∏—á–µ—Å–∫–æ–π –≥—Ä
                                                  —É–ø–ø—ã –ø–æ—Ä—è–¥–∫–∞ $2...

You may provide a definition with
\DeclareUnicodeCharacter 


! Package inputenc Error: Unicode character —É (U+0443)
(inputenc)                not set up for use with LaTeX.

See the inputenc package documentation for explanation.
Type  H <return>  for immediate help.
 ...                                              
                                                  
l.14 ...∑–º–æ–≤ –∏–∑ —Ü–∏–∫–ª–∏—á–µ—Å–∫–æ–π –≥—Ä—É
                                                  –ø–ø—ã –ø–æ—Ä—è–¥–∫–∞ $2^{...

You may provide a definition with
\DeclareUnicodeCharacter 


! Package inputenc Error: Unicode character –ø (U+043F)
(inputenc)                not set up for use with LaTeX.

See the inputenc package documentation for explanation.
Type  H <return>  for immediate help.
 ...                                              
                                                  
l.14 ...º–æ–≤ –∏–∑ —Ü–∏–∫–ª–∏—á–µ—Å–∫–æ–π –≥—Ä—É–ø
                                                  –ø—ã –ø–æ—Ä—è–¥–∫–∞ $2^{4}...

You may provide a definition with
\DeclareUnicodeCharacter 


! Package inputenc Error: Unicode character –ø (U+043F)
(inputenc)                not set up for use with LaTeX.

See the inputenc package documentation for explanation.
Type  H <return>  for immediate help.
 ...                                              
                                                  
l.14 ...æ–≤ –∏–∑ —Ü–∏–∫–ª–∏—á–µ—Å–∫–æ–π –≥—Ä—É–ø–ø
                                                  —ã –ø–æ—Ä—è–¥–∫–∞ $2^{4} \...

You may provide a definition with
\DeclareUnicodeCharacter 


! Package inputenc Error: Unicode character —ã (U+044B)
(inputenc)                not set up for use with LaTeX.

See the inputenc package documentation for explanation.
Type  H <return>  for immediate help.
 ...                                              
                                                  
l.14 ...≤ –∏–∑ —Ü–∏–∫–ª–∏—á–µ—Å–∫–æ–π –≥—Ä—É–ø–ø—ã
                                                   –ø–æ—Ä—è–¥–∫–∞ $2^{4} \cd...

You may provide a definition with
\DeclareUnicodeCharacter 


! Package inputenc Error: Unicode character –ø (U+043F)
(inputenc)                not set up for use with LaTeX.

See the inputenc package documentation for explanation.
Type  H <return>  for immediate help.
 ...                                              
                                                  
l.14 ...∏–∑ —Ü–∏–∫–ª–∏—á–µ—Å–∫–æ–π –≥—Ä—É–ø–ø—ã –ø
                                                  –æ—Ä—è–¥–∫–∞ $2^{4} \cdot ...

You may provide a definition with
\DeclareUnicodeCharacter 


! Package inputenc Error: Unicode character –æ (U+043E)
(inputenc)                not set up for use with LaTeX.

See the inputenc package documentation for explanation.
Type  H <return>  for immediate help.
 ...                                              
                                                  
l.14 ...∑ —Ü–∏–∫–ª–∏—á–µ—Å–∫–æ–π –≥—Ä—É–ø–ø—ã –ø–æ
                                                  —Ä—è–¥–∫–∞ $2^{4} \cdot 43...

You may provide a definition with
\DeclareUnicodeCharacter 


! Package inputenc Error: Unicode character —Ä (U+0440)
(inputenc)                not set up for use with LaTeX.

See the inputenc package documentation for explanation.
Type  H <return>  for immediate help.
 ...                                              
                                                  
l.14 ...—Ü–∏–∫–ª–∏—á–µ—Å–∫–æ–π –≥—Ä—É–ø–ø—ã –ø–æ—Ä
                                                  —è–¥–∫–∞ $2^{4} \cdot 43^{...

You may provide a definition with
\DeclareUnicodeCharacter 


! Package inputenc Error: Unicode character —è (U+044F)
(inputenc)                not set up for use with LaTeX.

See the inputenc package documentation for explanation.
Type  H <return>  for immediate help.
 ...                                              
                                                  
l.14 ...–∏–∫–ª–∏—á–µ—Å–∫–æ–π –≥—Ä—É–ø–ø—ã –ø–æ—Ä—è
                                                  –¥–∫–∞ $2^{4} \cdot 43^{3}...

You may provide a definition with
\DeclareUnicodeCharacter 


! Package inputenc Error: Unicode character –¥ (U+0434)
(inputenc)                not set up for use with LaTeX.

See the inputenc package documentation for explanation.
Type  H <return>  for immediate help.
 ...                                              
                                                  
l.14 ...–∫–ª–∏—á–µ—Å–∫–æ–π –≥—Ä—É–ø–ø—ã –ø–æ—Ä—è–¥
                                                  –∫–∞ $2^{4} \cdot 43^{3} \...

You may provide a definition with
\DeclareUnicodeCharacter 


! Package inputenc Error: Unicode character –∫ (U+043A)
(inputenc)                not set up for use with LaTeX.

See the inputenc package documentation for explanation.
Type  H <return>  for immediate help.
 ...                                              
                                                  
l.14 ...–ª–∏—á–µ—Å–∫–æ–π –≥—Ä—É–ø–ø—ã –ø–æ—Ä—è–¥–∫
                                                  –∞ $2^{4} \cdot 43^{3} \cd...

You may provide a definition with
\DeclareUnicodeCharacter 


! Package inputenc Error: Unicode character –∞ (U+0430)
(inputenc)                not set up for use with LaTeX.

See the inputenc package documentation for explanation.
Type  H <return>  for immediate help.
 ...                                              
                                                  
l.14 ...–∏—á–µ—Å–∫–æ–π –≥—Ä—É–ø–ø—ã –ø–æ—Ä—è–¥–∫–∞
                                                   $2^{4} \cdot 43^{3} \cdot...

You may provide a definition with
\DeclareUnicodeCharacter 

LaTeX Font Info:    External font `cmex10' loaded for size
(Font)              <12> on input line 14.
LaTeX Font Info:    External font `cmex10' loaded for size
(Font)              <8> on input line 14.
LaTeX Font Info:    External font `cmex10' loaded for size
(Font)              <6> on input line 14.

! Package inputenc Error: Unicode character –≤ (U+0432)
(inputenc)                not set up for use with LaTeX.

See the inputenc package documentation for explanation.
Type  H <return>  for immediate help.
 ...                                              
                                                  
l.14 ...¥–∫–∞ $2^{4} \cdot 43^{3} \cdot 31^{2}$ –≤
                                                   —Ü–∏–∫–ª–∏—á–µ—Å–∫—É—é –≥...

You may provide a definition with
\DeclareUnicodeCharacter 


! Package inputenc Error: Unicode character —Ü (U+0446)
(inputenc)                not set up for use with LaTeX.

See the inputenc package documentation for explanation.
Type  H <return>  for immediate help.
 ...                                              
                                                  
l.14 ...–∞ $2^{4} \cdot 43^{3} \cdot 31^{2}$ –≤ —Ü
                                                  –∏–∫–ª–∏—á–µ—Å–∫—É—é –≥—Ä—...

You may provide a definition with
\DeclareUnicodeCharacter 


! Package inputenc Error: Unicode character –∏ (U+0438)
(inputenc)                not set up for use with LaTeX.

See the inputenc package documentation for explanation.
Type  H <return>  for immediate help.
 ...                                              
                                                  
l.14 ... $2^{4} \cdot 43^{3} \cdot 31^{2}$ –≤ —Ü–∏
                                                  –∫–ª–∏—á–µ—Å–∫—É—é –≥—Ä—É–...

You may provide a definition with
\DeclareUnicodeCharacter 


! Package inputenc Error: Unicode character –∫ (U+043A)
(inputenc)                not set up for use with LaTeX.

See the inputenc package documentation for explanation.
Type  H <return>  for immediate help.
 ...                                              
                                                  
l.14 ...2^{4} \cdot 43^{3} \cdot 31^{2}$ –≤ —Ü–∏–∫
                                                  –ª–∏—á–µ—Å–∫—É—é –≥—Ä—É–ø–...

You may provide a definition with
\DeclareUnicodeCharacter 


! Package inputenc Error: Unicode character –ª (U+043B)
(inputenc)                not set up for use with LaTeX.

See the inputenc package documentation for explanation.
Type  H <return>  for immediate help.
 ...                                              
                                                  
l.14 ...{4} \cdot 43^{3} \cdot 31^{2}$ –≤ —Ü–∏–∫–ª
                                                  –∏—á–µ—Å–∫—É—é –≥—Ä—É–ø–ø—...

You may provide a definition with
\DeclareUnicodeCharacter 


! Package inputenc Error: Unicode character –∏ (U+0438)
(inputenc)                not set up for use with LaTeX.

See the inputenc package documentation for explanation.
Type  H <return>  for immediate help.
 ...                                              
                                                  
l.14 ...} \cdot 43^{3} \cdot 31^{2}$ –≤ —Ü–∏–∫–ª–∏
                                                  —á–µ—Å–∫—É—é –≥—Ä—É–ø–ø—É ...

You may provide a definition with
\DeclareUnicodeCharacter 


! Package inputenc Error: Unicode character —á (U+0447)
(inputenc)                not set up for use with LaTeX.

See the inputenc package documentation for explanation.
Type  H <return>  for immediate help.
 ...                                              
                                                  
l.14 ...\cdot 43^{3} \cdot 31^{2}$ –≤ —Ü–∏–∫–ª–∏—á
                                                  –µ—Å–∫—É—é –≥—Ä—É–ø–ø—É –ø...

You may provide a definition with
\DeclareUnicodeCharacter 


! Package inputenc Error: Unicode character –µ (U+0435)
(inputenc)                not set up for use with LaTeX.

See the inputenc package documentation for explanation.
Type  H <return>  for immediate help.
 ...                                              
                                                  
l.14 ...dot 43^{3} \cdot 31^{2}$ –≤ —Ü–∏–∫–ª–∏—á–µ
                                                  —Å–∫—É—é –≥—Ä—É–ø–ø—É –ø–æ...

You may provide a definition with
\DeclareUnicodeCharacter 


! Package inputenc Error: Unicode character —Å (U+0441)
(inputenc)                not set up for use with LaTeX.

See the inputenc package documentation for explanation.
Type  H <return>  for immediate help.
 ...                                              
                                                  
l.14 ...t 43^{3} \cdot 31^{2}$ –≤ —Ü–∏–∫–ª–∏—á–µ—Å
                                                  –∫—É—é –≥—Ä—É–ø–ø—É –ø–æ—Ä...

You may provide a definition with
\DeclareUnicodeCharacter 


! Package inputenc Error: Unicode character –∫ (U+043A)
(inputenc)                not set up for use with LaTeX.

See the inputenc package documentation for explanation.
Type  H <return>  for immediate help.
 ...                                              
                                                  
l.14 ...43^{3} \cdot 31^{2}$ –≤ —Ü–∏–∫–ª–∏—á–µ—Å–∫
                                                  —É—é –≥—Ä—É–ø–ø—É –ø–æ—Ä—è...

You may provide a definition with
\DeclareUnicodeCharacter 


! Package inputenc Error: Unicode character —É (U+0443)
(inputenc)                not set up for use with LaTeX.

See the inputenc package documentation for explanation.
Type  H <return>  for immediate help.
 ...                                              
                                                  
l.14 ...^{3} \cdot 31^{2}$ –≤ —Ü–∏–∫–ª–∏—á–µ—Å–∫—É
                                                  —é –≥—Ä—É–ø–ø—É –ø–æ—Ä—è–¥...

You may provide a definition with
\DeclareUnicodeCharacter 


! Package inputenc Error: Unicode character —é (U+044E)
(inputenc)                not set up for use with LaTeX.

See the inputenc package documentation for explanation.
Type  H <return>  for immediate help.
 ...                                              
                                                  
l.14 ...3} \cdot 31^{2}$ –≤ —Ü–∏–∫–ª–∏—á–µ—Å–∫—É—é
                                                   –≥—Ä—É–ø–ø—É –ø–æ—Ä—è–¥–∫...

You may provide a definition with
\DeclareUnicodeCharacter 


! Package inputenc Error: Unicode character –≥ (U+0433)
(inputenc)                not set up for use with LaTeX.

See the inputenc package documentation for explanation.
Type  H <return>  for immediate help.
 ...                                              
                                                  
l.14 ...\cdot 31^{2}$ –≤ —Ü–∏–∫–ª–∏—á–µ—Å–∫—É—é –≥
                                                  —Ä—É–ø–ø—É –ø–æ—Ä—è–¥–∫–∞ ...

You may provide a definition with
\DeclareUnicodeCharacter 


! Package inputenc Error: Unicode character —Ä (U+0440)
(inputenc)                not set up for use with LaTeX.

See the inputenc package documentation for explanation.
Type  H <return>  for immediate help.
 ...                                              
                                                  
l.14 ...dot 31^{2}$ –≤ —Ü–∏–∫–ª–∏—á–µ—Å–∫—É—é –≥—Ä
                                                  —É–ø–ø—É –ø–æ—Ä—è–¥–∫–∞ $4...

You may provide a definition with
\DeclareUnicodeCharacter 


! Package inputenc Error: Unicode character —É (U+0443)
(inputenc)                not set up for use with LaTeX.

See the inputenc package documentation for explanation.
Type  H <return>  for immediate help.
 ...                                              
                                                  
l.14 ...t 31^{2}$ –≤ —Ü–∏–∫–ª–∏—á–µ—Å–∫—É—é –≥—Ä—É
                                                  –ø–ø—É –ø–æ—Ä—è–¥–∫–∞ $43^...

You may provide a definition with
\DeclareUnicodeCharacter 


! Package inputenc Error: Unicode character –ø (U+043F)
(inputenc)                not set up for use with LaTeX.

See the inputenc package documentation for explanation.
Type  H <return>  for immediate help.
 ...                                              
                                                  
l.14 ...31^{2}$ –≤ —Ü–∏–∫–ª–∏—á–µ—Å–∫—É—é –≥—Ä—É–ø
                                                  –ø—É –ø–æ—Ä—è–¥–∫–∞ $43^{1...

You may provide a definition with
\DeclareUnicodeCharacter 


! Package inputenc Error: Unicode character –ø (U+043F)
(inputenc)                not set up for use with LaTeX.

See the inputenc package documentation for explanation.
Type  H <return>  for immediate help.
 ...                                              
                                                  
l.14 ...^{2}$ –≤ —Ü–∏–∫–ª–∏—á–µ—Å–∫—É—é –≥—Ä—É–ø–ø
                                                  —É –ø–æ—Ä—è–¥–∫–∞ $43^{11}...
(That makes 100 errors; please try again.) 
Here is how much of TeX's memory you used:
 64 strings out of 492895
 802 string characters out of 3133479
 57751 words of memory out of 3000000
 4070 multiletter control sequences out of 15000+200000
 6683 words of font info for 24 fonts, out of 3000000 for 9000
 1141 hyphenation exceptions out of 8191
 18i,2n,12p,289b,119s stack positions out of 5000i,500n,10000p,200000b,50000s

!  ==> Fatal error occurred, no output PDF file produced!
