This is pdfTeX, Version 3.14159265-2.6-1.40.21 (MiKTeX 2.9.7400 64-bit) (preloaded format=pdflatex 2020.5.4)  28 MAY 2020 14:00
entering extended mode
**./T7.tex
(T7.tex
LaTeX2e <2020-02-02> patch level 5
! Undefined control sequence.
l.1 \subsection
               *{–ì–õ10 7}
The control sequence at the end of the top line
of your error message was never \def'ed. If you have
misspelled it (e.g., `\hobx'), type `I' and the correct
spelling (e.g., `I\hbox'). Otherwise just continue,
and I'll forget about whatever was undefined.


! LaTeX Error: Missing \begin{document}.

See the LaTeX manual or LaTeX Companion for explanation.
Type  H <return>  for immediate help.
 ...                                              
                                                  
l.1 \subsection*
                {–ì–õ10 7}
You're in trouble here.  Try typing  <return>  to proceed.
If that doesn't work, type  X <return>  to quit.

Missing character: There is no * in font nullfont!

! Package inputenc Error: Unicode character –ì (U+0413)
(inputenc)                not set up for use with LaTeX.

See the inputenc package documentation for explanation.
Type  H <return>  for immediate help.
 ...                                              
                                                  
l.1 \subsection*{–ì
                   –õ10 7}
You may provide a definition with
\DeclareUnicodeCharacter 


! Package inputenc Error: Unicode character –õ (U+041B)
(inputenc)                not set up for use with LaTeX.

See the inputenc package documentation for explanation.
Type  H <return>  for immediate help.
 ...                                              
                                                  
l.1 \subsection*{–ì–õ
                     10 7}
You may provide a definition with
\DeclareUnicodeCharacter 

Missing character: There is no 1 in font nullfont!
Missing character: There is no 0 in font nullfont!
Missing character: There is no 7 in font nullfont!

! Package inputenc Error: Unicode character –ó (U+0417)
(inputenc)                not set up for use with LaTeX.

See the inputenc package documentation for explanation.
Type  H <return>  for immediate help.
 ...                                              
                                                  
l.2 –ó
      –∞–ø–∏—à–µ–º –º–∞—Ç—Ä–∏—Ü—É –ì—Ä–∞–º–∞ –¥–ª—è –±–∞–∑–∏—Å–∞ $[1], [x], ...

You may provide a definition with
\DeclareUnicodeCharacter 


! Package inputenc Error: Unicode character –∞ (U+0430)
(inputenc)                not set up for use with LaTeX.

See the inputenc package documentation for explanation.
Type  H <return>  for immediate help.
 ...                                              
                                                  
l.2 –ó–∞
        –ø–∏—à–µ–º –º–∞—Ç—Ä–∏—Ü—É –ì—Ä–∞–º–∞ –¥–ª—è –±–∞–∑–∏—Å–∞ $[1], [x], ...

You may provide a definition with
\DeclareUnicodeCharacter 


! Package inputenc Error: Unicode character –ø (U+043F)
(inputenc)                not set up for use with LaTeX.

See the inputenc package documentation for explanation.
Type  H <return>  for immediate help.
 ...                                              
                                                  
l.2 –ó–∞–ø
          –∏—à–µ–º –º–∞—Ç—Ä–∏—Ü—É –ì—Ä–∞–º–∞ –¥–ª—è –±–∞–∑–∏—Å–∞ $[1], [x], ...

You may provide a definition with
\DeclareUnicodeCharacter 


! Package inputenc Error: Unicode character –∏ (U+0438)
(inputenc)                not set up for use with LaTeX.

See the inputenc package documentation for explanation.
Type  H <return>  for immediate help.
 ...                                              
                                                  
l.2 –ó–∞–ø–∏
            —à–µ–º –º–∞—Ç—Ä–∏—Ü—É –ì—Ä–∞–º–∞ –¥–ª—è –±–∞–∑–∏—Å–∞ $[1], [x], ...

You may provide a definition with
\DeclareUnicodeCharacter 


! Package inputenc Error: Unicode character —à (U+0448)
(inputenc)                not set up for use with LaTeX.

See the inputenc package documentation for explanation.
Type  H <return>  for immediate help.
 ...                                              
                                                  
l.2 –ó–∞–ø–∏—à
              –µ–º –º–∞—Ç—Ä–∏—Ü—É –ì—Ä–∞–º–∞ –¥–ª—è –±–∞–∑–∏—Å–∞ $[1], [x], ...

You may provide a definition with
\DeclareUnicodeCharacter 


! Package inputenc Error: Unicode character –µ (U+0435)
(inputenc)                not set up for use with LaTeX.

See the inputenc package documentation for explanation.
Type  H <return>  for immediate help.
 ...                                              
                                                  
l.2 –ó–∞–ø–∏—à–µ
                –º –º–∞—Ç—Ä–∏—Ü—É –ì—Ä–∞–º–∞ –¥–ª—è –±–∞–∑–∏—Å–∞ $[1], [x], ...

You may provide a definition with
\DeclareUnicodeCharacter 


! Package inputenc Error: Unicode character –º (U+043C)
(inputenc)                not set up for use with LaTeX.

See the inputenc package documentation for explanation.
Type  H <return>  for immediate help.
 ...                                              
                                                  
l.2 –ó–∞–ø–∏—à–µ–º
                   –º–∞—Ç—Ä–∏—Ü—É –ì—Ä–∞–º–∞ –¥–ª—è –±–∞–∑–∏—Å–∞ $[1], [x], ...

You may provide a definition with
\DeclareUnicodeCharacter 


! Package inputenc Error: Unicode character –º (U+043C)
(inputenc)                not set up for use with LaTeX.

See the inputenc package documentation for explanation.
Type  H <return>  for immediate help.
 ...                                              
                                                  
l.2 –ó–∞–ø–∏—à–µ–º –º
                     –∞—Ç—Ä–∏—Ü—É –ì—Ä–∞–º–∞ –¥–ª—è –±–∞–∑–∏—Å–∞ $[1], [x], ...

You may provide a definition with
\DeclareUnicodeCharacter 


! Package inputenc Error: Unicode character –∞ (U+0430)
(inputenc)                not set up for use with LaTeX.

See the inputenc package documentation for explanation.
Type  H <return>  for immediate help.
 ...                                              
                                                  
l.2 –ó–∞–ø–∏—à–µ–º –º–∞
                       —Ç—Ä–∏—Ü—É –ì—Ä–∞–º–∞ –¥–ª—è –±–∞–∑–∏—Å–∞ $[1], [x], ...

You may provide a definition with
\DeclareUnicodeCharacter 


! Package inputenc Error: Unicode character —Ç (U+0442)
(inputenc)                not set up for use with LaTeX.

See the inputenc package documentation for explanation.
Type  H <return>  for immediate help.
 ...                                              
                                                  
l.2 –ó–∞–ø–∏—à–µ–º –º–∞—Ç
                         —Ä–∏—Ü—É –ì—Ä–∞–º–∞ –¥–ª—è –±–∞–∑–∏—Å–∞ $[1], [x], ...

You may provide a definition with
\DeclareUnicodeCharacter 


! Package inputenc Error: Unicode character —Ä (U+0440)
(inputenc)                not set up for use with LaTeX.

See the inputenc package documentation for explanation.
Type  H <return>  for immediate help.
 ...                                              
                                                  
l.2 –ó–∞–ø–∏—à–µ–º –º–∞—Ç—Ä
                           –∏—Ü—É –ì—Ä–∞–º–∞ –¥–ª—è –±–∞–∑–∏—Å–∞ $[1], [x], ...

You may provide a definition with
\DeclareUnicodeCharacter 


! Package inputenc Error: Unicode character –∏ (U+0438)
(inputenc)                not set up for use with LaTeX.

See the inputenc package documentation for explanation.
Type  H <return>  for immediate help.
 ...                                              
                                                  
l.2 –ó–∞–ø–∏—à–µ–º –º–∞—Ç—Ä–∏
                             —Ü—É –ì—Ä–∞–º–∞ –¥–ª—è –±–∞–∑–∏—Å–∞ $[1], [x], ...

You may provide a definition with
\DeclareUnicodeCharacter 


! Package inputenc Error: Unicode character —Ü (U+0446)
(inputenc)                not set up for use with LaTeX.

See the inputenc package documentation for explanation.
Type  H <return>  for immediate help.
 ...                                              
                                                  
l.2 –ó–∞–ø–∏—à–µ–º –º–∞—Ç—Ä–∏—Ü
                               —É –ì—Ä–∞–º–∞ –¥–ª—è –±–∞–∑–∏—Å–∞ $[1], [x], ...

You may provide a definition with
\DeclareUnicodeCharacter 


! Package inputenc Error: Unicode character —É (U+0443)
(inputenc)                not set up for use with LaTeX.

See the inputenc package documentation for explanation.
Type  H <return>  for immediate help.
 ...                                              
                                                  
l.2 –ó–∞–ø–∏—à–µ–º –º–∞—Ç—Ä–∏—Ü—É
                                  –ì—Ä–∞–º–∞ –¥–ª—è –±–∞–∑–∏—Å–∞ $[1], [x], ...

You may provide a definition with
\DeclareUnicodeCharacter 


! Package inputenc Error: Unicode character –ì (U+0413)
(inputenc)                not set up for use with LaTeX.

See the inputenc package documentation for explanation.
Type  H <return>  for immediate help.
 ...                                              
                                                  
l.2 –ó–∞–ø–∏—à–µ–º –º–∞—Ç—Ä–∏—Ü—É –ì
                                    —Ä–∞–º–∞ –¥–ª—è –±–∞–∑–∏—Å–∞ $[1], [x], ...

You may provide a definition with
\DeclareUnicodeCharacter 


! Package inputenc Error: Unicode character —Ä (U+0440)
(inputenc)                not set up for use with LaTeX.

See the inputenc package documentation for explanation.
Type  H <return>  for immediate help.
 ...                                              
                                                  
l.2 –ó–∞–ø–∏—à–µ–º –º–∞—Ç—Ä–∏—Ü—É –ì—Ä
                                      –∞–º–∞ –¥–ª—è –±–∞–∑–∏—Å–∞ $[1], [x], ...

You may provide a definition with
\DeclareUnicodeCharacter 


! Package inputenc Error: Unicode character –∞ (U+0430)
(inputenc)                not set up for use with LaTeX.

See the inputenc package documentation for explanation.
Type  H <return>  for immediate help.
 ...                                              
                                                  
l.2 –ó–∞–ø–∏—à–µ–º –º–∞—Ç—Ä–∏—Ü—É –ì—Ä–∞
                                        –º–∞ –¥–ª—è –±–∞–∑–∏—Å–∞ $[1], [x], ...

You may provide a definition with
\DeclareUnicodeCharacter 


! Package inputenc Error: Unicode character –º (U+043C)
(inputenc)                not set up for use with LaTeX.

See the inputenc package documentation for explanation.
Type  H <return>  for immediate help.
 ...                                              
                                                  
l.2 –ó–∞–ø–∏—à–µ–º –º–∞—Ç—Ä–∏—Ü—É –ì—Ä–∞–º
                                          –∞ –¥–ª—è –±–∞–∑–∏—Å–∞ $[1], [x], ...

You may provide a definition with
\DeclareUnicodeCharacter 


! Package inputenc Error: Unicode character –∞ (U+0430)
(inputenc)                not set up for use with LaTeX.

See the inputenc package documentation for explanation.
Type  H <return>  for immediate help.
 ...                                              
                                                  
l.2 –ó–∞–ø–∏—à–µ–º –º–∞—Ç—Ä–∏—Ü—É –ì—Ä–∞–º–∞
                                             –¥–ª—è –±–∞–∑–∏—Å–∞ $[1], [x], ...

You may provide a definition with
\DeclareUnicodeCharacter 


! Package inputenc Error: Unicode character –¥ (U+0434)
(inputenc)                not set up for use with LaTeX.

See the inputenc package documentation for explanation.
Type  H <return>  for immediate help.
 ...                                              
                                                  
l.2 –ó–∞–ø–∏—à–µ–º –º–∞—Ç—Ä–∏—Ü—É –ì—Ä–∞–º–∞ –¥
                                               –ª—è –±–∞–∑–∏—Å–∞ $[1], [x], ...

You may provide a definition with
\DeclareUnicodeCharacter 


! Package inputenc Error: Unicode character –ª (U+043B)
(inputenc)                not set up for use with LaTeX.

See the inputenc package documentation for explanation.
Type  H <return>  for immediate help.
 ...                                              
                                                  
l.2 –ó–∞–ø–∏—à–µ–º –º–∞—Ç—Ä–∏—Ü—É –ì—Ä–∞–º–∞ –¥–ª
                                                 —è –±–∞–∑–∏—Å–∞ $[1], [x], ...

You may provide a definition with
\DeclareUnicodeCharacter 


! Package inputenc Error: Unicode character —è (U+044F)
(inputenc)                not set up for use with LaTeX.

See the inputenc package documentation for explanation.
Type  H <return>  for immediate help.
 ...                                              
                                                  
l.2 ...–ø–∏—à–µ–º –º–∞—Ç—Ä–∏—Ü—É –ì—Ä–∞–º–∞ –¥–ª—è
                                                   –±–∞–∑–∏—Å–∞ $[1], [x], [...

You may provide a definition with
\DeclareUnicodeCharacter 


! Package inputenc Error: Unicode character –± (U+0431)
(inputenc)                not set up for use with LaTeX.

See the inputenc package documentation for explanation.
Type  H <return>  for immediate help.
 ...                                              
                                                  
l.2 ...∏—à–µ–º –º–∞—Ç—Ä–∏—Ü—É –ì—Ä–∞–º–∞ –¥–ª—è –±
                                                  –∞–∑–∏—Å–∞ $[1], [x], [x^2...

You may provide a definition with
\DeclareUnicodeCharacter 


! Package inputenc Error: Unicode character –∞ (U+0430)
(inputenc)                not set up for use with LaTeX.

See the inputenc package documentation for explanation.
Type  H <return>  for immediate help.
 ...                                              
                                                  
l.2 ...à–µ–º –º–∞—Ç—Ä–∏—Ü—É –ì—Ä–∞–º–∞ –¥–ª—è –±–∞
                                                  –∑–∏—Å–∞ $[1], [x], [x^2]$...

You may provide a definition with
\DeclareUnicodeCharacter 


! Package inputenc Error: Unicode character –∑ (U+0437)
(inputenc)                not set up for use with LaTeX.

See the inputenc package documentation for explanation.
Type  H <return>  for immediate help.
 ...                                              
                                                  
l.2 ...µ–º –º–∞—Ç—Ä–∏—Ü—É –ì—Ä–∞–º–∞ –¥–ª—è –±–∞–∑
                                                  –∏—Å–∞ $[1], [x], [x^2]$. ...

You may provide a definition with
\DeclareUnicodeCharacter 


! Package inputenc Error: Unicode character –∏ (U+0438)
(inputenc)                not set up for use with LaTeX.

See the inputenc package documentation for explanation.
Type  H <return>  for immediate help.
 ...                                              
                                                  
l.2 ...º –º–∞—Ç—Ä–∏—Ü—É –ì—Ä–∞–º–∞ –¥–ª—è –±–∞–∑–∏
                                                  —Å–∞ $[1], [x], [x^2]$. –¢...

You may provide a definition with
\DeclareUnicodeCharacter 


! Package inputenc Error: Unicode character —Å (U+0441)
(inputenc)                not set up for use with LaTeX.

See the inputenc package documentation for explanation.
Type  H <return>  for immediate help.
 ...                                              
                                                  
l.2 ...–º–∞—Ç—Ä–∏—Ü—É –ì—Ä–∞–º–∞ –¥–ª—è –±–∞–∑–∏—Å
                                                  –∞ $[1], [x], [x^2]$. –¢–∞...

You may provide a definition with
\DeclareUnicodeCharacter 


! Package inputenc Error: Unicode character –∞ (U+0430)
(inputenc)                not set up for use with LaTeX.

See the inputenc package documentation for explanation.
Type  H <return>  for immediate help.
 ...                                              
                                                  
l.2 ...–∞—Ç—Ä–∏—Ü—É –ì—Ä–∞–º–∞ –¥–ª—è –±–∞–∑–∏—Å–∞
                                                   $[1], [x], [x^2]$. –¢–∞–∫...

You may provide a definition with
\DeclareUnicodeCharacter 

LaTeX Font Info:    External font `cmex10' loaded for size
(Font)              <7> on input line 2.
LaTeX Font Info:    External font `cmex10' loaded for size
(Font)              <5> on input line 2.
Missing character: There is no . in font nullfont!

! Package inputenc Error: Unicode character –¢ (U+0422)
(inputenc)                not set up for use with LaTeX.

See the inputenc package documentation for explanation.
Type  H <return>  for immediate help.
 ...                                              
                                                  
l.2 ...∞ –¥–ª—è –±–∞–∑–∏—Å–∞ $[1], [x], [x^2]$. –¢
                                                  –∞–∫ –∫–∞–∫ $[x^2][x] = [x...

You may provide a definition with
\DeclareUnicodeCharacter 


! Package inputenc Error: Unicode character –∞ (U+0430)
(inputenc)                not set up for use with LaTeX.

See the inputenc package documentation for explanation.
Type  H <return>  for immediate help.
 ...                                              
                                                  
l.2 ...–¥–ª—è –±–∞–∑–∏—Å–∞ $[1], [x], [x^2]$. –¢–∞
                                                  –∫ –∫–∞–∫ $[x^2][x] = [x-1...

You may provide a definition with
\DeclareUnicodeCharacter 


! Package inputenc Error: Unicode character –∫ (U+043A)
(inputenc)                not set up for use with LaTeX.

See the inputenc package documentation for explanation.
Type  H <return>  for immediate help.
 ...                                              
                                                  
l.2 ...–ª—è –±–∞–∑–∏—Å–∞ $[1], [x], [x^2]$. –¢–∞–∫
                                                   –∫–∞–∫ $[x^2][x] = [x-1]$...

You may provide a definition with
\DeclareUnicodeCharacter 


! Package inputenc Error: Unicode character –∫ (U+043A)
(inputenc)                not set up for use with LaTeX.

See the inputenc package documentation for explanation.
Type  H <return>  for immediate help.
 ...                                              
                                                  
l.2 ...è –±–∞–∑–∏—Å–∞ $[1], [x], [x^2]$. –¢–∞–∫ –∫
                                                  –∞–∫ $[x^2][x] = [x-1]$, –...

You may provide a definition with
\DeclareUnicodeCharacter 


! Package inputenc Error: Unicode character –∞ (U+0430)
(inputenc)                not set up for use with LaTeX.

See the inputenc package documentation for explanation.
Type  H <return>  for immediate help.
 ...                                              
                                                  
l.2 ...–±–∞–∑–∏—Å–∞ $[1], [x], [x^2]$. –¢–∞–∫ –∫–∞
                                                  –∫ $[x^2][x] = [x-1]$, –∞ ...

You may provide a definition with
\DeclareUnicodeCharacter 


! Package inputenc Error: Unicode character –∫ (U+043A)
(inputenc)                not set up for use with LaTeX.

See the inputenc package documentation for explanation.
Type  H <return>  for immediate help.
 ...                                              
                                                  
l.2 ...–∞–∑–∏—Å–∞ $[1], [x], [x^2]$. –¢–∞–∫ –∫–∞–∫
                                                   $[x^2][x] = [x-1]$, –∞ $[...

You may provide a definition with
\DeclareUnicodeCharacter 

Missing character: There is no , in font nullfont!

! Package inputenc Error: Unicode character –∞ (U+0430)
(inputenc)                not set up for use with LaTeX.

See the inputenc package documentation for explanation.
Type  H <return>  for immediate help.
 ...                                              
                                                  
l.2 ...x^2]$. –¢–∞–∫ –∫–∞–∫ $[x^2][x] = [x-1]$, –∞
                                                   $[x^2][x^2] = [x^2-x]$, —Ç–æ

You may provide a definition with
\DeclareUnicodeCharacter 

Missing character: There is no , in font nullfont!

! Package inputenc Error: Unicode character —Ç (U+0442)
(inputenc)                not set up for use with LaTeX.

See the inputenc package documentation for explanation.
Type  H <return>  for immediate help.
 ...                                              
                                                  
l.2 ...[x] = [x-1]$, –∞ $[x^2][x^2] = [x^2-x]$, —Ç
                                                  –æ
You may provide a definition with
\DeclareUnicodeCharacter 


! Package inputenc Error: Unicode character –æ (U+043E)
(inputenc)                not set up for use with LaTeX.

See the inputenc package documentation for explanation.
Type  H <return>  for immediate help.
 ...                                              
                                                  
l.2 ...] = [x-1]$, –∞ $[x^2][x^2] = [x^2-x]$, —Ç–æ
                                                  
You may provide a definition with
\DeclareUnicodeCharacter 


! LaTeX Error: Environment gather* undefined.

See the LaTeX manual or LaTeX Companion for explanation.
Type  H <return>  for immediate help.
 ...                                              
                                                  
l.3 \begin{gather*}
                   
Your command was ignored.
Type  I <command> <return>  to replace it with another command,
or  <return>  to continue without it.

Missing character: There is no B in font nullfont!
Missing character: There is no = in font nullfont!
! Missing $ inserted.
<inserted text> 
                $
l.6 		[
       1] & [x] & [x^2] \\
I've inserted a begin-math/end-math symbol since I think
you left one out. Proceed, with fingers crossed.

! Misplaced alignment tab character &.
l.6 		[1] &
            [x] & [x^2] \\
I can't figure out why you would want to use a tab mark
here. If you just want an ampersand, the remedy is
simple: Just type `I\&' now. But if some right brace
up above has ended a previous alignment prematurely,
you're probably due for more error messages, and you
might try typing `S' now just to see what is salvageable.

! Misplaced alignment tab character &.
l.6 		[1] & [x] &
                  [x^2] \\
I can't figure out why you would want to use a tab mark
here. If you just want an ampersand, the remedy is
simple: Just type `I\&' now. But if some right brace
up above has ended a previous alignment prematurely,
you're probably due for more error messages, and you
might try typing `S' now just to see what is salvageable.

! Missing number, treated as zero.
<to be read again> 
                   x
l.7 		[x]
          & [x^2] & [x-1] \\
A number should have been here; I inserted `0'.
(If you can't figure out why I needed to see a number,
look up `weird error' in the index to The TeXbook.)

! Illegal unit of measure (pt inserted).
<to be read again> 
                   x
l.7 		[x]
          & [x^2] & [x-1] \\
Dimensions can be in units of em, ex, in, pt, pc,
cm, mm, dd, cc, nd, nc, bp, or sp; but yours is a new one!
I'll assume that you meant to say pt, for printer's points.
To recover gracefully from this error, it's best to
delete the erroneous units; e.g., type `2' to delete
two letters. (See Chapter 27 of The TeXbook.)


! LaTeX Error: Missing \begin{document}.

See the LaTeX manual or LaTeX Companion for explanation.
Type  H <return>  for immediate help.
 ...                                              
                                                  
l.7 		[x]
          & [x^2] & [x-1] \\
You're in trouble here.  Try typing  <return>  to proceed.
If that doesn't work, type  X <return>  to quit.

Missing character: There is no x in font nullfont!

Overfull \hbox (20.0pt too wide) in paragraph at lines 7--7
[] 
 []

! Misplaced alignment tab character &.
l.7 		[x] &
            [x^2] & [x-1] \\
I can't figure out why you would want to use a tab mark
here. If you just want an ampersand, the remedy is
simple: Just type `I\&' now. But if some right brace
up above has ended a previous alignment prematurely,
you're probably due for more error messages, and you
might try typing `S' now just to see what is salvageable.

! Misplaced alignment tab character &.
l.7 		[x] & [x^2] &
                    [x-1] \\
I can't figure out why you would want to use a tab mark
here. If you just want an ampersand, the remedy is
simple: Just type `I\&' now. But if some right brace
up above has ended a previous alignment prematurely,
you're probably due for more error messages, and you
might try typing `S' now just to see what is salvageable.

! Missing number, treated as zero.
<to be read again> 
                   x
l.8 		[x^2]
            & [x-1] & [x^2-x]
A number should have been here; I inserted `0'.
(If you can't figure out why I needed to see a number,
look up `weird error' in the index to The TeXbook.)

! Illegal unit of measure (pt inserted).
<to be read again> 
                   x
l.8 		[x^2]
            & [x-1] & [x^2-x]
Dimensions can be in units of em, ex, in, pt, pc,
cm, mm, dd, cc, nd, nc, bp, or sp; but yours is a new one!
I'll assume that you meant to say pt, for printer's points.
To recover gracefully from this error, it's best to
delete the erroneous units; e.g., type `2' to delete
two letters. (See Chapter 27 of The TeXbook.)


! LaTeX Error: Missing \begin{document}.

See the LaTeX manual or LaTeX Companion for explanation.
Type  H <return>  for immediate help.
 ...                                              
                                                  
l.8 		[x^2]
            & [x-1] & [x^2-x]
You're in trouble here.  Try typing  <return>  to proceed.
If that doesn't work, type  X <return>  to quit.

Missing character: There is no x in font nullfont!
! Missing $ inserted.
<inserted text> 
                $
l.8 		[x^2]
            & [x-1] & [x^2-x]
I've inserted a begin-math/end-math symbol since I think
you left one out. Proceed, with fingers crossed.

! Extra }, or forgotten $.
\@gnewline ...\unskip \reserved@e {\reserved@f #1}
                                                  \nobreak \hfil \break \fi 
l.8 		[x^2]
            & [x-1] & [x^2-x]
I've deleted a group-closing symbol because it seems to be
spurious, as in `$x}$'. But perhaps the } is legitimate and
you forgot something else, as in `\hbox{$x}'. In such cases
the way to recover is to insert both the forgotten and the
deleted material, e.g., by typing `I$}'.

! Misplaced alignment tab character &.
l.8 		[x^2] &
              [x-1] & [x^2-x]
I can't figure out why you would want to use a tab mark
here. If you just want an ampersand, the remedy is
simple: Just type `I\&' now. But if some right brace
up above has ended a previous alignment prematurely,
you're probably due for more error messages, and you
might try typing `S' now just to see what is salvageable.

! Misplaced alignment tab character &.
l.8 		[x^2] & [x-1] &
                      [x^2-x]
I can't figure out why you would want to use a tab mark
here. If you just want an ampersand, the remedy is
simple: Just type `I\&' now. But if some right brace
up above has ended a previous alignment prematurely,
you're probably due for more error messages, and you
might try typing `S' now just to see what is salvageable.

! Missing $ inserted.
<inserted text> 
                $
l.9 	\end{pmatrix}
                  
I've inserted something that you may have forgotten.
(See the <inserted text> above.)
With luck, this will get me unwedged. But if you
really didn't forget anything, try typing `2' now; then
my insertion and my current dilemma will both disappear.

! Missing } inserted.
<inserted text> 
                }
l.9 	\end{pmatrix}
                  
I've inserted something that you may have forgotten.
(See the <inserted text> above.)
With luck, this will get me unwedged. But if you
really didn't forget anything, try typing `2' now; then
my insertion and my current dilemma will both disappear.


Overfull \hbox (24.48613pt too wide) in paragraph at lines 8--9
[]$[] 
 []


Overfull \hbox (16.27086pt too wide) in paragraph at lines 8--9
\OT1/cmr/m/n/10 [\OML/cmm/m/it/10 x \OMS/cmsy/m/n/10  
 []


Overfull \hbox (28.53479pt too wide) in paragraph at lines 8--9
\OT1/cmr/m/n/10 1][\OML/cmm/m/it/10 x[] \OMS/cmsy/m/n/10  
 []


Overfull \hbox (8.49306pt too wide) in paragraph at lines 8--9
\OML/cmm/m/it/10 x\OT1/cmr/m/n/10 ]$ 
 []

! Missing $ inserted.
<inserted text> 
                $
l.9 	\end{pmatrix}
                  
I've inserted something that you may have forgotten.
(See the <inserted text> above.)
With luck, this will get me unwedged. But if you
really didn't forget anything, try typing `2' now; then
my insertion and my current dilemma will both disappear.


! LaTeX Error: \begin{document} ended by \end{gather*}.

See the LaTeX manual or LaTeX Companion for explanation.
Type  H <return>  for immediate help.
 ...                                              
                                                  
l.10 \end{gather*}
                  
Your command was ignored.
Type  I <command> <return>  to replace it with another command,
or  <return>  to continue without it.


! Package inputenc Error: Unicode character –ù (U+041D)
(inputenc)                not set up for use with LaTeX.

See the inputenc package documentation for explanation.
Type  H <return>  for immediate help.
 ...                                              
                                                  
l.11 –ù
       –∞–π–¥–µ–º —Å–ª–µ–¥ —É–º–Ω–æ–∂–µ–Ω–∏—è –±–∞–∑–∏—Å–∞ –Ω–∞ –∫–∞–∂–¥—ã–π...

You may provide a definition with
\DeclareUnicodeCharacter 


! Package inputenc Error: Unicode character –∞ (U+0430)
(inputenc)                not set up for use with LaTeX.

See the inputenc package documentation for explanation.
Type  H <return>  for immediate help.
 ...                                              
                                                  
l.11 –ù–∞
         –π–¥–µ–º —Å–ª–µ–¥ —É–º–Ω–æ–∂–µ–Ω–∏—è –±–∞–∑–∏—Å–∞ –Ω–∞ –∫–∞–∂–¥—ã–π...

You may provide a definition with
\DeclareUnicodeCharacter 


! Package inputenc Error: Unicode character –π (U+0439)
(inputenc)                not set up for use with LaTeX.

See the inputenc package documentation for explanation.
Type  H <return>  for immediate help.
 ...                                              
                                                  
l.11 –ù–∞–π
           –¥–µ–º —Å–ª–µ–¥ —É–º–Ω–æ–∂–µ–Ω–∏—è –±–∞–∑–∏—Å–∞ –Ω–∞ –∫–∞–∂–¥—ã–π...

You may provide a definition with
\DeclareUnicodeCharacter 


! Package inputenc Error: Unicode character –¥ (U+0434)
(inputenc)                not set up for use with LaTeX.

See the inputenc package documentation for explanation.
Type  H <return>  for immediate help.
 ...                                              
                                                  
l.11 –ù–∞–π–¥
             –µ–º —Å–ª–µ–¥ —É–º–Ω–æ–∂–µ–Ω–∏—è –±–∞–∑–∏—Å–∞ –Ω–∞ –∫–∞–∂–¥—ã–π...

You may provide a definition with
\DeclareUnicodeCharacter 


! Package inputenc Error: Unicode character –µ (U+0435)
(inputenc)                not set up for use with LaTeX.

See the inputenc package documentation for explanation.
Type  H <return>  for immediate help.
 ...                                              
                                                  
l.11 –ù–∞–π–¥–µ
               –º —Å–ª–µ–¥ —É–º–Ω–æ–∂–µ–Ω–∏—è –±–∞–∑–∏—Å–∞ –Ω–∞ –∫–∞–∂–¥—ã–π...

You may provide a definition with
\DeclareUnicodeCharacter 


! Package inputenc Error: Unicode character –º (U+043C)
(inputenc)                not set up for use with LaTeX.

See the inputenc package documentation for explanation.
Type  H <return>  for immediate help.
 ...                                              
                                                  
l.11 –ù–∞–π–¥–µ–º
                  —Å–ª–µ–¥ —É–º–Ω–æ–∂–µ–Ω–∏—è –±–∞–∑–∏—Å–∞ –Ω–∞ –∫–∞–∂–¥—ã–π...

You may provide a definition with
\DeclareUnicodeCharacter 


! Package inputenc Error: Unicode character —Å (U+0441)
(inputenc)                not set up for use with LaTeX.

See the inputenc package documentation for explanation.
Type  H <return>  for immediate help.
 ...                                              
                                                  
l.11 –ù–∞–π–¥–µ–º —Å
                    –ª–µ–¥ —É–º–Ω–æ–∂–µ–Ω–∏—è –±–∞–∑–∏—Å–∞ –Ω–∞ –∫–∞–∂–¥—ã–π...

You may provide a definition with
\DeclareUnicodeCharacter 


! Package inputenc Error: Unicode character –ª (U+043B)
(inputenc)                not set up for use with LaTeX.

See the inputenc package documentation for explanation.
Type  H <return>  for immediate help.
 ...                                              
                                                  
l.11 –ù–∞–π–¥–µ–º —Å–ª
                      –µ–¥ —É–º–Ω–æ–∂–µ–Ω–∏—è –±–∞–∑–∏—Å–∞ –Ω–∞ –∫–∞–∂–¥—ã–π...

You may provide a definition with
\DeclareUnicodeCharacter 


! Package inputenc Error: Unicode character –µ (U+0435)
(inputenc)                not set up for use with LaTeX.

See the inputenc package documentation for explanation.
Type  H <return>  for immediate help.
 ...                                              
                                                  
l.11 –ù–∞–π–¥–µ–º —Å–ª–µ
                        –¥ —É–º–Ω–æ–∂–µ–Ω–∏—è –±–∞–∑–∏—Å–∞ –Ω–∞ –∫–∞–∂–¥—ã–π...

You may provide a definition with
\DeclareUnicodeCharacter 


! Package inputenc Error: Unicode character –¥ (U+0434)
(inputenc)                not set up for use with LaTeX.

See the inputenc package documentation for explanation.
Type  H <return>  for immediate help.
 ...                                              
                                                  
l.11 –ù–∞–π–¥–µ–º —Å–ª–µ–¥
                           —É–º–Ω–æ–∂–µ–Ω–∏—è –±–∞–∑–∏—Å–∞ –Ω–∞ –∫–∞–∂–¥—ã–π...

You may provide a definition with
\DeclareUnicodeCharacter 


! Package inputenc Error: Unicode character —É (U+0443)
(inputenc)                not set up for use with LaTeX.

See the inputenc package documentation for explanation.
Type  H <return>  for immediate help.
 ...                                              
                                                  
l.11 –ù–∞–π–¥–µ–º —Å–ª–µ–¥ —É
                             –º–Ω–æ–∂–µ–Ω–∏—è –±–∞–∑–∏—Å–∞ –Ω–∞ –∫–∞–∂–¥—ã–π...

You may provide a definition with
\DeclareUnicodeCharacter 


! Package inputenc Error: Unicode character –º (U+043C)
(inputenc)                not set up for use with LaTeX.

See the inputenc package documentation for explanation.
Type  H <return>  for immediate help.
 ...                                              
                                                  
l.11 –ù–∞–π–¥–µ–º —Å–ª–µ–¥ —É–º
                               –Ω–æ–∂–µ–Ω–∏—è –±–∞–∑–∏—Å–∞ –Ω–∞ –∫–∞–∂–¥—ã–π...

You may provide a definition with
\DeclareUnicodeCharacter 


! Package inputenc Error: Unicode character –Ω (U+043D)
(inputenc)                not set up for use with LaTeX.

See the inputenc package documentation for explanation.
Type  H <return>  for immediate help.
 ...                                              
                                                  
l.11 –ù–∞–π–¥–µ–º —Å–ª–µ–¥ —É–º–Ω
                                 –æ–∂–µ–Ω–∏—è –±–∞–∑–∏—Å–∞ –Ω–∞ –∫–∞–∂–¥—ã–π...

You may provide a definition with
\DeclareUnicodeCharacter 


! Package inputenc Error: Unicode character –æ (U+043E)
(inputenc)                not set up for use with LaTeX.

See the inputenc package documentation for explanation.
Type  H <return>  for immediate help.
 ...                                              
                                                  
l.11 –ù–∞–π–¥–µ–º —Å–ª–µ–¥ —É–º–Ω–æ
                                   –∂–µ–Ω–∏—è –±–∞–∑–∏—Å–∞ –Ω–∞ –∫–∞–∂–¥—ã–π...

You may provide a definition with
\DeclareUnicodeCharacter 


! Package inputenc Error: Unicode character –∂ (U+0436)
(inputenc)                not set up for use with LaTeX.

See the inputenc package documentation for explanation.
Type  H <return>  for immediate help.
 ...                                              
                                                  
l.11 –ù–∞–π–¥–µ–º —Å–ª–µ–¥ —É–º–Ω–æ–∂
                                     –µ–Ω–∏—è –±–∞–∑–∏—Å–∞ –Ω–∞ –∫–∞–∂–¥—ã–π...

You may provide a definition with
\DeclareUnicodeCharacter 


! Package inputenc Error: Unicode character –µ (U+0435)
(inputenc)                not set up for use with LaTeX.

See the inputenc package documentation for explanation.
Type  H <return>  for immediate help.
 ...                                              
                                                  
l.11 –ù–∞–π–¥–µ–º —Å–ª–µ–¥ —É–º–Ω–æ–∂–µ
                                       –Ω–∏—è –±–∞–∑–∏—Å–∞ –Ω–∞ –∫–∞–∂–¥—ã–π...

You may provide a definition with
\DeclareUnicodeCharacter 


! Package inputenc Error: Unicode character –Ω (U+043D)
(inputenc)                not set up for use with LaTeX.

See the inputenc package documentation for explanation.
Type  H <return>  for immediate help.
 ...                                              
                                                  
l.11 –ù–∞–π–¥–µ–º —Å–ª–µ–¥ —É–º–Ω–æ–∂–µ–Ω
                                         –∏—è –±–∞–∑–∏—Å–∞ –Ω–∞ –∫–∞–∂–¥—ã–π...

You may provide a definition with
\DeclareUnicodeCharacter 


! Package inputenc Error: Unicode character –∏ (U+0438)
(inputenc)                not set up for use with LaTeX.

See the inputenc package documentation for explanation.
Type  H <return>  for immediate help.
 ...                                              
                                                  
l.11 –ù–∞–π–¥–µ–º —Å–ª–µ–¥ —É–º–Ω–æ–∂–µ–Ω–∏
                                           —è –±–∞–∑–∏—Å–∞ –Ω–∞ –∫–∞–∂–¥—ã–π...

You may provide a definition with
\DeclareUnicodeCharacter 


! Package inputenc Error: Unicode character —è (U+044F)
(inputenc)                not set up for use with LaTeX.

See the inputenc package documentation for explanation.
Type  H <return>  for immediate help.
 ...                                              
                                                  
l.11 –ù–∞–π–¥–µ–º —Å–ª–µ–¥ —É–º–Ω–æ–∂–µ–Ω–∏—è
                                              –±–∞–∑–∏—Å–∞ –Ω–∞ –∫–∞–∂–¥—ã–π...

You may provide a definition with
\DeclareUnicodeCharacter 


! Package inputenc Error: Unicode character –± (U+0431)
(inputenc)                not set up for use with LaTeX.

See the inputenc package documentation for explanation.
Type  H <return>  for immediate help.
 ...                                              
                                                  
l.11 –ù–∞–π–¥–µ–º —Å–ª–µ–¥ —É–º–Ω–æ–∂–µ–Ω–∏—è –±
                                                –∞–∑–∏—Å–∞ –Ω–∞ –∫–∞–∂–¥—ã–π...

You may provide a definition with
\DeclareUnicodeCharacter 


! Package inputenc Error: Unicode character –∞ (U+0430)
(inputenc)                not set up for use with LaTeX.

See the inputenc package documentation for explanation.
Type  H <return>  for immediate help.
 ...                                              
                                                  
l.11 –ù–∞–π–¥–µ–º —Å–ª–µ–¥ —É–º–Ω–æ–∂–µ–Ω–∏—è –±–∞
                                                  –∑–∏—Å–∞ –Ω–∞ –∫–∞–∂–¥—ã–π...

You may provide a definition with
\DeclareUnicodeCharacter 


! Package inputenc Error: Unicode character –∑ (U+0437)
(inputenc)                not set up for use with LaTeX.

See the inputenc package documentation for explanation.
Type  H <return>  for immediate help.
 ...                                              
                                                  
l.11 ...π–¥–µ–º —Å–ª–µ–¥ —É–º–Ω–æ–∂–µ–Ω–∏—è –±–∞–∑
                                                  –∏—Å–∞ –Ω–∞ –∫–∞–∂–¥—ã–π —...

You may provide a definition with
\DeclareUnicodeCharacter 


! Package inputenc Error: Unicode character –∏ (U+0438)
(inputenc)                not set up for use with LaTeX.

See the inputenc package documentation for explanation.
Type  H <return>  for immediate help.
 ...                                              
                                                  
l.11 ...¥–µ–º —Å–ª–µ–¥ —É–º–Ω–æ–∂–µ–Ω–∏—è –±–∞–∑–∏
                                                  —Å–∞ –Ω–∞ –∫–∞–∂–¥—ã–π —ç–...

You may provide a definition with
\DeclareUnicodeCharacter 


! Package inputenc Error: Unicode character —Å (U+0441)
(inputenc)                not set up for use with LaTeX.

See the inputenc package documentation for explanation.
Type  H <return>  for immediate help.
 ...                                              
                                                  
l.11 ...µ–º —Å–ª–µ–¥ —É–º–Ω–æ–∂–µ–Ω–∏—è –±–∞–∑–∏—Å
                                                  –∞ –Ω–∞ –∫–∞–∂–¥—ã–π —ç–ª–...

You may provide a definition with
\DeclareUnicodeCharacter 


! Package inputenc Error: Unicode character –∞ (U+0430)
(inputenc)                not set up for use with LaTeX.

See the inputenc package documentation for explanation.
Type  H <return>  for immediate help.
 ...                                              
                                                  
l.11 ...º —Å–ª–µ–¥ —É–º–Ω–æ–∂–µ–Ω–∏—è –±–∞–∑–∏—Å–∞
                                                   –Ω–∞ –∫–∞–∂–¥—ã–π —ç–ª–µ–...

You may provide a definition with
\DeclareUnicodeCharacter 


! Package inputenc Error: Unicode character –Ω (U+043D)
(inputenc)                not set up for use with LaTeX.

See the inputenc package documentation for explanation.
Type  H <return>  for immediate help.
 ...                                              
                                                  
l.11 ...Å–ª–µ–¥ —É–º–Ω–æ–∂–µ–Ω–∏—è –±–∞–∑–∏—Å–∞ –Ω
                                                  –∞ –∫–∞–∂–¥—ã–π —ç–ª–µ–º–µ...

You may provide a definition with
\DeclareUnicodeCharacter 


! Package inputenc Error: Unicode character –∞ (U+0430)
(inputenc)                not set up for use with LaTeX.

See the inputenc package documentation for explanation.
Type  H <return>  for immediate help.
 ...                                              
                                                  
l.11 ...ª–µ–¥ —É–º–Ω–æ–∂–µ–Ω–∏—è –±–∞–∑–∏—Å–∞ –Ω–∞
                                                   –∫–∞–∂–¥—ã–π —ç–ª–µ–º–µ–Ω...

You may provide a definition with
\DeclareUnicodeCharacter 


! Package inputenc Error: Unicode character –∫ (U+043A)
(inputenc)                not set up for use with LaTeX.

See the inputenc package documentation for explanation.
Type  H <return>  for immediate help.
 ...                                              
                                                  
l.11 ...–¥ —É–º–Ω–æ–∂–µ–Ω–∏—è –±–∞–∑–∏—Å–∞ –Ω–∞ –∫
                                                  –∞–∂–¥—ã–π —ç–ª–µ–º–µ–Ω—Ç ...

You may provide a definition with
\DeclareUnicodeCharacter 


! Package inputenc Error: Unicode character –∞ (U+0430)
(inputenc)                not set up for use with LaTeX.

See the inputenc package documentation for explanation.
Type  H <return>  for immediate help.
 ...                                              
                                                  
l.11 ... —É–º–Ω–æ–∂–µ–Ω–∏—è –±–∞–∑–∏—Å–∞ –Ω–∞ –∫–∞
                                                  –∂–¥—ã–π —ç–ª–µ–º–µ–Ω—Ç –∏...

You may provide a definition with
\DeclareUnicodeCharacter 


! Package inputenc Error: Unicode character –∂ (U+0436)
(inputenc)                not set up for use with LaTeX.

See the inputenc package documentation for explanation.
Type  H <return>  for immediate help.
 ...                                              
                                                  
l.11 ...É–º–Ω–æ–∂–µ–Ω–∏—è –±–∞–∑–∏—Å–∞ –Ω–∞ –∫–∞–∂
                                                  –¥—ã–π —ç–ª–µ–º–µ–Ω—Ç –∏–∑...

You may provide a definition with
\DeclareUnicodeCharacter 


! Package inputenc Error: Unicode character –¥ (U+0434)
(inputenc)                not set up for use with LaTeX.

See the inputenc package documentation for explanation.
Type  H <return>  for immediate help.
 ...                                              
                                                  
l.11 ...º–Ω–æ–∂–µ–Ω–∏—è –±–∞–∑–∏—Å–∞ –Ω–∞ –∫–∞–∂–¥
                                                  —ã–π —ç–ª–µ–º–µ–Ω—Ç –∏–∑ –...

You may provide a definition with
\DeclareUnicodeCharacter 


! Package inputenc Error: Unicode character —ã (U+044B)
(inputenc)                not set up for use with LaTeX.

See the inputenc package documentation for explanation.
Type  H <return>  for immediate help.
 ...                                              
                                                  
l.11 ...Ω–æ–∂–µ–Ω–∏—è –±–∞–∑–∏—Å–∞ –Ω–∞ –∫–∞–∂–¥—ã
                                                  –π —ç–ª–µ–º–µ–Ω—Ç –∏–∑ –º–...

You may provide a definition with
\DeclareUnicodeCharacter 


! Package inputenc Error: Unicode character –π (U+0439)
(inputenc)                not set up for use with LaTeX.

See the inputenc package documentation for explanation.
Type  H <return>  for immediate help.
 ...                                              
                                                  
l.11 ...æ–∂–µ–Ω–∏—è –±–∞–∑–∏—Å–∞ –Ω–∞ –∫–∞–∂–¥—ã–π
                                                   —ç–ª–µ–º–µ–Ω—Ç –∏–∑ –º–∞—...

You may provide a definition with
\DeclareUnicodeCharacter 


! Package inputenc Error: Unicode character —ç (U+044D)
(inputenc)                not set up for use with LaTeX.

See the inputenc package documentation for explanation.
Type  H <return>  for immediate help.
 ...                                              
                                                  
l.11 ...–µ–Ω–∏—è –±–∞–∑–∏—Å–∞ –Ω–∞ –∫–∞–∂–¥—ã–π —ç
                                                  –ª–µ–º–µ–Ω—Ç –∏–∑ –º–∞—Ç—Ä...

You may provide a definition with
\DeclareUnicodeCharacter 


! Package inputenc Error: Unicode character –ª (U+043B)
(inputenc)                not set up for use with LaTeX.

See the inputenc package documentation for explanation.
Type  H <return>  for immediate help.
 ...                                              
                                                  
l.11 ...–Ω–∏—è –±–∞–∑–∏—Å–∞ –Ω–∞ –∫–∞–∂–¥—ã–π —ç–ª
                                                  –µ–º–µ–Ω—Ç –∏–∑ –º–∞—Ç—Ä–∏...

You may provide a definition with
\DeclareUnicodeCharacter 


! Package inputenc Error: Unicode character –µ (U+0435)
(inputenc)                not set up for use with LaTeX.

See the inputenc package documentation for explanation.
Type  H <return>  for immediate help.
 ...                                              
                                                  
l.11 ...–∏—è –±–∞–∑–∏—Å–∞ –Ω–∞ –∫–∞–∂–¥—ã–π —ç–ª–µ
                                                  –º–µ–Ω—Ç –∏–∑ –º–∞—Ç—Ä–∏—Ü...

You may provide a definition with
\DeclareUnicodeCharacter 


! Package inputenc Error: Unicode character –º (U+043C)
(inputenc)                not set up for use with LaTeX.

See the inputenc package documentation for explanation.
Type  H <return>  for immediate help.
 ...                                              
                                                  
l.11 ...—è –±–∞–∑–∏—Å–∞ –Ω–∞ –∫–∞–∂–¥—ã–π —ç–ª–µ–º
                                                  –µ–Ω—Ç –∏–∑ –º–∞—Ç—Ä–∏—Ü—ã...

You may provide a definition with
\DeclareUnicodeCharacter 


! Package inputenc Error: Unicode character –µ (U+0435)
(inputenc)                not set up for use with LaTeX.

See the inputenc package documentation for explanation.
Type  H <return>  for immediate help.
 ...                                              
                                                  
l.11 ... –±–∞–∑–∏—Å–∞ –Ω–∞ –∫–∞–∂–¥—ã–π —ç–ª–µ–º–µ
                                                  –Ω—Ç –∏–∑ –º–∞—Ç—Ä–∏—Ü—ã $...

You may provide a definition with
\DeclareUnicodeCharacter 


! Package inputenc Error: Unicode character –Ω (U+043D)
(inputenc)                not set up for use with LaTeX.

See the inputenc package documentation for explanation.
Type  H <return>  for immediate help.
 ...                                              
                                                  
l.11 ...±–∞–∑–∏—Å–∞ –Ω–∞ –∫–∞–∂–¥—ã–π —ç–ª–µ–º–µ–Ω
                                                  —Ç –∏–∑ –º–∞—Ç—Ä–∏—Ü—ã $B$...

You may provide a definition with
\DeclareUnicodeCharacter 


! Package inputenc Error: Unicode character —Ç (U+0442)
(inputenc)                not set up for use with LaTeX.

See the inputenc package documentation for explanation.
Type  H <return>  for immediate help.
 ...                                              
                                                  
l.11 ...∞–∑–∏—Å–∞ –Ω–∞ –∫–∞–∂–¥—ã–π —ç–ª–µ–º–µ–Ω—Ç
                                                   –∏–∑ –º–∞—Ç—Ä–∏—Ü—ã $B$. ...

You may provide a definition with
\DeclareUnicodeCharacter 


! Package inputenc Error: Unicode character –∏ (U+0438)
(inputenc)                not set up for use with LaTeX.

See the inputenc package documentation for explanation.
Type  H <return>  for immediate help.
 ...                                              
                                                  
l.11 ...–∏—Å–∞ –Ω–∞ –∫–∞–∂–¥—ã–π —ç–ª–µ–º–µ–Ω—Ç –∏
                                                  –∑ –º–∞—Ç—Ä–∏—Ü—ã $B$. –°–...

You may provide a definition with
\DeclareUnicodeCharacter 


! Package inputenc Error: Unicode character –∑ (U+0437)
(inputenc)                not set up for use with LaTeX.

See the inputenc package documentation for explanation.
Type  H <return>  for immediate help.
 ...                                              
                                                  
l.11 ...—Å–∞ –Ω–∞ –∫–∞–∂–¥—ã–π —ç–ª–µ–º–µ–Ω—Ç –∏–∑
                                                   –º–∞—Ç—Ä–∏—Ü—ã $B$. –°–ª–...

You may provide a definition with
\DeclareUnicodeCharacter 


! Package inputenc Error: Unicode character –º (U+043C)
(inputenc)                not set up for use with LaTeX.

See the inputenc package documentation for explanation.
Type  H <return>  for immediate help.
 ...                                              
                                                  
l.11 ...∞ –Ω–∞ –∫–∞–∂–¥—ã–π —ç–ª–µ–º–µ–Ω—Ç –∏–∑ –º
                                                  –∞—Ç—Ä–∏—Ü—ã $B$. –°–ª–µ–¥...

You may provide a definition with
\DeclareUnicodeCharacter 


! Package inputenc Error: Unicode character –∞ (U+0430)
(inputenc)                not set up for use with LaTeX.

See the inputenc package documentation for explanation.
Type  H <return>  for immediate help.
 ...                                              
                                                  
l.11 ...–Ω–∞ –∫–∞–∂–¥—ã–π —ç–ª–µ–º–µ–Ω—Ç –∏–∑ –º–∞
                                                  —Ç—Ä–∏—Ü—ã $B$. –°–ª–µ–¥ —...

You may provide a definition with
\DeclareUnicodeCharacter 


! Package inputenc Error: Unicode character —Ç (U+0442)
(inputenc)                not set up for use with LaTeX.

See the inputenc package documentation for explanation.
Type  H <return>  for immediate help.
 ...                                              
                                                  
l.11 ...–∞ –∫–∞–∂–¥—ã–π —ç–ª–µ–º–µ–Ω—Ç –∏–∑ –º–∞—Ç
                                                  —Ä–∏—Ü—ã $B$. –°–ª–µ–¥ —É–...

You may provide a definition with
\DeclareUnicodeCharacter 


! Package inputenc Error: Unicode character —Ä (U+0440)
(inputenc)                not set up for use with LaTeX.

See the inputenc package documentation for explanation.
Type  H <return>  for immediate help.
 ...                                              
                                                  
l.11 ... –∫–∞–∂–¥—ã–π —ç–ª–µ–º–µ–Ω—Ç –∏–∑ –º–∞—Ç—Ä
                                                  –∏—Ü—ã $B$. –°–ª–µ–¥ —É–º–...

You may provide a definition with
\DeclareUnicodeCharacter 


! Package inputenc Error: Unicode character –∏ (U+0438)
(inputenc)                not set up for use with LaTeX.

See the inputenc package documentation for explanation.
Type  H <return>  for immediate help.
 ...                                              
                                                  
l.11 ...∫–∞–∂–¥—ã–π —ç–ª–µ–º–µ–Ω—Ç –∏–∑ –º–∞—Ç—Ä–∏
                                                  —Ü—ã $B$. –°–ª–µ–¥ —É–º–Ω–...

You may provide a definition with
\DeclareUnicodeCharacter 


! Package inputenc Error: Unicode character —Ü (U+0446)
(inputenc)                not set up for use with LaTeX.

See the inputenc package documentation for explanation.
Type  H <return>  for immediate help.
 ...                                              
                                                  
l.11 ...∞–∂–¥—ã–π —ç–ª–µ–º–µ–Ω—Ç –∏–∑ –º–∞—Ç—Ä–∏—Ü
                                                  —ã $B$. –°–ª–µ–¥ —É–º–Ω–æ–...

You may provide a definition with
\DeclareUnicodeCharacter 


! Package inputenc Error: Unicode character —ã (U+044B)
(inputenc)                not set up for use with LaTeX.

See the inputenc package documentation for explanation.
Type  H <return>  for immediate help.
 ...                                              
                                                  
l.11 ...∂–¥—ã–π —ç–ª–µ–º–µ–Ω—Ç –∏–∑ –º–∞—Ç—Ä–∏—Ü—ã
                                                   $B$. –°–ª–µ–¥ —É–º–Ω–æ–∂–...

You may provide a definition with
\DeclareUnicodeCharacter 

Missing character: There is no . in font nullfont!

! Package inputenc Error: Unicode character –° (U+0421)
(inputenc)                not set up for use with LaTeX.

See the inputenc package documentation for explanation.
Type  H <return>  for immediate help.
 ...                                              
                                                  
l.11 ...—ç–ª–µ–º–µ–Ω—Ç –∏–∑ –º–∞—Ç—Ä–∏—Ü—ã $B$. –°
                                                  –ª–µ–¥ —É–º–Ω–æ–∂–µ–Ω–∏—è ...

You may provide a definition with
\DeclareUnicodeCharacter 


! Package inputenc Error: Unicode character –ª (U+043B)
(inputenc)                not set up for use with LaTeX.

See the inputenc package documentation for explanation.
Type  H <return>  for immediate help.
 ...                                              
                                                  
l.11 ...–ª–µ–º–µ–Ω—Ç –∏–∑ –º–∞—Ç—Ä–∏—Ü—ã $B$. –°–ª
                                                  –µ–¥ —É–º–Ω–æ–∂–µ–Ω–∏—è –Ω...

You may provide a definition with
\DeclareUnicodeCharacter 


! Package inputenc Error: Unicode character –µ (U+0435)
(inputenc)                not set up for use with LaTeX.

See the inputenc package documentation for explanation.
Type  H <return>  for immediate help.
 ...                                              
                                                  
l.11 ...–µ–º–µ–Ω—Ç –∏–∑ –º–∞—Ç—Ä–∏—Ü—ã $B$. –°–ª–µ
                                                  –¥ —É–º–Ω–æ–∂–µ–Ω–∏—è –Ω–∞...

You may provide a definition with
\DeclareUnicodeCharacter 


! Package inputenc Error: Unicode character –¥ (U+0434)
(inputenc)                not set up for use with LaTeX.

See the inputenc package documentation for explanation.
Type  H <return>  for immediate help.
 ...                                              
                                                  
l.11 ...–º–µ–Ω—Ç –∏–∑ –º–∞—Ç—Ä–∏—Ü—ã $B$. –°–ª–µ–¥
                                                   —É–º–Ω–æ–∂–µ–Ω–∏—è –Ω–∞ $...

You may provide a definition with
\DeclareUnicodeCharacter 


! Package inputenc Error: Unicode character —É (U+0443)
(inputenc)                not set up for use with LaTeX.

See the inputenc package documentation for explanation.
Type  H <return>  for immediate help.
 ...                                              
                                                  
l.11 ...µ–Ω—Ç –∏–∑ –º–∞—Ç—Ä–∏—Ü—ã $B$. –°–ª–µ–¥ —É
                                                  –º–Ω–æ–∂–µ–Ω–∏—è –Ω–∞ $[1]$:
You may provide a definition with
\DeclareUnicodeCharacter 


! Package inputenc Error: Unicode character –º (U+043C)
(inputenc)                not set up for use with LaTeX.

See the inputenc package documentation for explanation.
Type  H <return>  for immediate help.
 ...                                              
                                                  
l.11 ...Ω—Ç –∏–∑ –º–∞—Ç—Ä–∏—Ü—ã $B$. –°–ª–µ–¥ —É–º
                                                  –Ω–æ–∂–µ–Ω–∏—è –Ω–∞ $[1]$:
You may provide a definition with
\DeclareUnicodeCharacter 


! Package inputenc Error: Unicode character –Ω (U+043D)
(inputenc)                not set up for use with LaTeX.

See the inputenc package documentation for explanation.
Type  H <return>  for immediate help.
 ...                                              
                                                  
l.11 ...Ç –∏–∑ –º–∞—Ç—Ä–∏—Ü—ã $B$. –°–ª–µ–¥ —É–º–Ω
                                                  –æ–∂–µ–Ω–∏—è –Ω–∞ $[1]$:
You may provide a definition with
\DeclareUnicodeCharacter 


! Package inputenc Error: Unicode character –æ (U+043E)
(inputenc)                not set up for use with LaTeX.

See the inputenc package documentation for explanation.
Type  H <return>  for immediate help.
 ...                                              
                                                  
l.11 ...–∏–∑ –º–∞—Ç—Ä–∏—Ü—ã $B$. –°–ª–µ–¥ —É–º–Ω–æ
                                                  –∂–µ–Ω–∏—è –Ω–∞ $[1]$:
You may provide a definition with
\DeclareUnicodeCharacter 


! Package inputenc Error: Unicode character –∂ (U+0436)
(inputenc)                not set up for use with LaTeX.

See the inputenc package documentation for explanation.
Type  H <return>  for immediate help.
 ...                                              
                                                  
l.11 ...–∑ –º–∞—Ç—Ä–∏—Ü—ã $B$. –°–ª–µ–¥ —É–º–Ω–æ–∂
                                                  –µ–Ω–∏—è –Ω–∞ $[1]$:
You may provide a definition with
\DeclareUnicodeCharacter 


! Package inputenc Error: Unicode character –µ (U+0435)
(inputenc)                not set up for use with LaTeX.

See the inputenc package documentation for explanation.
Type  H <return>  for immediate help.
 ...                                              
                                                  
l.11 ... –º–∞—Ç—Ä–∏—Ü—ã $B$. –°–ª–µ–¥ —É–º–Ω–æ–∂–µ
                                                  –Ω–∏—è –Ω–∞ $[1]$:
You may provide a definition with
\DeclareUnicodeCharacter 


! Package inputenc Error: Unicode character –Ω (U+043D)
(inputenc)                not set up for use with LaTeX.

See the inputenc package documentation for explanation.
Type  H <return>  for immediate help.
 ...                                              
                                                  
l.11 ...º–∞—Ç—Ä–∏—Ü—ã $B$. –°–ª–µ–¥ —É–º–Ω–æ–∂–µ–Ω
                                                  –∏—è –Ω–∞ $[1]$:
You may provide a definition with
\DeclareUnicodeCharacter 


! Package inputenc Error: Unicode character –∏ (U+0438)
(inputenc)                not set up for use with LaTeX.

See the inputenc package documentation for explanation.
Type  H <return>  for immediate help.
 ...                                              
                                                  
l.11 ...∞—Ç—Ä–∏—Ü—ã $B$. –°–ª–µ–¥ —É–º–Ω–æ–∂–µ–Ω–∏
                                                  —è –Ω–∞ $[1]$:
You may provide a definition with
\DeclareUnicodeCharacter 


! Package inputenc Error: Unicode character —è (U+044F)
(inputenc)                not set up for use with LaTeX.

See the inputenc package documentation for explanation.
Type  H <return>  for immediate help.
 ...                                              
                                                  
l.11 ...Ç—Ä–∏—Ü—ã $B$. –°–ª–µ–¥ —É–º–Ω–æ–∂–µ–Ω–∏—è
                                                   –Ω–∞ $[1]$:
You may provide a definition with
\DeclareUnicodeCharacter 


! Package inputenc Error: Unicode character –Ω (U+043D)
(inputenc)                not set up for use with LaTeX.

See the inputenc package documentation for explanation.
Type  H <return>  for immediate help.
 ...                                              
                                                  
l.11 ...–∏—Ü—ã $B$. –°–ª–µ–¥ —É–º–Ω–æ–∂–µ–Ω–∏—è –Ω
                                                  –∞ $[1]$:
You may provide a definition with
\DeclareUnicodeCharacter 


! Package inputenc Error: Unicode character –∞ (U+0430)
(inputenc)                not set up for use with LaTeX.

See the inputenc package documentation for explanation.
Type  H <return>  for immediate help.
 ...                                              
                                                  
l.11 ...—Ü—ã $B$. –°–ª–µ–¥ —É–º–Ω–æ–∂–µ–Ω–∏—è –Ω–∞
                                                   $[1]$:
You may provide a definition with
\DeclareUnicodeCharacter 

Missing character: There is no : in font nullfont!

! LaTeX Error: Environment gather* undefined.

See the LaTeX manual or LaTeX Companion for explanation.
Type  H <return>  for immediate help.
 ...                                              
                                                  
l.12 \begin{gather*}
                    
Your command was ignored.
Type  I <command> <return>  to replace it with another command,
or  <return>  to continue without it.

Missing character: There is no B in font nullfont!
Missing character: There is no = in font nullfont!
! Missing $ inserted.
<inserted text> 
                $
l.15 		1
         & 0 & 0 \\
I've inserted a begin-math/end-math symbol since I think
you left one out. Proceed, with fingers crossed.

! Misplaced alignment tab character &.
l.15 		1 &
           0 & 0 \\
I can't figure out why you would want to use a tab mark
here. If you just want an ampersand, the remedy is
simple: Just type `I\&' now. But if some right brace
up above has ended a previous alignment prematurely,
you're probably due for more error messages, and you
might try typing `S' now just to see what is salvageable.

! Misplaced alignment tab character &.
l.15 		1 & 0 &
               0 \\
I can't figure out why you would want to use a tab mark
here. If you just want an ampersand, the remedy is
simple: Just type `I\&' now. But if some right brace
up above has ended a previous alignment prematurely,
you're probably due for more error messages, and you
might try typing `S' now just to see what is salvageable.

! Misplaced alignment tab character &.
l.16 		0 &
           1 & 0 \\
I can't figure out why you would want to use a tab mark
here. If you just want an ampersand, the remedy is
simple: Just type `I\&' now. But if some right brace
up above has ended a previous alignment prematurely,
you're probably due for more error messages, and you
might try typing `S' now just to see what is salvageable.

! Misplaced alignment tab character &.
l.16 		0 & 1 &
               0 \\
I can't figure out why you would want to use a tab mark
here. If you just want an ampersand, the remedy is
simple: Just type `I\&' now. But if some right brace
up above has ended a previous alignment prematurely,
you're probably due for more error messages, and you
might try typing `S' now just to see what is salvageable.

! Misplaced alignment tab character &.
l.17 		0 &
           0 & 1
I can't figure out why you would want to use a tab mark
here. If you just want an ampersand, the remedy is
simple: Just type `I\&' now. But if some right brace
up above has ended a previous alignment prematurely,
you're probably due for more error messages, and you
might try typing `S' now just to see what is salvageable.

! Misplaced alignment tab character &.
l.17 		0 & 0 &
               1
I can't figure out why you would want to use a tab mark
here. If you just want an ampersand, the remedy is
simple: Just type `I\&' now. But if some right brace
up above has ended a previous alignment prematurely,
you're probably due for more error messages, and you
might try typing `S' now just to see what is salvageable.

! Missing $ inserted.
<inserted text> 
                $
l.18 	\end{pmatrix}
                   
I've inserted something that you may have forgotten.
(See the <inserted text> above.)
With luck, this will get me unwedged. But if you
really didn't forget anything, try typing `2' now; then
my insertion and my current dilemma will both disappear.


! LaTeX Error: \begin{document} ended by \end{gather*}.

See the LaTeX manual or LaTeX Companion for explanation.
Type  H <return>  for immediate help.
 ...                                              
                                                  
l.19 \end{gather*}
                  
Your command was ignored.
Type  I <command> <return>  to replace it with another command,
or  <return>  to continue without it.

! Undefined control sequence.
<recently read> \operatorname 
                              
l.20 $\operatorname
                   {tr}([1])=[1]+[1]+[1]=0$. –°–ª–µ–¥ —É–º–Ω–æ–∂–µ–Ω–∏—è –Ω–...
The control sequence at the end of the top line
of your error message was never \def'ed. If you have
misspelled it (e.g., `\hobx'), type `I' and the correct
spelling (e.g., `I\hbox'). Otherwise just continue,
and I'll forget about whatever was undefined.

Missing character: There is no . in font nullfont!

! Package inputenc Error: Unicode character –° (U+0421)
(inputenc)                not set up for use with LaTeX.

See the inputenc package documentation for explanation.
Type  H <return>  for immediate help.
 ...                                              
                                                  
l.20 $\operatorname{tr}([1])=[1]+[1]+[1]=0$. –°
                                               –ª–µ–¥ —É–º–Ω–æ–∂–µ–Ω–∏—è –Ω–...

You may provide a definition with
\DeclareUnicodeCharacter 


! Package inputenc Error: Unicode character –ª (U+043B)
(inputenc)                not set up for use with LaTeX.

See the inputenc package documentation for explanation.
Type  H <return>  for immediate help.
 ...                                              
                                                  
l.20 $\operatorname{tr}([1])=[1]+[1]+[1]=0$. –°–ª
                                                 –µ–¥ —É–º–Ω–æ–∂–µ–Ω–∏—è –Ω–...

You may provide a definition with
\DeclareUnicodeCharacter 


! Package inputenc Error: Unicode character –µ (U+0435)
(inputenc)                not set up for use with LaTeX.

See the inputenc package documentation for explanation.
Type  H <return>  for immediate help.
 ...                                              
                                                  
l.20 ...eratorname{tr}([1])=[1]+[1]+[1]=0$. –°–ª–µ
                                                  –¥ —É–º–Ω–æ–∂–µ–Ω–∏—è –Ω–∞...

You may provide a definition with
\DeclareUnicodeCharacter 


! Package inputenc Error: Unicode character –¥ (U+0434)
(inputenc)                not set up for use with LaTeX.

See the inputenc package documentation for explanation.
Type  H <return>  for immediate help.
 ...                                              
                                                  
l.20 ...atorname{tr}([1])=[1]+[1]+[1]=0$. –°–ª–µ–¥
                                                   —É–º–Ω–æ–∂–µ–Ω–∏—è –Ω–∞ $...

You may provide a definition with
\DeclareUnicodeCharacter 


! Package inputenc Error: Unicode character —É (U+0443)
(inputenc)                not set up for use with LaTeX.

See the inputenc package documentation for explanation.
Type  H <return>  for immediate help.
 ...                                              
                                                  
l.20 ...rname{tr}([1])=[1]+[1]+[1]=0$. –°–ª–µ–¥ —É
                                                  –º–Ω–æ–∂–µ–Ω–∏—è –Ω–∞ $[x]$:
You may provide a definition with
\DeclareUnicodeCharacter 


! Package inputenc Error: Unicode character –º (U+043C)
(inputenc)                not set up for use with LaTeX.

See the inputenc package documentation for explanation.
Type  H <return>  for immediate help.
 ...                                              
                                                  
l.20 ...ame{tr}([1])=[1]+[1]+[1]=0$. –°–ª–µ–¥ —É–º
                                                  –Ω–æ–∂–µ–Ω–∏—è –Ω–∞ $[x]$:
You may provide a definition with
\DeclareUnicodeCharacter 


! Package inputenc Error: Unicode character –Ω (U+043D)
(inputenc)                not set up for use with LaTeX.

See the inputenc package documentation for explanation.
Type  H <return>  for immediate help.
 ...                                              
                                                  
l.20 ...e{tr}([1])=[1]+[1]+[1]=0$. –°–ª–µ–¥ —É–º–Ω
                                                  –æ–∂–µ–Ω–∏—è –Ω–∞ $[x]$:
You may provide a definition with
\DeclareUnicodeCharacter 


! Package inputenc Error: Unicode character –æ (U+043E)
(inputenc)                not set up for use with LaTeX.

See the inputenc package documentation for explanation.
Type  H <return>  for immediate help.
 ...                                              
                                                  
l.20 ...tr}([1])=[1]+[1]+[1]=0$. –°–ª–µ–¥ —É–º–Ω–æ
                                                  –∂–µ–Ω–∏—è –Ω–∞ $[x]$:
You may provide a definition with
\DeclareUnicodeCharacter 


! Package inputenc Error: Unicode character –∂ (U+0436)
(inputenc)                not set up for use with LaTeX.

See the inputenc package documentation for explanation.
Type  H <return>  for immediate help.
 ...                                              
                                                  
l.20 ...}([1])=[1]+[1]+[1]=0$. –°–ª–µ–¥ —É–º–Ω–æ–∂
                                                  –µ–Ω–∏—è –Ω–∞ $[x]$:
You may provide a definition with
\DeclareUnicodeCharacter 


! Package inputenc Error: Unicode character –µ (U+0435)
(inputenc)                not set up for use with LaTeX.

See the inputenc package documentation for explanation.
Type  H <return>  for immediate help.
 ...                                              
                                                  
l.20 ...[1])=[1]+[1]+[1]=0$. –°–ª–µ–¥ —É–º–Ω–æ–∂–µ
                                                  –Ω–∏—è –Ω–∞ $[x]$:
You may provide a definition with
\DeclareUnicodeCharacter 


! Package inputenc Error: Unicode character –Ω (U+043D)
(inputenc)                not set up for use with LaTeX.

See the inputenc package documentation for explanation.
Type  H <return>  for immediate help.
 ...                                              
                                                  
l.20 ...])=[1]+[1]+[1]=0$. –°–ª–µ–¥ —É–º–Ω–æ–∂–µ–Ω
                                                  –∏—è –Ω–∞ $[x]$:
You may provide a definition with
\DeclareUnicodeCharacter 


! Package inputenc Error: Unicode character –∏ (U+0438)
(inputenc)                not set up for use with LaTeX.

See the inputenc package documentation for explanation.
Type  H <return>  for immediate help.
 ...                                              
                                                  
l.20 ...=[1]+[1]+[1]=0$. –°–ª–µ–¥ —É–º–Ω–æ–∂–µ–Ω–∏
                                                  —è –Ω–∞ $[x]$:
You may provide a definition with
\DeclareUnicodeCharacter 


! Package inputenc Error: Unicode character —è (U+044F)
(inputenc)                not set up for use with LaTeX.

See the inputenc package documentation for explanation.
Type  H <return>  for immediate help.
 ...                                              
                                                  
l.20 ...1]+[1]+[1]=0$. –°–ª–µ–¥ —É–º–Ω–æ–∂–µ–Ω–∏—è
                                                   –Ω–∞ $[x]$:
You may provide a definition with
\DeclareUnicodeCharacter 


! Package inputenc Error: Unicode character –Ω (U+043D)
(inputenc)                not set up for use with LaTeX.

See the inputenc package documentation for explanation.
Type  H <return>  for immediate help.
 ...                                              
                                                  
l.20 ...[1]+[1]=0$. –°–ª–µ–¥ —É–º–Ω–æ–∂–µ–Ω–∏—è –Ω
                                                  –∞ $[x]$:
You may provide a definition with
\DeclareUnicodeCharacter 


! Package inputenc Error: Unicode character –∞ (U+0430)
(inputenc)                not set up for use with LaTeX.

See the inputenc package documentation for explanation.
Type  H <return>  for immediate help.
 ...                                              
                                                  
l.20 ...]+[1]=0$. –°–ª–µ–¥ —É–º–Ω–æ–∂–µ–Ω–∏—è –Ω–∞
                                                   $[x]$:
You may provide a definition with
\DeclareUnicodeCharacter 

Missing character: There is no : in font nullfont!

! LaTeX Error: Environment gather* undefined.

See the LaTeX manual or LaTeX Companion for explanation.
Type  H <return>  for immediate help.
 ...                                              
                                                  
l.21 \begin{gather*}
                    
Your command was ignored.
Type  I <command> <return>  to replace it with another command,
or  <return>  to continue without it.

Missing character: There is no B in font nullfont!
Missing character: There is no = in font nullfont!
! Missing $ inserted.
<inserted text> 
                $
l.24 		0
         & 0 & -1 \\
I've inserted a begin-math/end-math symbol since I think
you left one out. Proceed, with fingers crossed.

! Misplaced alignment tab character &.
l.24 		0 &
           0 & -1 \\
I can't figure out why you would want to use a tab mark
here. If you just want an ampersand, the remedy is
simple: Just type `I\&' now. But if some right brace
up above has ended a previous alignment prematurely,
you're probably due for more error messages, and you
might try typing `S' now just to see what is salvageable.

! Misplaced alignment tab character &.
l.24 		0 & 0 &
               -1 \\
I can't figure out why you would want to use a tab mark
here. If you just want an ampersand, the remedy is
simple: Just type `I\&' now. But if some right brace
up above has ended a previous alignment prematurely,
you're probably due for more error messages, and you
might try typing `S' now just to see what is salvageable.

! Misplaced alignment tab character &.
l.25 		1 &
           0 & 1 \\
I can't figure out why you would want to use a tab mark
here. If you just want an ampersand, the remedy is
simple: Just type `I\&' now. But if some right brace
up above has ended a previous alignment prematurely,
you're probably due for more error messages, and you
might try typing `S' now just to see what is salvageable.

! Misplaced alignment tab character &.
l.25 		1 & 0 &
               1 \\
I can't figure out why you would want to use a tab mark
here. If you just want an ampersand, the remedy is
simple: Just type `I\&' now. But if some right brace
up above has ended a previous alignment prematurely,
you're probably due for more error messages, and you
might try typing `S' now just to see what is salvageable.

! Misplaced alignment tab character &.
l.26 		0 &
           1 & 0
I can't figure out why you would want to use a tab mark
here. If you just want an ampersand, the remedy is
simple: Just type `I\&' now. But if some right brace
up above has ended a previous alignment prematurely,
you're probably due for more error messages, and you
might try typing `S' now just to see what is salvageable.

! Misplaced alignment tab character &.
l.26 		0 & 1 &
               0
(That makes 100 errors; please try again.) 
Here is how much of TeX's memory you used:
 41 strings out of 491202
 435 string characters out of 3111286
 70219 words of memory out of 3000000
 5734 multiletter control sequences out of 15000+200000
 3640 words of font info for 14 fonts, out of 3000000 for 9000
 1141 hyphenation exceptions out of 8191
 18i,11n,12p,172b,59s stack positions out of 5000i,500n,10000p,200000b,50000s

!  ==> Fatal error occurred, no output PDF file produced!
