This is pdfTeX, Version 3.14159265-2.6-1.40.20 (MiKTeX 2.9.7050 64-bit) (preloaded format=pdflatex 2019.8.12)  27 MAR 2020 19:29
entering extended mode
**./P1.tex
(P1.tex
LaTeX2e <2018-12-01>
! Undefined control sequence.
l.2 	{\large
             \hspace{3cm} \begin{center} –ó–∞–¥–∞—á–∏ $\bullet$ –ú–æ–∑–≥–æ–≤...
The control sequence at the end of the top line
of your error message was never \def'ed. If you have
misspelled it (e.g., `\hobx'), type `I' and the correct
spelling (e.g., `I\hbox'). Otherwise just continue,
and I'll forget about whatever was undefined.


! LaTeX Error: Missing \begin{document}.

See the LaTeX manual or LaTeX Companion for explanation.
Type  H <return>  for immediate help.
 ...                                              
                                                  
l.2 	{\large \hspace{3cm}
                          \begin{center} –ó–∞–¥–∞—á–∏ $\bullet$ –ú–æ–∑–≥–æ–≤...

You're in trouble here.  Try typing  <return>  to proceed.
If that doesn't work, type  X <return>  to quit.


Overfull \hbox (20.0pt too wide) in paragraph at lines 2--2
[] 
 []


! Package inputenc Error: Unicode character –ó (U+0417)
(inputenc)                not set up for use with LaTeX.

See the inputenc package documentation for explanation.
Type  H <return>  for immediate help.
 ...                                              
                                                  
l.2 	{\large \hspace{3cm} \begin{center} –ó
                                           –∞–¥–∞—á–∏ $\bullet$ –ú–æ–∑–≥–æ–≤...

You may provide a definition with
\DeclareUnicodeCharacter 


! Package inputenc Error: Unicode character –∞ (U+0430)
(inputenc)                not set up for use with LaTeX.

See the inputenc package documentation for explanation.
Type  H <return>  for immediate help.
 ...                                              
                                                  
l.2 	{\large \hspace{3cm} \begin{center} –ó–∞
                                             –¥–∞—á–∏ $\bullet$ –ú–æ–∑–≥–æ–≤...

You may provide a definition with
\DeclareUnicodeCharacter 


! Package inputenc Error: Unicode character –¥ (U+0434)
(inputenc)                not set up for use with LaTeX.

See the inputenc package documentation for explanation.
Type  H <return>  for immediate help.
 ...                                              
                                                  
l.2 	{\large \hspace{3cm} \begin{center} –ó–∞–¥
                                               –∞—á–∏ $\bullet$ –ú–æ–∑–≥–æ–≤...

You may provide a definition with
\DeclareUnicodeCharacter 


! Package inputenc Error: Unicode character –∞ (U+0430)
(inputenc)                not set up for use with LaTeX.

See the inputenc package documentation for explanation.
Type  H <return>  for immediate help.
 ...                                              
                                                  
l.2 	{\large \hspace{3cm} \begin{center} –ó–∞–¥–∞
                                                 —á–∏ $\bullet$ –ú–æ–∑–≥–æ–≤...

You may provide a definition with
\DeclareUnicodeCharacter 


! Package inputenc Error: Unicode character —á (U+0447)
(inputenc)                not set up for use with LaTeX.

See the inputenc package documentation for explanation.
Type  H <return>  for immediate help.
 ...                                              
                                                  
l.2 ...arge \hspace{3cm} \begin{center} –ó–∞–¥–∞—á
                                                  –∏ $\bullet$ –ú–æ–∑–≥–æ–≤–...

You may provide a definition with
\DeclareUnicodeCharacter 


! Package inputenc Error: Unicode character –∏ (U+0438)
(inputenc)                not set up for use with LaTeX.

See the inputenc package documentation for explanation.
Type  H <return>  for immediate help.
 ...                                              
                                                  
l.2 ...ge \hspace{3cm} \begin{center} –ó–∞–¥–∞—á–∏
                                                   $\bullet$ –ú–æ–∑–≥–æ–≤–æ–...

You may provide a definition with
\DeclareUnicodeCharacter 

LaTeX Font Info:    External font `cmex10' loaded for size
(Font)              <7> on input line 2.
LaTeX Font Info:    External font `cmex10' loaded for size
(Font)              <5> on input line 2.

! Package inputenc Error: Unicode character –ú (U+041C)
(inputenc)                not set up for use with LaTeX.

See the inputenc package documentation for explanation.
Type  H <return>  for immediate help.
 ...                                              
                                                  
l.2 ...m} \begin{center} –ó–∞–¥–∞—á–∏ $\bullet$ –ú
                                                  –æ–∑–≥–æ–≤–æ–π –í–ª–∞–¥–∏—...

You may provide a definition with
\DeclareUnicodeCharacter 


! Package inputenc Error: Unicode character –æ (U+043E)
(inputenc)                not set up for use with LaTeX.

See the inputenc package documentation for explanation.
Type  H <return>  for immediate help.
 ...                                              
                                                  
l.2 ... \begin{center} –ó–∞–¥–∞—á–∏ $\bullet$ –ú–æ
                                                  –∑–≥–æ–≤–æ–π –í–ª–∞–¥–∏—Å–...

You may provide a definition with
\DeclareUnicodeCharacter 


! Package inputenc Error: Unicode character –∑ (U+0437)
(inputenc)                not set up for use with LaTeX.

See the inputenc package documentation for explanation.
Type  H <return>  for immediate help.
 ...                                              
                                                  
l.2 ...begin{center} –ó–∞–¥–∞—á–∏ $\bullet$ –ú–æ–∑
                                                  –≥–æ–≤–æ–π –í–ª–∞–¥–∏—Å–ª–...

You may provide a definition with
\DeclareUnicodeCharacter 


! Package inputenc Error: Unicode character –≥ (U+0433)
(inputenc)                not set up for use with LaTeX.

See the inputenc package documentation for explanation.
Type  H <return>  for immediate help.
 ...                                              
                                                  
l.2 ...gin{center} –ó–∞–¥–∞—á–∏ $\bullet$ –ú–æ–∑–≥
                                                  –æ–≤–æ–π –í–ª–∞–¥–∏—Å–ª–∞–...

You may provide a definition with
\DeclareUnicodeCharacter 


! Package inputenc Error: Unicode character –æ (U+043E)
(inputenc)                not set up for use with LaTeX.

See the inputenc package documentation for explanation.
Type  H <return>  for immediate help.
 ...                                              
                                                  
l.2 ...n{center} –ó–∞–¥–∞—á–∏ $\bullet$ –ú–æ–∑–≥–æ
                                                  –≤–æ–π –í–ª–∞–¥–∏—Å–ª–∞–≤ ...

You may provide a definition with
\DeclareUnicodeCharacter 


! Package inputenc Error: Unicode character –≤ (U+0432)
(inputenc)                not set up for use with LaTeX.

See the inputenc package documentation for explanation.
Type  H <return>  for immediate help.
 ...                                              
                                                  
l.2 ...center} –ó–∞–¥–∞—á–∏ $\bullet$ –ú–æ–∑–≥–æ–≤
                                                  –æ–π –í–ª–∞–¥–∏—Å–ª–∞–≤ \e...

You may provide a definition with
\DeclareUnicodeCharacter 


! Package inputenc Error: Unicode character –æ (U+043E)
(inputenc)                not set up for use with LaTeX.

See the inputenc package documentation for explanation.
Type  H <return>  for immediate help.
 ...                                              
                                                  
l.2 ...nter} –ó–∞–¥–∞—á–∏ $\bullet$ –ú–æ–∑–≥–æ–≤–æ
                                                  –π –í–ª–∞–¥–∏—Å–ª–∞–≤ \end...

You may provide a definition with
\DeclareUnicodeCharacter 


! Package inputenc Error: Unicode character –π (U+0439)
(inputenc)                not set up for use with LaTeX.

See the inputenc package documentation for explanation.
Type  H <return>  for immediate help.
 ...                                              
                                                  
l.2 ...er} –ó–∞–¥–∞—á–∏ $\bullet$ –ú–æ–∑–≥–æ–≤–æ–π
                                                   –í–ª–∞–¥–∏—Å–ª–∞–≤ \end{c...

You may provide a definition with
\DeclareUnicodeCharacter 


! Package inputenc Error: Unicode character –í (U+0412)
(inputenc)                not set up for use with LaTeX.

See the inputenc package documentation for explanation.
Type  H <return>  for immediate help.
 ...                                              
                                                  
l.2 ... –ó–∞–¥–∞—á–∏ $\bullet$ –ú–æ–∑–≥–æ–≤–æ–π –í
                                                  –ª–∞–¥–∏—Å–ª–∞–≤ \end{cent...

You may provide a definition with
\DeclareUnicodeCharacter 


! Package inputenc Error: Unicode character –ª (U+043B)
(inputenc)                not set up for use with LaTeX.

See the inputenc package documentation for explanation.
Type  H <return>  for immediate help.
 ...                                              
                                                  
l.2 ...ó–∞–¥–∞—á–∏ $\bullet$ –ú–æ–∑–≥–æ–≤–æ–π –í–ª
                                                  –∞–¥–∏—Å–ª–∞–≤ \end{center} }

You may provide a definition with
\DeclareUnicodeCharacter 


! Package inputenc Error: Unicode character –∞ (U+0430)
(inputenc)                not set up for use with LaTeX.

See the inputenc package documentation for explanation.
Type  H <return>  for immediate help.
 ...                                              
                                                  
l.2 ...∞–¥–∞—á–∏ $\bullet$ –ú–æ–∑–≥–æ–≤–æ–π –í–ª–∞
                                                  –¥–∏—Å–ª–∞–≤ \end{center} }
You may provide a definition with
\DeclareUnicodeCharacter 


! Package inputenc Error: Unicode character –¥ (U+0434)
(inputenc)                not set up for use with LaTeX.

See the inputenc package documentation for explanation.
Type  H <return>  for immediate help.
 ...                                              
                                                  
l.2 ...¥–∞—á–∏ $\bullet$ –ú–æ–∑–≥–æ–≤–æ–π –í–ª–∞–¥
                                                  –∏—Å–ª–∞–≤ \end{center} }
You may provide a definition with
\DeclareUnicodeCharacter 


! Package inputenc Error: Unicode character –∏ (U+0438)
(inputenc)                not set up for use with LaTeX.

See the inputenc package documentation for explanation.
Type  H <return>  for immediate help.
 ...                                              
                                                  
l.2 ...∞—á–∏ $\bullet$ –ú–æ–∑–≥–æ–≤–æ–π –í–ª–∞–¥–∏
                                                  —Å–ª–∞–≤ \end{center} }
You may provide a definition with
\DeclareUnicodeCharacter 


! Package inputenc Error: Unicode character —Å (U+0441)
(inputenc)                not set up for use with LaTeX.

See the inputenc package documentation for explanation.
Type  H <return>  for immediate help.
 ...                                              
                                                  
l.2 ...á–∏ $\bullet$ –ú–æ–∑–≥–æ–≤–æ–π –í–ª–∞–¥–∏—Å
                                                  –ª–∞–≤ \end{center} }
You may provide a definition with
\DeclareUnicodeCharacter 


! Package inputenc Error: Unicode character –ª (U+043B)
(inputenc)                not set up for use with LaTeX.

See the inputenc package documentation for explanation.
Type  H <return>  for immediate help.
 ...                                              
                                                  
l.2 ...∏ $\bullet$ –ú–æ–∑–≥–æ–≤–æ–π –í–ª–∞–¥–∏—Å–ª
                                                  –∞–≤ \end{center} }
You may provide a definition with
\DeclareUnicodeCharacter 


! Package inputenc Error: Unicode character –∞ (U+0430)
(inputenc)                not set up for use with LaTeX.

See the inputenc package documentation for explanation.
Type  H <return>  for immediate help.
 ...                                              
                                                  
l.2 ...$\bullet$ –ú–æ–∑–≥–æ–≤–æ–π –í–ª–∞–¥–∏—Å–ª–∞
                                                  –≤ \end{center} }
You may provide a definition with
\DeclareUnicodeCharacter 


! Package inputenc Error: Unicode character –≤ (U+0432)
(inputenc)                not set up for use with LaTeX.

See the inputenc package documentation for explanation.
Type  H <return>  for immediate help.
 ...                                              
                                                  
l.2 ...bullet$ –ú–æ–∑–≥–æ–≤–æ–π –í–ª–∞–¥–∏—Å–ª–∞–≤
                                                   \end{center} }
You may provide a definition with
\DeclareUnicodeCharacter 


Overfull \hbox (5.00002pt too wide) in paragraph at lines 2--2
 \OMS/cmsy/m/n/10 $ 
 []


! LaTeX Error: Missing \begin{document}.

See the LaTeX manual or LaTeX Companion for explanation.
Type  H <return>  for immediate help.
 ...                                              
                                                  
l.4 	\hrulefill
               
You're in trouble here.  Try typing  <return>  to proceed.
If that doesn't work, type  X <return>  to quit.


Overfull \hbox (20.0pt too wide) in paragraph at lines 4--5
[]
 []


! LaTeX Error: Missing \begin{document}.

See the LaTeX manual or LaTeX Companion for explanation.
Type  H <return>  for immediate help.
 ...                                              
                                                  
l.8 	\hrulefill
               
You're in trouble here.  Try typing  <return>  to proceed.
If that doesn't work, type  X <return>  to quit.


Overfull \hbox (20.0pt too wide) in paragraph at lines 8--10
[]
 []

! Undefined control sequence.
l.11 	\section
              {}
The control sequence at the end of the top line
of your error message was never \def'ed. If you have
misspelled it (e.g., `\hobx'), type `I' and the correct
spelling (e.g., `I\hbox'). Otherwise just continue,
and I'll forget about whatever was undefined.

! Undefined control sequence.
l.12 		\subsection
                  *{\textbf{–ó–∞–¥–∞—á–∞ 1}}
The control sequence at the end of the top line
of your error message was never \def'ed. If you have
misspelled it (e.g., `\hobx'), type `I' and the correct
spelling (e.g., `I\hbox'). Otherwise just continue,
and I'll forget about whatever was undefined.


! LaTeX Error: Missing \begin{document}.

See the LaTeX manual or LaTeX Companion for explanation.
Type  H <return>  for immediate help.
 ...                                              
                                                  
l.12 		\subsection*
                   {\textbf{–ó–∞–¥–∞—á–∞ 1}}
You're in trouble here.  Try typing  <return>  to proceed.
If that doesn't work, type  X <return>  to quit.


! Package inputenc Error: Unicode character –ó (U+0417)
(inputenc)                not set up for use with LaTeX.

See the inputenc package documentation for explanation.
Type  H <return>  for immediate help.
 ...                                              
                                                  
l.12 		\subsection*{\textbf{–ó–∞–¥–∞—á–∞ 1}
                                           }
You may provide a definition with
\DeclareUnicodeCharacter 


! Package inputenc Error: Unicode character –∞ (U+0430)
(inputenc)                not set up for use with LaTeX.

See the inputenc package documentation for explanation.
Type  H <return>  for immediate help.
 ...                                              
                                                  
l.12 		\subsection*{\textbf{–ó–∞–¥–∞—á–∞ 1}
                                           }
You may provide a definition with
\DeclareUnicodeCharacter 


! Package inputenc Error: Unicode character –¥ (U+0434)
(inputenc)                not set up for use with LaTeX.

See the inputenc package documentation for explanation.
Type  H <return>  for immediate help.
 ...                                              
                                                  
l.12 		\subsection*{\textbf{–ó–∞–¥–∞—á–∞ 1}
                                           }
You may provide a definition with
\DeclareUnicodeCharacter 


! Package inputenc Error: Unicode character –∞ (U+0430)
(inputenc)                not set up for use with LaTeX.

See the inputenc package documentation for explanation.
Type  H <return>  for immediate help.
 ...                                              
                                                  
l.12 		\subsection*{\textbf{–ó–∞–¥–∞—á–∞ 1}
                                           }
You may provide a definition with
\DeclareUnicodeCharacter 


! Package inputenc Error: Unicode character —á (U+0447)
(inputenc)                not set up for use with LaTeX.

See the inputenc package documentation for explanation.
Type  H <return>  for immediate help.
 ...                                              
                                                  
l.12 		\subsection*{\textbf{–ó–∞–¥–∞—á–∞ 1}
                                           }
You may provide a definition with
\DeclareUnicodeCharacter 


! Package inputenc Error: Unicode character –∞ (U+0430)
(inputenc)                not set up for use with LaTeX.

See the inputenc package documentation for explanation.
Type  H <return>  for immediate help.
 ...                                              
                                                  
l.12 		\subsection*{\textbf{–ó–∞–¥–∞—á–∞ 1}
                                           }
You may provide a definition with
\DeclareUnicodeCharacter 


! Package inputenc Error: Unicode character –£ (U+0423)
(inputenc)                not set up for use with LaTeX.

See the inputenc package documentation for explanation.
Type  H <return>  for immediate help.
 ...                                              
                                                  
l.13 		\textbf{–£—Å–ª–æ–≤–∏–µ}
                              \\
You may provide a definition with
\DeclareUnicodeCharacter 


! Package inputenc Error: Unicode character —Å (U+0441)
(inputenc)                not set up for use with LaTeX.

See the inputenc package documentation for explanation.
Type  H <return>  for immediate help.
 ...                                              
                                                  
l.13 		\textbf{–£—Å–ª–æ–≤–∏–µ}
                              \\
You may provide a definition with
\DeclareUnicodeCharacter 


! Package inputenc Error: Unicode character –ª (U+043B)
(inputenc)                not set up for use with LaTeX.

See the inputenc package documentation for explanation.
Type  H <return>  for immediate help.
 ...                                              
                                                  
l.13 		\textbf{–£—Å–ª–æ–≤–∏–µ}
                              \\
You may provide a definition with
\DeclareUnicodeCharacter 


! Package inputenc Error: Unicode character –æ (U+043E)
(inputenc)                not set up for use with LaTeX.

See the inputenc package documentation for explanation.
Type  H <return>  for immediate help.
 ...                                              
                                                  
l.13 		\textbf{–£—Å–ª–æ–≤–∏–µ}
                              \\
You may provide a definition with
\DeclareUnicodeCharacter 


! Package inputenc Error: Unicode character –≤ (U+0432)
(inputenc)                not set up for use with LaTeX.

See the inputenc package documentation for explanation.
Type  H <return>  for immediate help.
 ...                                              
                                                  
l.13 		\textbf{–£—Å–ª–æ–≤–∏–µ}
                              \\
You may provide a definition with
\DeclareUnicodeCharacter 


! Package inputenc Error: Unicode character –∏ (U+0438)
(inputenc)                not set up for use with LaTeX.

See the inputenc package documentation for explanation.
Type  H <return>  for immediate help.
 ...                                              
                                                  
l.13 		\textbf{–£—Å–ª–æ–≤–∏–µ}
                              \\
You may provide a definition with
\DeclareUnicodeCharacter 


! Package inputenc Error: Unicode character –µ (U+0435)
(inputenc)                not set up for use with LaTeX.

See the inputenc package documentation for explanation.
Type  H <return>  for immediate help.
 ...                                              
                                                  
l.13 		\textbf{–£—Å–ª–æ–≤–∏–µ}
                              \\
You may provide a definition with
\DeclareUnicodeCharacter 


! Package inputenc Error: Unicode character –ü (U+041F)
(inputenc)                not set up for use with LaTeX.

See the inputenc package documentation for explanation.
Type  H <return>  for immediate help.
 ...                                              
                                                  
l.14 		–ü
         —É—Å—Ç—å $p$ –∏ $q$ -- –ø—Ä–æ—Å—Ç—ã–µ —á–∏—Å–ª–∞. –ü–æ–∫–∞–∂–∏—Ç–µ,...

You may provide a definition with
\DeclareUnicodeCharacter 


! Package inputenc Error: Unicode character —É (U+0443)
(inputenc)                not set up for use with LaTeX.

See the inputenc package documentation for explanation.
Type  H <return>  for immediate help.
 ...                                              
                                                  
l.14 		–ü—É
           —Å—Ç—å $p$ –∏ $q$ -- –ø—Ä–æ—Å—Ç—ã–µ —á–∏—Å–ª–∞. –ü–æ–∫–∞–∂–∏—Ç–µ,...

You may provide a definition with
\DeclareUnicodeCharacter 


! Package inputenc Error: Unicode character —Å (U+0441)
(inputenc)                not set up for use with LaTeX.

See the inputenc package documentation for explanation.
Type  H <return>  for immediate help.
 ...                                              
                                                  
l.14 		–ü—É—Å
             —Ç—å $p$ –∏ $q$ -- –ø—Ä–æ—Å—Ç—ã–µ —á–∏—Å–ª–∞. –ü–æ–∫–∞–∂–∏—Ç–µ,...

You may provide a definition with
\DeclareUnicodeCharacter 


! Package inputenc Error: Unicode character —Ç (U+0442)
(inputenc)                not set up for use with LaTeX.

See the inputenc package documentation for explanation.
Type  H <return>  for immediate help.
 ...                                              
                                                  
l.14 		–ü—É—Å—Ç
               —å $p$ –∏ $q$ -- –ø—Ä–æ—Å—Ç—ã–µ —á–∏—Å–ª–∞. –ü–æ–∫–∞–∂–∏—Ç–µ,...

You may provide a definition with
\DeclareUnicodeCharacter 


! Package inputenc Error: Unicode character —å (U+044C)
(inputenc)                not set up for use with LaTeX.

See the inputenc package documentation for explanation.
Type  H <return>  for immediate help.
 ...                                              
                                                  
l.14 		–ü—É—Å—Ç—å
                  $p$ –∏ $q$ -- –ø—Ä–æ—Å—Ç—ã–µ —á–∏—Å–ª–∞. –ü–æ–∫–∞–∂–∏—Ç–µ,...

You may provide a definition with
\DeclareUnicodeCharacter 

LaTeX Font Info:    External font `cmex10' loaded for size
(Font)              <12> on input line 14.
LaTeX Font Info:    External font `cmex10' loaded for size
(Font)              <8> on input line 14.
LaTeX Font Info:    External font `cmex10' loaded for size
(Font)              <6> on input line 14.

! Package inputenc Error: Unicode character –∏ (U+0438)
(inputenc)                not set up for use with LaTeX.

See the inputenc package documentation for explanation.
Type  H <return>  for immediate help.
 ...                                              
                                                  
l.14 		–ü—É—Å—Ç—å $p$ –∏
                         $q$ -- –ø—Ä–æ—Å—Ç—ã–µ —á–∏—Å–ª–∞. –ü–æ–∫–∞–∂–∏—Ç–µ,...

You may provide a definition with
\DeclareUnicodeCharacter 


! Package inputenc Error: Unicode character –ø (U+043F)
(inputenc)                not set up for use with LaTeX.

See the inputenc package documentation for explanation.
Type  H <return>  for immediate help.
 ...                                              
                                                  
l.14 		–ü—É—Å—Ç—å $p$ –∏ $q$ -- –ø
                                  —Ä–æ—Å—Ç—ã–µ —á–∏—Å–ª–∞. –ü–æ–∫–∞–∂–∏—Ç–µ,...

You may provide a definition with
\DeclareUnicodeCharacter 


! Package inputenc Error: Unicode character —Ä (U+0440)
(inputenc)                not set up for use with LaTeX.

See the inputenc package documentation for explanation.
Type  H <return>  for immediate help.
 ...                                              
                                                  
l.14 		–ü—É—Å—Ç—å $p$ –∏ $q$ -- –ø—Ä
                                    –æ—Å—Ç—ã–µ —á–∏—Å–ª–∞. –ü–æ–∫–∞–∂–∏—Ç–µ,...

You may provide a definition with
\DeclareUnicodeCharacter 


! Package inputenc Error: Unicode character –æ (U+043E)
(inputenc)                not set up for use with LaTeX.

See the inputenc package documentation for explanation.
Type  H <return>  for immediate help.
 ...                                              
                                                  
l.14 		–ü—É—Å—Ç—å $p$ –∏ $q$ -- –ø—Ä–æ
                                      —Å—Ç—ã–µ —á–∏—Å–ª–∞. –ü–æ–∫–∞–∂–∏—Ç–µ,...

You may provide a definition with
\DeclareUnicodeCharacter 


! Package inputenc Error: Unicode character —Å (U+0441)
(inputenc)                not set up for use with LaTeX.

See the inputenc package documentation for explanation.
Type  H <return>  for immediate help.
 ...                                              
                                                  
l.14 		–ü—É—Å—Ç—å $p$ –∏ $q$ -- –ø—Ä–æ—Å
                                        —Ç—ã–µ —á–∏—Å–ª–∞. –ü–æ–∫–∞–∂–∏—Ç–µ,...

You may provide a definition with
\DeclareUnicodeCharacter 


! Package inputenc Error: Unicode character —Ç (U+0442)
(inputenc)                not set up for use with LaTeX.

See the inputenc package documentation for explanation.
Type  H <return>  for immediate help.
 ...                                              
                                                  
l.14 		–ü—É—Å—Ç—å $p$ –∏ $q$ -- –ø—Ä–æ—Å—Ç
                                          —ã–µ —á–∏—Å–ª–∞. –ü–æ–∫–∞–∂–∏—Ç–µ,...

You may provide a definition with
\DeclareUnicodeCharacter 


! Package inputenc Error: Unicode character —ã (U+044B)
(inputenc)                not set up for use with LaTeX.

See the inputenc package documentation for explanation.
Type  H <return>  for immediate help.
 ...                                              
                                                  
l.14 		–ü—É—Å—Ç—å $p$ –∏ $q$ -- –ø—Ä–æ—Å—Ç—ã
                                            –µ —á–∏—Å–ª–∞. –ü–æ–∫–∞–∂–∏—Ç–µ,...

You may provide a definition with
\DeclareUnicodeCharacter 


! Package inputenc Error: Unicode character –µ (U+0435)
(inputenc)                not set up for use with LaTeX.

See the inputenc package documentation for explanation.
Type  H <return>  for immediate help.
 ...                                              
                                                  
l.14 		–ü—É—Å—Ç—å $p$ –∏ $q$ -- –ø—Ä–æ—Å—Ç—ã–µ
                                               —á–∏—Å–ª–∞. –ü–æ–∫–∞–∂–∏—Ç–µ,...

You may provide a definition with
\DeclareUnicodeCharacter 


! Package inputenc Error: Unicode character —á (U+0447)
(inputenc)                not set up for use with LaTeX.

See the inputenc package documentation for explanation.
Type  H <return>  for immediate help.
 ...                                              
                                                  
l.14 		–ü—É—Å—Ç—å $p$ –∏ $q$ -- –ø—Ä–æ—Å—Ç—ã–µ —á
                                                 –∏—Å–ª–∞. –ü–æ–∫–∞–∂–∏—Ç–µ,...

You may provide a definition with
\DeclareUnicodeCharacter 


! Package inputenc Error: Unicode character –∏ (U+0438)
(inputenc)                not set up for use with LaTeX.

See the inputenc package documentation for explanation.
Type  H <return>  for immediate help.
 ...                                              
                                                  
l.14 ...—É—Å—Ç—å $p$ –∏ $q$ -- –ø—Ä–æ—Å—Ç—ã–µ —á–∏
                                                  —Å–ª–∞. –ü–æ–∫–∞–∂–∏—Ç–µ, ...

You may provide a definition with
\DeclareUnicodeCharacter 


! Package inputenc Error: Unicode character —Å (U+0441)
(inputenc)                not set up for use with LaTeX.

See the inputenc package documentation for explanation.
Type  H <return>  for immediate help.
 ...                                              
                                                  
l.14 ...—Å—Ç—å $p$ –∏ $q$ -- –ø—Ä–æ—Å—Ç—ã–µ —á–∏—Å
                                                  –ª–∞. –ü–æ–∫–∞–∂–∏—Ç–µ, —á...

You may provide a definition with
\DeclareUnicodeCharacter 


! Package inputenc Error: Unicode character –ª (U+043B)
(inputenc)                not set up for use with LaTeX.

See the inputenc package documentation for explanation.
Type  H <return>  for immediate help.
 ...                                              
                                                  
l.14 ...—Ç—å $p$ –∏ $q$ -- –ø—Ä–æ—Å—Ç—ã–µ —á–∏—Å–ª
                                                  –∞. –ü–æ–∫–∞–∂–∏—Ç–µ, —á—Ç...

You may provide a definition with
\DeclareUnicodeCharacter 


! Package inputenc Error: Unicode character –∞ (U+0430)
(inputenc)                not set up for use with LaTeX.

See the inputenc package documentation for explanation.
Type  H <return>  for immediate help.
 ...                                              
                                                  
l.14 ...—å $p$ –∏ $q$ -- –ø—Ä–æ—Å—Ç—ã–µ —á–∏—Å–ª–∞
                                                  . –ü–æ–∫–∞–∂–∏—Ç–µ, —á—Ç–æ...

You may provide a definition with
\DeclareUnicodeCharacter 


! Package inputenc Error: Unicode character –ü (U+041F)
(inputenc)                not set up for use with LaTeX.

See the inputenc package documentation for explanation.
Type  H <return>  for immediate help.
 ...                                              
                                                  
l.14 ...p$ –∏ $q$ -- –ø—Ä–æ—Å—Ç—ã–µ —á–∏—Å–ª–∞. –ü
                                                  –æ–∫–∞–∂–∏—Ç–µ, —á—Ç–æ –≥—...

You may provide a definition with
\DeclareUnicodeCharacter 


! Package inputenc Error: Unicode character –æ (U+043E)
(inputenc)                not set up for use with LaTeX.

See the inputenc package documentation for explanation.
Type  H <return>  for immediate help.
 ...                                              
                                                  
l.14 ... –∏ $q$ -- –ø—Ä–æ—Å—Ç—ã–µ —á–∏—Å–ª–∞. –ü–æ
                                                  –∫–∞–∂–∏—Ç–µ, —á—Ç–æ –≥—Ä—...

You may provide a definition with
\DeclareUnicodeCharacter 


! Package inputenc Error: Unicode character –∫ (U+043A)
(inputenc)                not set up for use with LaTeX.

See the inputenc package documentation for explanation.
Type  H <return>  for immediate help.
 ...                                              
                                                  
l.14 ...∏ $q$ -- –ø—Ä–æ—Å—Ç—ã–µ —á–∏—Å–ª–∞. –ü–æ–∫
                                                  –∞–∂–∏—Ç–µ, —á—Ç–æ –≥—Ä—É–...

You may provide a definition with
\DeclareUnicodeCharacter 


! Package inputenc Error: Unicode character –∞ (U+0430)
(inputenc)                not set up for use with LaTeX.

See the inputenc package documentation for explanation.
Type  H <return>  for immediate help.
 ...                                              
                                                  
l.14 ...$q$ -- –ø—Ä–æ—Å—Ç—ã–µ —á–∏—Å–ª–∞. –ü–æ–∫–∞
                                                  –∂–∏—Ç–µ, —á—Ç–æ –≥—Ä—É–ø–...

You may provide a definition with
\DeclareUnicodeCharacter 


! Package inputenc Error: Unicode character –∂ (U+0436)
(inputenc)                not set up for use with LaTeX.

See the inputenc package documentation for explanation.
Type  H <return>  for immediate help.
 ...                                              
                                                  
l.14 ...$ -- –ø—Ä–æ—Å—Ç—ã–µ —á–∏—Å–ª–∞. –ü–æ–∫–∞–∂
                                                  –∏—Ç–µ, —á—Ç–æ –≥—Ä—É–ø–ø–...

You may provide a definition with
\DeclareUnicodeCharacter 


! Package inputenc Error: Unicode character –∏ (U+0438)
(inputenc)                not set up for use with LaTeX.

See the inputenc package documentation for explanation.
Type  H <return>  for immediate help.
 ...                                              
                                                  
l.14 ...-- –ø—Ä–æ—Å—Ç—ã–µ —á–∏—Å–ª–∞. –ü–æ–∫–∞–∂–∏
                                                  —Ç–µ, —á—Ç–æ –≥—Ä—É–ø–ø–∞ ...

You may provide a definition with
\DeclareUnicodeCharacter 


! Package inputenc Error: Unicode character —Ç (U+0442)
(inputenc)                not set up for use with LaTeX.

See the inputenc package documentation for explanation.
Type  H <return>  for immediate help.
 ...                                              
                                                  
l.14 ... –ø—Ä–æ—Å—Ç—ã–µ —á–∏—Å–ª–∞. –ü–æ–∫–∞–∂–∏—Ç
                                                  –µ, —á—Ç–æ –≥—Ä—É–ø–ø–∞ –ø...

You may provide a definition with
\DeclareUnicodeCharacter 


! Package inputenc Error: Unicode character –µ (U+0435)
(inputenc)                not set up for use with LaTeX.

See the inputenc package documentation for explanation.
Type  H <return>  for immediate help.
 ...                                              
                                                  
l.14 ...ø—Ä–æ—Å—Ç—ã–µ —á–∏—Å–ª–∞. –ü–æ–∫–∞–∂–∏—Ç–µ
                                                  , —á—Ç–æ –≥—Ä—É–ø–ø–∞ –ø–æ...

You may provide a definition with
\DeclareUnicodeCharacter 


! Package inputenc Error: Unicode character —á (U+0447)
(inputenc)                not set up for use with LaTeX.

See the inputenc package documentation for explanation.
Type  H <return>  for immediate help.
 ...                                              
                                                  
l.14 ...æ—Å—Ç—ã–µ —á–∏—Å–ª–∞. –ü–æ–∫–∞–∂–∏—Ç–µ, —á
                                                  —Ç–æ –≥—Ä—É–ø–ø–∞ –ø–æ—Ä—è...

You may provide a definition with
\DeclareUnicodeCharacter 


! Package inputenc Error: Unicode character —Ç (U+0442)
(inputenc)                not set up for use with LaTeX.

See the inputenc package documentation for explanation.
Type  H <return>  for immediate help.
 ...                                              
                                                  
l.14 ...Å—Ç—ã–µ —á–∏—Å–ª–∞. –ü–æ–∫–∞–∂–∏—Ç–µ, —á—Ç
                                                  –æ –≥—Ä—É–ø–ø–∞ –ø–æ—Ä—è–¥...

You may provide a definition with
\DeclareUnicodeCharacter 


! Package inputenc Error: Unicode character –æ (U+043E)
(inputenc)                not set up for use with LaTeX.

See the inputenc package documentation for explanation.
Type  H <return>  for immediate help.
 ...                                              
                                                  
l.14 ...Ç—ã–µ —á–∏—Å–ª–∞. –ü–æ–∫–∞–∂–∏—Ç–µ, —á—Ç–æ
                                                   –≥—Ä—É–ø–ø–∞ –ø–æ—Ä—è–¥–∫...

You may provide a definition with
\DeclareUnicodeCharacter 


! Package inputenc Error: Unicode character –≥ (U+0433)
(inputenc)                not set up for use with LaTeX.

See the inputenc package documentation for explanation.
Type  H <return>  for immediate help.
 ...                                              
                                                  
l.14 ...–µ —á–∏—Å–ª–∞. –ü–æ–∫–∞–∂–∏—Ç–µ, —á—Ç–æ –≥
                                                  —Ä—É–ø–ø–∞ –ø–æ—Ä—è–¥–∫–∞ ...

You may provide a definition with
\DeclareUnicodeCharacter 


! Package inputenc Error: Unicode character —Ä (U+0440)
(inputenc)                not set up for use with LaTeX.

See the inputenc package documentation for explanation.
Type  H <return>  for immediate help.
 ...                                              
                                                  
l.14 ... —á–∏—Å–ª–∞. –ü–æ–∫–∞–∂–∏—Ç–µ, —á—Ç–æ –≥—Ä
                                                  —É–ø–ø–∞ –ø–æ—Ä—è–¥–∫–∞ $p...

You may provide a definition with
\DeclareUnicodeCharacter 


! Package inputenc Error: Unicode character —É (U+0443)
(inputenc)                not set up for use with LaTeX.

See the inputenc package documentation for explanation.
Type  H <return>  for immediate help.
 ...                                              
                                                  
l.14 ...á–∏—Å–ª–∞. –ü–æ–∫–∞–∂–∏—Ç–µ, —á—Ç–æ –≥—Ä—É
                                                  –ø–ø–∞ –ø–æ—Ä—è–¥–∫–∞ $pq$...

You may provide a definition with
\DeclareUnicodeCharacter 


! Package inputenc Error: Unicode character –ø (U+043F)
(inputenc)                not set up for use with LaTeX.

See the inputenc package documentation for explanation.
Type  H <return>  for immediate help.
 ...                                              
                                                  
l.14 ...∏—Å–ª–∞. –ü–æ–∫–∞–∂–∏—Ç–µ, —á—Ç–æ –≥—Ä—É–ø
                                                  –ø–∞ –ø–æ—Ä—è–¥–∫–∞ $pq$ –...

You may provide a definition with
\DeclareUnicodeCharacter 


! Package inputenc Error: Unicode character –ø (U+043F)
(inputenc)                not set up for use with LaTeX.

See the inputenc package documentation for explanation.
Type  H <return>  for immediate help.
 ...                                              
                                                  
l.14 ...Å–ª–∞. –ü–æ–∫–∞–∂–∏—Ç–µ, —á—Ç–æ –≥—Ä—É–ø–ø
                                                  –∞ –ø–æ—Ä—è–¥–∫–∞ $pq$ –≤—...

You may provide a definition with
\DeclareUnicodeCharacter 


! Package inputenc Error: Unicode character –∞ (U+0430)
(inputenc)                not set up for use with LaTeX.

See the inputenc package documentation for explanation.
Type  H <return>  for immediate help.
 ...                                              
                                                  
l.14 ...ª–∞. –ü–æ–∫–∞–∂–∏—Ç–µ, —á—Ç–æ –≥—Ä—É–ø–ø–∞
                                                   –ø–æ—Ä—è–¥–∫–∞ $pq$ –≤—Å–...

You may provide a definition with
\DeclareUnicodeCharacter 


! Package inputenc Error: Unicode character –ø (U+043F)
(inputenc)                not set up for use with LaTeX.

See the inputenc package documentation for explanation.
Type  H <return>  for immediate help.
 ...                                              
                                                  
l.14 .... –ü–æ–∫–∞–∂–∏—Ç–µ, —á—Ç–æ –≥—Ä—É–ø–ø–∞ –ø
                                                  –æ—Ä—è–¥–∫–∞ $pq$ –≤—Å–µ–≥...

You may provide a definition with
\DeclareUnicodeCharacter 


! Package inputenc Error: Unicode character –æ (U+043E)
(inputenc)                not set up for use with LaTeX.

See the inputenc package documentation for explanation.
Type  H <return>  for immediate help.
 ...                                              
                                                  
l.14 ...–ü–æ–∫–∞–∂–∏—Ç–µ, —á—Ç–æ –≥—Ä—É–ø–ø–∞ –ø–æ
                                                  —Ä—è–¥–∫–∞ $pq$ –≤—Å–µ–≥–¥...

You may provide a definition with
\DeclareUnicodeCharacter 


! Package inputenc Error: Unicode character —Ä (U+0440)
(inputenc)                not set up for use with LaTeX.

See the inputenc package documentation for explanation.
Type  H <return>  for immediate help.
 ...                                              
                                                  
l.14 ...–æ–∫–∞–∂–∏—Ç–µ, —á—Ç–æ –≥—Ä—É–ø–ø–∞ –ø–æ—Ä
                                                  —è–¥–∫–∞ $pq$ –≤—Å–µ–≥–¥–∞...

You may provide a definition with
\DeclareUnicodeCharacter 


! Package inputenc Error: Unicode character —è (U+044F)
(inputenc)                not set up for use with LaTeX.

See the inputenc package documentation for explanation.
Type  H <return>  for immediate help.
 ...                                              
                                                  
l.14 ...–∫–∞–∂–∏—Ç–µ, —á—Ç–æ –≥—Ä—É–ø–ø–∞ –ø–æ—Ä—è
                                                  –¥–∫–∞ $pq$ –≤—Å–µ–≥–¥–∞ —...

You may provide a definition with
\DeclareUnicodeCharacter 


! Package inputenc Error: Unicode character –¥ (U+0434)
(inputenc)                not set up for use with LaTeX.

See the inputenc package documentation for explanation.
Type  H <return>  for immediate help.
 ...                                              
                                                  
l.14 ...–∞–∂–∏—Ç–µ, —á—Ç–æ –≥—Ä—É–ø–ø–∞ –ø–æ—Ä—è–¥
                                                  –∫–∞ $pq$ –≤—Å–µ–≥–¥–∞ —è–...

You may provide a definition with
\DeclareUnicodeCharacter 


! Package inputenc Error: Unicode character –∫ (U+043A)
(inputenc)                not set up for use with LaTeX.

See the inputenc package documentation for explanation.
Type  H <return>  for immediate help.
 ...                                              
                                                  
l.14 ...–∂–∏—Ç–µ, —á—Ç–æ –≥—Ä—É–ø–ø–∞ –ø–æ—Ä—è–¥–∫
                                                  –∞ $pq$ –≤—Å–µ–≥–¥–∞ —è–≤–...

You may provide a definition with
\DeclareUnicodeCharacter 


! Package inputenc Error: Unicode character –∞ (U+0430)
(inputenc)                not set up for use with LaTeX.

See the inputenc package documentation for explanation.
Type  H <return>  for immediate help.
 ...                                              
                                                  
l.14 ...–∏—Ç–µ, —á—Ç–æ –≥—Ä—É–ø–ø–∞ –ø–æ—Ä—è–¥–∫–∞
                                                   $pq$ –≤—Å–µ–≥–¥–∞ —è–≤–ª—...

You may provide a definition with
\DeclareUnicodeCharacter 


! Package inputenc Error: Unicode character –≤ (U+0432)
(inputenc)                not set up for use with LaTeX.

See the inputenc package documentation for explanation.
Type  H <return>  for immediate help.
 ...                                              
                                                  
l.14 ...—á—Ç–æ –≥—Ä—É–ø–ø–∞ –ø–æ—Ä—è–¥–∫–∞ $pq$ –≤
                                                  —Å–µ–≥–¥–∞ —è–≤–ª—è–µ—Ç—Å—...

You may provide a definition with
\DeclareUnicodeCharacter 


! Package inputenc Error: Unicode character —Å (U+0441)
(inputenc)                not set up for use with LaTeX.

See the inputenc package documentation for explanation.
Type  H <return>  for immediate help.
 ...                                              
                                                  
l.14 ...—Ç–æ –≥—Ä—É–ø–ø–∞ –ø–æ—Ä—è–¥–∫–∞ $pq$ –≤—Å
                                                  –µ–≥–¥–∞ —è–≤–ª—è–µ—Ç—Å—è ...

You may provide a definition with
\DeclareUnicodeCharacter 


! Package inputenc Error: Unicode character –µ (U+0435)
(inputenc)                not set up for use with LaTeX.

See the inputenc package documentation for explanation.
Type  H <return>  for immediate help.
 ...                                              
                                                  
l.14 ...–æ –≥—Ä—É–ø–ø–∞ –ø–æ—Ä—è–¥–∫–∞ $pq$ –≤—Å–µ
                                                  –≥–¥–∞ —è–≤–ª—è–µ—Ç—Å—è –ø...

You may provide a definition with
\DeclareUnicodeCharacter 


! Package inputenc Error: Unicode character –≥ (U+0433)
(inputenc)                not set up for use with LaTeX.

See the inputenc package documentation for explanation.
Type  H <return>  for immediate help.
 ...                                              
                                                  
l.14 ... –≥—Ä—É–ø–ø–∞ –ø–æ—Ä—è–¥–∫–∞ $pq$ –≤—Å–µ–≥
                                                  –¥–∞ —è–≤–ª—è–µ—Ç—Å—è –ø–æ...

You may provide a definition with
\DeclareUnicodeCharacter 


! Package inputenc Error: Unicode character –¥ (U+0434)
(inputenc)                not set up for use with LaTeX.

See the inputenc package documentation for explanation.
Type  H <return>  for immediate help.
 ...                                              
                                                  
l.14 ...≥—Ä—É–ø–ø–∞ –ø–æ—Ä—è–¥–∫–∞ $pq$ –≤—Å–µ–≥–¥
                                                  –∞ —è–≤–ª—è–µ—Ç—Å—è –ø–æ–ª...

You may provide a definition with
\DeclareUnicodeCharacter 


! Package inputenc Error: Unicode character –∞ (U+0430)
(inputenc)                not set up for use with LaTeX.

See the inputenc package documentation for explanation.
Type  H <return>  for immediate help.
 ...                                              
                                                  
l.14 ...Ä—É–ø–ø–∞ –ø–æ—Ä—è–¥–∫–∞ $pq$ –≤—Å–µ–≥–¥–∞
                                                   —è–≤–ª—è–µ—Ç—Å—è –ø–æ–ª—É...

You may provide a definition with
\DeclareUnicodeCharacter 


! Package inputenc Error: Unicode character —è (U+044F)
(inputenc)                not set up for use with LaTeX.

See the inputenc package documentation for explanation.
Type  H <return>  for immediate help.
 ...                                              
                                                  
l.14 ...–ø–ø–∞ –ø–æ—Ä—è–¥–∫–∞ $pq$ –≤—Å–µ–≥–¥–∞ —è
                                                  –≤–ª—è–µ—Ç—Å—è –ø–æ–ª—É–ø—...

You may provide a definition with
\DeclareUnicodeCharacter 


! Package inputenc Error: Unicode character –≤ (U+0432)
(inputenc)                not set up for use with LaTeX.

See the inputenc package documentation for explanation.
Type  H <return>  for immediate help.
 ...                                              
                                                  
l.14 ...–ø–∞ –ø–æ—Ä—è–¥–∫–∞ $pq$ –≤—Å–µ–≥–¥–∞ —è–≤
                                                  –ª—è–µ—Ç—Å—è –ø–æ–ª—É–ø—Ä—...

You may provide a definition with
\DeclareUnicodeCharacter 


! Package inputenc Error: Unicode character –ª (U+043B)
(inputenc)                not set up for use with LaTeX.

See the inputenc package documentation for explanation.
Type  H <return>  for immediate help.
 ...                                              
                                                  
l.14 ...–∞ –ø–æ—Ä—è–¥–∫–∞ $pq$ –≤—Å–µ–≥–¥–∞ —è–≤–ª
                                                  —è–µ—Ç—Å—è –ø–æ–ª—É–ø—Ä—è–...

You may provide a definition with
\DeclareUnicodeCharacter 


! Package inputenc Error: Unicode character —è (U+044F)
(inputenc)                not set up for use with LaTeX.

See the inputenc package documentation for explanation.
Type  H <return>  for immediate help.
 ...                                              
                                                  
l.14 ... –ø–æ—Ä—è–¥–∫–∞ $pq$ –≤—Å–µ–≥–¥–∞ —è–≤–ª—è
                                                  –µ—Ç—Å—è –ø–æ–ª—É–ø—Ä—è–º—...

You may provide a definition with
\DeclareUnicodeCharacter 


! Package inputenc Error: Unicode character –µ (U+0435)
(inputenc)                not set up for use with LaTeX.

See the inputenc package documentation for explanation.
Type  H <return>  for immediate help.
 ...                                              
                                                  
l.14 ...ø–æ—Ä—è–¥–∫–∞ $pq$ –≤—Å–µ–≥–¥–∞ —è–≤–ª—è–µ
                                                  —Ç—Å—è –ø–æ–ª—É–ø—Ä—è–º—ã–...

You may provide a definition with
\DeclareUnicodeCharacter 


! Package inputenc Error: Unicode character —Ç (U+0442)
(inputenc)                not set up for use with LaTeX.

See the inputenc package documentation for explanation.
Type  H <return>  for immediate help.
 ...                                              
                                                  
l.14 ...æ—Ä—è–¥–∫–∞ $pq$ –≤—Å–µ–≥–¥–∞ —è–≤–ª—è–µ—Ç
                                                  —Å—è –ø–æ–ª—É–ø—Ä—è–º—ã–º ...

You may provide a definition with
\DeclareUnicodeCharacter 


! Package inputenc Error: Unicode character —Å (U+0441)
(inputenc)                not set up for use with LaTeX.

See the inputenc package documentation for explanation.
Type  H <return>  for immediate help.
 ...                                              
                                                  
l.14 ...Ä—è–¥–∫–∞ $pq$ –≤—Å–µ–≥–¥–∞ —è–≤–ª—è–µ—Ç—Å
                                                  —è –ø–æ–ª—É–ø—Ä—è–º—ã–º –ø...

You may provide a definition with
\DeclareUnicodeCharacter 


! Package inputenc Error: Unicode character —è (U+044F)
(inputenc)                not set up for use with LaTeX.

See the inputenc package documentation for explanation.
Type  H <return>  for immediate help.
 ...                                              
                                                  
l.14 ...è–¥–∫–∞ $pq$ –≤—Å–µ–≥–¥–∞ —è–≤–ª—è–µ—Ç—Å—è
                                                   –ø–æ–ª—É–ø—Ä—è–º—ã–º –ø—Ä...

You may provide a definition with
\DeclareUnicodeCharacter 


! Package inputenc Error: Unicode character –ø (U+043F)
(inputenc)                not set up for use with LaTeX.

See the inputenc package documentation for explanation.
Type  H <return>  for immediate help.
 ...                                              
                                                  
l.14 ...–∫–∞ $pq$ –≤—Å–µ–≥–¥–∞ —è–≤–ª—è–µ—Ç—Å—è –ø
                                                  –æ–ª—É–ø—Ä—è–º—ã–º –ø—Ä–æ–...

You may provide a definition with
\DeclareUnicodeCharacter 


! Package inputenc Error: Unicode character –æ (U+043E)
(inputenc)                not set up for use with LaTeX.

See the inputenc package documentation for explanation.
Type  H <return>  for immediate help.
 ...                                              
                                                  
l.14 ...–∞ $pq$ –≤—Å–µ–≥–¥–∞ —è–≤–ª—è–µ—Ç—Å—è –ø–æ
                                                  –ª—É–ø—Ä—è–º—ã–º –ø—Ä–æ–∏–...

You may provide a definition with
\DeclareUnicodeCharacter 


! Package inputenc Error: Unicode character –ª (U+043B)
(inputenc)                not set up for use with LaTeX.

See the inputenc package documentation for explanation.
Type  H <return>  for immediate help.
 ...                                              
                                                  
l.14 ... $pq$ –≤—Å–µ–≥–¥–∞ —è–≤–ª—è–µ—Ç—Å—è –ø–æ–ª
                                                  —É–ø—Ä—è–º—ã–º –ø—Ä–æ–∏–∑–...

You may provide a definition with
\DeclareUnicodeCharacter 


! Package inputenc Error: Unicode character —É (U+0443)
(inputenc)                not set up for use with LaTeX.

See the inputenc package documentation for explanation.
Type  H <return>  for immediate help.
 ...                                              
                                                  
l.14 ...pq$ –≤—Å–µ–≥–¥–∞ —è–≤–ª—è–µ—Ç—Å—è –ø–æ–ª—É
                                                  –ø—Ä—è–º—ã–º –ø—Ä–æ–∏–∑–≤–...

You may provide a definition with
\DeclareUnicodeCharacter 


! Package inputenc Error: Unicode character –ø (U+043F)
(inputenc)                not set up for use with LaTeX.

See the inputenc package documentation for explanation.
Type  H <return>  for immediate help.
 ...                                              
                                                  
l.14 ...$ –≤—Å–µ–≥–¥–∞ —è–≤–ª—è–µ—Ç—Å—è –ø–æ–ª—É–ø
                                                  —Ä—è–º—ã–º –ø—Ä–æ–∏–∑–≤–µ–...

You may provide a definition with
\DeclareUnicodeCharacter 


! Package inputenc Error: Unicode character —Ä (U+0440)
(inputenc)                not set up for use with LaTeX.

See the inputenc package documentation for explanation.
Type  H <return>  for immediate help.
 ...                                              
                                                  
l.14 ...–≤—Å–µ–≥–¥–∞ —è–≤–ª—è–µ—Ç—Å—è –ø–æ–ª—É–ø—Ä
                                                  —è–º—ã–º –ø—Ä–æ–∏–∑–≤–µ–¥–...

You may provide a definition with
\DeclareUnicodeCharacter 


! Package inputenc Error: Unicode character —è (U+044F)
(inputenc)                not set up for use with LaTeX.

See the inputenc package documentation for explanation.
Type  H <return>  for immediate help.
 ...                                              
                                                  
l.14 ...—Å–µ–≥–¥–∞ —è–≤–ª—è–µ—Ç—Å—è –ø–æ–ª—É–ø—Ä—è
                                                  –º—ã–º –ø—Ä–æ–∏–∑–≤–µ–¥–µ–...

You may provide a definition with
\DeclareUnicodeCharacter 


! Package inputenc Error: Unicode character –º (U+043C)
(inputenc)                not set up for use with LaTeX.

See the inputenc package documentation for explanation.
Type  H <return>  for immediate help.
 ...                                              
                                                  
l.14 ...–µ–≥–¥–∞ —è–≤–ª—è–µ—Ç—Å—è –ø–æ–ª—É–ø—Ä—è–º
                                                  —ã–º –ø—Ä–æ–∏–∑–≤–µ–¥–µ–Ω–...

You may provide a definition with
\DeclareUnicodeCharacter 


! Package inputenc Error: Unicode character —ã (U+044B)
(inputenc)                not set up for use with LaTeX.

See the inputenc package documentation for explanation.
Type  H <return>  for immediate help.
 ...                                              
                                                  
l.14 ...–≥–¥–∞ —è–≤–ª—è–µ—Ç—Å—è –ø–æ–ª—É–ø—Ä—è–º—ã
                                                  –º –ø—Ä–æ–∏–∑–≤–µ–¥–µ–Ω–∏–...

You may provide a definition with
\DeclareUnicodeCharacter 


! Package inputenc Error: Unicode character –º (U+043C)
(inputenc)                not set up for use with LaTeX.

See the inputenc package documentation for explanation.
Type  H <return>  for immediate help.
 ...                                              
                                                  
l.14 ...–¥–∞ —è–≤–ª—è–µ—Ç—Å—è –ø–æ–ª—É–ø—Ä—è–º—ã–º
                                                   –ø—Ä–æ–∏–∑–≤–µ–¥–µ–Ω–∏–µ–...

You may provide a definition with
\DeclareUnicodeCharacter 


! Package inputenc Error: Unicode character –ø (U+043F)
(inputenc)                not set up for use with LaTeX.

See the inputenc package documentation for explanation.
Type  H <return>  for immediate help.
 ...                                              
                                                  
l.14 ...∞ —è–≤–ª—è–µ—Ç—Å—è –ø–æ–ª—É–ø—Ä—è–º—ã–º –ø
                                                  —Ä–æ–∏–∑–≤–µ–¥–µ–Ω–∏–µ–º —...

You may provide a definition with
\DeclareUnicodeCharacter 


! Package inputenc Error: Unicode character —Ä (U+0440)
(inputenc)                not set up for use with LaTeX.

See the inputenc package documentation for explanation.
Type  H <return>  for immediate help.
 ...                                              
                                                  
l.14 ...—è–≤–ª—è–µ—Ç—Å—è –ø–æ–ª—É–ø—Ä—è–º—ã–º –ø—Ä
                                                  –æ–∏–∑–≤–µ–¥–µ–Ω–∏–µ–º —Ü–...

You may provide a definition with
\DeclareUnicodeCharacter 


! Package inputenc Error: Unicode character –æ (U+043E)
(inputenc)                not set up for use with LaTeX.

See the inputenc package documentation for explanation.
Type  H <return>  for immediate help.
 ...                                              
                                                  
l.14 ...–≤–ª—è–µ—Ç—Å—è –ø–æ–ª—É–ø—Ä—è–º—ã–º –ø—Ä–æ
                                                  –∏–∑–≤–µ–¥–µ–Ω–∏–µ–º —Ü–∏–...

You may provide a definition with
\DeclareUnicodeCharacter 


! Package inputenc Error: Unicode character –∏ (U+0438)
(inputenc)                not set up for use with LaTeX.

See the inputenc package documentation for explanation.
Type  H <return>  for immediate help.
 ...                                              
                                                  
l.14 ...–ª—è–µ—Ç—Å—è –ø–æ–ª—É–ø—Ä—è–º—ã–º –ø—Ä–æ–∏
                                                  –∑–≤–µ–¥–µ–Ω–∏–µ–º —Ü–∏–∫–...

You may provide a definition with
\DeclareUnicodeCharacter 


! Package inputenc Error: Unicode character –∑ (U+0437)
(inputenc)                not set up for use with LaTeX.

See the inputenc package documentation for explanation.
Type  H <return>  for immediate help.
 ...                                              
                                                  
l.14 ...—è–µ—Ç—Å—è –ø–æ–ª—É–ø—Ä—è–º—ã–º –ø—Ä–æ–∏–∑
                                                  –≤–µ–¥–µ–Ω–∏–µ–º —Ü–∏–∫–ª–...

You may provide a definition with
\DeclareUnicodeCharacter 


! Package inputenc Error: Unicode character –≤ (U+0432)
(inputenc)                not set up for use with LaTeX.

See the inputenc package documentation for explanation.
Type  H <return>  for immediate help.
 ...                                              
                                                  
l.14 ...–µ—Ç—Å—è –ø–æ–ª—É–ø—Ä—è–º—ã–º –ø—Ä–æ–∏–∑–≤
                                                  –µ–¥–µ–Ω–∏–µ–º —Ü–∏–∫–ª–∏—...

You may provide a definition with
\DeclareUnicodeCharacter 


! Package inputenc Error: Unicode character –µ (U+0435)
(inputenc)                not set up for use with LaTeX.

See the inputenc package documentation for explanation.
Type  H <return>  for immediate help.
 ...                                              
                                                  
l.14 ...—Ç—Å—è –ø–æ–ª—É–ø—Ä—è–º—ã–º –ø—Ä–æ–∏–∑–≤–µ
                                                  –¥–µ–Ω–∏–µ–º —Ü–∏–∫–ª–∏—á–...

You may provide a definition with
\DeclareUnicodeCharacter 


! Package inputenc Error: Unicode character –¥ (U+0434)
(inputenc)                not set up for use with LaTeX.

See the inputenc package documentation for explanation.
Type  H <return>  for immediate help.
 ...                                              
                                                  
l.14 ...—Å—è –ø–æ–ª—É–ø—Ä—è–º—ã–º –ø—Ä–æ–∏–∑–≤–µ–¥
                                                  –µ–Ω–∏–µ–º —Ü–∏–∫–ª–∏—á–µ—...

You may provide a definition with
\DeclareUnicodeCharacter 


! Package inputenc Error: Unicode character –µ (U+0435)
(inputenc)                not set up for use with LaTeX.

See the inputenc package documentation for explanation.
Type  H <return>  for immediate help.
 ...                                              
                                                  
l.14 ...—è –ø–æ–ª—É–ø—Ä—è–º—ã–º –ø—Ä–æ–∏–∑–≤–µ–¥–µ
                                                  –Ω–∏–µ–º —Ü–∏–∫–ª–∏—á–µ—Å–...

You may provide a definition with
\DeclareUnicodeCharacter 


! Package inputenc Error: Unicode character –Ω (U+043D)
(inputenc)                not set up for use with LaTeX.

See the inputenc package documentation for explanation.
Type  H <return>  for immediate help.
 ...                                              
                                                  
l.14 ... –ø–æ–ª—É–ø—Ä—è–º—ã–º –ø—Ä–æ–∏–∑–≤–µ–¥–µ–Ω
                                                  –∏–µ–º —Ü–∏–∫–ª–∏—á–µ—Å–∫–...

You may provide a definition with
\DeclareUnicodeCharacter 


! Package inputenc Error: Unicode character –∏ (U+0438)
(inputenc)                not set up for use with LaTeX.

See the inputenc package documentation for explanation.
Type  H <return>  for immediate help.
 ...                                              
                                                  
l.14 ...ø–æ–ª—É–ø—Ä—è–º—ã–º –ø—Ä–æ–∏–∑–≤–µ–¥–µ–Ω–∏
                                                  –µ–º —Ü–∏–∫–ª–∏—á–µ—Å–∫–∏—...

You may provide a definition with
\DeclareUnicodeCharacter 


! Package inputenc Error: Unicode character –µ (U+0435)
(inputenc)                not set up for use with LaTeX.

See the inputenc package documentation for explanation.
Type  H <return>  for immediate help.
 ...                                              
                                                  
l.14 ...æ–ª—É–ø—Ä—è–º—ã–º –ø—Ä–æ–∏–∑–≤–µ–¥–µ–Ω–∏–µ
                                                  –º —Ü–∏–∫–ª–∏—á–µ—Å–∫–∏—Ö ...

You may provide a definition with
\DeclareUnicodeCharacter 


! Package inputenc Error: Unicode character –º (U+043C)
(inputenc)                not set up for use with LaTeX.

See the inputenc package documentation for explanation.
Type  H <return>  for immediate help.
 ...                                              
                                                  
l.14 ...ª—É–ø—Ä—è–º—ã–º –ø—Ä–æ–∏–∑–≤–µ–¥–µ–Ω–∏–µ–º
                                                   —Ü–∏–∫–ª–∏—á–µ—Å–∫–∏—Ö –≥...

You may provide a definition with
\DeclareUnicodeCharacter 


! Package inputenc Error: Unicode character —Ü (U+0446)
(inputenc)                not set up for use with LaTeX.

See the inputenc package documentation for explanation.
Type  H <return>  for immediate help.
 ...                                              
                                                  
l.14 ...–ø—Ä—è–º—ã–º –ø—Ä–æ–∏–∑–≤–µ–¥–µ–Ω–∏–µ–º —Ü
                                                  –∏–∫–ª–∏—á–µ—Å–∫–∏—Ö –≥—Ä—...

You may provide a definition with
\DeclareUnicodeCharacter 


! Package inputenc Error: Unicode character –∏ (U+0438)
(inputenc)                not set up for use with LaTeX.

See the inputenc package documentation for explanation.
Type  H <return>  for immediate help.
 ...                                              
                                                  
l.14 ...—Ä—è–º—ã–º –ø—Ä–æ–∏–∑–≤–µ–¥–µ–Ω–∏–µ–º —Ü–∏
                                                  –∫–ª–∏—á–µ—Å–∫–∏—Ö –≥—Ä—É–...

You may provide a definition with
\DeclareUnicodeCharacter 


! Package inputenc Error: Unicode character –∫ (U+043A)
(inputenc)                not set up for use with LaTeX.

See the inputenc package documentation for explanation.
Type  H <return>  for immediate help.
 ...                                              
                                                  
l.14 ...—è–º—ã–º –ø—Ä–æ–∏–∑–≤–µ–¥–µ–Ω–∏–µ–º —Ü–∏–∫
                                                  –ª–∏—á–µ—Å–∫–∏—Ö –≥—Ä—É–ø–...

You may provide a definition with
\DeclareUnicodeCharacter 


! Package inputenc Error: Unicode character –ª (U+043B)
(inputenc)                not set up for use with LaTeX.

See the inputenc package documentation for explanation.
Type  H <return>  for immediate help.
 ...                                              
                                                  
l.14 ...–º—ã–º –ø—Ä–æ–∏–∑–≤–µ–¥–µ–Ω–∏–µ–º —Ü–∏–∫–ª
                                                  –∏—á–µ—Å–∫–∏—Ö –≥—Ä—É–ø–ø....

You may provide a definition with
\DeclareUnicodeCharacter 


! Package inputenc Error: Unicode character –∏ (U+0438)
(inputenc)                not set up for use with LaTeX.

See the inputenc package documentation for explanation.
Type  H <return>  for immediate help.
 ...                                              
                                                  
l.14 ...—ã–º –ø—Ä–æ–∏–∑–≤–µ–¥–µ–Ω–∏–µ–º —Ü–∏–∫–ª–∏
                                                  —á–µ—Å–∫–∏—Ö –≥—Ä—É–ø–ø. –...
(That makes 100 errors; please try again.) 
Here is how much of TeX's memory you used:
 62 strings out of 492895
 788 string characters out of 3133479
 57751 words of memory out of 3000000
 4068 multiletter control sequences out of 15000+200000
 6683 words of font info for 24 fonts, out of 3000000 for 9000
 1141 hyphenation exceptions out of 8191
 18i,1n,12p,387b,114s stack positions out of 5000i,500n,10000p,200000b,50000s

!  ==> Fatal error occurred, no output PDF file produced!
