This is pdfTeX, Version 3.14159265-2.6-1.40.20 (MiKTeX 2.9.7050 64-bit) (preloaded format=pdflatex 2019.8.12)  23 APR 2020 16:21
entering extended mode
**./P2.tex
(P2.tex
LaTeX2e <2018-12-01>
! Undefined control sequence.
l.2 	\section
             *{–õ–∏—Å—Ç 2}
The control sequence at the end of the top line
of your error message was never \def'ed. If you have
misspelled it (e.g., `\hobx'), type `I' and the correct
spelling (e.g., `I\hbox'). Otherwise just continue,
and I'll forget about whatever was undefined.


! LaTeX Error: Missing \begin{document}.

See the LaTeX manual or LaTeX Companion for explanation.
Type  H <return>  for immediate help.
 ...                                              
                                                  
l.2 	\section*
              {–õ–∏—Å—Ç 2}
You're in trouble here.  Try typing  <return>  to proceed.
If that doesn't work, type  X <return>  to quit.

Missing character: There is no * in font nullfont!

! Package inputenc Error: Unicode character –õ (U+041B)
(inputenc)                not set up for use with LaTeX.

See the inputenc package documentation for explanation.
Type  H <return>  for immediate help.
 ...                                              
                                                  
l.2 	\section*{–õ
                 –∏—Å—Ç 2}
You may provide a definition with
\DeclareUnicodeCharacter 


! Package inputenc Error: Unicode character –∏ (U+0438)
(inputenc)                not set up for use with LaTeX.

See the inputenc package documentation for explanation.
Type  H <return>  for immediate help.
 ...                                              
                                                  
l.2 	\section*{–õ–∏
                   —Å—Ç 2}
You may provide a definition with
\DeclareUnicodeCharacter 


! Package inputenc Error: Unicode character —Å (U+0441)
(inputenc)                not set up for use with LaTeX.

See the inputenc package documentation for explanation.
Type  H <return>  for immediate help.
 ...                                              
                                                  
l.2 	\section*{–õ–∏—Å
                     —Ç 2}
You may provide a definition with
\DeclareUnicodeCharacter 


! Package inputenc Error: Unicode character —Ç (U+0442)
(inputenc)                not set up for use with LaTeX.

See the inputenc package documentation for explanation.
Type  H <return>  for immediate help.
 ...                                              
                                                  
l.2 	\section*{–õ–∏—Å—Ç
                        2}
You may provide a definition with
\DeclareUnicodeCharacter 

Missing character: There is no 2 in font nullfont!
! Undefined control sequence.
l.3 		\subsection
                 *{2.1}
The control sequence at the end of the top line
of your error message was never \def'ed. If you have
misspelled it (e.g., `\hobx'), type `I' and the correct
spelling (e.g., `I\hbox'). Otherwise just continue,
and I'll forget about whatever was undefined.

Missing character: There is no * in font nullfont!
Missing character: There is no 2 in font nullfont!
Missing character: There is no . in font nullfont!
Missing character: There is no 1 in font nullfont!

Overfull \hbox (20.0pt too wide) in paragraph at lines 2--4
[]
 []

! Undefined control sequence.
l.6 		\subsection
                 *{2.2}
The control sequence at the end of the top line
of your error message was never \def'ed. If you have
misspelled it (e.g., `\hobx'), type `I' and the correct
spelling (e.g., `I\hbox'). Otherwise just continue,
and I'll forget about whatever was undefined.


! LaTeX Error: Missing \begin{document}.

See the LaTeX manual or LaTeX Companion for explanation.
Type  H <return>  for immediate help.
 ...                                              
                                                  
l.6 		\subsection*
                  {2.2}
You're in trouble here.  Try typing  <return>  to proceed.
If that doesn't work, type  X <return>  to quit.

Missing character: There is no * in font nullfont!
Missing character: There is no 2 in font nullfont!
Missing character: There is no . in font nullfont!
Missing character: There is no 2 in font nullfont!

Overfull \hbox (20.0pt too wide) in paragraph at lines 6--7
[] 
 []

! Undefined control sequence.
l.9 		\subsection
                 *{2.3}
The control sequence at the end of the top line
of your error message was never \def'ed. If you have
misspelled it (e.g., `\hobx'), type `I' and the correct
spelling (e.g., `I\hbox'). Otherwise just continue,
and I'll forget about whatever was undefined.


! LaTeX Error: Missing \begin{document}.

See the LaTeX manual or LaTeX Companion for explanation.
Type  H <return>  for immediate help.
 ...                                              
                                                  
l.9 		\subsection*
                  {2.3}
You're in trouble here.  Try typing  <return>  to proceed.
If that doesn't work, type  X <return>  to quit.

Missing character: There is no * in font nullfont!
Missing character: There is no 2 in font nullfont!
Missing character: There is no . in font nullfont!
Missing character: There is no 3 in font nullfont!

! Package inputenc Error: Unicode character –† (U+0420)
(inputenc)                not set up for use with LaTeX.

See the inputenc package documentation for explanation.
Type  H <return>  for immediate help.
 ...                                              
                                                  
l.10 		–†
         –∞—Å—Å–º–æ—Ç—Ä–∏–º –æ—Ä–∏—Ü–∏–∫–ª $q=0$.\\
You may provide a definition with
\DeclareUnicodeCharacter 


! Package inputenc Error: Unicode character –∞ (U+0430)
(inputenc)                not set up for use with LaTeX.

See the inputenc package documentation for explanation.
Type  H <return>  for immediate help.
 ...                                              
                                                  
l.10 		–†–∞
           —Å—Å–º–æ—Ç—Ä–∏–º –æ—Ä–∏—Ü–∏–∫–ª $q=0$.\\
You may provide a definition with
\DeclareUnicodeCharacter 


! Package inputenc Error: Unicode character —Å (U+0441)
(inputenc)                not set up for use with LaTeX.

See the inputenc package documentation for explanation.
Type  H <return>  for immediate help.
 ...                                              
                                                  
l.10 		–†–∞—Å
             —Å–º–æ—Ç—Ä–∏–º –æ—Ä–∏—Ü–∏–∫–ª $q=0$.\\
You may provide a definition with
\DeclareUnicodeCharacter 


! Package inputenc Error: Unicode character —Å (U+0441)
(inputenc)                not set up for use with LaTeX.

See the inputenc package documentation for explanation.
Type  H <return>  for immediate help.
 ...                                              
                                                  
l.10 		–†–∞—Å—Å
               –º–æ—Ç—Ä–∏–º –æ—Ä–∏—Ü–∏–∫–ª $q=0$.\\
You may provide a definition with
\DeclareUnicodeCharacter 


! Package inputenc Error: Unicode character –º (U+043C)
(inputenc)                not set up for use with LaTeX.

See the inputenc package documentation for explanation.
Type  H <return>  for immediate help.
 ...                                              
                                                  
l.10 		–†–∞—Å—Å–º
                 –æ—Ç—Ä–∏–º –æ—Ä–∏—Ü–∏–∫–ª $q=0$.\\
You may provide a definition with
\DeclareUnicodeCharacter 


! Package inputenc Error: Unicode character –æ (U+043E)
(inputenc)                not set up for use with LaTeX.

See the inputenc package documentation for explanation.
Type  H <return>  for immediate help.
 ...                                              
                                                  
l.10 		–†–∞—Å—Å–º–æ
                   —Ç—Ä–∏–º –æ—Ä–∏—Ü–∏–∫–ª $q=0$.\\
You may provide a definition with
\DeclareUnicodeCharacter 


! Package inputenc Error: Unicode character —Ç (U+0442)
(inputenc)                not set up for use with LaTeX.

See the inputenc package documentation for explanation.
Type  H <return>  for immediate help.
 ...                                              
                                                  
l.10 		–†–∞—Å—Å–º–æ—Ç
                     —Ä–∏–º –æ—Ä–∏—Ü–∏–∫–ª $q=0$.\\
You may provide a definition with
\DeclareUnicodeCharacter 


! Package inputenc Error: Unicode character —Ä (U+0440)
(inputenc)                not set up for use with LaTeX.

See the inputenc package documentation for explanation.
Type  H <return>  for immediate help.
 ...                                              
                                                  
l.10 		–†–∞—Å—Å–º–æ—Ç—Ä
                       –∏–º –æ—Ä–∏—Ü–∏–∫–ª $q=0$.\\
You may provide a definition with
\DeclareUnicodeCharacter 


! Package inputenc Error: Unicode character –∏ (U+0438)
(inputenc)                not set up for use with LaTeX.

See the inputenc package documentation for explanation.
Type  H <return>  for immediate help.
 ...                                              
                                                  
l.10 		–†–∞—Å—Å–º–æ—Ç—Ä–∏
                         –º –æ—Ä–∏—Ü–∏–∫–ª $q=0$.\\
You may provide a definition with
\DeclareUnicodeCharacter 


! Package inputenc Error: Unicode character –º (U+043C)
(inputenc)                not set up for use with LaTeX.

See the inputenc package documentation for explanation.
Type  H <return>  for immediate help.
 ...                                              
                                                  
l.10 		–†–∞—Å—Å–º–æ—Ç—Ä–∏–º
                            –æ—Ä–∏—Ü–∏–∫–ª $q=0$.\\
You may provide a definition with
\DeclareUnicodeCharacter 


! Package inputenc Error: Unicode character –æ (U+043E)
(inputenc)                not set up for use with LaTeX.

See the inputenc package documentation for explanation.
Type  H <return>  for immediate help.
 ...                                              
                                                  
l.10 		–†–∞—Å—Å–º–æ—Ç—Ä–∏–º –æ
                              —Ä–∏—Ü–∏–∫–ª $q=0$.\\
You may provide a definition with
\DeclareUnicodeCharacter 


! Package inputenc Error: Unicode character —Ä (U+0440)
(inputenc)                not set up for use with LaTeX.

See the inputenc package documentation for explanation.
Type  H <return>  for immediate help.
 ...                                              
                                                  
l.10 		–†–∞—Å—Å–º–æ—Ç—Ä–∏–º –æ—Ä
                                –∏—Ü–∏–∫–ª $q=0$.\\
You may provide a definition with
\DeclareUnicodeCharacter 


! Package inputenc Error: Unicode character –∏ (U+0438)
(inputenc)                not set up for use with LaTeX.

See the inputenc package documentation for explanation.
Type  H <return>  for immediate help.
 ...                                              
                                                  
l.10 		–†–∞—Å—Å–º–æ—Ç—Ä–∏–º –æ—Ä–∏
                                  —Ü–∏–∫–ª $q=0$.\\
You may provide a definition with
\DeclareUnicodeCharacter 


! Package inputenc Error: Unicode character —Ü (U+0446)
(inputenc)                not set up for use with LaTeX.

See the inputenc package documentation for explanation.
Type  H <return>  for immediate help.
 ...                                              
                                                  
l.10 		–†–∞—Å—Å–º–æ—Ç—Ä–∏–º –æ—Ä–∏—Ü
                                    –∏–∫–ª $q=0$.\\
You may provide a definition with
\DeclareUnicodeCharacter 


! Package inputenc Error: Unicode character –∏ (U+0438)
(inputenc)                not set up for use with LaTeX.

See the inputenc package documentation for explanation.
Type  H <return>  for immediate help.
 ...                                              
                                                  
l.10 		–†–∞—Å—Å–º–æ—Ç—Ä–∏–º –æ—Ä–∏—Ü–∏
                                      –∫–ª $q=0$.\\
You may provide a definition with
\DeclareUnicodeCharacter 


! Package inputenc Error: Unicode character –∫ (U+043A)
(inputenc)                not set up for use with LaTeX.

See the inputenc package documentation for explanation.
Type  H <return>  for immediate help.
 ...                                              
                                                  
l.10 		–†–∞—Å—Å–º–æ—Ç—Ä–∏–º –æ—Ä–∏—Ü–∏–∫
                                        –ª $q=0$.\\
You may provide a definition with
\DeclareUnicodeCharacter 


! Package inputenc Error: Unicode character –ª (U+043B)
(inputenc)                not set up for use with LaTeX.

See the inputenc package documentation for explanation.
Type  H <return>  for immediate help.
 ...                                              
                                                  
l.10 		–†–∞—Å—Å–º–æ—Ç—Ä–∏–º –æ—Ä–∏—Ü–∏–∫–ª
                                           $q=0$.\\
You may provide a definition with
\DeclareUnicodeCharacter 

LaTeX Font Info:    External font `cmex10' loaded for size
(Font)              <7> on input line 10.
LaTeX Font Info:    External font `cmex10' loaded for size
(Font)              <5> on input line 10.
Missing character: There is no . in font nullfont!

! Package inputenc Error: Unicode character –ó (U+0417)
(inputenc)                not set up for use with LaTeX.

See the inputenc package documentation for explanation.
Type  H <return>  for immediate help.
 ...                                              
                                                  
l.11 		–ó
         –∞–º–µ—Ç–∏–º —á—Ç–æ –µ—Å–ª–∏ $g(f)$ -- –≥–µ–æ–¥–µ–∑–∏—á–µ—Å–∫–∞—è, ...

You may provide a definition with
\DeclareUnicodeCharacter 


! Package inputenc Error: Unicode character –∞ (U+0430)
(inputenc)                not set up for use with LaTeX.

See the inputenc package documentation for explanation.
Type  H <return>  for immediate help.
 ...                                              
                                                  
l.11 		–ó–∞
           –º–µ—Ç–∏–º —á—Ç–æ –µ—Å–ª–∏ $g(f)$ -- –≥–µ–æ–¥–µ–∑–∏—á–µ—Å–∫–∞—è, ...

You may provide a definition with
\DeclareUnicodeCharacter 


! Package inputenc Error: Unicode character –º (U+043C)
(inputenc)                not set up for use with LaTeX.

See the inputenc package documentation for explanation.
Type  H <return>  for immediate help.
 ...                                              
                                                  
l.11 		–ó–∞–º
             –µ—Ç–∏–º —á—Ç–æ –µ—Å–ª–∏ $g(f)$ -- –≥–µ–æ–¥–µ–∑–∏—á–µ—Å–∫–∞—è, ...

You may provide a definition with
\DeclareUnicodeCharacter 


! Package inputenc Error: Unicode character –µ (U+0435)
(inputenc)                not set up for use with LaTeX.

See the inputenc package documentation for explanation.
Type  H <return>  for immediate help.
 ...                                              
                                                  
l.11 		–ó–∞–º–µ
               —Ç–∏–º —á—Ç–æ –µ—Å–ª–∏ $g(f)$ -- –≥–µ–æ–¥–µ–∑–∏—á–µ—Å–∫–∞—è, ...

You may provide a definition with
\DeclareUnicodeCharacter 


! Package inputenc Error: Unicode character —Ç (U+0442)
(inputenc)                not set up for use with LaTeX.

See the inputenc package documentation for explanation.
Type  H <return>  for immediate help.
 ...                                              
                                                  
l.11 		–ó–∞–º–µ—Ç
                 –∏–º —á—Ç–æ –µ—Å–ª–∏ $g(f)$ -- –≥–µ–æ–¥–µ–∑–∏—á–µ—Å–∫–∞—è, ...

You may provide a definition with
\DeclareUnicodeCharacter 


! Package inputenc Error: Unicode character –∏ (U+0438)
(inputenc)                not set up for use with LaTeX.

See the inputenc package documentation for explanation.
Type  H <return>  for immediate help.
 ...                                              
                                                  
l.11 		–ó–∞–º–µ—Ç–∏
                   –º —á—Ç–æ –µ—Å–ª–∏ $g(f)$ -- –≥–µ–æ–¥–µ–∑–∏—á–µ—Å–∫–∞—è, ...

You may provide a definition with
\DeclareUnicodeCharacter 


! Package inputenc Error: Unicode character –º (U+043C)
(inputenc)                not set up for use with LaTeX.

See the inputenc package documentation for explanation.
Type  H <return>  for immediate help.
 ...                                              
                                                  
l.11 		–ó–∞–º–µ—Ç–∏–º
                      —á—Ç–æ –µ—Å–ª–∏ $g(f)$ -- –≥–µ–æ–¥–µ–∑–∏—á–µ—Å–∫–∞—è, ...

You may provide a definition with
\DeclareUnicodeCharacter 


! Package inputenc Error: Unicode character —á (U+0447)
(inputenc)                not set up for use with LaTeX.

See the inputenc package documentation for explanation.
Type  H <return>  for immediate help.
 ...                                              
                                                  
l.11 		–ó–∞–º–µ—Ç–∏–º —á
                        —Ç–æ –µ—Å–ª–∏ $g(f)$ -- –≥–µ–æ–¥–µ–∑–∏—á–µ—Å–∫–∞—è, ...

You may provide a definition with
\DeclareUnicodeCharacter 


! Package inputenc Error: Unicode character —Ç (U+0442)
(inputenc)                not set up for use with LaTeX.

See the inputenc package documentation for explanation.
Type  H <return>  for immediate help.
 ...                                              
                                                  
l.11 		–ó–∞–º–µ—Ç–∏–º —á—Ç
                          –æ –µ—Å–ª–∏ $g(f)$ -- –≥–µ–æ–¥–µ–∑–∏—á–µ—Å–∫–∞—è, ...

You may provide a definition with
\DeclareUnicodeCharacter 


! Package inputenc Error: Unicode character –æ (U+043E)
(inputenc)                not set up for use with LaTeX.

See the inputenc package documentation for explanation.
Type  H <return>  for immediate help.
 ...                                              
                                                  
l.11 		–ó–∞–º–µ—Ç–∏–º —á—Ç–æ
                             –µ—Å–ª–∏ $g(f)$ -- –≥–µ–æ–¥–µ–∑–∏—á–µ—Å–∫–∞—è, ...

You may provide a definition with
\DeclareUnicodeCharacter 


! Package inputenc Error: Unicode character –µ (U+0435)
(inputenc)                not set up for use with LaTeX.

See the inputenc package documentation for explanation.
Type  H <return>  for immediate help.
 ...                                              
                                                  
l.11 		–ó–∞–º–µ—Ç–∏–º —á—Ç–æ –µ
                               —Å–ª–∏ $g(f)$ -- –≥–µ–æ–¥–µ–∑–∏—á–µ—Å–∫–∞—è, ...

You may provide a definition with
\DeclareUnicodeCharacter 


! Package inputenc Error: Unicode character —Å (U+0441)
(inputenc)                not set up for use with LaTeX.

See the inputenc package documentation for explanation.
Type  H <return>  for immediate help.
 ...                                              
                                                  
l.11 		–ó–∞–º–µ—Ç–∏–º —á—Ç–æ –µ—Å
                                 –ª–∏ $g(f)$ -- –≥–µ–æ–¥–µ–∑–∏—á–µ—Å–∫–∞—è, ...

You may provide a definition with
\DeclareUnicodeCharacter 


! Package inputenc Error: Unicode character –ª (U+043B)
(inputenc)                not set up for use with LaTeX.

See the inputenc package documentation for explanation.
Type  H <return>  for immediate help.
 ...                                              
                                                  
l.11 		–ó–∞–º–µ—Ç–∏–º —á—Ç–æ –µ—Å–ª
                                   –∏ $g(f)$ -- –≥–µ–æ–¥–µ–∑–∏—á–µ—Å–∫–∞—è, ...

You may provide a definition with
\DeclareUnicodeCharacter 


! Package inputenc Error: Unicode character –∏ (U+0438)
(inputenc)                not set up for use with LaTeX.

See the inputenc package documentation for explanation.
Type  H <return>  for immediate help.
 ...                                              
                                                  
l.11 		–ó–∞–º–µ—Ç–∏–º —á—Ç–æ –µ—Å–ª–∏
                                      $g(f)$ -- –≥–µ–æ–¥–µ–∑–∏—á–µ—Å–∫–∞—è, ...

You may provide a definition with
\DeclareUnicodeCharacter 

Missing character: There is no - in font nullfont!
Missing character: There is no - in font nullfont!

! Package inputenc Error: Unicode character –≥ (U+0433)
(inputenc)                not set up for use with LaTeX.

See the inputenc package documentation for explanation.
Type  H <return>  for immediate help.
 ...                                              
                                                  
l.11 		–ó–∞–º–µ—Ç–∏–º —á—Ç–æ –µ—Å–ª–∏ $g(f)$ -- –≥
                                                  –µ–æ–¥–µ–∑–∏—á–µ—Å–∫–∞—è, ...

You may provide a definition with
\DeclareUnicodeCharacter 


! Package inputenc Error: Unicode character –µ (U+0435)
(inputenc)                not set up for use with LaTeX.

See the inputenc package documentation for explanation.
Type  H <return>  for immediate help.
 ...                                              
                                                  
l.11 ...∞–º–µ—Ç–∏–º —á—Ç–æ –µ—Å–ª–∏ $g(f)$ -- –≥–µ
                                                  –æ–¥–µ–∑–∏—á–µ—Å–∫–∞—è, –æ...

You may provide a definition with
\DeclareUnicodeCharacter 


! Package inputenc Error: Unicode character –æ (U+043E)
(inputenc)                not set up for use with LaTeX.

See the inputenc package documentation for explanation.
Type  H <return>  for immediate help.
 ...                                              
                                                  
l.11 ...º–µ—Ç–∏–º —á—Ç–æ –µ—Å–ª–∏ $g(f)$ -- –≥–µ–æ
                                                  –¥–µ–∑–∏—á–µ—Å–∫–∞—è, –æ–¥...

You may provide a definition with
\DeclareUnicodeCharacter 


! Package inputenc Error: Unicode character –¥ (U+0434)
(inputenc)                not set up for use with LaTeX.

See the inputenc package documentation for explanation.
Type  H <return>  for immediate help.
 ...                                              
                                                  
l.11 ...µ—Ç–∏–º —á—Ç–æ –µ—Å–ª–∏ $g(f)$ -- –≥–µ–æ–¥
                                                  –µ–∑–∏—á–µ—Å–∫–∞—è, –æ–¥–∏...

You may provide a definition with
\DeclareUnicodeCharacter 


! Package inputenc Error: Unicode character –µ (U+0435)
(inputenc)                not set up for use with LaTeX.

See the inputenc package documentation for explanation.
Type  H <return>  for immediate help.
 ...                                              
                                                  
l.11 ...Ç–∏–º —á—Ç–æ –µ—Å–ª–∏ $g(f)$ -- –≥–µ–æ–¥–µ
                                                  –∑–∏—á–µ—Å–∫–∞—è, –æ–¥–∏–Ω...

You may provide a definition with
\DeclareUnicodeCharacter 


! Package inputenc Error: Unicode character –∑ (U+0437)
(inputenc)                not set up for use with LaTeX.

See the inputenc package documentation for explanation.
Type  H <return>  for immediate help.
 ...                                              
                                                  
l.11 ...∏–º —á—Ç–æ –µ—Å–ª–∏ $g(f)$ -- –≥–µ–æ–¥–µ–∑
                                                  –∏—á–µ—Å–∫–∞—è, –æ–¥–∏–Ω –...

You may provide a definition with
\DeclareUnicodeCharacter 


! Package inputenc Error: Unicode character –∏ (U+0438)
(inputenc)                not set up for use with LaTeX.

See the inputenc package documentation for explanation.
Type  H <return>  for immediate help.
 ...                                              
                                                  
l.11 ...º —á—Ç–æ –µ—Å–ª–∏ $g(f)$ -- –≥–µ–æ–¥–µ–∑–∏
                                                  —á–µ—Å–∫–∞—è, –æ–¥–∏–Ω –∏–...

You may provide a definition with
\DeclareUnicodeCharacter 


! Package inputenc Error: Unicode character —á (U+0447)
(inputenc)                not set up for use with LaTeX.

See the inputenc package documentation for explanation.
Type  H <return>  for immediate help.
 ...                                              
                                                  
l.11 ...—á—Ç–æ –µ—Å–ª–∏ $g(f)$ -- –≥–µ–æ–¥–µ–∑–∏—á
                                                  –µ—Å–∫–∞—è, –æ–¥–∏–Ω –∏–∑ ...

You may provide a definition with
\DeclareUnicodeCharacter 


! Package inputenc Error: Unicode character –µ (U+0435)
(inputenc)                not set up for use with LaTeX.

See the inputenc package documentation for explanation.
Type  H <return>  for immediate help.
 ...                                              
                                                  
l.11 ...—Ç–æ –µ—Å–ª–∏ $g(f)$ -- –≥–µ–æ–¥–µ–∑–∏—á–µ
                                                  —Å–∫–∞—è, –æ–¥–∏–Ω –∏–∑ –∫...

You may provide a definition with
\DeclareUnicodeCharacter 


! Package inputenc Error: Unicode character —Å (U+0441)
(inputenc)                not set up for use with LaTeX.

See the inputenc package documentation for explanation.
Type  H <return>  for immediate help.
 ...                                              
                                                  
l.11 ...–æ –µ—Å–ª–∏ $g(f)$ -- –≥–µ–æ–¥–µ–∑–∏—á–µ—Å
                                                  –∫–∞—è, –æ–¥–∏–Ω –∏–∑ –∫–æ...

You may provide a definition with
\DeclareUnicodeCharacter 


! Package inputenc Error: Unicode character –∫ (U+043A)
(inputenc)                not set up for use with LaTeX.

See the inputenc package documentation for explanation.
Type  H <return>  for immediate help.
 ...                                              
                                                  
l.11 ... –µ—Å–ª–∏ $g(f)$ -- –≥–µ–æ–¥–µ–∑–∏—á–µ—Å–∫
                                                  –∞—è, –æ–¥–∏–Ω –∏–∑ –∫–æ–Ω...

You may provide a definition with
\DeclareUnicodeCharacter 


! Package inputenc Error: Unicode character –∞ (U+0430)
(inputenc)                not set up for use with LaTeX.

See the inputenc package documentation for explanation.
Type  H <return>  for immediate help.
 ...                                              
                                                  
l.11 ...µ—Å–ª–∏ $g(f)$ -- –≥–µ–æ–¥–µ–∑–∏—á–µ—Å–∫–∞
                                                  —è, –æ–¥–∏–Ω –∏–∑ –∫–æ–Ω—Ü...

You may provide a definition with
\DeclareUnicodeCharacter 


! Package inputenc Error: Unicode character —è (U+044F)
(inputenc)                not set up for use with LaTeX.

See the inputenc package documentation for explanation.
Type  H <return>  for immediate help.
 ...                                              
                                                  
l.11 ...Å–ª–∏ $g(f)$ -- –≥–µ–æ–¥–µ–∑–∏—á–µ—Å–∫–∞—è
                                                  , –æ–¥–∏–Ω –∏–∑ –∫–æ–Ω—Ü–æ...

You may provide a definition with
\DeclareUnicodeCharacter 

Missing character: There is no , in font nullfont!

! Package inputenc Error: Unicode character –æ (U+043E)
(inputenc)                not set up for use with LaTeX.

See the inputenc package documentation for explanation.
Type  H <return>  for immediate help.
 ...                                              
                                                  
l.11 ...∏ $g(f)$ -- –≥–µ–æ–¥–µ–∑–∏—á–µ—Å–∫–∞—è, –æ
                                                  –¥–∏–Ω –∏–∑ –∫–æ–Ω—Ü–æ–≤ –...

You may provide a definition with
\DeclareUnicodeCharacter 


! Package inputenc Error: Unicode character –¥ (U+0434)
(inputenc)                not set up for use with LaTeX.

See the inputenc package documentation for explanation.
Type  H <return>  for immediate help.
 ...                                              
                                                  
l.11 ...$g(f)$ -- –≥–µ–æ–¥–µ–∑–∏—á–µ—Å–∫–∞—è, –æ–¥
                                                  –∏–Ω –∏–∑ –∫–æ–Ω—Ü–æ–≤ –∫–...

You may provide a definition with
\DeclareUnicodeCharacter 


! Package inputenc Error: Unicode character –∏ (U+0438)
(inputenc)                not set up for use with LaTeX.

See the inputenc package documentation for explanation.
Type  H <return>  for immediate help.
 ...                                              
                                                  
l.11 ...(f)$ -- –≥–µ–æ–¥–µ–∑–∏—á–µ—Å–∫–∞—è, –æ–¥–∏
                                                  –Ω –∏–∑ –∫–æ–Ω—Ü–æ–≤ –∫–æ—...

You may provide a definition with
\DeclareUnicodeCharacter 


! Package inputenc Error: Unicode character –Ω (U+043D)
(inputenc)                not set up for use with LaTeX.

See the inputenc package documentation for explanation.
Type  H <return>  for immediate help.
 ...                                              
                                                  
l.11 ...)$ -- –≥–µ–æ–¥–µ–∑–∏—á–µ—Å–∫–∞—è, –æ–¥–∏–Ω
                                                   –∏–∑ –∫–æ–Ω—Ü–æ–≤ –∫–æ—Ç–...

You may provide a definition with
\DeclareUnicodeCharacter 


! Package inputenc Error: Unicode character –∏ (U+0438)
(inputenc)                not set up for use with LaTeX.

See the inputenc package documentation for explanation.
Type  H <return>  for immediate help.
 ...                                              
                                                  
l.11 ...-- –≥–µ–æ–¥–µ–∑–∏—á–µ—Å–∫–∞—è, –æ–¥–∏–Ω –∏
                                                  –∑ –∫–æ–Ω—Ü–æ–≤ –∫–æ—Ç–æ—Ä...

You may provide a definition with
\DeclareUnicodeCharacter 


! Package inputenc Error: Unicode character –∑ (U+0437)
(inputenc)                not set up for use with LaTeX.

See the inputenc package documentation for explanation.
Type  H <return>  for immediate help.
 ...                                              
                                                  
l.11 ... –≥–µ–æ–¥–µ–∑–∏—á–µ—Å–∫–∞—è, –æ–¥–∏–Ω –∏–∑
                                                   –∫–æ–Ω—Ü–æ–≤ –∫–æ—Ç–æ—Ä–æ...

You may provide a definition with
\DeclareUnicodeCharacter 


! Package inputenc Error: Unicode character –∫ (U+043A)
(inputenc)                not set up for use with LaTeX.

See the inputenc package documentation for explanation.
Type  H <return>  for immediate help.
 ...                                              
                                                  
l.11 ...–µ–æ–¥–µ–∑–∏—á–µ—Å–∫–∞—è, –æ–¥–∏–Ω –∏–∑ –∫
                                                  –æ–Ω—Ü–æ–≤ –∫–æ—Ç–æ—Ä–æ–π ...

You may provide a definition with
\DeclareUnicodeCharacter 


! Package inputenc Error: Unicode character –æ (U+043E)
(inputenc)                not set up for use with LaTeX.

See the inputenc package documentation for explanation.
Type  H <return>  for immediate help.
 ...                                              
                                                  
l.11 ...–æ–¥–µ–∑–∏—á–µ—Å–∫–∞—è, –æ–¥–∏–Ω –∏–∑ –∫–æ
                                                  –Ω—Ü–æ–≤ –∫–æ—Ç–æ—Ä–æ–π —è...

You may provide a definition with
\DeclareUnicodeCharacter 


! Package inputenc Error: Unicode character –Ω (U+043D)
(inputenc)                not set up for use with LaTeX.

See the inputenc package documentation for explanation.
Type  H <return>  for immediate help.
 ...                                              
                                                  
l.11 ...–¥–µ–∑–∏—á–µ—Å–∫–∞—è, –æ–¥–∏–Ω –∏–∑ –∫–æ–Ω
                                                  —Ü–æ–≤ –∫–æ—Ç–æ—Ä–æ–π —è–≤...

You may provide a definition with
\DeclareUnicodeCharacter 


! Package inputenc Error: Unicode character —Ü (U+0446)
(inputenc)                not set up for use with LaTeX.

See the inputenc package documentation for explanation.
Type  H <return>  for immediate help.
 ...                                              
                                                  
l.11 ...–µ–∑–∏—á–µ—Å–∫–∞—è, –æ–¥–∏–Ω –∏–∑ –∫–æ–Ω—Ü
                                                  –æ–≤ –∫–æ—Ç–æ—Ä–æ–π —è–≤–ª...

You may provide a definition with
\DeclareUnicodeCharacter 


! Package inputenc Error: Unicode character –æ (U+043E)
(inputenc)                not set up for use with LaTeX.

See the inputenc package documentation for explanation.
Type  H <return>  for immediate help.
 ...                                              
                                                  
l.11 ...–∑–∏—á–µ—Å–∫–∞—è, –æ–¥–∏–Ω –∏–∑ –∫–æ–Ω—Ü–æ
                                                  –≤ –∫–æ—Ç–æ—Ä–æ–π —è–≤–ª—è...

You may provide a definition with
\DeclareUnicodeCharacter 


! Package inputenc Error: Unicode character –≤ (U+0432)
(inputenc)                not set up for use with LaTeX.

See the inputenc package documentation for explanation.
Type  H <return>  for immediate help.
 ...                                              
                                                  
l.11 ...–∏—á–µ—Å–∫–∞—è, –æ–¥–∏–Ω –∏–∑ –∫–æ–Ω—Ü–æ–≤
                                                   –∫–æ—Ç–æ—Ä–æ–π —è–≤–ª—è–µ...

You may provide a definition with
\DeclareUnicodeCharacter 


! Package inputenc Error: Unicode character –∫ (U+043A)
(inputenc)                not set up for use with LaTeX.

See the inputenc package documentation for explanation.
Type  H <return>  for immediate help.
 ...                                              
                                                  
l.11 ...á–µ—Å–∫–∞—è, –æ–¥–∏–Ω –∏–∑ –∫–æ–Ω—Ü–æ–≤ –∫
                                                  –æ—Ç–æ—Ä–æ–π —è–≤–ª—è–µ—Ç—...

You may provide a definition with
\DeclareUnicodeCharacter 


! Package inputenc Error: Unicode character –æ (U+043E)
(inputenc)                not set up for use with LaTeX.

See the inputenc package documentation for explanation.
Type  H <return>  for immediate help.
 ...                                              
                                                  
l.11 ...µ—Å–∫–∞—è, –æ–¥–∏–Ω –∏–∑ –∫–æ–Ω—Ü–æ–≤ –∫–æ
                                                  —Ç–æ—Ä–æ–π —è–≤–ª—è–µ—Ç—Å—...

You may provide a definition with
\DeclareUnicodeCharacter 


! Package inputenc Error: Unicode character —Ç (U+0442)
(inputenc)                not set up for use with LaTeX.

See the inputenc package documentation for explanation.
Type  H <return>  for immediate help.
 ...                                              
                                                  
l.11 ...Å–∫–∞—è, –æ–¥–∏–Ω –∏–∑ –∫–æ–Ω—Ü–æ–≤ –∫–æ—Ç
                                                  –æ—Ä–æ–π —è–≤–ª—è–µ—Ç—Å—è ...

You may provide a definition with
\DeclareUnicodeCharacter 


! Package inputenc Error: Unicode character –æ (U+043E)
(inputenc)                not set up for use with LaTeX.

See the inputenc package documentation for explanation.
Type  H <return>  for immediate help.
 ...                                              
                                                  
l.11 ...∫–∞—è, –æ–¥–∏–Ω –∏–∑ –∫–æ–Ω—Ü–æ–≤ –∫–æ—Ç–æ
                                                  —Ä–æ–π —è–≤–ª—è–µ—Ç—Å—è $\...

You may provide a definition with
\DeclareUnicodeCharacter 


! Package inputenc Error: Unicode character —Ä (U+0440)
(inputenc)                not set up for use with LaTeX.

See the inputenc package documentation for explanation.
Type  H <return>  for immediate help.
 ...                                              
                                                  
l.11 ...∞—è, –æ–¥–∏–Ω –∏–∑ –∫–æ–Ω—Ü–æ–≤ –∫–æ—Ç–æ—Ä
                                                  –æ–π —è–≤–ª—è–µ—Ç—Å—è $\in...

You may provide a definition with
\DeclareUnicodeCharacter 


! Package inputenc Error: Unicode character –æ (U+043E)
(inputenc)                not set up for use with LaTeX.

See the inputenc package documentation for explanation.
Type  H <return>  for immediate help.
 ...                                              
                                                  
l.11 ...è, –æ–¥–∏–Ω –∏–∑ –∫–æ–Ω—Ü–æ–≤ –∫–æ—Ç–æ—Ä–æ
                                                  –π —è–≤–ª—è–µ—Ç—Å—è $\inft...

You may provide a definition with
\DeclareUnicodeCharacter 


! Package inputenc Error: Unicode character –π (U+0439)
(inputenc)                not set up for use with LaTeX.

See the inputenc package documentation for explanation.
Type  H <return>  for immediate help.
 ...                                              
                                                  
l.11 ... –æ–¥–∏–Ω –∏–∑ –∫–æ–Ω—Ü–æ–≤ –∫–æ—Ç–æ—Ä–æ–π
                                                   —è–≤–ª—è–µ—Ç—Å—è $\infty$...

You may provide a definition with
\DeclareUnicodeCharacter 


! Package inputenc Error: Unicode character —è (U+044F)
(inputenc)                not set up for use with LaTeX.

See the inputenc package documentation for explanation.
Type  H <return>  for immediate help.
 ...                                              
                                                  
l.11 ...–¥–∏–Ω –∏–∑ –∫–æ–Ω—Ü–æ–≤ –∫–æ—Ç–æ—Ä–æ–π —è
                                                  –≤–ª—è–µ—Ç—Å—è $\infty$. –...

You may provide a definition with
\DeclareUnicodeCharacter 


! Package inputenc Error: Unicode character –≤ (U+0432)
(inputenc)                not set up for use with LaTeX.

See the inputenc package documentation for explanation.
Type  H <return>  for immediate help.
 ...                                              
                                                  
l.11 ...–∏–Ω –∏–∑ –∫–æ–Ω—Ü–æ–≤ –∫–æ—Ç–æ—Ä–æ–π —è–≤
                                                  –ª—è–µ—Ç—Å—è $\infty$. –¢–...

You may provide a definition with
\DeclareUnicodeCharacter 


! Package inputenc Error: Unicode character –ª (U+043B)
(inputenc)                not set up for use with LaTeX.

See the inputenc package documentation for explanation.
Type  H <return>  for immediate help.
 ...                                              
                                                  
l.11 ...–Ω –∏–∑ –∫–æ–Ω—Ü–æ–≤ –∫–æ—Ç–æ—Ä–æ–π —è–≤–ª
                                                  —è–µ—Ç—Å—è $\infty$. –¢–æ–...

You may provide a definition with
\DeclareUnicodeCharacter 


! Package inputenc Error: Unicode character —è (U+044F)
(inputenc)                not set up for use with LaTeX.

See the inputenc package documentation for explanation.
Type  H <return>  for immediate help.
 ...                                              
                                                  
l.11 ... –∏–∑ –∫–æ–Ω—Ü–æ–≤ –∫–æ—Ç–æ—Ä–æ–π —è–≤–ª—è
                                                  –µ—Ç—Å—è $\infty$. –¢–æ–≥–...

You may provide a definition with
\DeclareUnicodeCharacter 


! Package inputenc Error: Unicode character –µ (U+0435)
(inputenc)                not set up for use with LaTeX.

See the inputenc package documentation for explanation.
Type  H <return>  for immediate help.
 ...                                              
                                                  
l.11 ...∏–∑ –∫–æ–Ω—Ü–æ–≤ –∫–æ—Ç–æ—Ä–æ–π —è–≤–ª—è–µ
                                                  —Ç—Å—è $\infty$. –¢–æ–≥–¥–...

You may provide a definition with
\DeclareUnicodeCharacter 


! Package inputenc Error: Unicode character —Ç (U+0442)
(inputenc)                not set up for use with LaTeX.

See the inputenc package documentation for explanation.
Type  H <return>  for immediate help.
 ...                                              
                                                  
l.11 ...∑ –∫–æ–Ω—Ü–æ–≤ –∫–æ—Ç–æ—Ä–æ–π —è–≤–ª—è–µ—Ç
                                                  —Å—è $\infty$. –¢–æ–≥–¥–∞ ...

You may provide a definition with
\DeclareUnicodeCharacter 


! Package inputenc Error: Unicode character —Å (U+0441)
(inputenc)                not set up for use with LaTeX.

See the inputenc package documentation for explanation.
Type  H <return>  for immediate help.
 ...                                              
                                                  
l.11 ...–∫–æ–Ω—Ü–æ–≤ –∫–æ—Ç–æ—Ä–æ–π —è–≤–ª—è–µ—Ç—Å
                                                  —è $\infty$. –¢–æ–≥–¥–∞ –¥...

You may provide a definition with
\DeclareUnicodeCharacter 


! Package inputenc Error: Unicode character —è (U+044F)
(inputenc)                not set up for use with LaTeX.

See the inputenc package documentation for explanation.
Type  H <return>  for immediate help.
 ...                                              
                                                  
l.11 ...–æ–Ω—Ü–æ–≤ –∫–æ—Ç–æ—Ä–æ–π —è–≤–ª—è–µ—Ç—Å—è
                                                   $\infty$. –¢–æ–≥–¥–∞ –¥–ª...

You may provide a definition with
\DeclareUnicodeCharacter 

Missing character: There is no . in font nullfont!

! Package inputenc Error: Unicode character –¢ (U+0422)
(inputenc)                not set up for use with LaTeX.

See the inputenc package documentation for explanation.
Type  H <return>  for immediate help.
 ...                                              
                                                  
l.11 ...–æ—Ç–æ—Ä–æ–π —è–≤–ª—è–µ—Ç—Å—è $\infty$. –¢
                                                  –æ–≥–¥–∞ –¥–ª—è –Ω–µ–µ –≤—...

You may provide a definition with
\DeclareUnicodeCharacter 


! Package inputenc Error: Unicode character –æ (U+043E)
(inputenc)                not set up for use with LaTeX.

See the inputenc package documentation for explanation.
Type  H <return>  for immediate help.
 ...                                              
                                                  
l.11 ...—Ç–æ—Ä–æ–π —è–≤–ª—è–µ—Ç—Å—è $\infty$. –¢–æ
                                                  –≥–¥–∞ –¥–ª—è –Ω–µ–µ –≤—ã–...

You may provide a definition with
\DeclareUnicodeCharacter 


! Package inputenc Error: Unicode character –≥ (U+0433)
(inputenc)                not set up for use with LaTeX.

See the inputenc package documentation for explanation.
Type  H <return>  for immediate help.
 ...                                              
                                                  
l.11 ...–æ—Ä–æ–π —è–≤–ª—è–µ—Ç—Å—è $\infty$. –¢–æ–≥
                                                  –¥–∞ –¥–ª—è –Ω–µ–µ –≤—ã–ø–...

You may provide a definition with
\DeclareUnicodeCharacter 


! Package inputenc Error: Unicode character –¥ (U+0434)
(inputenc)                not set up for use with LaTeX.

See the inputenc package documentation for explanation.
Type  H <return>  for immediate help.
 ...                                              
                                                  
l.11 ...—Ä–æ–π —è–≤–ª—è–µ—Ç—Å—è $\infty$. –¢–æ–≥–¥
                                                  –∞ –¥–ª—è –Ω–µ–µ –≤—ã–ø–æ–...

You may provide a definition with
\DeclareUnicodeCharacter 


! Package inputenc Error: Unicode character –∞ (U+0430)
(inputenc)                not set up for use with LaTeX.

See the inputenc package documentation for explanation.
Type  H <return>  for immediate help.
 ...                                              
                                                  
l.11 ...–æ–π —è–≤–ª—è–µ—Ç—Å—è $\infty$. –¢–æ–≥–¥–∞
                                                   –¥–ª—è –Ω–µ–µ –≤—ã–ø–æ–ª–...

You may provide a definition with
\DeclareUnicodeCharacter 


! Package inputenc Error: Unicode character –¥ (U+0434)
(inputenc)                not set up for use with LaTeX.

See the inputenc package documentation for explanation.
Type  H <return>  for immediate help.
 ...                                              
                                                  
l.11 ...π —è–≤–ª—è–µ—Ç—Å—è $\infty$. –¢–æ–≥–¥–∞ –¥
                                                  –ª—è –Ω–µ–µ –≤—ã–ø–æ–ª–Ω–µ...

You may provide a definition with
\DeclareUnicodeCharacter 


! Package inputenc Error: Unicode character –ª (U+043B)
(inputenc)                not set up for use with LaTeX.

See the inputenc package documentation for explanation.
Type  H <return>  for immediate help.
 ...                                              
                                                  
l.11 ...—è–≤–ª—è–µ—Ç—Å—è $\infty$. –¢–æ–≥–¥–∞ –¥–ª
                                                  —è –Ω–µ–µ –≤—ã–ø–æ–ª–Ω–µ–Ω–æ
You may provide a definition with
\DeclareUnicodeCharacter 


! Package inputenc Error: Unicode character —è (U+044F)
(inputenc)                not set up for use with LaTeX.

See the inputenc package documentation for explanation.
Type  H <return>  for immediate help.
 ...                                              
                                                  
l.11 ...–≤–ª—è–µ—Ç—Å—è $\infty$. –¢–æ–≥–¥–∞ –¥–ª—è
                                                   –Ω–µ–µ –≤—ã–ø–æ–ª–Ω–µ–Ω–æ
You may provide a definition with
\DeclareUnicodeCharacter 


! Package inputenc Error: Unicode character –Ω (U+043D)
(inputenc)                not set up for use with LaTeX.

See the inputenc package documentation for explanation.
Type  H <return>  for immediate help.
 ...                                              
                                                  
l.11 ...ª—è–µ—Ç—Å—è $\infty$. –¢–æ–≥–¥–∞ –¥–ª—è –Ω
                                                  –µ–µ –≤—ã–ø–æ–ª–Ω–µ–Ω–æ
You may provide a definition with
\DeclareUnicodeCharacter 


! Package inputenc Error: Unicode character –µ (U+0435)
(inputenc)                not set up for use with LaTeX.

See the inputenc package documentation for explanation.
Type  H <return>  for immediate help.
 ...                                              
                                                  
l.11 ...è–µ—Ç—Å—è $\infty$. –¢–æ–≥–¥–∞ –¥–ª—è –Ω–µ
                                                  –µ –≤—ã–ø–æ–ª–Ω–µ–Ω–æ
You may provide a definition with
\DeclareUnicodeCharacter 


! Package inputenc Error: Unicode character –µ (U+0435)
(inputenc)                not set up for use with LaTeX.

See the inputenc package documentation for explanation.
Type  H <return>  for immediate help.
 ...                                              
                                                  
l.11 ...µ—Ç—Å—è $\infty$. –¢–æ–≥–¥–∞ –¥–ª—è –Ω–µ–µ
                                                   –≤—ã–ø–æ–ª–Ω–µ–Ω–æ
You may provide a definition with
\DeclareUnicodeCharacter 


! Package inputenc Error: Unicode character –≤ (U+0432)
(inputenc)                not set up for use with LaTeX.

See the inputenc package documentation for explanation.
Type  H <return>  for immediate help.
 ...                                              
                                                  
l.11 ...—Å—è $\infty$. –¢–æ–≥–¥–∞ –¥–ª—è –Ω–µ–µ –≤
                                                  —ã–ø–æ–ª–Ω–µ–Ω–æ
You may provide a definition with
\DeclareUnicodeCharacter 


! Package inputenc Error: Unicode character —ã (U+044B)
(inputenc)                not set up for use with LaTeX.

See the inputenc package documentation for explanation.
Type  H <return>  for immediate help.
 ...                                              
                                                  
l.11 ...—è $\infty$. –¢–æ–≥–¥–∞ –¥–ª—è –Ω–µ–µ –≤—ã
                                                  –ø–æ–ª–Ω–µ–Ω–æ
You may provide a definition with
\DeclareUnicodeCharacter 


! Package inputenc Error: Unicode character –ø (U+043F)
(inputenc)                not set up for use with LaTeX.

See the inputenc package documentation for explanation.
Type  H <return>  for immediate help.
 ...                                              
                                                  
l.11 ... $\infty$. –¢–æ–≥–¥–∞ –¥–ª—è –Ω–µ–µ –≤—ã–ø
                                                  –æ–ª–Ω–µ–Ω–æ
You may provide a definition with
\DeclareUnicodeCharacter 


! Package inputenc Error: Unicode character –æ (U+043E)
(inputenc)                not set up for use with LaTeX.

See the inputenc package documentation for explanation.
Type  H <return>  for immediate help.
 ...                                              
                                                  
l.11 ...\infty$. –¢–æ–≥–¥–∞ –¥–ª—è –Ω–µ–µ –≤—ã–ø–æ
                                                  –ª–Ω–µ–Ω–æ
You may provide a definition with
\DeclareUnicodeCharacter 


! Package inputenc Error: Unicode character –ª (U+043B)
(inputenc)                not set up for use with LaTeX.

See the inputenc package documentation for explanation.
Type  H <return>  for immediate help.
 ...                                              
                                                  
l.11 ...nfty$. –¢–æ–≥–¥–∞ –¥–ª—è –Ω–µ–µ –≤—ã–ø–æ–ª
                                                  –Ω–µ–Ω–æ
You may provide a definition with
\DeclareUnicodeCharacter 


! Package inputenc Error: Unicode character –Ω (U+043D)
(inputenc)                not set up for use with LaTeX.

See the inputenc package documentation for explanation.
Type  H <return>  for immediate help.
 ...                                              
                                                  
l.11 ...ty$. –¢–æ–≥–¥–∞ –¥–ª—è –Ω–µ–µ –≤—ã–ø–æ–ª–Ω
                                                  –µ–Ω–æ
You may provide a definition with
\DeclareUnicodeCharacter 


! Package inputenc Error: Unicode character –µ (U+0435)
(inputenc)                not set up for use with LaTeX.

See the inputenc package documentation for explanation.
Type  H <return>  for immediate help.
 ...                                              
                                                  
l.11 ...$. –¢–æ–≥–¥–∞ –¥–ª—è –Ω–µ–µ –≤—ã–ø–æ–ª–Ω–µ
                                                  –Ω–æ
You may provide a definition with
\DeclareUnicodeCharacter 


! Package inputenc Error: Unicode character –Ω (U+043D)
(inputenc)                not set up for use with LaTeX.

See the inputenc package documentation for explanation.
Type  H <return>  for immediate help.
 ...                                              
                                                  
l.11 ... –¢–æ–≥–¥–∞ –¥–ª—è –Ω–µ–µ –≤—ã–ø–æ–ª–Ω–µ–Ω
                                                  –æ
You may provide a definition with
\DeclareUnicodeCharacter 


! Package inputenc Error: Unicode character –æ (U+043E)
(inputenc)                not set up for use with LaTeX.

See the inputenc package documentation for explanation.
Type  H <return>  for immediate help.
 ...                                              
                                                  
l.11 ...¢–æ–≥–¥–∞ –¥–ª—è –Ω–µ–µ –≤—ã–ø–æ–ª–Ω–µ–Ω–æ
                                                  
You may provide a definition with
\DeclareUnicodeCharacter 


! LaTeX Error: Environment gather* undefined.

See the LaTeX manual or LaTeX Companion for explanation.
Type  H <return>  for immediate help.
 ...                                              
                                                  
l.12 		\begin{gather*}
                      
Your command was ignored.
Type  I <command> <return>  to replace it with another command,
or  <return>  to continue without it.

Missing character: There is no d in font nullfont!
Missing character: There is no ( in font nullfont!
Missing character: There is no O in font nullfont!
Missing character: There is no ( in font nullfont!
Missing character: There is no p in font nullfont!
! Missing $ inserted.
<inserted text> 
                $
l.13 			d(O(\frac{p}{q}
                       ), g(f)) = \log\frac{2|f(p,q)|}{\sqrt{B^2 - 4AC}}
I've inserted a begin-math/end-math symbol since I think
you left one out. Proceed, with fingers crossed.

! Extra }, or forgotten $.
\frac #1#2->{\begingroup #1\endgroup \over #2}
                                              
l.13 			d(O(\frac{p}{q}
                       ), g(f)) = \log\frac{2|f(p,q)|}{\sqrt{B^2 - 4AC}}
I've deleted a group-closing symbol because it seems to be
spurious, as in `$x}$'. But perhaps the } is legitimate and
you forgot something else, as in `\hbox{$x}'. In such cases
the way to recover is to insert both the forgotten and the
deleted material, e.g., by typing `I$}'.


! LaTeX Error: \begin{document} ended by \end{gather*}.

See the LaTeX manual or LaTeX Companion for explanation.
Type  H <return>  for immediate help.
 ...                                              
                                                  
l.14 		\end{gather*}
                    
Your command was ignored.
Type  I <command> <return>  to replace it with another command,
or  <return>  to continue without it.

! Missing $ inserted.
<inserted text> 
                $
l.14 		\end{gather*}
                    
I've inserted something that you may have forgotten.
(See the <inserted text> above.)
With luck, this will get me unwedged. But if you
really didn't forget anything, try typing `2' now; then
my insertion and my current dilemma will both disappear.

! Missing } inserted.
<inserted text> 
                }
l.14 		\end{gather*}
                    
I've inserted something that you may have forgotten.
(See the <inserted text> above.)
With luck, this will get me unwedged. But if you
really didn't forget anything, try typing `2' now; then
my insertion and my current dilemma will both disappear.


! Package inputenc Error: Unicode character –ê (U+0410)
(inputenc)                not set up for use with LaTeX.

See the inputenc package documentation for explanation.
Type  H <return>  for immediate help.
 ...                                              
                                                  
l.15 		–ê
          —Ç–∫–∞–∂–µ –º–æ–∂–Ω–æ –∑–∞–º–µ—Ç–∏—Ç—å —á—Ç–æ —Ä–∞—Å—Å—Ç–æ—è–Ω–∏–µ...
(That makes 100 errors; please try again.) 
Here is how much of TeX's memory you used:
 37 strings out of 492895
 582 string characters out of 3133479
 57610 words of memory out of 3000000
 4052 multiletter control sequences out of 15000+200000
 3640 words of font info for 14 fonts, out of 3000000 for 9000
 1141 hyphenation exceptions out of 8191
 18i,3n,12p,200b,56s stack positions out of 5000i,500n,10000p,200000b,50000s

!  ==> Fatal error occurred, no output PDF file produced!
