This is pdfTeX, Version 3.14159265-2.6-1.40.21 (MiKTeX 2.9.7400 64-bit) (preloaded format=pdflatex 2021.1.19)  18 FEB 2021 18:15
entering extended mode
**"D:/HSE/HSE/bachelor-2/semester-2/Logic and Algorithms/Problems/Sol/P1.tex"
("D:/HSE/HSE/bachelor-2/semester-2/Logic and Algorithms/Problems/Sol/P1.tex"
LaTeX2e <2020-02-02> patch level 5
! Undefined control sequence.
l.1 \includepdf
               [scale=1,pages=1]{Tasks/listok1}
The control sequence at the end of the top line
of your error message was never \def'ed. If you have
misspelled it (e.g., `\hobx'), type `I' and the correct
spelling (e.g., `I\hbox'). Otherwise just continue,
and I'll forget about whatever was undefined.


! LaTeX Error: Missing \begin{document}.

See the LaTeX manual or LaTeX Companion for explanation.
Type  H <return>  for immediate help.
 ...                                              
                                                  
l.1 \includepdf[
                scale=1,pages=1]{Tasks/listok1}
You're in trouble here.  Try typing  <return>  to proceed.
If that doesn't work, type  X <return>  to quit.

Missing character: There is no [ in font nullfont!
Missing character: There is no s in font nullfont!
Missing character: There is no c in font nullfont!
Missing character: There is no a in font nullfont!
Missing character: There is no l in font nullfont!
Missing character: There is no e in font nullfont!
Missing character: There is no = in font nullfont!
Missing character: There is no 1 in font nullfont!
Missing character: There is no , in font nullfont!
Missing character: There is no p in font nullfont!
Missing character: There is no a in font nullfont!
Missing character: There is no g in font nullfont!
Missing character: There is no e in font nullfont!
Missing character: There is no s in font nullfont!
Missing character: There is no = in font nullfont!
Missing character: There is no 1 in font nullfont!
Missing character: There is no ] in font nullfont!
Missing character: There is no T in font nullfont!
Missing character: There is no a in font nullfont!
Missing character: There is no s in font nullfont!
Missing character: There is no k in font nullfont!
Missing character: There is no s in font nullfont!
Missing character: There is no / in font nullfont!
Missing character: There is no l in font nullfont!
Missing character: There is no i in font nullfont!
Missing character: There is no s in font nullfont!
Missing character: There is no t in font nullfont!
Missing character: There is no o in font nullfont!
Missing character: There is no k in font nullfont!
Missing character: There is no 1 in font nullfont!

Overfull \hbox (20.0pt too wide) in paragraph at lines 1--2
[] 
 []


! LaTeX Error: The font size command \normalsize is not defined:
               there is probably something wrong with the class file.

See the LaTeX manual or LaTeX Companion for explanation.
Type  H <return>  for immediate help.
 ...                                              
                                                  
l.2 \newpage
            
Your command was ignored.
Type  I <command> <return>  to replace it with another command,
or  <return>  to continue without it.

[1]
! Undefined control sequence.
l.3 \section
            *{–†–µ—à–µ–Ω–∏—è}
The control sequence at the end of the top line
of your error message was never \def'ed. If you have
misspelled it (e.g., `\hobx'), type `I' and the correct
spelling (e.g., `I\hbox'). Otherwise just continue,
and I'll forget about whatever was undefined.


! LaTeX Error: Missing \begin{document}.

See the LaTeX manual or LaTeX Companion for explanation.
Type  H <return>  for immediate help.
 ...                                              
                                                  
l.3 \section*
             {–†–µ—à–µ–Ω–∏—è}
You're in trouble here.  Try typing  <return>  to proceed.
If that doesn't work, type  X <return>  to quit.

Missing character: There is no * in font nullfont!

! Package inputenc Error: Unicode character –† (U+0420)
(inputenc)                not set up for use with LaTeX.

See the inputenc package documentation for explanation.
Type  H <return>  for immediate help.
 ...                                              
                                                  
l.3 \section*{–†
                –µ—à–µ–Ω–∏—è}
You may provide a definition with
\DeclareUnicodeCharacter 


! Package inputenc Error: Unicode character –µ (U+0435)
(inputenc)                not set up for use with LaTeX.

See the inputenc package documentation for explanation.
Type  H <return>  for immediate help.
 ...                                              
                                                  
l.3 \section*{–†–µ
                  —à–µ–Ω–∏—è}
You may provide a definition with
\DeclareUnicodeCharacter 


! Package inputenc Error: Unicode character —à (U+0448)
(inputenc)                not set up for use with LaTeX.

See the inputenc package documentation for explanation.
Type  H <return>  for immediate help.
 ...                                              
                                                  
l.3 \section*{–†–µ—à
                    –µ–Ω–∏—è}
You may provide a definition with
\DeclareUnicodeCharacter 


! Package inputenc Error: Unicode character –µ (U+0435)
(inputenc)                not set up for use with LaTeX.

See the inputenc package documentation for explanation.
Type  H <return>  for immediate help.
 ...                                              
                                                  
l.3 \section*{–†–µ—à–µ
                      –Ω–∏—è}
You may provide a definition with
\DeclareUnicodeCharacter 


! Package inputenc Error: Unicode character –Ω (U+043D)
(inputenc)                not set up for use with LaTeX.

See the inputenc package documentation for explanation.
Type  H <return>  for immediate help.
 ...                                              
                                                  
l.3 \section*{–†–µ—à–µ–Ω
                        –∏—è}
You may provide a definition with
\DeclareUnicodeCharacter 


! Package inputenc Error: Unicode character –∏ (U+0438)
(inputenc)                not set up for use with LaTeX.

See the inputenc package documentation for explanation.
Type  H <return>  for immediate help.
 ...                                              
                                                  
l.3 \section*{–†–µ—à–µ–Ω–∏
                          —è}
You may provide a definition with
\DeclareUnicodeCharacter 


! Package inputenc Error: Unicode character —è (U+044F)
(inputenc)                not set up for use with LaTeX.

See the inputenc package documentation for explanation.
Type  H <return>  for immediate help.
 ...                                              
                                                  
l.3 \section*{–†–µ—à–µ–Ω–∏—è
                            }
You may provide a definition with
\DeclareUnicodeCharacter 

! Undefined control sequence.
l.4 \subsection
               *{–ó–∞–¥–∞—á–∞ 1}
The control sequence at the end of the top line
of your error message was never \def'ed. If you have
misspelled it (e.g., `\hobx'), type `I' and the correct
spelling (e.g., `I\hbox'). Otherwise just continue,
and I'll forget about whatever was undefined.

Missing character: There is no * in font nullfont!

! Package inputenc Error: Unicode character –ó (U+0417)
(inputenc)                not set up for use with LaTeX.

See the inputenc package documentation for explanation.
Type  H <return>  for immediate help.
 ...                                              
                                                  
l.4 \subsection*{–ó
                   –∞–¥–∞—á–∞ 1}
You may provide a definition with
\DeclareUnicodeCharacter 


! Package inputenc Error: Unicode character –∞ (U+0430)
(inputenc)                not set up for use with LaTeX.

See the inputenc package documentation for explanation.
Type  H <return>  for immediate help.
 ...                                              
                                                  
l.4 \subsection*{–ó–∞
                     –¥–∞—á–∞ 1}
You may provide a definition with
\DeclareUnicodeCharacter 


! Package inputenc Error: Unicode character –¥ (U+0434)
(inputenc)                not set up for use with LaTeX.

See the inputenc package documentation for explanation.
Type  H <return>  for immediate help.
 ...                                              
                                                  
l.4 \subsection*{–ó–∞–¥
                       –∞—á–∞ 1}
You may provide a definition with
\DeclareUnicodeCharacter 


! Package inputenc Error: Unicode character –∞ (U+0430)
(inputenc)                not set up for use with LaTeX.

See the inputenc package documentation for explanation.
Type  H <return>  for immediate help.
 ...                                              
                                                  
l.4 \subsection*{–ó–∞–¥–∞
                         —á–∞ 1}
You may provide a definition with
\DeclareUnicodeCharacter 


! Package inputenc Error: Unicode character —á (U+0447)
(inputenc)                not set up for use with LaTeX.

See the inputenc package documentation for explanation.
Type  H <return>  for immediate help.
 ...                                              
                                                  
l.4 \subsection*{–ó–∞–¥–∞—á
                           –∞ 1}
You may provide a definition with
\DeclareUnicodeCharacter 


! Package inputenc Error: Unicode character –∞ (U+0430)
(inputenc)                not set up for use with LaTeX.

See the inputenc package documentation for explanation.
Type  H <return>  for immediate help.
 ...                                              
                                                  
l.4 \subsection*{–ó–∞–¥–∞—á–∞
                              1}
You may provide a definition with
\DeclareUnicodeCharacter 

Missing character: There is no 1 in font nullfont!

! LaTeX Error: Environment figure undefined.

See the LaTeX manual or LaTeX Companion for explanation.
Type  H <return>  for immediate help.
 ...                                              
                                                  
l.5 	\begin{figure}
                   [!h]
Your command was ignored.
Type  I <command> <return>  to replace it with another command,
or  <return>  to continue without it.

Missing character: There is no [ in font nullfont!
Missing character: There is no ! in font nullfont!
Missing character: There is no h in font nullfont!
Missing character: There is no ] in font nullfont!
! Undefined control sequence.
l.6 		\includegraphics
                      [width=0.65\linewidth]{Pic1}
The control sequence at the end of the top line
of your error message was never \def'ed. If you have
misspelled it (e.g., `\hobx'), type `I' and the correct
spelling (e.g., `I\hbox'). Otherwise just continue,
and I'll forget about whatever was undefined.

Missing character: There is no [ in font nullfont!
Missing character: There is no w in font nullfont!
Missing character: There is no i in font nullfont!
Missing character: There is no d in font nullfont!
Missing character: There is no t in font nullfont!
Missing character: There is no h in font nullfont!
Missing character: There is no = in font nullfont!
Missing character: There is no 0 in font nullfont!
Missing character: There is no . in font nullfont!
Missing character: There is no 6 in font nullfont!
Missing character: There is no 5 in font nullfont!
! Missing number, treated as zero.
<to be read again> 
                   ]
l.6 		\includegraphics[width=0.65\linewidth]
                                            {Pic1}
A number should have been here; I inserted `0'.
(If you can't figure out why I needed to see a number,
look up `weird error' in the index to The TeXbook.)

! Illegal unit of measure (pt inserted).
<to be read again> 
                   ]
l.6 		\includegraphics[width=0.65\linewidth]
                                            {Pic1}
Dimensions can be in units of em, ex, in, pt, pc,
cm, mm, dd, cc, nd, nc, bp, or sp; but yours is a new one!
I'll assume that you meant to say pt, for printer's points.
To recover gracefully from this error, it's best to
delete the erroneous units; e.g., type `2' to delete
two letters. (See Chapter 27 of The TeXbook.)

Missing character: There is no ] in font nullfont!
Missing character: There is no P in font nullfont!
Missing character: There is no i in font nullfont!
Missing character: There is no c in font nullfont!
Missing character: There is no 1 in font nullfont!

! LaTeX Error: \begin{document} ended by \end{figure}.

See the LaTeX manual or LaTeX Companion for explanation.
Type  H <return>  for immediate help.
 ...                                              
                                                  
l.7 	\end{figure}
                 
Your command was ignored.
Type  I <command> <return>  to replace it with another command,
or  <return>  to continue without it.


! Package inputenc Error: Unicode character –í (U+0412)
(inputenc)                not set up for use with LaTeX.

See the inputenc package documentation for explanation.
Type  H <return>  for immediate help.
 ...                                              
                                                  
l.8 	–í
       –æ–ø—Å–ø–æ–ª—å–∑—É–µ–º—Å—è —Å—Ö–µ–º–æ–π –∞–∫—Å–∏–æ–º –ø–æ–¥—Å—Ç–∞–Ω–æ...

You may provide a definition with
\DeclareUnicodeCharacter 


! Package inputenc Error: Unicode character –æ (U+043E)
(inputenc)                not set up for use with LaTeX.

See the inputenc package documentation for explanation.
Type  H <return>  for immediate help.
 ...                                              
                                                  
l.8 	–í–æ
         –ø—Å–ø–æ–ª—å–∑—É–µ–º—Å—è —Å—Ö–µ–º–æ–π –∞–∫—Å–∏–æ–º –ø–æ–¥—Å—Ç–∞–Ω–æ...

You may provide a definition with
\DeclareUnicodeCharacter 


! Package inputenc Error: Unicode character –ø (U+043F)
(inputenc)                not set up for use with LaTeX.

See the inputenc package documentation for explanation.
Type  H <return>  for immediate help.
 ...                                              
                                                  
l.8 	–í–æ–ø
           —Å–ø–æ–ª—å–∑—É–µ–º—Å—è —Å—Ö–µ–º–æ–π –∞–∫—Å–∏–æ–º –ø–æ–¥—Å—Ç–∞–Ω–æ...

You may provide a definition with
\DeclareUnicodeCharacter 


! Package inputenc Error: Unicode character —Å (U+0441)
(inputenc)                not set up for use with LaTeX.

See the inputenc package documentation for explanation.
Type  H <return>  for immediate help.
 ...                                              
                                                  
l.8 	–í–æ–ø—Å
             –ø–æ–ª—å–∑—É–µ–º—Å—è —Å—Ö–µ–º–æ–π –∞–∫—Å–∏–æ–º –ø–æ–¥—Å—Ç–∞–Ω–æ...

You may provide a definition with
\DeclareUnicodeCharacter 


! Package inputenc Error: Unicode character –ø (U+043F)
(inputenc)                not set up for use with LaTeX.

See the inputenc package documentation for explanation.
Type  H <return>  for immediate help.
 ...                                              
                                                  
l.8 	–í–æ–ø—Å–ø
               –æ–ª—å–∑—É–µ–º—Å—è —Å—Ö–µ–º–æ–π –∞–∫—Å–∏–æ–º –ø–æ–¥—Å—Ç–∞–Ω–æ...

You may provide a definition with
\DeclareUnicodeCharacter 


! Package inputenc Error: Unicode character –æ (U+043E)
(inputenc)                not set up for use with LaTeX.

See the inputenc package documentation for explanation.
Type  H <return>  for immediate help.
 ...                                              
                                                  
l.8 	–í–æ–ø—Å–ø–æ
                 –ª—å–∑—É–µ–º—Å—è —Å—Ö–µ–º–æ–π –∞–∫—Å–∏–æ–º –ø–æ–¥—Å—Ç–∞–Ω–æ...

You may provide a definition with
\DeclareUnicodeCharacter 


! Package inputenc Error: Unicode character –ª (U+043B)
(inputenc)                not set up for use with LaTeX.

See the inputenc package documentation for explanation.
Type  H <return>  for immediate help.
 ...                                              
                                                  
l.8 	–í–æ–ø—Å–ø–æ–ª
                   —å–∑—É–µ–º—Å—è —Å—Ö–µ–º–æ–π –∞–∫—Å–∏–æ–º –ø–æ–¥—Å—Ç–∞–Ω–æ...

You may provide a definition with
\DeclareUnicodeCharacter 


! Package inputenc Error: Unicode character —å (U+044C)
(inputenc)                not set up for use with LaTeX.

See the inputenc package documentation for explanation.
Type  H <return>  for immediate help.
 ...                                              
                                                  
l.8 	–í–æ–ø—Å–ø–æ–ª—å
                     –∑—É–µ–º—Å—è —Å—Ö–µ–º–æ–π –∞–∫—Å–∏–æ–º –ø–æ–¥—Å—Ç–∞–Ω–æ...

You may provide a definition with
\DeclareUnicodeCharacter 


! Package inputenc Error: Unicode character –∑ (U+0437)
(inputenc)                not set up for use with LaTeX.

See the inputenc package documentation for explanation.
Type  H <return>  for immediate help.
 ...                                              
                                                  
l.8 	–í–æ–ø—Å–ø–æ–ª—å–∑
                       —É–µ–º—Å—è —Å—Ö–µ–º–æ–π –∞–∫—Å–∏–æ–º –ø–æ–¥—Å—Ç–∞–Ω–æ...

You may provide a definition with
\DeclareUnicodeCharacter 


! Package inputenc Error: Unicode character —É (U+0443)
(inputenc)                not set up for use with LaTeX.

See the inputenc package documentation for explanation.
Type  H <return>  for immediate help.
 ...                                              
                                                  
l.8 	–í–æ–ø—Å–ø–æ–ª—å–∑—É
                         –µ–º—Å—è —Å—Ö–µ–º–æ–π –∞–∫—Å–∏–æ–º –ø–æ–¥—Å—Ç–∞–Ω–æ...

You may provide a definition with
\DeclareUnicodeCharacter 


! Package inputenc Error: Unicode character –µ (U+0435)
(inputenc)                not set up for use with LaTeX.

See the inputenc package documentation for explanation.
Type  H <return>  for immediate help.
 ...                                              
                                                  
l.8 	–í–æ–ø—Å–ø–æ–ª—å–∑—É–µ
                           –º—Å—è —Å—Ö–µ–º–æ–π –∞–∫—Å–∏–æ–º –ø–æ–¥—Å—Ç–∞–Ω–æ...

You may provide a definition with
\DeclareUnicodeCharacter 


! Package inputenc Error: Unicode character –º (U+043C)
(inputenc)                not set up for use with LaTeX.

See the inputenc package documentation for explanation.
Type  H <return>  for immediate help.
 ...                                              
                                                  
l.8 	–í–æ–ø—Å–ø–æ–ª—å–∑—É–µ–º
                             —Å—è —Å—Ö–µ–º–æ–π –∞–∫—Å–∏–æ–º –ø–æ–¥—Å—Ç–∞–Ω–æ...

You may provide a definition with
\DeclareUnicodeCharacter 


! Package inputenc Error: Unicode character —Å (U+0441)
(inputenc)                not set up for use with LaTeX.

See the inputenc package documentation for explanation.
Type  H <return>  for immediate help.
 ...                                              
                                                  
l.8 	–í–æ–ø—Å–ø–æ–ª—å–∑—É–µ–º—Å
                               —è —Å—Ö–µ–º–æ–π –∞–∫—Å–∏–æ–º –ø–æ–¥—Å—Ç–∞–Ω–æ...

You may provide a definition with
\DeclareUnicodeCharacter 


! Package inputenc Error: Unicode character —è (U+044F)
(inputenc)                not set up for use with LaTeX.

See the inputenc package documentation for explanation.
Type  H <return>  for immediate help.
 ...                                              
                                                  
l.8 	–í–æ–ø—Å–ø–æ–ª—å–∑—É–µ–º—Å—è
                                  —Å—Ö–µ–º–æ–π –∞–∫—Å–∏–æ–º –ø–æ–¥—Å—Ç–∞–Ω–æ...

You may provide a definition with
\DeclareUnicodeCharacter 


! Package inputenc Error: Unicode character —Å (U+0441)
(inputenc)                not set up for use with LaTeX.

See the inputenc package documentation for explanation.
Type  H <return>  for immediate help.
 ...                                              
                                                  
l.8 	–í–æ–ø—Å–ø–æ–ª—å–∑—É–µ–º—Å—è —Å
                                    —Ö–µ–º–æ–π –∞–∫—Å–∏–æ–º –ø–æ–¥—Å—Ç–∞–Ω–æ...

You may provide a definition with
\DeclareUnicodeCharacter 


! Package inputenc Error: Unicode character —Ö (U+0445)
(inputenc)                not set up for use with LaTeX.

See the inputenc package documentation for explanation.
Type  H <return>  for immediate help.
 ...                                              
                                                  
l.8 	–í–æ–ø—Å–ø–æ–ª—å–∑—É–µ–º—Å—è —Å—Ö
                                      –µ–º–æ–π –∞–∫—Å–∏–æ–º –ø–æ–¥—Å—Ç–∞–Ω–æ...

You may provide a definition with
\DeclareUnicodeCharacter 


! Package inputenc Error: Unicode character –µ (U+0435)
(inputenc)                not set up for use with LaTeX.

See the inputenc package documentation for explanation.
Type  H <return>  for immediate help.
 ...                                              
                                                  
l.8 	–í–æ–ø—Å–ø–æ–ª—å–∑—É–µ–º—Å—è —Å—Ö–µ
                                        –º–æ–π –∞–∫—Å–∏–æ–º –ø–æ–¥—Å—Ç–∞–Ω–æ...

You may provide a definition with
\DeclareUnicodeCharacter 


! Package inputenc Error: Unicode character –º (U+043C)
(inputenc)                not set up for use with LaTeX.

See the inputenc package documentation for explanation.
Type  H <return>  for immediate help.
 ...                                              
                                                  
l.8 	–í–æ–ø—Å–ø–æ–ª—å–∑—É–µ–º—Å—è —Å—Ö–µ–º
                                          –æ–π –∞–∫—Å–∏–æ–º –ø–æ–¥—Å—Ç–∞–Ω–æ...

You may provide a definition with
\DeclareUnicodeCharacter 


! Package inputenc Error: Unicode character –æ (U+043E)
(inputenc)                not set up for use with LaTeX.

See the inputenc package documentation for explanation.
Type  H <return>  for immediate help.
 ...                                              
                                                  
l.8 	–í–æ–ø—Å–ø–æ–ª—å–∑—É–µ–º—Å—è —Å—Ö–µ–º–æ
                                            –π –∞–∫—Å–∏–æ–º –ø–æ–¥—Å—Ç–∞–Ω–æ...

You may provide a definition with
\DeclareUnicodeCharacter 


! Package inputenc Error: Unicode character –π (U+0439)
(inputenc)                not set up for use with LaTeX.

See the inputenc package documentation for explanation.
Type  H <return>  for immediate help.
 ...                                              
                                                  
l.8 	–í–æ–ø—Å–ø–æ–ª—å–∑—É–µ–º—Å—è —Å—Ö–µ–º–æ–π
                                               –∞–∫—Å–∏–æ–º –ø–æ–¥—Å—Ç–∞–Ω–æ...

You may provide a definition with
\DeclareUnicodeCharacter 


! Package inputenc Error: Unicode character –∞ (U+0430)
(inputenc)                not set up for use with LaTeX.

See the inputenc package documentation for explanation.
Type  H <return>  for immediate help.
 ...                                              
                                                  
l.8 	–í–æ–ø—Å–ø–æ–ª—å–∑—É–µ–º—Å—è —Å—Ö–µ–º–æ–π –∞
                                                 –∫—Å–∏–æ–º –ø–æ–¥—Å—Ç–∞–Ω–æ...

You may provide a definition with
\DeclareUnicodeCharacter 


! Package inputenc Error: Unicode character –∫ (U+043A)
(inputenc)                not set up for use with LaTeX.

See the inputenc package documentation for explanation.
Type  H <return>  for immediate help.
 ...                                              
                                                  
l.8 ...æ–ø—Å–ø–æ–ª—å–∑—É–µ–º—Å—è —Å—Ö–µ–º–æ–π –∞–∫
                                                  —Å–∏–æ–º –ø–æ–¥—Å—Ç–∞–Ω–æ–...

You may provide a definition with
\DeclareUnicodeCharacter 


! Package inputenc Error: Unicode character —Å (U+0441)
(inputenc)                not set up for use with LaTeX.

See the inputenc package documentation for explanation.
Type  H <return>  for immediate help.
 ...                                              
                                                  
l.8 ...ø—Å–ø–æ–ª—å–∑—É–µ–º—Å—è —Å—Ö–µ–º–æ–π –∞–∫—Å
                                                  –∏–æ–º –ø–æ–¥—Å—Ç–∞–Ω–æ–≤–...

You may provide a definition with
\DeclareUnicodeCharacter 


! Package inputenc Error: Unicode character –∏ (U+0438)
(inputenc)                not set up for use with LaTeX.

See the inputenc package documentation for explanation.
Type  H <return>  for immediate help.
 ...                                              
                                                  
l.8 ...Å–ø–æ–ª—å–∑—É–µ–º—Å—è —Å—Ö–µ–º–æ–π –∞–∫—Å–∏
                                                  –æ–º –ø–æ–¥—Å—Ç–∞–Ω–æ–≤–∫–...

You may provide a definition with
\DeclareUnicodeCharacter 


! Package inputenc Error: Unicode character –æ (U+043E)
(inputenc)                not set up for use with LaTeX.

See the inputenc package documentation for explanation.
Type  H <return>  for immediate help.
 ...                                              
                                                  
l.8 ...ø–æ–ª—å–∑—É–µ–º—Å—è —Å—Ö–µ–º–æ–π –∞–∫—Å–∏–æ
                                                  –º –ø–æ–¥—Å—Ç–∞–Ω–æ–≤–∫–∏....

You may provide a definition with
\DeclareUnicodeCharacter 


! Package inputenc Error: Unicode character –º (U+043C)
(inputenc)                not set up for use with LaTeX.

See the inputenc package documentation for explanation.
Type  H <return>  for immediate help.
 ...                                              
                                                  
l.8 ...æ–ª—å–∑—É–µ–º—Å—è —Å—Ö–µ–º–æ–π –∞–∫—Å–∏–æ–º
                                                   –ø–æ–¥—Å—Ç–∞–Ω–æ–≤–∫–∏. –...

You may provide a definition with
\DeclareUnicodeCharacter 


! Package inputenc Error: Unicode character –ø (U+043F)
(inputenc)                not set up for use with LaTeX.

See the inputenc package documentation for explanation.
Type  H <return>  for immediate help.
 ...                                              
                                                  
l.8 ...—å–∑—É–µ–º—Å—è —Å—Ö–µ–º–æ–π –∞–∫—Å–∏–æ–º –ø
                                                  –æ–¥—Å—Ç–∞–Ω–æ–≤–∫–∏. –ü—É...

You may provide a definition with
\DeclareUnicodeCharacter 


! Package inputenc Error: Unicode character –æ (U+043E)
(inputenc)                not set up for use with LaTeX.

See the inputenc package documentation for explanation.
Type  H <return>  for immediate help.
 ...                                              
                                                  
l.8 ...–∑—É–µ–º—Å—è —Å—Ö–µ–º–æ–π –∞–∫—Å–∏–æ–º –ø–æ
                                                  –¥—Å—Ç–∞–Ω–æ–≤–∫–∏. –ü—É—Å...

You may provide a definition with
\DeclareUnicodeCharacter 


! Package inputenc Error: Unicode character –¥ (U+0434)
(inputenc)                not set up for use with LaTeX.

See the inputenc package documentation for explanation.
Type  H <return>  for immediate help.
 ...                                              
                                                  
l.8 ...—É–µ–º—Å—è —Å—Ö–µ–º–æ–π –∞–∫—Å–∏–æ–º –ø–æ–¥
                                                  —Å—Ç–∞–Ω–æ–≤–∫–∏. –ü—É—Å—Ç...

You may provide a definition with
\DeclareUnicodeCharacter 


! Package inputenc Error: Unicode character —Å (U+0441)
(inputenc)                not set up for use with LaTeX.

See the inputenc package documentation for explanation.
Type  H <return>  for immediate help.
 ...                                              
                                                  
l.8 ...–µ–º—Å—è —Å—Ö–µ–º–æ–π –∞–∫—Å–∏–æ–º –ø–æ–¥—Å
                                                  —Ç–∞–Ω–æ–≤–∫–∏. –ü—É—Å—Ç—å...

You may provide a definition with
\DeclareUnicodeCharacter 


! Package inputenc Error: Unicode character —Ç (U+0442)
(inputenc)                not set up for use with LaTeX.

See the inputenc package documentation for explanation.
Type  H <return>  for immediate help.
 ...                                              
                                                  
l.8 ...–º—Å—è —Å—Ö–µ–º–æ–π –∞–∫—Å–∏–æ–º –ø–æ–¥—Å—Ç
                                                  –∞–Ω–æ–≤–∫–∏. –ü—É—Å—Ç—å —...

You may provide a definition with
\DeclareUnicodeCharacter 


! Package inputenc Error: Unicode character –∞ (U+0430)
(inputenc)                not set up for use with LaTeX.

See the inputenc package documentation for explanation.
Type  H <return>  for immediate help.
 ...                                              
                                                  
l.8 ...—Å—è —Å—Ö–µ–º–æ–π –∞–∫—Å–∏–æ–º –ø–æ–¥—Å—Ç–∞
                                                  –Ω–æ–≤–∫–∏. –ü—É—Å—Ç—å —Å–...

You may provide a definition with
\DeclareUnicodeCharacter 


! Package inputenc Error: Unicode character –Ω (U+043D)
(inputenc)                not set up for use with LaTeX.

See the inputenc package documentation for explanation.
Type  H <return>  for immediate help.
 ...                                              
                                                  
l.8 ...—è —Å—Ö–µ–º–æ–π –∞–∫—Å–∏–æ–º –ø–æ–¥—Å—Ç–∞–Ω
                                                  –æ–≤–∫–∏. –ü—É—Å—Ç—å —Å–≤–...

You may provide a definition with
\DeclareUnicodeCharacter 


! Package inputenc Error: Unicode character –æ (U+043E)
(inputenc)                not set up for use with LaTeX.

See the inputenc package documentation for explanation.
Type  H <return>  for immediate help.
 ...                                              
                                                  
l.8 ... —Å—Ö–µ–º–æ–π –∞–∫—Å–∏–æ–º –ø–æ–¥—Å—Ç–∞–Ω–æ
                                                  –≤–∫–∏. –ü—É—Å—Ç—å —Å–≤–æ–...

You may provide a definition with
\DeclareUnicodeCharacter 


! Package inputenc Error: Unicode character –≤ (U+0432)
(inputenc)                not set up for use with LaTeX.

See the inputenc package documentation for explanation.
Type  H <return>  for immediate help.
 ...                                              
                                                  
l.8 ...Å—Ö–µ–º–æ–π –∞–∫—Å–∏–æ–º –ø–æ–¥—Å—Ç–∞–Ω–æ–≤
                                                  –∫–∏. –ü—É—Å—Ç—å —Å–≤–æ–π—...

You may provide a definition with
\DeclareUnicodeCharacter 


! Package inputenc Error: Unicode character –∫ (U+043A)
(inputenc)                not set up for use with LaTeX.

See the inputenc package documentation for explanation.
Type  H <return>  for immediate help.
 ...                                              
                                                  
l.8 ...Ö–µ–º–æ–π –∞–∫—Å–∏–æ–º –ø–æ–¥—Å—Ç–∞–Ω–æ–≤–∫
                                                  –∏. –ü—É—Å—Ç—å —Å–≤–æ–π—Å—...

You may provide a definition with
\DeclareUnicodeCharacter 


! Package inputenc Error: Unicode character –∏ (U+0438)
(inputenc)                not set up for use with LaTeX.

See the inputenc package documentation for explanation.
Type  H <return>  for immediate help.
 ...                                              
                                                  
l.8 ...µ–º–æ–π –∞–∫—Å–∏–æ–º –ø–æ–¥—Å—Ç–∞–Ω–æ–≤–∫–∏
                                                  . –ü—É—Å—Ç—å —Å–≤–æ–π—Å—Ç–...

You may provide a definition with
\DeclareUnicodeCharacter 

Missing character: There is no . in font nullfont!

! Package inputenc Error: Unicode character –ü (U+041F)
(inputenc)                not set up for use with LaTeX.

See the inputenc package documentation for explanation.
Type  H <return>  for immediate help.
 ...                                              
                                                  
l.8 ...æ–π –∞–∫—Å–∏–æ–º –ø–æ–¥—Å—Ç–∞–Ω–æ–≤–∫–∏. –ü
                                                  —É—Å—Ç—å —Å–≤–æ–π—Å—Ç–≤–æ ...

You may provide a definition with
\DeclareUnicodeCharacter 


! Package inputenc Error: Unicode character —É (U+0443)
(inputenc)                not set up for use with LaTeX.

See the inputenc package documentation for explanation.
Type  H <return>  for immediate help.
 ...                                              
                                                  
l.8 ...π –∞–∫—Å–∏–æ–º –ø–æ–¥—Å—Ç–∞–Ω–æ–≤–∫–∏. –ü—É
                                                  —Å—Ç—å —Å–≤–æ–π—Å—Ç–≤–æ $\...

You may provide a definition with
\DeclareUnicodeCharacter 


! Package inputenc Error: Unicode character —Å (U+0441)
(inputenc)                not set up for use with LaTeX.

See the inputenc package documentation for explanation.
Type  H <return>  for immediate help.
 ...                                              
                                                  
l.8 ...–∞–∫—Å–∏–æ–º –ø–æ–¥—Å—Ç–∞–Ω–æ–≤–∫–∏. –ü—É—Å
                                                  —Ç—å —Å–≤–æ–π—Å—Ç–≤–æ $\va...

You may provide a definition with
\DeclareUnicodeCharacter 


! Package inputenc Error: Unicode character —Ç (U+0442)
(inputenc)                not set up for use with LaTeX.

See the inputenc package documentation for explanation.
Type  H <return>  for immediate help.
 ...                                              
                                                  
l.8 ...–∫—Å–∏–æ–º –ø–æ–¥—Å—Ç–∞–Ω–æ–≤–∫–∏. –ü—É—Å—Ç
                                                  —å —Å–≤–æ–π—Å—Ç–≤–æ $\varp...

You may provide a definition with
\DeclareUnicodeCharacter 


! Package inputenc Error: Unicode character —å (U+044C)
(inputenc)                not set up for use with LaTeX.

See the inputenc package documentation for explanation.
Type  H <return>  for immediate help.
 ...                                              
                                                  
l.8 ...—Å–∏–æ–º –ø–æ–¥—Å—Ç–∞–Ω–æ–≤–∫–∏. –ü—É—Å—Ç—å
                                                   —Å–≤–æ–π—Å—Ç–≤–æ $\varphi...

You may provide a definition with
\DeclareUnicodeCharacter 


! Package inputenc Error: Unicode character —Å (U+0441)
(inputenc)                not set up for use with LaTeX.

See the inputenc package documentation for explanation.
Type  H <return>  for immediate help.
 ...                                              
                                                  
l.8 ...∏–æ–º –ø–æ–¥—Å—Ç–∞–Ω–æ–≤–∫–∏. –ü—É—Å—Ç—å —Å
                                                  –≤–æ–π—Å—Ç–≤–æ $\varphi(x,...

You may provide a definition with
\DeclareUnicodeCharacter 


! Package inputenc Error: Unicode character –≤ (U+0432)
(inputenc)                not set up for use with LaTeX.

See the inputenc package documentation for explanation.
Type  H <return>  for immediate help.
 ...                                              
                                                  
l.8 ...æ–º –ø–æ–¥—Å—Ç–∞–Ω–æ–≤–∫–∏. –ü—É—Å—Ç—å —Å–≤
                                                  –æ–π—Å—Ç–≤–æ $\varphi(x,y)...

You may provide a definition with
\DeclareUnicodeCharacter 


! Package inputenc Error: Unicode character –æ (U+043E)
(inputenc)                not set up for use with LaTeX.

See the inputenc package documentation for explanation.
Type  H <return>  for immediate help.
 ...                                              
                                                  
l.8 ...º –ø–æ–¥—Å—Ç–∞–Ω–æ–≤–∫–∏. –ü—É—Å—Ç—å —Å–≤–æ
                                                  –π—Å—Ç–≤–æ $\varphi(x,y)$ ...

You may provide a definition with
\DeclareUnicodeCharacter 


! Package inputenc Error: Unicode character –π (U+0439)
(inputenc)                not set up for use with LaTeX.

See the inputenc package documentation for explanation.
Type  H <return>  for immediate help.
 ...                                              
                                                  
l.8 ...–ø–æ–¥—Å—Ç–∞–Ω–æ–≤–∫–∏. –ü—É—Å—Ç—å —Å–≤–æ–π
                                                  —Å—Ç–≤–æ $\varphi(x,y)$ - ...

You may provide a definition with
\DeclareUnicodeCharacter 


! Package inputenc Error: Unicode character —Å (U+0441)
(inputenc)                not set up for use with LaTeX.

See the inputenc package documentation for explanation.
Type  H <return>  for immediate help.
 ...                                              
                                                  
l.8 ...–æ–¥—Å—Ç–∞–Ω–æ–≤–∫–∏. –ü—É—Å—Ç—å —Å–≤–æ–π—Å
                                                  —Ç–≤–æ $\varphi(x,y)$ - —Ç...

You may provide a definition with
\DeclareUnicodeCharacter 


! Package inputenc Error: Unicode character —Ç (U+0442)
(inputenc)                not set up for use with LaTeX.

See the inputenc package documentation for explanation.
Type  H <return>  for immediate help.
 ...                                              
                                                  
l.8 ...–¥—Å—Ç–∞–Ω–æ–≤–∫–∏. –ü—É—Å—Ç—å —Å–≤–æ–π—Å—Ç
                                                  –≤–æ $\varphi(x,y)$ - —Ç–∞...

You may provide a definition with
\DeclareUnicodeCharacter 


! Package inputenc Error: Unicode character –≤ (U+0432)
(inputenc)                not set up for use with LaTeX.

See the inputenc package documentation for explanation.
Type  H <return>  for immediate help.
 ...                                              
                                                  
l.8 ...—Å—Ç–∞–Ω–æ–≤–∫–∏. –ü—É—Å—Ç—å —Å–≤–æ–π—Å—Ç–≤
                                                  –æ $\varphi(x,y)$ - —Ç–∞–∫...

You may provide a definition with
\DeclareUnicodeCharacter 


! Package inputenc Error: Unicode character –æ (U+043E)
(inputenc)                not set up for use with LaTeX.

See the inputenc package documentation for explanation.
Type  H <return>  for immediate help.
 ...                                              
                                                  
l.8 ...—Ç–∞–Ω–æ–≤–∫–∏. –ü—É—Å—Ç—å —Å–≤–æ–π—Å—Ç–≤–æ
                                                   $\varphi(x,y)$ - —Ç–∞–∫–æ...

You may provide a definition with
\DeclareUnicodeCharacter 

LaTeX Font Info:    External font `cmex10' loaded for size
(Font)              <7> on input line 8.
LaTeX Font Info:    External font `cmex10' loaded for size
(Font)              <5> on input line 8.
Missing character: There is no - in font nullfont!

! Package inputenc Error: Unicode character —Ç (U+0442)
(inputenc)                not set up for use with LaTeX.

See the inputenc package documentation for explanation.
Type  H <return>  for immediate help.
 ...                                              
                                                  
l.8 ...—Å—Ç—å —Å–≤–æ–π—Å—Ç–≤–æ $\varphi(x,y)$ - —Ç
                                                  –∞–∫–æ–µ, —á—Ç–æ –¥–ª—è –ª...

You may provide a definition with
\DeclareUnicodeCharacter 


! Package inputenc Error: Unicode character –∞ (U+0430)
(inputenc)                not set up for use with LaTeX.

See the inputenc package documentation for explanation.
Type  H <return>  for immediate help.
 ...                                              
                                                  
l.8 ...—Ç—å —Å–≤–æ–π—Å—Ç–≤–æ $\varphi(x,y)$ - —Ç–∞
                                                  –∫–æ–µ, —á—Ç–æ –¥–ª—è –ª—é...

You may provide a definition with
\DeclareUnicodeCharacter 


! Package inputenc Error: Unicode character –∫ (U+043A)
(inputenc)                not set up for use with LaTeX.

See the inputenc package documentation for explanation.
Type  H <return>  for immediate help.
 ...                                              
                                                  
l.8 ...—å —Å–≤–æ–π—Å—Ç–≤–æ $\varphi(x,y)$ - —Ç–∞–∫
                                                  –æ–µ, —á—Ç–æ –¥–ª—è –ª—é–±...

You may provide a definition with
\DeclareUnicodeCharacter 


! Package inputenc Error: Unicode character –æ (U+043E)
(inputenc)                not set up for use with LaTeX.

See the inputenc package documentation for explanation.
Type  H <return>  for immediate help.
 ...                                              
                                                  
l.8 ... —Å–≤–æ–π—Å—Ç–≤–æ $\varphi(x,y)$ - —Ç–∞–∫–æ
                                                  –µ, —á—Ç–æ –¥–ª—è –ª—é–±–æ...

You may provide a definition with
\DeclareUnicodeCharacter 


! Package inputenc Error: Unicode character –µ (U+0435)
(inputenc)                not set up for use with LaTeX.

See the inputenc package documentation for explanation.
Type  H <return>  for immediate help.
 ...                                              
                                                  
l.8 ...Å–≤–æ–π—Å—Ç–≤–æ $\varphi(x,y)$ - —Ç–∞–∫–æ–µ
                                                  , —á—Ç–æ –¥–ª—è –ª—é–±–æ–≥...

You may provide a definition with
\DeclareUnicodeCharacter 

Missing character: There is no , in font nullfont!

! Package inputenc Error: Unicode character —á (U+0447)
(inputenc)                not set up for use with LaTeX.

See the inputenc package documentation for explanation.
Type  H <return>  for immediate help.
 ...                                              
                                                  
l.8 ...æ–π—Å—Ç–≤–æ $\varphi(x,y)$ - —Ç–∞–∫–æ–µ, —á
                                                  —Ç–æ –¥–ª—è –ª—é–±–æ–≥–æ –...

You may provide a definition with
\DeclareUnicodeCharacter 


! Package inputenc Error: Unicode character —Ç (U+0442)
(inputenc)                not set up for use with LaTeX.

See the inputenc package documentation for explanation.
Type  H <return>  for immediate help.
 ...                                              
                                                  
l.8 ...π—Å—Ç–≤–æ $\varphi(x,y)$ - —Ç–∞–∫–æ–µ, —á—Ç
                                                  –æ –¥–ª—è –ª—é–±–æ–≥–æ –º–...

You may provide a definition with
\DeclareUnicodeCharacter 


! Package inputenc Error: Unicode character –æ (U+043E)
(inputenc)                not set up for use with LaTeX.

See the inputenc package documentation for explanation.
Type  H <return>  for immediate help.
 ...                                              
                                                  
l.8 ...Å—Ç–≤–æ $\varphi(x,y)$ - —Ç–∞–∫–æ–µ, —á—Ç–æ
                                                   –¥–ª—è –ª—é–±–æ–≥–æ –º–Ω–...

You may provide a definition with
\DeclareUnicodeCharacter 


! Package inputenc Error: Unicode character –¥ (U+0434)
(inputenc)                not set up for use with LaTeX.

See the inputenc package documentation for explanation.
Type  H <return>  for immediate help.
 ...                                              
                                                  
l.8 ...–≤–æ $\varphi(x,y)$ - —Ç–∞–∫–æ–µ, —á—Ç–æ –¥
                                                  –ª—è –ª—é–±–æ–≥–æ –º–Ω–æ–∂...

You may provide a definition with
\DeclareUnicodeCharacter 


! Package inputenc Error: Unicode character –ª (U+043B)
(inputenc)                not set up for use with LaTeX.

See the inputenc package documentation for explanation.
Type  H <return>  for immediate help.
 ...                                              
                                                  
l.8 ...–æ $\varphi(x,y)$ - —Ç–∞–∫–æ–µ, —á—Ç–æ –¥–ª
                                                  —è –ª—é–±–æ–≥–æ –º–Ω–æ–∂–µ...

You may provide a definition with
\DeclareUnicodeCharacter 


! Package inputenc Error: Unicode character —è (U+044F)
(inputenc)                not set up for use with LaTeX.

See the inputenc package documentation for explanation.
Type  H <return>  for immediate help.
 ...                                              
                                                  
l.8 ... $\varphi(x,y)$ - —Ç–∞–∫–æ–µ, —á—Ç–æ –¥–ª—è
                                                   –ª—é–±–æ–≥–æ –º–Ω–æ–∂–µ—Å...

You may provide a definition with
\DeclareUnicodeCharacter 


! Package inputenc Error: Unicode character –ª (U+043B)
(inputenc)                not set up for use with LaTeX.

See the inputenc package documentation for explanation.
Type  H <return>  for immediate help.
 ...                                              
                                                  
l.8 ...varphi(x,y)$ - —Ç–∞–∫–æ–µ, —á—Ç–æ –¥–ª—è –ª
                                                  —é–±–æ–≥–æ –º–Ω–æ–∂–µ—Å—Ç–...

You may provide a definition with
\DeclareUnicodeCharacter 


! Package inputenc Error: Unicode character —é (U+044E)
(inputenc)                not set up for use with LaTeX.

See the inputenc package documentation for explanation.
Type  H <return>  for immediate help.
 ...                                              
                                                  
l.8 ...rphi(x,y)$ - —Ç–∞–∫–æ–µ, —á—Ç–æ –¥–ª—è –ª—é
                                                  –±–æ–≥–æ –º–Ω–æ–∂–µ—Å—Ç–≤–...

You may provide a definition with
\DeclareUnicodeCharacter 


! Package inputenc Error: Unicode character –± (U+0431)
(inputenc)                not set up for use with LaTeX.

See the inputenc package documentation for explanation.
Type  H <return>  for immediate help.
 ...                                              
                                                  
l.8 ...hi(x,y)$ - —Ç–∞–∫–æ–µ, —á—Ç–æ –¥–ª—è –ª—é–±
                                                  –æ–≥–æ –º–Ω–æ–∂–µ—Å—Ç–≤–∞ ...

You may provide a definition with
\DeclareUnicodeCharacter 


! Package inputenc Error: Unicode character –æ (U+043E)
(inputenc)                not set up for use with LaTeX.

See the inputenc package documentation for explanation.
Type  H <return>  for immediate help.
 ...                                              
                                                  
l.8 ...(x,y)$ - —Ç–∞–∫–æ–µ, —á—Ç–æ –¥–ª—è –ª—é–±–æ
                                                  –≥–æ –º–Ω–æ–∂–µ—Å—Ç–≤–∞ $x...

You may provide a definition with
\DeclareUnicodeCharacter 


! Package inputenc Error: Unicode character –≥ (U+0433)
(inputenc)                not set up for use with LaTeX.

See the inputenc package documentation for explanation.
Type  H <return>  for immediate help.
 ...                                              
                                                  
l.8 ...,y)$ - —Ç–∞–∫–æ–µ, —á—Ç–æ –¥–ª—è –ª—é–±–æ–≥
                                                  –æ –º–Ω–æ–∂–µ—Å—Ç–≤–∞ $x$ ...

You may provide a definition with
\DeclareUnicodeCharacter 


! Package inputenc Error: Unicode character –æ (U+043E)
(inputenc)                not set up for use with LaTeX.

See the inputenc package documentation for explanation.
Type  H <return>  for immediate help.
 ...                                              
                                                  
l.8 ...)$ - —Ç–∞–∫–æ–µ, —á—Ç–æ –¥–ª—è –ª—é–±–æ–≥–æ
                                                   –º–Ω–æ–∂–µ—Å—Ç–≤–∞ $x$ –∞...

You may provide a definition with
\DeclareUnicodeCharacter 


! Package inputenc Error: Unicode character –º (U+043C)
(inputenc)                not set up for use with LaTeX.

See the inputenc package documentation for explanation.
Type  H <return>  for immediate help.
 ...                                              
                                                  
l.8 ...- —Ç–∞–∫–æ–µ, —á—Ç–æ –¥–ª—è –ª—é–±–æ–≥–æ –º
                                                  –Ω–æ–∂–µ—Å—Ç–≤–∞ $x$ –∞–π–...

You may provide a definition with
\DeclareUnicodeCharacter 


! Package inputenc Error: Unicode character –Ω (U+043D)
(inputenc)                not set up for use with LaTeX.

See the inputenc package documentation for explanation.
Type  H <return>  for immediate help.
 ...                                              
                                                  
l.8 ...—Ç–∞–∫–æ–µ, —á—Ç–æ –¥–ª—è –ª—é–±–æ–≥–æ –º–Ω
                                                  –æ–∂–µ—Å—Ç–≤–∞ $x$ –∞–π–¥–...

You may provide a definition with
\DeclareUnicodeCharacter 


! Package inputenc Error: Unicode character –æ (U+043E)
(inputenc)                not set up for use with LaTeX.

See the inputenc package documentation for explanation.
Type  H <return>  for immediate help.
 ...                                              
                                                  
l.8 ...–∞–∫–æ–µ, —á—Ç–æ –¥–ª—è –ª—é–±–æ–≥–æ –º–Ω–æ
                                                  –∂–µ—Å—Ç–≤–∞ $x$ –∞–π–¥–µ—...

You may provide a definition with
\DeclareUnicodeCharacter 


! Package inputenc Error: Unicode character –∂ (U+0436)
(inputenc)                not set up for use with LaTeX.

See the inputenc package documentation for explanation.
Type  H <return>  for immediate help.
 ...                                              
                                                  
l.8 ...–∫–æ–µ, —á—Ç–æ –¥–ª—è –ª—é–±–æ–≥–æ –º–Ω–æ–∂
                                                  –µ—Å—Ç–≤–∞ $x$ –∞–π–¥–µ—Ç—...

You may provide a definition with
\DeclareUnicodeCharacter 


! Package inputenc Error: Unicode character –µ (U+0435)
(inputenc)                not set up for use with LaTeX.

See the inputenc package documentation for explanation.
Type  H <return>  for immediate help.
 ...                                              
                                                  
l.8 ...–æ–µ, —á—Ç–æ –¥–ª—è –ª—é–±–æ–≥–æ –º–Ω–æ–∂–µ
                                                  —Å—Ç–≤–∞ $x$ –∞–π–¥–µ—Ç—Å—...

You may provide a definition with
\DeclareUnicodeCharacter 


! Package inputenc Error: Unicode character —Å (U+0441)
(inputenc)                not set up for use with LaTeX.

See the inputenc package documentation for explanation.
Type  H <return>  for immediate help.
 ...                                              
                                                  
l.8 ...–µ, —á—Ç–æ –¥–ª—è –ª—é–±–æ–≥–æ –º–Ω–æ–∂–µ—Å
                                                  —Ç–≤–∞ $x$ –∞–π–¥–µ—Ç—Å—è ...

You may provide a definition with
\DeclareUnicodeCharacter 


! Package inputenc Error: Unicode character —Ç (U+0442)
(inputenc)                not set up for use with LaTeX.

See the inputenc package documentation for explanation.
Type  H <return>  for immediate help.
 ...                                              
                                                  
l.8 ..., —á—Ç–æ –¥–ª—è –ª—é–±–æ–≥–æ –º–Ω–æ–∂–µ—Å—Ç
                                                  –≤–∞ $x$ –∞–π–¥–µ—Ç—Å—è –Ω...

You may provide a definition with
\DeclareUnicodeCharacter 


! Package inputenc Error: Unicode character –≤ (U+0432)
(inputenc)                not set up for use with LaTeX.

See the inputenc package documentation for explanation.
Type  H <return>  for immediate help.
 ...                                              
                                                  
l.8 ...—á—Ç–æ –¥–ª—è –ª—é–±–æ–≥–æ –º–Ω–æ–∂–µ—Å—Ç–≤
                                                  –∞ $x$ –∞–π–¥–µ—Ç—Å—è –Ω–µ...

You may provide a definition with
\DeclareUnicodeCharacter 


! Package inputenc Error: Unicode character –∞ (U+0430)
(inputenc)                not set up for use with LaTeX.

See the inputenc package documentation for explanation.
Type  H <return>  for immediate help.
 ...                                              
                                                  
l.8 ...—Ç–æ –¥–ª—è –ª—é–±–æ–≥–æ –º–Ω–æ–∂–µ—Å—Ç–≤–∞
                                                   $x$ –∞–π–¥–µ—Ç—Å—è –Ω–µ –...

You may provide a definition with
\DeclareUnicodeCharacter 


! Package inputenc Error: Unicode character –∞ (U+0430)
(inputenc)                not set up for use with LaTeX.

See the inputenc package documentation for explanation.
Type  H <return>  for immediate help.
 ...                                              
                                                  
l.8 ...–ª—è –ª—é–±–æ–≥–æ –º–Ω–æ–∂–µ—Å—Ç–≤–∞ $x$ –∞
                                                  –π–¥–µ—Ç—Å—è –Ω–µ –±–æ–ª–µ...

You may provide a definition with
\DeclareUnicodeCharacter 


! Package inputenc Error: Unicode character –π (U+0439)
(inputenc)                not set up for use with LaTeX.

See the inputenc package documentation for explanation.
Type  H <return>  for immediate help.
 ...                                              
                                                  
l.8 ...—è –ª—é–±–æ–≥–æ –º–Ω–æ–∂–µ—Å—Ç–≤–∞ $x$ –∞–π
                                                  –¥–µ—Ç—Å—è –Ω–µ –±–æ–ª–µ–µ...
(That makes 100 errors; please try again.) 
Here is how much of TeX's memory you used:
 43 strings out of 491202
 730 string characters out of 3111285
 69340 words of memory out of 3000000
 5733 multiletter control sequences out of 15000+200000
 3640 words of font info for 14 fonts, out of 3000000 for 9000
 1141 hyphenation exceptions out of 8191
 18i,4n,12p,504b,95s stack positions out of 5000i,500n,10000p,200000b,50000s

!  ==> Fatal error occurred, no output PDF file produced!
