This is pdfTeX, Version 3.14159265-2.6-1.40.21 (MiKTeX 2.9.7400 64-bit) (preloaded format=pdflatex 2021.1.19)  16 APR 2021 19:36
entering extended mode
**"D:/HSE/HSE/bachelor-2/semester-2/Logic and Algorithms/Problems/Sol/P2.tex"
("D:/HSE/HSE/bachelor-2/semester-2/Logic and Algorithms/Problems/Sol/P2.tex"
LaTeX2e <2020-02-02> patch level 5
! Undefined control sequence.
l.1 \includepdf
               [scale=1,pages=1-2]{Tasks/listok2}
The control sequence at the end of the top line
of your error message was never \def'ed. If you have
misspelled it (e.g., `\hobx'), type `I' and the correct
spelling (e.g., `I\hbox'). Otherwise just continue,
and I'll forget about whatever was undefined.


! LaTeX Error: Missing \begin{document}.

See the LaTeX manual or LaTeX Companion for explanation.
Type  H <return>  for immediate help.
 ...                                              
                                                  
l.1 \includepdf[
                scale=1,pages=1-2]{Tasks/listok2}
You're in trouble here.  Try typing  <return>  to proceed.
If that doesn't work, type  X <return>  to quit.

Missing character: There is no [ in font nullfont!
Missing character: There is no s in font nullfont!
Missing character: There is no c in font nullfont!
Missing character: There is no a in font nullfont!
Missing character: There is no l in font nullfont!
Missing character: There is no e in font nullfont!
Missing character: There is no = in font nullfont!
Missing character: There is no 1 in font nullfont!
Missing character: There is no , in font nullfont!
Missing character: There is no p in font nullfont!
Missing character: There is no a in font nullfont!
Missing character: There is no g in font nullfont!
Missing character: There is no e in font nullfont!
Missing character: There is no s in font nullfont!
Missing character: There is no = in font nullfont!
Missing character: There is no 1 in font nullfont!
Missing character: There is no - in font nullfont!
Missing character: There is no 2 in font nullfont!
Missing character: There is no ] in font nullfont!
Missing character: There is no T in font nullfont!
Missing character: There is no a in font nullfont!
Missing character: There is no s in font nullfont!
Missing character: There is no k in font nullfont!
Missing character: There is no s in font nullfont!
Missing character: There is no / in font nullfont!
Missing character: There is no l in font nullfont!
Missing character: There is no i in font nullfont!
Missing character: There is no s in font nullfont!
Missing character: There is no t in font nullfont!
Missing character: There is no o in font nullfont!
Missing character: There is no k in font nullfont!
Missing character: There is no 2 in font nullfont!

Overfull \hbox (20.0pt too wide) in paragraph at lines 1--2
[] 
 []


! LaTeX Error: The font size command \normalsize is not defined:
               there is probably something wrong with the class file.

See the LaTeX manual or LaTeX Companion for explanation.
Type  H <return>  for immediate help.
 ...                                              
                                                  
l.2 \newpage
            
Your command was ignored.
Type  I <command> <return>  to replace it with another command,
or  <return>  to continue without it.

[1]
! Undefined control sequence.
l.3 \section
            *{–†–µ—à–µ–Ω–∏—è}
The control sequence at the end of the top line
of your error message was never \def'ed. If you have
misspelled it (e.g., `\hobx'), type `I' and the correct
spelling (e.g., `I\hbox'). Otherwise just continue,
and I'll forget about whatever was undefined.


! LaTeX Error: Missing \begin{document}.

See the LaTeX manual or LaTeX Companion for explanation.
Type  H <return>  for immediate help.
 ...                                              
                                                  
l.3 \section*
             {–†–µ—à–µ–Ω–∏—è}
You're in trouble here.  Try typing  <return>  to proceed.
If that doesn't work, type  X <return>  to quit.

Missing character: There is no * in font nullfont!

! Package inputenc Error: Unicode character –† (U+0420)
(inputenc)                not set up for use with LaTeX.

See the inputenc package documentation for explanation.
Type  H <return>  for immediate help.
 ...                                              
                                                  
l.3 \section*{–†
                –µ—à–µ–Ω–∏—è}
You may provide a definition with
\DeclareUnicodeCharacter 


! Package inputenc Error: Unicode character –µ (U+0435)
(inputenc)                not set up for use with LaTeX.

See the inputenc package documentation for explanation.
Type  H <return>  for immediate help.
 ...                                              
                                                  
l.3 \section*{–†–µ
                  —à–µ–Ω–∏—è}
You may provide a definition with
\DeclareUnicodeCharacter 


! Package inputenc Error: Unicode character —à (U+0448)
(inputenc)                not set up for use with LaTeX.

See the inputenc package documentation for explanation.
Type  H <return>  for immediate help.
 ...                                              
                                                  
l.3 \section*{–†–µ—à
                    –µ–Ω–∏—è}
You may provide a definition with
\DeclareUnicodeCharacter 


! Package inputenc Error: Unicode character –µ (U+0435)
(inputenc)                not set up for use with LaTeX.

See the inputenc package documentation for explanation.
Type  H <return>  for immediate help.
 ...                                              
                                                  
l.3 \section*{–†–µ—à–µ
                      –Ω–∏—è}
You may provide a definition with
\DeclareUnicodeCharacter 


! Package inputenc Error: Unicode character –Ω (U+043D)
(inputenc)                not set up for use with LaTeX.

See the inputenc package documentation for explanation.
Type  H <return>  for immediate help.
 ...                                              
                                                  
l.3 \section*{–†–µ—à–µ–Ω
                        –∏—è}
You may provide a definition with
\DeclareUnicodeCharacter 


! Package inputenc Error: Unicode character –∏ (U+0438)
(inputenc)                not set up for use with LaTeX.

See the inputenc package documentation for explanation.
Type  H <return>  for immediate help.
 ...                                              
                                                  
l.3 \section*{–†–µ—à–µ–Ω–∏
                          —è}
You may provide a definition with
\DeclareUnicodeCharacter 


! Package inputenc Error: Unicode character —è (U+044F)
(inputenc)                not set up for use with LaTeX.

See the inputenc package documentation for explanation.
Type  H <return>  for immediate help.
 ...                                              
                                                  
l.3 \section*{–†–µ—à–µ–Ω–∏—è
                            }
You may provide a definition with
\DeclareUnicodeCharacter 

! Undefined control sequence.
l.4 \subsection
               *{–ó–∞–¥–∞—á–∞ 1}
The control sequence at the end of the top line
of your error message was never \def'ed. If you have
misspelled it (e.g., `\hobx'), type `I' and the correct
spelling (e.g., `I\hbox'). Otherwise just continue,
and I'll forget about whatever was undefined.

Missing character: There is no * in font nullfont!

! Package inputenc Error: Unicode character –ó (U+0417)
(inputenc)                not set up for use with LaTeX.

See the inputenc package documentation for explanation.
Type  H <return>  for immediate help.
 ...                                              
                                                  
l.4 \subsection*{–ó
                   –∞–¥–∞—á–∞ 1}
You may provide a definition with
\DeclareUnicodeCharacter 


! Package inputenc Error: Unicode character –∞ (U+0430)
(inputenc)                not set up for use with LaTeX.

See the inputenc package documentation for explanation.
Type  H <return>  for immediate help.
 ...                                              
                                                  
l.4 \subsection*{–ó–∞
                     –¥–∞—á–∞ 1}
You may provide a definition with
\DeclareUnicodeCharacter 


! Package inputenc Error: Unicode character –¥ (U+0434)
(inputenc)                not set up for use with LaTeX.

See the inputenc package documentation for explanation.
Type  H <return>  for immediate help.
 ...                                              
                                                  
l.4 \subsection*{–ó–∞–¥
                       –∞—á–∞ 1}
You may provide a definition with
\DeclareUnicodeCharacter 


! Package inputenc Error: Unicode character –∞ (U+0430)
(inputenc)                not set up for use with LaTeX.

See the inputenc package documentation for explanation.
Type  H <return>  for immediate help.
 ...                                              
                                                  
l.4 \subsection*{–ó–∞–¥–∞
                         —á–∞ 1}
You may provide a definition with
\DeclareUnicodeCharacter 


! Package inputenc Error: Unicode character —á (U+0447)
(inputenc)                not set up for use with LaTeX.

See the inputenc package documentation for explanation.
Type  H <return>  for immediate help.
 ...                                              
                                                  
l.4 \subsection*{–ó–∞–¥–∞—á
                           –∞ 1}
You may provide a definition with
\DeclareUnicodeCharacter 


! Package inputenc Error: Unicode character –∞ (U+0430)
(inputenc)                not set up for use with LaTeX.

See the inputenc package documentation for explanation.
Type  H <return>  for immediate help.
 ...                                              
                                                  
l.4 \subsection*{–ó–∞–¥–∞—á–∞
                              1}
You may provide a definition with
\DeclareUnicodeCharacter 

Missing character: There is no 1 in font nullfont!

! Package inputenc Error: Unicode character –¢ (U+0422)
(inputenc)                not set up for use with LaTeX.

See the inputenc package documentation for explanation.
Type  H <return>  for immediate help.
 ...                                              
                                                  
l.5 	–¢
       –µ–æ—Ä–µ–º–∞ –æ —Ñ—É–Ω–∫—Ü–∏–æ–Ω–∞–ª—å–Ω–æ–π –ø–æ–ª–Ω–æ—Ç–µ. –î–ª—è –...

You may provide a definition with
\DeclareUnicodeCharacter 


! Package inputenc Error: Unicode character –µ (U+0435)
(inputenc)                not set up for use with LaTeX.

See the inputenc package documentation for explanation.
Type  H <return>  for immediate help.
 ...                                              
                                                  
l.5 	–¢–µ
         –æ—Ä–µ–º–∞ –æ —Ñ—É–Ω–∫—Ü–∏–æ–Ω–∞–ª—å–Ω–æ–π –ø–æ–ª–Ω–æ—Ç–µ. –î–ª—è –...

You may provide a definition with
\DeclareUnicodeCharacter 


! Package inputenc Error: Unicode character –æ (U+043E)
(inputenc)                not set up for use with LaTeX.

See the inputenc package documentation for explanation.
Type  H <return>  for immediate help.
 ...                                              
                                                  
l.5 	–¢–µ–æ
           —Ä–µ–º–∞ –æ —Ñ—É–Ω–∫—Ü–∏–æ–Ω–∞–ª—å–Ω–æ–π –ø–æ–ª–Ω–æ—Ç–µ. –î–ª—è –...

You may provide a definition with
\DeclareUnicodeCharacter 


! Package inputenc Error: Unicode character —Ä (U+0440)
(inputenc)                not set up for use with LaTeX.

See the inputenc package documentation for explanation.
Type  H <return>  for immediate help.
 ...                                              
                                                  
l.5 	–¢–µ–æ—Ä
             –µ–º–∞ –æ —Ñ—É–Ω–∫—Ü–∏–æ–Ω–∞–ª—å–Ω–æ–π –ø–æ–ª–Ω–æ—Ç–µ. –î–ª—è –...

You may provide a definition with
\DeclareUnicodeCharacter 


! Package inputenc Error: Unicode character –µ (U+0435)
(inputenc)                not set up for use with LaTeX.

See the inputenc package documentation for explanation.
Type  H <return>  for immediate help.
 ...                                              
                                                  
l.5 	–¢–µ–æ—Ä–µ
               –º–∞ –æ —Ñ—É–Ω–∫—Ü–∏–æ–Ω–∞–ª—å–Ω–æ–π –ø–æ–ª–Ω–æ—Ç–µ. –î–ª—è –...

You may provide a definition with
\DeclareUnicodeCharacter 


! Package inputenc Error: Unicode character –º (U+043C)
(inputenc)                not set up for use with LaTeX.

See the inputenc package documentation for explanation.
Type  H <return>  for immediate help.
 ...                                              
                                                  
l.5 	–¢–µ–æ—Ä–µ–º
                 –∞ –æ —Ñ—É–Ω–∫—Ü–∏–æ–Ω–∞–ª—å–Ω–æ–π –ø–æ–ª–Ω–æ—Ç–µ. –î–ª—è –...

You may provide a definition with
\DeclareUnicodeCharacter 


! Package inputenc Error: Unicode character –∞ (U+0430)
(inputenc)                not set up for use with LaTeX.

See the inputenc package documentation for explanation.
Type  H <return>  for immediate help.
 ...                                              
                                                  
l.5 	–¢–µ–æ—Ä–µ–º–∞
                    –æ —Ñ—É–Ω–∫—Ü–∏–æ–Ω–∞–ª—å–Ω–æ–π –ø–æ–ª–Ω–æ—Ç–µ. –î–ª—è –...

You may provide a definition with
\DeclareUnicodeCharacter 


! Package inputenc Error: Unicode character –æ (U+043E)
(inputenc)                not set up for use with LaTeX.

See the inputenc package documentation for explanation.
Type  H <return>  for immediate help.
 ...                                              
                                                  
l.5 	–¢–µ–æ—Ä–µ–º–∞ –æ
                       —Ñ—É–Ω–∫—Ü–∏–æ–Ω–∞–ª—å–Ω–æ–π –ø–æ–ª–Ω–æ—Ç–µ. –î–ª—è –...

You may provide a definition with
\DeclareUnicodeCharacter 


! Package inputenc Error: Unicode character —Ñ (U+0444)
(inputenc)                not set up for use with LaTeX.

See the inputenc package documentation for explanation.
Type  H <return>  for immediate help.
 ...                                              
                                                  
l.5 	–¢–µ–æ—Ä–µ–º–∞ –æ —Ñ
                         —É–Ω–∫—Ü–∏–æ–Ω–∞–ª—å–Ω–æ–π –ø–æ–ª–Ω–æ—Ç–µ. –î–ª—è –...

You may provide a definition with
\DeclareUnicodeCharacter 


! Package inputenc Error: Unicode character —É (U+0443)
(inputenc)                not set up for use with LaTeX.

See the inputenc package documentation for explanation.
Type  H <return>  for immediate help.
 ...                                              
                                                  
l.5 	–¢–µ–æ—Ä–µ–º–∞ –æ —Ñ—É
                           –Ω–∫—Ü–∏–æ–Ω–∞–ª—å–Ω–æ–π –ø–æ–ª–Ω–æ—Ç–µ. –î–ª—è –...

You may provide a definition with
\DeclareUnicodeCharacter 


! Package inputenc Error: Unicode character –Ω (U+043D)
(inputenc)                not set up for use with LaTeX.

See the inputenc package documentation for explanation.
Type  H <return>  for immediate help.
 ...                                              
                                                  
l.5 	–¢–µ–æ—Ä–µ–º–∞ –æ —Ñ—É–Ω
                             –∫—Ü–∏–æ–Ω–∞–ª—å–Ω–æ–π –ø–æ–ª–Ω–æ—Ç–µ. –î–ª—è –...

You may provide a definition with
\DeclareUnicodeCharacter 


! Package inputenc Error: Unicode character –∫ (U+043A)
(inputenc)                not set up for use with LaTeX.

See the inputenc package documentation for explanation.
Type  H <return>  for immediate help.
 ...                                              
                                                  
l.5 	–¢–µ–æ—Ä–µ–º–∞ –æ —Ñ—É–Ω–∫
                               —Ü–∏–æ–Ω–∞–ª—å–Ω–æ–π –ø–æ–ª–Ω–æ—Ç–µ. –î–ª—è –...

You may provide a definition with
\DeclareUnicodeCharacter 


! Package inputenc Error: Unicode character —Ü (U+0446)
(inputenc)                not set up for use with LaTeX.

See the inputenc package documentation for explanation.
Type  H <return>  for immediate help.
 ...                                              
                                                  
l.5 	–¢–µ–æ—Ä–µ–º–∞ –æ —Ñ—É–Ω–∫—Ü
                                 –∏–æ–Ω–∞–ª—å–Ω–æ–π –ø–æ–ª–Ω–æ—Ç–µ. –î–ª—è –...

You may provide a definition with
\DeclareUnicodeCharacter 


! Package inputenc Error: Unicode character –∏ (U+0438)
(inputenc)                not set up for use with LaTeX.

See the inputenc package documentation for explanation.
Type  H <return>  for immediate help.
 ...                                              
                                                  
l.5 	–¢–µ–æ—Ä–µ–º–∞ –æ —Ñ—É–Ω–∫—Ü–∏
                                   –æ–Ω–∞–ª—å–Ω–æ–π –ø–æ–ª–Ω–æ—Ç–µ. –î–ª—è –...

You may provide a definition with
\DeclareUnicodeCharacter 


! Package inputenc Error: Unicode character –æ (U+043E)
(inputenc)                not set up for use with LaTeX.

See the inputenc package documentation for explanation.
Type  H <return>  for immediate help.
 ...                                              
                                                  
l.5 	–¢–µ–æ—Ä–µ–º–∞ –æ —Ñ—É–Ω–∫—Ü–∏–æ
                                     –Ω–∞–ª—å–Ω–æ–π –ø–æ–ª–Ω–æ—Ç–µ. –î–ª—è –...

You may provide a definition with
\DeclareUnicodeCharacter 


! Package inputenc Error: Unicode character –Ω (U+043D)
(inputenc)                not set up for use with LaTeX.

See the inputenc package documentation for explanation.
Type  H <return>  for immediate help.
 ...                                              
                                                  
l.5 	–¢–µ–æ—Ä–µ–º–∞ –æ —Ñ—É–Ω–∫—Ü–∏–æ–Ω
                                       –∞–ª—å–Ω–æ–π –ø–æ–ª–Ω–æ—Ç–µ. –î–ª—è –...

You may provide a definition with
\DeclareUnicodeCharacter 


! Package inputenc Error: Unicode character –∞ (U+0430)
(inputenc)                not set up for use with LaTeX.

See the inputenc package documentation for explanation.
Type  H <return>  for immediate help.
 ...                                              
                                                  
l.5 	–¢–µ–æ—Ä–µ–º–∞ –æ —Ñ—É–Ω–∫—Ü–∏–æ–Ω–∞
                                         –ª—å–Ω–æ–π –ø–æ–ª–Ω–æ—Ç–µ. –î–ª—è –...

You may provide a definition with
\DeclareUnicodeCharacter 


! Package inputenc Error: Unicode character –ª (U+043B)
(inputenc)                not set up for use with LaTeX.

See the inputenc package documentation for explanation.
Type  H <return>  for immediate help.
 ...                                              
                                                  
l.5 	–¢–µ–æ—Ä–µ–º–∞ –æ —Ñ—É–Ω–∫—Ü–∏–æ–Ω–∞–ª
                                           —å–Ω–æ–π –ø–æ–ª–Ω–æ—Ç–µ. –î–ª—è –...

You may provide a definition with
\DeclareUnicodeCharacter 


! Package inputenc Error: Unicode character —å (U+044C)
(inputenc)                not set up for use with LaTeX.

See the inputenc package documentation for explanation.
Type  H <return>  for immediate help.
 ...                                              
                                                  
l.5 	–¢–µ–æ—Ä–µ–º–∞ –æ —Ñ—É–Ω–∫—Ü–∏–æ–Ω–∞–ª—å
                                             –Ω–æ–π –ø–æ–ª–Ω–æ—Ç–µ. –î–ª—è –...

You may provide a definition with
\DeclareUnicodeCharacter 


! Package inputenc Error: Unicode character –Ω (U+043D)
(inputenc)                not set up for use with LaTeX.

See the inputenc package documentation for explanation.
Type  H <return>  for immediate help.
 ...                                              
                                                  
l.5 	–¢–µ–æ—Ä–µ–º–∞ –æ —Ñ—É–Ω–∫—Ü–∏–æ–Ω–∞–ª—å–Ω
                                               –æ–π –ø–æ–ª–Ω–æ—Ç–µ. –î–ª—è –...

You may provide a definition with
\DeclareUnicodeCharacter 


! Package inputenc Error: Unicode character –æ (U+043E)
(inputenc)                not set up for use with LaTeX.

See the inputenc package documentation for explanation.
Type  H <return>  for immediate help.
 ...                                              
                                                  
l.5 	–¢–µ–æ—Ä–µ–º–∞ –æ —Ñ—É–Ω–∫—Ü–∏–æ–Ω–∞–ª—å–Ω–æ
                                                 –π –ø–æ–ª–Ω–æ—Ç–µ. –î–ª—è –...

You may provide a definition with
\DeclareUnicodeCharacter 


! Package inputenc Error: Unicode character –π (U+0439)
(inputenc)                not set up for use with LaTeX.

See the inputenc package documentation for explanation.
Type  H <return>  for immediate help.
 ...                                              
                                                  
l.5 ...µ–æ—Ä–µ–º–∞ –æ —Ñ—É–Ω–∫—Ü–∏–æ–Ω–∞–ª—å–Ω–æ–π
                                                   –ø–æ–ª–Ω–æ—Ç–µ. –î–ª—è –ª...

You may provide a definition with
\DeclareUnicodeCharacter 


! Package inputenc Error: Unicode character –ø (U+043F)
(inputenc)                not set up for use with LaTeX.

See the inputenc package documentation for explanation.
Type  H <return>  for immediate help.
 ...                                              
                                                  
l.5 ...—Ä–µ–º–∞ –æ —Ñ—É–Ω–∫—Ü–∏–æ–Ω–∞–ª—å–Ω–æ–π –ø
                                                  –æ–ª–Ω–æ—Ç–µ. –î–ª—è –ª—é–...

You may provide a definition with
\DeclareUnicodeCharacter 


! Package inputenc Error: Unicode character –æ (U+043E)
(inputenc)                not set up for use with LaTeX.

See the inputenc package documentation for explanation.
Type  H <return>  for immediate help.
 ...                                              
                                                  
l.5 ...–µ–º–∞ –æ —Ñ—É–Ω–∫—Ü–∏–æ–Ω–∞–ª—å–Ω–æ–π –ø–æ
                                                  –ª–Ω–æ—Ç–µ. –î–ª—è –ª—é–±–...

You may provide a definition with
\DeclareUnicodeCharacter 


! Package inputenc Error: Unicode character –ª (U+043B)
(inputenc)                not set up for use with LaTeX.

See the inputenc package documentation for explanation.
Type  H <return>  for immediate help.
 ...                                              
                                                  
l.5 ...–º–∞ –æ —Ñ—É–Ω–∫—Ü–∏–æ–Ω–∞–ª—å–Ω–æ–π –ø–æ–ª
                                                  –Ω–æ—Ç–µ. –î–ª—è –ª—é–±–æ–...

You may provide a definition with
\DeclareUnicodeCharacter 


! Package inputenc Error: Unicode character –Ω (U+043D)
(inputenc)                not set up for use with LaTeX.

See the inputenc package documentation for explanation.
Type  H <return>  for immediate help.
 ...                                              
                                                  
l.5 ...–∞ –æ —Ñ—É–Ω–∫—Ü–∏–æ–Ω–∞–ª—å–Ω–æ–π –ø–æ–ª–Ω
                                                  –æ—Ç–µ. –î–ª—è –ª—é–±–æ–π ...

You may provide a definition with
\DeclareUnicodeCharacter 


! Package inputenc Error: Unicode character –æ (U+043E)
(inputenc)                not set up for use with LaTeX.

See the inputenc package documentation for explanation.
Type  H <return>  for immediate help.
 ...                                              
                                                  
l.5 ... –æ —Ñ—É–Ω–∫—Ü–∏–æ–Ω–∞–ª—å–Ω–æ–π –ø–æ–ª–Ω–æ
                                                  —Ç–µ. –î–ª—è –ª—é–±–æ–π —Ñ...

You may provide a definition with
\DeclareUnicodeCharacter 


! Package inputenc Error: Unicode character —Ç (U+0442)
(inputenc)                not set up for use with LaTeX.

See the inputenc package documentation for explanation.
Type  H <return>  for immediate help.
 ...                                              
                                                  
l.5 ...æ —Ñ—É–Ω–∫—Ü–∏–æ–Ω–∞–ª—å–Ω–æ–π –ø–æ–ª–Ω–æ—Ç
                                                  –µ. –î–ª—è –ª—é–±–æ–π —Ñ—É...

You may provide a definition with
\DeclareUnicodeCharacter 


! Package inputenc Error: Unicode character –µ (U+0435)
(inputenc)                not set up for use with LaTeX.

See the inputenc package documentation for explanation.
Type  H <return>  for immediate help.
 ...                                              
                                                  
l.5 ...—Ñ—É–Ω–∫—Ü–∏–æ–Ω–∞–ª—å–Ω–æ–π –ø–æ–ª–Ω–æ—Ç–µ
                                                  . –î–ª—è –ª—é–±–æ–π —Ñ—É–Ω...

You may provide a definition with
\DeclareUnicodeCharacter 

Missing character: There is no . in font nullfont!

! Package inputenc Error: Unicode character –î (U+0414)
(inputenc)                not set up for use with LaTeX.

See the inputenc package documentation for explanation.
Type  H <return>  for immediate help.
 ...                                              
                                                  
l.5 ...–Ω–∫—Ü–∏–æ–Ω–∞–ª—å–Ω–æ–π –ø–æ–ª–Ω–æ—Ç–µ. –î
                                                  –ª—è –ª—é–±–æ–π —Ñ—É–Ω–∫—Ü...

You may provide a definition with
\DeclareUnicodeCharacter 


! Package inputenc Error: Unicode character –ª (U+043B)
(inputenc)                not set up for use with LaTeX.

See the inputenc package documentation for explanation.
Type  H <return>  for immediate help.
 ...                                              
                                                  
l.5 ...–∫—Ü–∏–æ–Ω–∞–ª—å–Ω–æ–π –ø–æ–ª–Ω–æ—Ç–µ. –î–ª
                                                  —è –ª—é–±–æ–π —Ñ—É–Ω–∫—Ü–∏...

You may provide a definition with
\DeclareUnicodeCharacter 


! Package inputenc Error: Unicode character —è (U+044F)
(inputenc)                not set up for use with LaTeX.

See the inputenc package documentation for explanation.
Type  H <return>  for immediate help.
 ...                                              
                                                  
l.5 ...—Ü–∏–æ–Ω–∞–ª—å–Ω–æ–π –ø–æ–ª–Ω–æ—Ç–µ. –î–ª—è
                                                   –ª—é–±–æ–π —Ñ—É–Ω–∫—Ü–∏–∏...

You may provide a definition with
\DeclareUnicodeCharacter 


! Package inputenc Error: Unicode character –ª (U+043B)
(inputenc)                not set up for use with LaTeX.

See the inputenc package documentation for explanation.
Type  H <return>  for immediate help.
 ...                                              
                                                  
l.5 ...∏–æ–Ω–∞–ª—å–Ω–æ–π –ø–æ–ª–Ω–æ—Ç–µ. –î–ª—è –ª
                                                  —é–±–æ–π —Ñ—É–Ω–∫—Ü–∏–∏ $\...

You may provide a definition with
\DeclareUnicodeCharacter 


! Package inputenc Error: Unicode character —é (U+044E)
(inputenc)                not set up for use with LaTeX.

See the inputenc package documentation for explanation.
Type  H <return>  for immediate help.
 ...                                              
                                                  
l.5 ...æ–Ω–∞–ª—å–Ω–æ–π –ø–æ–ª–Ω–æ—Ç–µ. –î–ª—è –ª—é
                                                  –±–æ–π —Ñ—É–Ω–∫—Ü–∏–∏ $\va...

You may provide a definition with
\DeclareUnicodeCharacter 


! Package inputenc Error: Unicode character –± (U+0431)
(inputenc)                not set up for use with LaTeX.

See the inputenc package documentation for explanation.
Type  H <return>  for immediate help.
 ...                                              
                                                  
l.5 ...Ω–∞–ª—å–Ω–æ–π –ø–æ–ª–Ω–æ—Ç–µ. –î–ª—è –ª—é–±
                                                  –æ–π —Ñ—É–Ω–∫—Ü–∏–∏ $\varp...

You may provide a definition with
\DeclareUnicodeCharacter 


! Package inputenc Error: Unicode character –æ (U+043E)
(inputenc)                not set up for use with LaTeX.

See the inputenc package documentation for explanation.
Type  H <return>  for immediate help.
 ...                                              
                                                  
l.5 ...∞–ª—å–Ω–æ–π –ø–æ–ª–Ω–æ—Ç–µ. –î–ª—è –ª—é–±–æ
                                                  –π —Ñ—É–Ω–∫—Ü–∏–∏ $\varphi...

You may provide a definition with
\DeclareUnicodeCharacter 


! Package inputenc Error: Unicode character –π (U+0439)
(inputenc)                not set up for use with LaTeX.

See the inputenc package documentation for explanation.
Type  H <return>  for immediate help.
 ...                                              
                                                  
l.5 ...ª—å–Ω–æ–π –ø–æ–ª–Ω–æ—Ç–µ. –î–ª—è –ª—é–±–æ–π
                                                   —Ñ—É–Ω–∫—Ü–∏–∏ $\varphi: ...

You may provide a definition with
\DeclareUnicodeCharacter 


! Package inputenc Error: Unicode character —Ñ (U+0444)
(inputenc)                not set up for use with LaTeX.

See the inputenc package documentation for explanation.
Type  H <return>  for immediate help.
 ...                                              
                                                  
l.5 ...–Ω–æ–π –ø–æ–ª–Ω–æ—Ç–µ. –î–ª—è –ª—é–±–æ–π —Ñ
                                                  —É–Ω–∫—Ü–∏–∏ $\varphi: \ma...

You may provide a definition with
\DeclareUnicodeCharacter 


! Package inputenc Error: Unicode character —É (U+0443)
(inputenc)                not set up for use with LaTeX.

See the inputenc package documentation for explanation.
Type  H <return>  for immediate help.
 ...                                              
                                                  
l.5 ...–æ–π –ø–æ–ª–Ω–æ—Ç–µ. –î–ª—è –ª—é–±–æ–π —Ñ—É
                                                  –Ω–∫—Ü–∏–∏ $\varphi: \math...

You may provide a definition with
\DeclareUnicodeCharacter 


! Package inputenc Error: Unicode character –Ω (U+043D)
(inputenc)                not set up for use with LaTeX.

See the inputenc package documentation for explanation.
Type  H <return>  for immediate help.
 ...                                              
                                                  
l.5 ...–π –ø–æ–ª–Ω–æ—Ç–µ. –î–ª—è –ª—é–±–æ–π —Ñ—É–Ω
                                                  –∫—Ü–∏–∏ $\varphi: \mathbb...

You may provide a definition with
\DeclareUnicodeCharacter 


! Package inputenc Error: Unicode character –∫ (U+043A)
(inputenc)                not set up for use with LaTeX.

See the inputenc package documentation for explanation.
Type  H <return>  for immediate help.
 ...                                              
                                                  
l.5 ... –ø–æ–ª–Ω–æ—Ç–µ. –î–ª—è –ª—é–±–æ–π —Ñ—É–Ω–∫
                                                  —Ü–∏–∏ $\varphi: \mathbb{B...

You may provide a definition with
\DeclareUnicodeCharacter 


! Package inputenc Error: Unicode character —Ü (U+0446)
(inputenc)                not set up for use with LaTeX.

See the inputenc package documentation for explanation.
Type  H <return>  for immediate help.
 ...                                              
                                                  
l.5 ...ø–æ–ª–Ω–æ—Ç–µ. –î–ª—è –ª—é–±–æ–π —Ñ—É–Ω–∫—Ü
                                                  –∏–∏ $\varphi: \mathbb{B}^...

You may provide a definition with
\DeclareUnicodeCharacter 


! Package inputenc Error: Unicode character –∏ (U+0438)
(inputenc)                not set up for use with LaTeX.

See the inputenc package documentation for explanation.
Type  H <return>  for immediate help.
 ...                                              
                                                  
l.5 ...æ–ª–Ω–æ—Ç–µ. –î–ª—è –ª—é–±–æ–π —Ñ—É–Ω–∫—Ü–∏
                                                  –∏ $\varphi: \mathbb{B}^n ...

You may provide a definition with
\DeclareUnicodeCharacter 


! Package inputenc Error: Unicode character –∏ (U+0438)
(inputenc)                not set up for use with LaTeX.

See the inputenc package documentation for explanation.
Type  H <return>  for immediate help.
 ...                                              
                                                  
l.5 ...ª–Ω–æ—Ç–µ. –î–ª—è –ª—é–±–æ–π —Ñ—É–Ω–∫—Ü–∏–∏
                                                   $\varphi: \mathbb{B}^n \t...

You may provide a definition with
\DeclareUnicodeCharacter 

LaTeX Font Info:    External font `cmex10' loaded for size
(Font)              <7> on input line 5.
LaTeX Font Info:    External font `cmex10' loaded for size
(Font)              <5> on input line 5.
! Undefined control sequence.
l.5 ...–ª—é–±–æ–π —Ñ—É–Ω–∫—Ü–∏–∏ $\varphi: \mathbb
                                                  {B}^n \to \mathbb{B}$ –Ω–∞...
The control sequence at the end of the top line
of your error message was never \def'ed. If you have
misspelled it (e.g., `\hobx'), type `I' and the correct
spelling (e.g., `I\hbox'). Otherwise just continue,
and I'll forget about whatever was undefined.

! Undefined control sequence.
l.5 ...–∫—Ü–∏–∏ $\varphi: \mathbb{B}^n \to \mathbb
                                                  {B}$ –Ω–∞–π–¥–µ—Ç—Å—è —Ç–∞...
The control sequence at the end of the top line
of your error message was never \def'ed. If you have
misspelled it (e.g., `\hobx'), type `I' and the correct
spelling (e.g., `I\hbox'). Otherwise just continue,
and I'll forget about whatever was undefined.


! Package inputenc Error: Unicode character –Ω (U+043D)
(inputenc)                not set up for use with LaTeX.

See the inputenc package documentation for explanation.
Type  H <return>  for immediate help.
 ...                                              
                                                  
l.5 ...∏ $\varphi: \mathbb{B}^n \to \mathbb{B}$ –Ω
                                                  –∞–π–¥–µ—Ç—Å—è —Ç–∞–∫–∞—è ...

You may provide a definition with
\DeclareUnicodeCharacter 


! Package inputenc Error: Unicode character –∞ (U+0430)
(inputenc)                not set up for use with LaTeX.

See the inputenc package documentation for explanation.
Type  H <return>  for immediate help.
 ...                                              
                                                  
l.5 ...$\varphi: \mathbb{B}^n \to \mathbb{B}$ –Ω–∞
                                                  –π–¥–µ—Ç—Å—è —Ç–∞–∫–∞—è —Ñ...

You may provide a definition with
\DeclareUnicodeCharacter 


! Package inputenc Error: Unicode character –π (U+0439)
(inputenc)                not set up for use with LaTeX.

See the inputenc package documentation for explanation.
Type  H <return>  for immediate help.
 ...                                              
                                                  
l.5 ...varphi: \mathbb{B}^n \to \mathbb{B}$ –Ω–∞–π
                                                  –¥–µ—Ç—Å—è —Ç–∞–∫–∞—è —Ñ–æ...

You may provide a definition with
\DeclareUnicodeCharacter 


! Package inputenc Error: Unicode character –¥ (U+0434)
(inputenc)                not set up for use with LaTeX.

See the inputenc package documentation for explanation.
Type  H <return>  for immediate help.
 ...                                              
                                                  
l.5 ...rphi: \mathbb{B}^n \to \mathbb{B}$ –Ω–∞–π–¥
                                                  –µ—Ç—Å—è —Ç–∞–∫–∞—è —Ñ–æ—Ä...

You may provide a definition with
\DeclareUnicodeCharacter 


! Package inputenc Error: Unicode character –µ (U+0435)
(inputenc)                not set up for use with LaTeX.

See the inputenc package documentation for explanation.
Type  H <return>  for immediate help.
 ...                                              
                                                  
l.5 ...hi: \mathbb{B}^n \to \mathbb{B}$ –Ω–∞–π–¥–µ
                                                  —Ç—Å—è —Ç–∞–∫–∞—è —Ñ–æ—Ä–º...

You may provide a definition with
\DeclareUnicodeCharacter 


! Package inputenc Error: Unicode character —Ç (U+0442)
(inputenc)                not set up for use with LaTeX.

See the inputenc package documentation for explanation.
Type  H <return>  for immediate help.
 ...                                              
                                                  
l.5 ...: \mathbb{B}^n \to \mathbb{B}$ –Ω–∞–π–¥–µ—Ç
                                                  —Å—è —Ç–∞–∫–∞—è —Ñ–æ—Ä–º—É...

You may provide a definition with
\DeclareUnicodeCharacter 


! Package inputenc Error: Unicode character —Å (U+0441)
(inputenc)                not set up for use with LaTeX.

See the inputenc package documentation for explanation.
Type  H <return>  for immediate help.
 ...                                              
                                                  
l.5 ...\mathbb{B}^n \to \mathbb{B}$ –Ω–∞–π–¥–µ—Ç—Å
                                                  —è —Ç–∞–∫–∞—è —Ñ–æ—Ä–º—É–ª...

You may provide a definition with
\DeclareUnicodeCharacter 


! Package inputenc Error: Unicode character —è (U+044F)
(inputenc)                not set up for use with LaTeX.

See the inputenc package documentation for explanation.
Type  H <return>  for immediate help.
 ...                                              
                                                  
l.5 ...athbb{B}^n \to \mathbb{B}$ –Ω–∞–π–¥–µ—Ç—Å—è
                                                   —Ç–∞–∫–∞—è —Ñ–æ—Ä–º—É–ª–∞...

You may provide a definition with
\DeclareUnicodeCharacter 


! Package inputenc Error: Unicode character —Ç (U+0442)
(inputenc)                not set up for use with LaTeX.

See the inputenc package documentation for explanation.
Type  H <return>  for immediate help.
 ...                                              
                                                  
l.5 ...bb{B}^n \to \mathbb{B}$ –Ω–∞–π–¥–µ—Ç—Å—è —Ç
                                                  –∞–∫–∞—è —Ñ–æ—Ä–º—É–ª–∞ $A...

You may provide a definition with
\DeclareUnicodeCharacter 


! Package inputenc Error: Unicode character –∞ (U+0430)
(inputenc)                not set up for use with LaTeX.

See the inputenc package documentation for explanation.
Type  H <return>  for immediate help.
 ...                                              
                                                  
l.5 ...{B}^n \to \mathbb{B}$ –Ω–∞–π–¥–µ—Ç—Å—è —Ç–∞
                                                  –∫–∞—è —Ñ–æ—Ä–º—É–ª–∞ $A$ ...

You may provide a definition with
\DeclareUnicodeCharacter 


! Package inputenc Error: Unicode character –∫ (U+043A)
(inputenc)                not set up for use with LaTeX.

See the inputenc package documentation for explanation.
Type  H <return>  for immediate help.
 ...                                              
                                                  
l.5 ...}^n \to \mathbb{B}$ –Ω–∞–π–¥–µ—Ç—Å—è —Ç–∞–∫
                                                  –∞—è —Ñ–æ—Ä–º—É–ª–∞ $A$ –æ...

You may provide a definition with
\DeclareUnicodeCharacter 


! Package inputenc Error: Unicode character –∞ (U+0430)
(inputenc)                not set up for use with LaTeX.

See the inputenc package documentation for explanation.
Type  H <return>  for immediate help.
 ...                                              
                                                  
l.5 ...n \to \mathbb{B}$ –Ω–∞–π–¥–µ—Ç—Å—è —Ç–∞–∫–∞
                                                  —è —Ñ–æ—Ä–º—É–ª–∞ $A$ –æ—Ç...

You may provide a definition with
\DeclareUnicodeCharacter 


! Package inputenc Error: Unicode character —è (U+044F)
(inputenc)                not set up for use with LaTeX.

See the inputenc package documentation for explanation.
Type  H <return>  for immediate help.
 ...                                              
                                                  
l.5 ...\to \mathbb{B}$ –Ω–∞–π–¥–µ—Ç—Å—è —Ç–∞–∫–∞—è
                                                   —Ñ–æ—Ä–º—É–ª–∞ $A$ –æ—Ç $...

You may provide a definition with
\DeclareUnicodeCharacter 


! Package inputenc Error: Unicode character —Ñ (U+0444)
(inputenc)                not set up for use with LaTeX.

See the inputenc package documentation for explanation.
Type  H <return>  for immediate help.
 ...                                              
                                                  
l.5 ... \mathbb{B}$ –Ω–∞–π–¥–µ—Ç—Å—è —Ç–∞–∫–∞—è —Ñ
                                                  –æ—Ä–º—É–ª–∞ $A$ –æ—Ç $n$ ...

You may provide a definition with
\DeclareUnicodeCharacter 


! Package inputenc Error: Unicode character –æ (U+043E)
(inputenc)                not set up for use with LaTeX.

See the inputenc package documentation for explanation.
Type  H <return>  for immediate help.
 ...                                              
                                                  
l.5 ...mathbb{B}$ –Ω–∞–π–¥–µ—Ç—Å—è —Ç–∞–∫–∞—è —Ñ–æ
                                                  —Ä–º—É–ª–∞ $A$ –æ—Ç $n$ –ø...

You may provide a definition with
\DeclareUnicodeCharacter 


! Package inputenc Error: Unicode character —Ä (U+0440)
(inputenc)                not set up for use with LaTeX.

See the inputenc package documentation for explanation.
Type  H <return>  for immediate help.
 ...                                              
                                                  
l.5 ...thbb{B}$ –Ω–∞–π–¥–µ—Ç—Å—è —Ç–∞–∫–∞—è —Ñ–æ—Ä
                                                  –º—É–ª–∞ $A$ –æ—Ç $n$ –ø–µ...

You may provide a definition with
\DeclareUnicodeCharacter 


! Package inputenc Error: Unicode character –º (U+043C)
(inputenc)                not set up for use with LaTeX.

See the inputenc package documentation for explanation.
Type  H <return>  for immediate help.
 ...                                              
                                                  
l.5 ...bb{B}$ –Ω–∞–π–¥–µ—Ç—Å—è —Ç–∞–∫–∞—è —Ñ–æ—Ä–º
                                                  —É–ª–∞ $A$ –æ—Ç $n$ –ø–µ—Ä...

You may provide a definition with
\DeclareUnicodeCharacter 


! Package inputenc Error: Unicode character —É (U+0443)
(inputenc)                not set up for use with LaTeX.

See the inputenc package documentation for explanation.
Type  H <return>  for immediate help.
 ...                                              
                                                  
l.5 ...{B}$ –Ω–∞–π–¥–µ—Ç—Å—è —Ç–∞–∫–∞—è —Ñ–æ—Ä–º—É
                                                  –ª–∞ $A$ –æ—Ç $n$ –ø–µ—Ä–µ...

You may provide a definition with
\DeclareUnicodeCharacter 


! Package inputenc Error: Unicode character –ª (U+043B)
(inputenc)                not set up for use with LaTeX.

See the inputenc package documentation for explanation.
Type  H <return>  for immediate help.
 ...                                              
                                                  
l.5 ...}$ –Ω–∞–π–¥–µ—Ç—Å—è —Ç–∞–∫–∞—è —Ñ–æ—Ä–º—É–ª
                                                  –∞ $A$ –æ—Ç $n$ –ø–µ—Ä–µ–º...

You may provide a definition with
\DeclareUnicodeCharacter 


! Package inputenc Error: Unicode character –∞ (U+0430)
(inputenc)                not set up for use with LaTeX.

See the inputenc package documentation for explanation.
Type  H <return>  for immediate help.
 ...                                              
                                                  
l.5 ... –Ω–∞–π–¥–µ—Ç—Å—è —Ç–∞–∫–∞—è —Ñ–æ—Ä–º—É–ª–∞
                                                   $A$ –æ—Ç $n$ –ø–µ—Ä–µ–º–µ...

You may provide a definition with
\DeclareUnicodeCharacter 


! Package inputenc Error: Unicode character –æ (U+043E)
(inputenc)                not set up for use with LaTeX.

See the inputenc package documentation for explanation.
Type  H <return>  for immediate help.
 ...                                              
                                                  
l.5 ...–¥–µ—Ç—Å—è —Ç–∞–∫–∞—è —Ñ–æ—Ä–º—É–ª–∞ $A$ –æ
                                                  —Ç $n$ –ø–µ—Ä–µ–º–µ–Ω–Ω—ã—...

You may provide a definition with
\DeclareUnicodeCharacter 


! Package inputenc Error: Unicode character —Ç (U+0442)
(inputenc)                not set up for use with LaTeX.

See the inputenc package documentation for explanation.
Type  H <return>  for immediate help.
 ...                                              
                                                  
l.5 ...–µ—Ç—Å—è —Ç–∞–∫–∞—è —Ñ–æ—Ä–º—É–ª–∞ $A$ –æ—Ç
                                                   $n$ –ø–µ—Ä–µ–º–µ–Ω–Ω—ã—Ö,...

You may provide a definition with
\DeclareUnicodeCharacter 


! Package inputenc Error: Unicode character –ø (U+043F)
(inputenc)                not set up for use with LaTeX.

See the inputenc package documentation for explanation.
Type  H <return>  for immediate help.
 ...                                              
                                                  
l.5 ...è —Ç–∞–∫–∞—è —Ñ–æ—Ä–º—É–ª–∞ $A$ –æ—Ç $n$ –ø
                                                  –µ—Ä–µ–º–µ–Ω–Ω—ã—Ö, —á—Ç–æ...

You may provide a definition with
\DeclareUnicodeCharacter 


! Package inputenc Error: Unicode character –µ (U+0435)
(inputenc)                not set up for use with LaTeX.

See the inputenc package documentation for explanation.
Type  H <return>  for immediate help.
 ...                                              
                                                  
l.5 ...—Ç–∞–∫–∞—è —Ñ–æ—Ä–º—É–ª–∞ $A$ –æ—Ç $n$ –ø–µ
                                                  —Ä–µ–º–µ–Ω–Ω—ã—Ö, —á—Ç–æ $...

You may provide a definition with
\DeclareUnicodeCharacter 


! Package inputenc Error: Unicode character —Ä (U+0440)
(inputenc)                not set up for use with LaTeX.

See the inputenc package documentation for explanation.
Type  H <return>  for immediate help.
 ...                                              
                                                  
l.5 ...–∞–∫–∞—è —Ñ–æ—Ä–º—É–ª–∞ $A$ –æ—Ç $n$ –ø–µ—Ä
                                                  –µ–º–µ–Ω–Ω—ã—Ö, —á—Ç–æ $\v...

You may provide a definition with
\DeclareUnicodeCharacter 


! Package inputenc Error: Unicode character –µ (U+0435)
(inputenc)                not set up for use with LaTeX.

See the inputenc package documentation for explanation.
Type  H <return>  for immediate help.
 ...                                              
                                                  
l.5 ...–∫–∞—è —Ñ–æ—Ä–º—É–ª–∞ $A$ –æ—Ç $n$ –ø–µ—Ä–µ
                                                  –º–µ–Ω–Ω—ã—Ö, —á—Ç–æ $\var...

You may provide a definition with
\DeclareUnicodeCharacter 


! Package inputenc Error: Unicode character –º (U+043C)
(inputenc)                not set up for use with LaTeX.

See the inputenc package documentation for explanation.
Type  H <return>  for immediate help.
 ...                                              
                                                  
l.5 ...–∞—è —Ñ–æ—Ä–º—É–ª–∞ $A$ –æ—Ç $n$ –ø–µ—Ä–µ–º
                                                  –µ–Ω–Ω—ã—Ö, —á—Ç–æ $\varph...

You may provide a definition with
\DeclareUnicodeCharacter 


! Package inputenc Error: Unicode character –µ (U+0435)
(inputenc)                not set up for use with LaTeX.

See the inputenc package documentation for explanation.
Type  H <return>  for immediate help.
 ...                                              
                                                  
l.5 ...—è —Ñ–æ—Ä–º—É–ª–∞ $A$ –æ—Ç $n$ –ø–µ—Ä–µ–º–µ
                                                  –Ω–Ω—ã—Ö, —á—Ç–æ $\varphi ...

You may provide a definition with
\DeclareUnicodeCharacter 


! Package inputenc Error: Unicode character –Ω (U+043D)
(inputenc)                not set up for use with LaTeX.

See the inputenc package documentation for explanation.
Type  H <return>  for immediate help.
 ...                                              
                                                  
l.5 ... —Ñ–æ—Ä–º—É–ª–∞ $A$ –æ—Ç $n$ –ø–µ—Ä–µ–º–µ–Ω
                                                  –Ω—ã—Ö, —á—Ç–æ $\varphi = ...

You may provide a definition with
\DeclareUnicodeCharacter 


! Package inputenc Error: Unicode character –Ω (U+043D)
(inputenc)                not set up for use with LaTeX.

See the inputenc package documentation for explanation.
Type  H <return>  for immediate help.
 ...                                              
                                                  
l.5 ...Ñ–æ—Ä–º—É–ª–∞ $A$ –æ—Ç $n$ –ø–µ—Ä–µ–º–µ–Ω–Ω
                                                  —ã—Ö, —á—Ç–æ $\varphi = \v...

You may provide a definition with
\DeclareUnicodeCharacter 


! Package inputenc Error: Unicode character —ã (U+044B)
(inputenc)                not set up for use with LaTeX.

See the inputenc package documentation for explanation.
Type  H <return>  for immediate help.
 ...                                              
                                                  
l.5 ...æ—Ä–º—É–ª–∞ $A$ –æ—Ç $n$ –ø–µ—Ä–µ–º–µ–Ω–Ω—ã
                                                  —Ö, —á—Ç–æ $\varphi = \var...

You may provide a definition with
\DeclareUnicodeCharacter 


! Package inputenc Error: Unicode character —Ö (U+0445)
(inputenc)                not set up for use with LaTeX.

See the inputenc package documentation for explanation.
Type  H <return>  for immediate help.
 ...                                              
                                                  
l.5 ...Ä–º—É–ª–∞ $A$ –æ—Ç $n$ –ø–µ—Ä–µ–º–µ–Ω–Ω—ã—Ö
                                                  , —á—Ç–æ $\varphi = \varph...

You may provide a definition with
\DeclareUnicodeCharacter 

Missing character: There is no , in font nullfont!

! Package inputenc Error: Unicode character —á (U+0447)
(inputenc)                not set up for use with LaTeX.

See the inputenc package documentation for explanation.
Type  H <return>  for immediate help.
 ...                                              
                                                  
l.5 ...É–ª–∞ $A$ –æ—Ç $n$ –ø–µ—Ä–µ–º–µ–Ω–Ω—ã—Ö, —á
                                                  —Ç–æ $\varphi = \varphi_{A...

You may provide a definition with
\DeclareUnicodeCharacter 


! Package inputenc Error: Unicode character —Ç (U+0442)
(inputenc)                not set up for use with LaTeX.

See the inputenc package documentation for explanation.
Type  H <return>  for immediate help.
 ...                                              
                                                  
l.5 ...ª–∞ $A$ –æ—Ç $n$ –ø–µ—Ä–µ–º–µ–Ω–Ω—ã—Ö, —á—Ç
                                                  –æ $\varphi = \varphi_{A}$...

You may provide a definition with
\DeclareUnicodeCharacter 


! Package inputenc Error: Unicode character –æ (U+043E)
(inputenc)                not set up for use with LaTeX.

See the inputenc package documentation for explanation.
Type  H <return>  for immediate help.
 ...                                              
                                                  
l.5 ...∞ $A$ –æ—Ç $n$ –ø–µ—Ä–µ–º–µ–Ω–Ω—ã—Ö, —á—Ç–æ
                                                   $\varphi = \varphi_{A}$. ...

You may provide a definition with
\DeclareUnicodeCharacter 

Missing character: There is no . in font nullfont!

! Package inputenc Error: Unicode character –ü (U+041F)
(inputenc)                not set up for use with LaTeX.

See the inputenc package documentation for explanation.
Type  H <return>  for immediate help.
 ...                                              
                                                  
l.5 ...Ω–Ω—ã—Ö, —á—Ç–æ $\varphi = \varphi_{A}$. –ü
                                                  —Ä–∏ —ç—Ç–æ–º –º–æ–∂–Ω–æ —...

You may provide a definition with
\DeclareUnicodeCharacter 


! Package inputenc Error: Unicode character —Ä (U+0440)
(inputenc)                not set up for use with LaTeX.

See the inputenc package documentation for explanation.
Type  H <return>  for immediate help.
 ...                                              
                                                  
l.5 ...Ω—ã—Ö, —á—Ç–æ $\varphi = \varphi_{A}$. –ü—Ä
                                                  –∏ —ç—Ç–æ–º –º–æ–∂–Ω–æ —Å—...
(That makes 100 errors; please try again.) 
Here is how much of TeX's memory you used:
 43 strings out of 491202
 726 string characters out of 3111285
 69340 words of memory out of 3000000
 5733 multiletter control sequences out of 15000+200000
 3640 words of font info for 14 fonts, out of 3000000 for 9000
 1141 hyphenation exceptions out of 8191
 18i,4n,12p,452b,95s stack positions out of 5000i,500n,10000p,200000b,50000s

!  ==> Fatal error occurred, no output PDF file produced!
