This is pdfTeX, Version 3.14159265-2.6-1.40.21 (MiKTeX 2.9.7400 64-bit) (preloaded format=pdflatex 2020.5.4)  24 MAY 2020 18:46
entering extended mode
**./T4.tex
(T4.tex
LaTeX2e <2020-02-02> patch level 5
! Undefined control sequence.
l.1 \subsection
               *{–ì–õ13 4}
The control sequence at the end of the top line
of your error message was never \def'ed. If you have
misspelled it (e.g., `\hobx'), type `I' and the correct
spelling (e.g., `I\hbox'). Otherwise just continue,
and I'll forget about whatever was undefined.


! LaTeX Error: Missing \begin{document}.

See the LaTeX manual or LaTeX Companion for explanation.
Type  H <return>  for immediate help.
 ...                                              
                                                  
l.1 \subsection*
                {–ì–õ13 4}
You're in trouble here.  Try typing  <return>  to proceed.
If that doesn't work, type  X <return>  to quit.

Missing character: There is no * in font nullfont!

! Package inputenc Error: Unicode character –ì (U+0413)
(inputenc)                not set up for use with LaTeX.

See the inputenc package documentation for explanation.
Type  H <return>  for immediate help.
 ...                                              
                                                  
l.1 \subsection*{–ì
                   –õ13 4}
You may provide a definition with
\DeclareUnicodeCharacter 


! Package inputenc Error: Unicode character –õ (U+041B)
(inputenc)                not set up for use with LaTeX.

See the inputenc package documentation for explanation.
Type  H <return>  for immediate help.
 ...                                              
                                                  
l.1 \subsection*{–ì–õ
                     13 4}
You may provide a definition with
\DeclareUnicodeCharacter 

Missing character: There is no 1 in font nullfont!
Missing character: There is no 3 in font nullfont!
Missing character: There is no 4 in font nullfont!

! LaTeX Error: Environment figure undefined.

See the LaTeX manual or LaTeX Companion for explanation.
Type  H <return>  for immediate help.
 ...                                              
                                                  
l.2 \begin{figure}
                  [h!]
Your command was ignored.
Type  I <command> <return>  to replace it with another command,
or  <return>  to continue without it.

Missing character: There is no [ in font nullfont!
Missing character: There is no h in font nullfont!
Missing character: There is no ! in font nullfont!
Missing character: There is no ] in font nullfont!

Overfull \hbox (20.0pt too wide) in paragraph at lines 1--3
[]
 []

! Undefined control sequence.
l.3 	\center\includegraphics
                            [width=0.35\linewidth]{pic22}
The control sequence at the end of the top line
of your error message was never \def'ed. If you have
misspelled it (e.g., `\hobx'), type `I' and the correct
spelling (e.g., `I\hbox'). Otherwise just continue,
and I'll forget about whatever was undefined.

Missing character: There is no [ in font nullfont!
Missing character: There is no w in font nullfont!
Missing character: There is no i in font nullfont!
Missing character: There is no d in font nullfont!
Missing character: There is no t in font nullfont!
Missing character: There is no h in font nullfont!
Missing character: There is no = in font nullfont!
Missing character: There is no 0 in font nullfont!
Missing character: There is no . in font nullfont!
Missing character: There is no 3 in font nullfont!
Missing character: There is no 5 in font nullfont!
! Missing number, treated as zero.
<to be read again> 
                   ]
l.3 	\center\includegraphics[width=0.35\linewidth]
                                                  {pic22}
A number should have been here; I inserted `0'.
(If you can't figure out why I needed to see a number,
look up `weird error' in the index to The TeXbook.)

! Illegal unit of measure (pt inserted).
<to be read again> 
                   ]
l.3 	\center\includegraphics[width=0.35\linewidth]
                                                  {pic22}
Dimensions can be in units of em, ex, in, pt, pc,
cm, mm, dd, cc, nd, nc, bp, or sp; but yours is a new one!
I'll assume that you meant to say pt, for printer's points.
To recover gracefully from this error, it's best to
delete the erroneous units; e.g., type `2' to delete
two letters. (See Chapter 27 of The TeXbook.)

Missing character: There is no ] in font nullfont!
Missing character: There is no p in font nullfont!
Missing character: There is no i in font nullfont!
Missing character: There is no c in font nullfont!
Missing character: There is no 2 in font nullfont!
Missing character: There is no 2 in font nullfont!

! LaTeX Error: \begin{document} ended by \end{figure}.

See the LaTeX manual or LaTeX Companion for explanation.
Type  H <return>  for immediate help.
 ...                                              
                                                  
l.4 \end{figure}
                
Your command was ignored.
Type  I <command> <return>  to replace it with another command,
or  <return>  to continue without it.


! Package inputenc Error: Unicode character –† (U+0420)
(inputenc)                not set up for use with LaTeX.

See the inputenc package documentation for explanation.
Type  H <return>  for immediate help.
 ...                                              
                                                  
l.6 –†
      –∞—Å—Å–º–æ—Ç—Ä–∏–º –ø—É—á–æ–∫ –∫–æ–Ω–∏–∫ —á–µ—Ä–µ–∑ —Ç–æ—á–∫–∏ $A_1 = ...

You may provide a definition with
\DeclareUnicodeCharacter 


! Package inputenc Error: Unicode character –∞ (U+0430)
(inputenc)                not set up for use with LaTeX.

See the inputenc package documentation for explanation.
Type  H <return>  for immediate help.
 ...                                              
                                                  
l.6 –†–∞
        —Å—Å–º–æ—Ç—Ä–∏–º –ø—É—á–æ–∫ –∫–æ–Ω–∏–∫ —á–µ—Ä–µ–∑ —Ç–æ—á–∫–∏ $A_1 = ...

You may provide a definition with
\DeclareUnicodeCharacter 


! Package inputenc Error: Unicode character —Å (U+0441)
(inputenc)                not set up for use with LaTeX.

See the inputenc package documentation for explanation.
Type  H <return>  for immediate help.
 ...                                              
                                                  
l.6 –†–∞—Å
          —Å–º–æ—Ç—Ä–∏–º –ø—É—á–æ–∫ –∫–æ–Ω–∏–∫ —á–µ—Ä–µ–∑ —Ç–æ—á–∫–∏ $A_1 = ...

You may provide a definition with
\DeclareUnicodeCharacter 


! Package inputenc Error: Unicode character —Å (U+0441)
(inputenc)                not set up for use with LaTeX.

See the inputenc package documentation for explanation.
Type  H <return>  for immediate help.
 ...                                              
                                                  
l.6 –†–∞—Å—Å
            –º–æ—Ç—Ä–∏–º –ø—É—á–æ–∫ –∫–æ–Ω–∏–∫ —á–µ—Ä–µ–∑ —Ç–æ—á–∫–∏ $A_1 = ...

You may provide a definition with
\DeclareUnicodeCharacter 


! Package inputenc Error: Unicode character –º (U+043C)
(inputenc)                not set up for use with LaTeX.

See the inputenc package documentation for explanation.
Type  H <return>  for immediate help.
 ...                                              
                                                  
l.6 –†–∞—Å—Å–º
              –æ—Ç—Ä–∏–º –ø—É—á–æ–∫ –∫–æ–Ω–∏–∫ —á–µ—Ä–µ–∑ —Ç–æ—á–∫–∏ $A_1 = ...

You may provide a definition with
\DeclareUnicodeCharacter 


! Package inputenc Error: Unicode character –æ (U+043E)
(inputenc)                not set up for use with LaTeX.

See the inputenc package documentation for explanation.
Type  H <return>  for immediate help.
 ...                                              
                                                  
l.6 –†–∞—Å—Å–º–æ
                —Ç—Ä–∏–º –ø—É—á–æ–∫ –∫–æ–Ω–∏–∫ —á–µ—Ä–µ–∑ —Ç–æ—á–∫–∏ $A_1 = ...

You may provide a definition with
\DeclareUnicodeCharacter 


! Package inputenc Error: Unicode character —Ç (U+0442)
(inputenc)                not set up for use with LaTeX.

See the inputenc package documentation for explanation.
Type  H <return>  for immediate help.
 ...                                              
                                                  
l.6 –†–∞—Å—Å–º–æ—Ç
                  —Ä–∏–º –ø—É—á–æ–∫ –∫–æ–Ω–∏–∫ —á–µ—Ä–µ–∑ —Ç–æ—á–∫–∏ $A_1 = ...

You may provide a definition with
\DeclareUnicodeCharacter 


! Package inputenc Error: Unicode character —Ä (U+0440)
(inputenc)                not set up for use with LaTeX.

See the inputenc package documentation for explanation.
Type  H <return>  for immediate help.
 ...                                              
                                                  
l.6 –†–∞—Å—Å–º–æ—Ç—Ä
                    –∏–º –ø—É—á–æ–∫ –∫–æ–Ω–∏–∫ —á–µ—Ä–µ–∑ —Ç–æ—á–∫–∏ $A_1 = ...

You may provide a definition with
\DeclareUnicodeCharacter 


! Package inputenc Error: Unicode character –∏ (U+0438)
(inputenc)                not set up for use with LaTeX.

See the inputenc package documentation for explanation.
Type  H <return>  for immediate help.
 ...                                              
                                                  
l.6 –†–∞—Å—Å–º–æ—Ç—Ä–∏
                      –º –ø—É—á–æ–∫ –∫–æ–Ω–∏–∫ —á–µ—Ä–µ–∑ —Ç–æ—á–∫–∏ $A_1 = ...

You may provide a definition with
\DeclareUnicodeCharacter 


! Package inputenc Error: Unicode character –º (U+043C)
(inputenc)                not set up for use with LaTeX.

See the inputenc package documentation for explanation.
Type  H <return>  for immediate help.
 ...                                              
                                                  
l.6 –†–∞—Å—Å–º–æ—Ç—Ä–∏–º
                         –ø—É—á–æ–∫ –∫–æ–Ω–∏–∫ —á–µ—Ä–µ–∑ —Ç–æ—á–∫–∏ $A_1 = ...

You may provide a definition with
\DeclareUnicodeCharacter 


! Package inputenc Error: Unicode character –ø (U+043F)
(inputenc)                not set up for use with LaTeX.

See the inputenc package documentation for explanation.
Type  H <return>  for immediate help.
 ...                                              
                                                  
l.6 –†–∞—Å—Å–º–æ—Ç—Ä–∏–º –ø
                           —É—á–æ–∫ –∫–æ–Ω–∏–∫ —á–µ—Ä–µ–∑ —Ç–æ—á–∫–∏ $A_1 = ...

You may provide a definition with
\DeclareUnicodeCharacter 


! Package inputenc Error: Unicode character —É (U+0443)
(inputenc)                not set up for use with LaTeX.

See the inputenc package documentation for explanation.
Type  H <return>  for immediate help.
 ...                                              
                                                  
l.6 –†–∞—Å—Å–º–æ—Ç—Ä–∏–º –ø—É
                             —á–æ–∫ –∫–æ–Ω–∏–∫ —á–µ—Ä–µ–∑ —Ç–æ—á–∫–∏ $A_1 = ...

You may provide a definition with
\DeclareUnicodeCharacter 


! Package inputenc Error: Unicode character —á (U+0447)
(inputenc)                not set up for use with LaTeX.

See the inputenc package documentation for explanation.
Type  H <return>  for immediate help.
 ...                                              
                                                  
l.6 –†–∞—Å—Å–º–æ—Ç—Ä–∏–º –ø—É—á
                               –æ–∫ –∫–æ–Ω–∏–∫ —á–µ—Ä–µ–∑ —Ç–æ—á–∫–∏ $A_1 = ...

You may provide a definition with
\DeclareUnicodeCharacter 


! Package inputenc Error: Unicode character –æ (U+043E)
(inputenc)                not set up for use with LaTeX.

See the inputenc package documentation for explanation.
Type  H <return>  for immediate help.
 ...                                              
                                                  
l.6 –†–∞—Å—Å–º–æ—Ç—Ä–∏–º –ø—É—á–æ
                                 –∫ –∫–æ–Ω–∏–∫ —á–µ—Ä–µ–∑ —Ç–æ—á–∫–∏ $A_1 = ...

You may provide a definition with
\DeclareUnicodeCharacter 


! Package inputenc Error: Unicode character –∫ (U+043A)
(inputenc)                not set up for use with LaTeX.

See the inputenc package documentation for explanation.
Type  H <return>  for immediate help.
 ...                                              
                                                  
l.6 –†–∞—Å—Å–º–æ—Ç—Ä–∏–º –ø—É—á–æ–∫
                                    –∫–æ–Ω–∏–∫ —á–µ—Ä–µ–∑ —Ç–æ—á–∫–∏ $A_1 = ...

You may provide a definition with
\DeclareUnicodeCharacter 


! Package inputenc Error: Unicode character –∫ (U+043A)
(inputenc)                not set up for use with LaTeX.

See the inputenc package documentation for explanation.
Type  H <return>  for immediate help.
 ...                                              
                                                  
l.6 –†–∞—Å—Å–º–æ—Ç—Ä–∏–º –ø—É—á–æ–∫ –∫
                                      –æ–Ω–∏–∫ —á–µ—Ä–µ–∑ —Ç–æ—á–∫–∏ $A_1 = ...

You may provide a definition with
\DeclareUnicodeCharacter 


! Package inputenc Error: Unicode character –æ (U+043E)
(inputenc)                not set up for use with LaTeX.

See the inputenc package documentation for explanation.
Type  H <return>  for immediate help.
 ...                                              
                                                  
l.6 –†–∞—Å—Å–º–æ—Ç—Ä–∏–º –ø—É—á–æ–∫ –∫–æ
                                        –Ω–∏–∫ —á–µ—Ä–µ–∑ —Ç–æ—á–∫–∏ $A_1 = ...

You may provide a definition with
\DeclareUnicodeCharacter 


! Package inputenc Error: Unicode character –Ω (U+043D)
(inputenc)                not set up for use with LaTeX.

See the inputenc package documentation for explanation.
Type  H <return>  for immediate help.
 ...                                              
                                                  
l.6 –†–∞—Å—Å–º–æ—Ç—Ä–∏–º –ø—É—á–æ–∫ –∫–æ–Ω
                                          –∏–∫ —á–µ—Ä–µ–∑ —Ç–æ—á–∫–∏ $A_1 = ...

You may provide a definition with
\DeclareUnicodeCharacter 


! Package inputenc Error: Unicode character –∏ (U+0438)
(inputenc)                not set up for use with LaTeX.

See the inputenc package documentation for explanation.
Type  H <return>  for immediate help.
 ...                                              
                                                  
l.6 –†–∞—Å—Å–º–æ—Ç—Ä–∏–º –ø—É—á–æ–∫ –∫–æ–Ω–∏
                                            –∫ —á–µ—Ä–µ–∑ —Ç–æ—á–∫–∏ $A_1 = ...

You may provide a definition with
\DeclareUnicodeCharacter 


! Package inputenc Error: Unicode character –∫ (U+043A)
(inputenc)                not set up for use with LaTeX.

See the inputenc package documentation for explanation.
Type  H <return>  for immediate help.
 ...                                              
                                                  
l.6 –†–∞—Å—Å–º–æ—Ç—Ä–∏–º –ø—É—á–æ–∫ –∫–æ–Ω–∏–∫
                                               —á–µ—Ä–µ–∑ —Ç–æ—á–∫–∏ $A_1 = ...

You may provide a definition with
\DeclareUnicodeCharacter 


! Package inputenc Error: Unicode character —á (U+0447)
(inputenc)                not set up for use with LaTeX.

See the inputenc package documentation for explanation.
Type  H <return>  for immediate help.
 ...                                              
                                                  
l.6 –†–∞—Å—Å–º–æ—Ç—Ä–∏–º –ø—É—á–æ–∫ –∫–æ–Ω–∏–∫ —á
                                                 –µ—Ä–µ–∑ —Ç–æ—á–∫–∏ $A_1 = ...

You may provide a definition with
\DeclareUnicodeCharacter 


! Package inputenc Error: Unicode character –µ (U+0435)
(inputenc)                not set up for use with LaTeX.

See the inputenc package documentation for explanation.
Type  H <return>  for immediate help.
 ...                                              
                                                  
l.6 ...—Å—Å–º–æ—Ç—Ä–∏–º –ø—É—á–æ–∫ –∫–æ–Ω–∏–∫ —á–µ
                                                  —Ä–µ–∑ —Ç–æ—á–∫–∏ $A_1 = (...

You may provide a definition with
\DeclareUnicodeCharacter 


! Package inputenc Error: Unicode character —Ä (U+0440)
(inputenc)                not set up for use with LaTeX.

See the inputenc package documentation for explanation.
Type  H <return>  for immediate help.
 ...                                              
                                                  
l.6 ...—Å–º–æ—Ç—Ä–∏–º –ø—É—á–æ–∫ –∫–æ–Ω–∏–∫ —á–µ—Ä
                                                  –µ–∑ —Ç–æ—á–∫–∏ $A_1 = (0,...

You may provide a definition with
\DeclareUnicodeCharacter 


! Package inputenc Error: Unicode character –µ (U+0435)
(inputenc)                not set up for use with LaTeX.

See the inputenc package documentation for explanation.
Type  H <return>  for immediate help.
 ...                                              
                                                  
l.6 ...–º–æ—Ç—Ä–∏–º –ø—É—á–æ–∫ –∫–æ–Ω–∏–∫ —á–µ—Ä–µ
                                                  –∑ —Ç–æ—á–∫–∏ $A_1 = (0,0)...

You may provide a definition with
\DeclareUnicodeCharacter 


! Package inputenc Error: Unicode character –∑ (U+0437)
(inputenc)                not set up for use with LaTeX.

See the inputenc package documentation for explanation.
Type  H <return>  for immediate help.
 ...                                              
                                                  
l.6 ...–æ—Ç—Ä–∏–º –ø—É—á–æ–∫ –∫–æ–Ω–∏–∫ —á–µ—Ä–µ–∑
                                                   —Ç–æ—á–∫–∏ $A_1 = (0,0),\...

You may provide a definition with
\DeclareUnicodeCharacter 


! Package inputenc Error: Unicode character —Ç (U+0442)
(inputenc)                not set up for use with LaTeX.

See the inputenc package documentation for explanation.
Type  H <return>  for immediate help.
 ...                                              
                                                  
l.6 ...Ç—Ä–∏–º –ø—É—á–æ–∫ –∫–æ–Ω–∏–∫ —á–µ—Ä–µ–∑ —Ç
                                                  –æ—á–∫–∏ $A_1 = (0,0),\ A_...

You may provide a definition with
\DeclareUnicodeCharacter 


! Package inputenc Error: Unicode character –æ (U+043E)
(inputenc)                not set up for use with LaTeX.

See the inputenc package documentation for explanation.
Type  H <return>  for immediate help.
 ...                                              
                                                  
l.6 ...Ä–∏–º –ø—É—á–æ–∫ –∫–æ–Ω–∏–∫ —á–µ—Ä–µ–∑ —Ç–æ
                                                  —á–∫–∏ $A_1 = (0,0),\ A_2 ...

You may provide a definition with
\DeclareUnicodeCharacter 


! Package inputenc Error: Unicode character —á (U+0447)
(inputenc)                not set up for use with LaTeX.

See the inputenc package documentation for explanation.
Type  H <return>  for immediate help.
 ...                                              
                                                  
l.6 ...∏–º –ø—É—á–æ–∫ –∫–æ–Ω–∏–∫ —á–µ—Ä–µ–∑ —Ç–æ—á
                                                  –∫–∏ $A_1 = (0,0),\ A_2 = ...

You may provide a definition with
\DeclareUnicodeCharacter 


! Package inputenc Error: Unicode character –∫ (U+043A)
(inputenc)                not set up for use with LaTeX.

See the inputenc package documentation for explanation.
Type  H <return>  for immediate help.
 ...                                              
                                                  
l.6 ...º –ø—É—á–æ–∫ –∫–æ–Ω–∏–∫ —á–µ—Ä–µ–∑ —Ç–æ—á–∫
                                                  –∏ $A_1 = (0,0),\ A_2 = (1...

You may provide a definition with
\DeclareUnicodeCharacter 


! Package inputenc Error: Unicode character –∏ (U+0438)
(inputenc)                not set up for use with LaTeX.

See the inputenc package documentation for explanation.
Type  H <return>  for immediate help.
 ...                                              
                                                  
l.6 ...–ø—É—á–æ–∫ –∫–æ–Ω–∏–∫ —á–µ—Ä–µ–∑ —Ç–æ—á–∫–∏
                                                   $A_1 = (0,0),\ A_2 = (1,0...

You may provide a definition with
\DeclareUnicodeCharacter 

LaTeX Font Info:    External font `cmex10' loaded for size
(Font)              <7> on input line 6.
LaTeX Font Info:    External font `cmex10' loaded for size
(Font)              <5> on input line 6.
Missing character: There is no , in font nullfont!

! Package inputenc Error: Unicode character –≥ (U+0433)
(inputenc)                not set up for use with LaTeX.

See the inputenc package documentation for explanation.
Type  H <return>  for immediate help.
 ...                                              
                                                  
l.6 ..._2 = (1,0),\ A_3 = (0,1),\ A_4 = (a,b)$, –≥
                                                  –¥–µ $a,b > 0,\ a+b > 1$\\
You may provide a definition with
\DeclareUnicodeCharacter 


! Package inputenc Error: Unicode character –¥ (U+0434)
(inputenc)                not set up for use with LaTeX.

See the inputenc package documentation for explanation.
Type  H <return>  for immediate help.
 ...                                              
                                                  
l.6 ... = (1,0),\ A_3 = (0,1),\ A_4 = (a,b)$, –≥–¥
                                                  –µ $a,b > 0,\ a+b > 1$\\
You may provide a definition with
\DeclareUnicodeCharacter 


! Package inputenc Error: Unicode character –µ (U+0435)
(inputenc)                not set up for use with LaTeX.

See the inputenc package documentation for explanation.
Type  H <return>  for immediate help.
 ...                                              
                                                  
l.6 ... (1,0),\ A_3 = (0,1),\ A_4 = (a,b)$, –≥–¥–µ
                                                   $a,b > 0,\ a+b > 1$\\
You may provide a definition with
\DeclareUnicodeCharacter 


! LaTeX Error: Environment gather* undefined.

See the LaTeX manual or LaTeX Companion for explanation.
Type  H <return>  for immediate help.
 ...                                              
                                                  
l.7 \begin{gather*}
                   
Your command was ignored.
Type  I <command> <return>  to replace it with another command,
or  <return>  to continue without it.

Missing character: There is no C in font nullfont!
! Missing $ inserted.
<inserted text> 
                $
l.8 	C_
       1: x(x-a) = f(x,y)\\
I've inserted a begin-math/end-math symbol since I think
you left one out. Proceed, with fingers crossed.


! LaTeX Error: \begin{document} ended by \end{gather*}.

See the LaTeX manual or LaTeX Companion for explanation.
Type  H <return>  for immediate help.
 ...                                              
                                                  
l.10 \end{gather*}
                  
Your command was ignored.
Type  I <command> <return>  to replace it with another command,
or  <return>  to continue without it.

! Missing $ inserted.
<inserted text> 
                $
l.10 \end{gather*}
                  
I've inserted something that you may have forgotten.
(See the <inserted text> above.)
With luck, this will get me unwedged. But if you
really didn't forget anything, try typing `2' now; then
my insertion and my current dilemma will both disappear.


! Package inputenc Error: Unicode character –ü (U+041F)
(inputenc)                not set up for use with LaTeX.

See the inputenc package documentation for explanation.
Type  H <return>  for immediate help.
 ...                                              
                                                  
l.11 –ü
       —É—Å—Ç—å –ø—è—Ç–∞—è —Ç–æ—á–∫–∞ –∏–º–µ–µ—Ç –∫–æ–æ—Ä–¥–∏–Ω–∞—Ç—ã $A_5 =...

You may provide a definition with
\DeclareUnicodeCharacter 


! Package inputenc Error: Unicode character —É (U+0443)
(inputenc)                not set up for use with LaTeX.

See the inputenc package documentation for explanation.
Type  H <return>  for immediate help.
 ...                                              
                                                  
l.11 –ü—É
         —Å—Ç—å –ø—è—Ç–∞—è —Ç–æ—á–∫–∞ –∏–º–µ–µ—Ç –∫–æ–æ—Ä–¥–∏–Ω–∞—Ç—ã $A_5 =...

You may provide a definition with
\DeclareUnicodeCharacter 


! Package inputenc Error: Unicode character —Å (U+0441)
(inputenc)                not set up for use with LaTeX.

See the inputenc package documentation for explanation.
Type  H <return>  for immediate help.
 ...                                              
                                                  
l.11 –ü—É—Å
           —Ç—å –ø—è—Ç–∞—è —Ç–æ—á–∫–∞ –∏–º–µ–µ—Ç –∫–æ–æ—Ä–¥–∏–Ω–∞—Ç—ã $A_5 =...

You may provide a definition with
\DeclareUnicodeCharacter 


! Package inputenc Error: Unicode character —Ç (U+0442)
(inputenc)                not set up for use with LaTeX.

See the inputenc package documentation for explanation.
Type  H <return>  for immediate help.
 ...                                              
                                                  
l.11 –ü—É—Å—Ç
             —å –ø—è—Ç–∞—è —Ç–æ—á–∫–∞ –∏–º–µ–µ—Ç –∫–æ–æ—Ä–¥–∏–Ω–∞—Ç—ã $A_5 =...

You may provide a definition with
\DeclareUnicodeCharacter 


! Package inputenc Error: Unicode character —å (U+044C)
(inputenc)                not set up for use with LaTeX.

See the inputenc package documentation for explanation.
Type  H <return>  for immediate help.
 ...                                              
                                                  
l.11 –ü—É—Å—Ç—å
                –ø—è—Ç–∞—è —Ç–æ—á–∫–∞ –∏–º–µ–µ—Ç –∫–æ–æ—Ä–¥–∏–Ω–∞—Ç—ã $A_5 =...

You may provide a definition with
\DeclareUnicodeCharacter 


! Package inputenc Error: Unicode character –ø (U+043F)
(inputenc)                not set up for use with LaTeX.

See the inputenc package documentation for explanation.
Type  H <return>  for immediate help.
 ...                                              
                                                  
l.11 –ü—É—Å—Ç—å –ø
                  —è—Ç–∞—è —Ç–æ—á–∫–∞ –∏–º–µ–µ—Ç –∫–æ–æ—Ä–¥–∏–Ω–∞—Ç—ã $A_5 =...

You may provide a definition with
\DeclareUnicodeCharacter 


! Package inputenc Error: Unicode character —è (U+044F)
(inputenc)                not set up for use with LaTeX.

See the inputenc package documentation for explanation.
Type  H <return>  for immediate help.
 ...                                              
                                                  
l.11 –ü—É—Å—Ç—å –ø—è
                    —Ç–∞—è —Ç–æ—á–∫–∞ –∏–º–µ–µ—Ç –∫–æ–æ—Ä–¥–∏–Ω–∞—Ç—ã $A_5 =...

You may provide a definition with
\DeclareUnicodeCharacter 


! Package inputenc Error: Unicode character —Ç (U+0442)
(inputenc)                not set up for use with LaTeX.

See the inputenc package documentation for explanation.
Type  H <return>  for immediate help.
 ...                                              
                                                  
l.11 –ü—É—Å—Ç—å –ø—è—Ç
                      –∞—è —Ç–æ—á–∫–∞ –∏–º–µ–µ—Ç –∫–æ–æ—Ä–¥–∏–Ω–∞—Ç—ã $A_5 =...

You may provide a definition with
\DeclareUnicodeCharacter 


! Package inputenc Error: Unicode character –∞ (U+0430)
(inputenc)                not set up for use with LaTeX.

See the inputenc package documentation for explanation.
Type  H <return>  for immediate help.
 ...                                              
                                                  
l.11 –ü—É—Å—Ç—å –ø—è—Ç–∞
                        —è —Ç–æ—á–∫–∞ –∏–º–µ–µ—Ç –∫–æ–æ—Ä–¥–∏–Ω–∞—Ç—ã $A_5 =...

You may provide a definition with
\DeclareUnicodeCharacter 


! Package inputenc Error: Unicode character —è (U+044F)
(inputenc)                not set up for use with LaTeX.

See the inputenc package documentation for explanation.
Type  H <return>  for immediate help.
 ...                                              
                                                  
l.11 –ü—É—Å—Ç—å –ø—è—Ç–∞—è
                           —Ç–æ—á–∫–∞ –∏–º–µ–µ—Ç –∫–æ–æ—Ä–¥–∏–Ω–∞—Ç—ã $A_5 =...

You may provide a definition with
\DeclareUnicodeCharacter 


! Package inputenc Error: Unicode character —Ç (U+0442)
(inputenc)                not set up for use with LaTeX.

See the inputenc package documentation for explanation.
Type  H <return>  for immediate help.
 ...                                              
                                                  
l.11 –ü—É—Å—Ç—å –ø—è—Ç–∞—è —Ç
                             –æ—á–∫–∞ –∏–º–µ–µ—Ç –∫–æ–æ—Ä–¥–∏–Ω–∞—Ç—ã $A_5 =...

You may provide a definition with
\DeclareUnicodeCharacter 


! Package inputenc Error: Unicode character –æ (U+043E)
(inputenc)                not set up for use with LaTeX.

See the inputenc package documentation for explanation.
Type  H <return>  for immediate help.
 ...                                              
                                                  
l.11 –ü—É—Å—Ç—å –ø—è—Ç–∞—è —Ç–æ
                               —á–∫–∞ –∏–º–µ–µ—Ç –∫–æ–æ—Ä–¥–∏–Ω–∞—Ç—ã $A_5 =...

You may provide a definition with
\DeclareUnicodeCharacter 


! Package inputenc Error: Unicode character —á (U+0447)
(inputenc)                not set up for use with LaTeX.

See the inputenc package documentation for explanation.
Type  H <return>  for immediate help.
 ...                                              
                                                  
l.11 –ü—É—Å—Ç—å –ø—è—Ç–∞—è —Ç–æ—á
                                 –∫–∞ –∏–º–µ–µ—Ç –∫–æ–æ—Ä–¥–∏–Ω–∞—Ç—ã $A_5 =...

You may provide a definition with
\DeclareUnicodeCharacter 


! Package inputenc Error: Unicode character –∫ (U+043A)
(inputenc)                not set up for use with LaTeX.

See the inputenc package documentation for explanation.
Type  H <return>  for immediate help.
 ...                                              
                                                  
l.11 –ü—É—Å—Ç—å –ø—è—Ç–∞—è —Ç–æ—á–∫
                                   –∞ –∏–º–µ–µ—Ç –∫–æ–æ—Ä–¥–∏–Ω–∞—Ç—ã $A_5 =...

You may provide a definition with
\DeclareUnicodeCharacter 


! Package inputenc Error: Unicode character –∞ (U+0430)
(inputenc)                not set up for use with LaTeX.

See the inputenc package documentation for explanation.
Type  H <return>  for immediate help.
 ...                                              
                                                  
l.11 –ü—É—Å—Ç—å –ø—è—Ç–∞—è —Ç–æ—á–∫–∞
                                      –∏–º–µ–µ—Ç –∫–æ–æ—Ä–¥–∏–Ω–∞—Ç—ã $A_5 =...

You may provide a definition with
\DeclareUnicodeCharacter 


! Package inputenc Error: Unicode character –∏ (U+0438)
(inputenc)                not set up for use with LaTeX.

See the inputenc package documentation for explanation.
Type  H <return>  for immediate help.
 ...                                              
                                                  
l.11 –ü—É—Å—Ç—å –ø—è—Ç–∞—è —Ç–æ—á–∫–∞ –∏
                                        –º–µ–µ—Ç –∫–æ–æ—Ä–¥–∏–Ω–∞—Ç—ã $A_5 =...

You may provide a definition with
\DeclareUnicodeCharacter 


! Package inputenc Error: Unicode character –º (U+043C)
(inputenc)                not set up for use with LaTeX.

See the inputenc package documentation for explanation.
Type  H <return>  for immediate help.
 ...                                              
                                                  
l.11 –ü—É—Å—Ç—å –ø—è—Ç–∞—è —Ç–æ—á–∫–∞ –∏–º
                                          –µ–µ—Ç –∫–æ–æ—Ä–¥–∏–Ω–∞—Ç—ã $A_5 =...

You may provide a definition with
\DeclareUnicodeCharacter 


! Package inputenc Error: Unicode character –µ (U+0435)
(inputenc)                not set up for use with LaTeX.

See the inputenc package documentation for explanation.
Type  H <return>  for immediate help.
 ...                                              
                                                  
l.11 –ü—É—Å—Ç—å –ø—è—Ç–∞—è —Ç–æ—á–∫–∞ –∏–º–µ
                                            –µ—Ç –∫–æ–æ—Ä–¥–∏–Ω–∞—Ç—ã $A_5 =...

You may provide a definition with
\DeclareUnicodeCharacter 


! Package inputenc Error: Unicode character –µ (U+0435)
(inputenc)                not set up for use with LaTeX.

See the inputenc package documentation for explanation.
Type  H <return>  for immediate help.
 ...                                              
                                                  
l.11 –ü—É—Å—Ç—å –ø—è—Ç–∞—è —Ç–æ—á–∫–∞ –∏–º–µ–µ
                                              —Ç –∫–æ–æ—Ä–¥–∏–Ω–∞—Ç—ã $A_5 =...

You may provide a definition with
\DeclareUnicodeCharacter 


! Package inputenc Error: Unicode character —Ç (U+0442)
(inputenc)                not set up for use with LaTeX.

See the inputenc package documentation for explanation.
Type  H <return>  for immediate help.
 ...                                              
                                                  
l.11 –ü—É—Å—Ç—å –ø—è—Ç–∞—è —Ç–æ—á–∫–∞ –∏–º–µ–µ—Ç
                                                 –∫–æ–æ—Ä–¥–∏–Ω–∞—Ç—ã $A_5 =...

You may provide a definition with
\DeclareUnicodeCharacter 


! Package inputenc Error: Unicode character –∫ (U+043A)
(inputenc)                not set up for use with LaTeX.

See the inputenc package documentation for explanation.
Type  H <return>  for immediate help.
 ...                                              
                                                  
l.11 ...—Å—Ç—å –ø—è—Ç–∞—è —Ç–æ—á–∫–∞ –∏–º–µ–µ—Ç –∫
                                                  –æ–æ—Ä–¥–∏–Ω–∞—Ç—ã $A_5 = ...

You may provide a definition with
\DeclareUnicodeCharacter 


! Package inputenc Error: Unicode character –æ (U+043E)
(inputenc)                not set up for use with LaTeX.

See the inputenc package documentation for explanation.
Type  H <return>  for immediate help.
 ...                                              
                                                  
l.11 ...—Ç—å –ø—è—Ç–∞—è —Ç–æ—á–∫–∞ –∏–º–µ–µ—Ç –∫–æ
                                                  –æ—Ä–¥–∏–Ω–∞—Ç—ã $A_5 = (c...

You may provide a definition with
\DeclareUnicodeCharacter 


! Package inputenc Error: Unicode character –æ (U+043E)
(inputenc)                not set up for use with LaTeX.

See the inputenc package documentation for explanation.
Type  H <return>  for immediate help.
 ...                                              
                                                  
l.11 ...—å –ø—è—Ç–∞—è —Ç–æ—á–∫–∞ –∏–º–µ–µ—Ç –∫–æ–æ
                                                  —Ä–¥–∏–Ω–∞—Ç—ã $A_5 = (c,d...

You may provide a definition with
\DeclareUnicodeCharacter 


! Package inputenc Error: Unicode character —Ä (U+0440)
(inputenc)                not set up for use with LaTeX.

See the inputenc package documentation for explanation.
Type  H <return>  for immediate help.
 ...                                              
                                                  
l.11 ... –ø—è—Ç–∞—è —Ç–æ—á–∫–∞ –∏–º–µ–µ—Ç –∫–æ–æ—Ä
                                                  –¥–∏–Ω–∞—Ç—ã $A_5 = (c,d)$\\
You may provide a definition with
\DeclareUnicodeCharacter 


! Package inputenc Error: Unicode character –¥ (U+0434)
(inputenc)                not set up for use with LaTeX.

See the inputenc package documentation for explanation.
Type  H <return>  for immediate help.
 ...                                              
                                                  
l.11 ...ø—è—Ç–∞—è —Ç–æ—á–∫–∞ –∏–º–µ–µ—Ç –∫–æ–æ—Ä–¥
                                                  –∏–Ω–∞—Ç—ã $A_5 = (c,d)$\\
You may provide a definition with
\DeclareUnicodeCharacter 


! Package inputenc Error: Unicode character –∏ (U+0438)
(inputenc)                not set up for use with LaTeX.

See the inputenc package documentation for explanation.
Type  H <return>  for immediate help.
 ...                                              
                                                  
l.11 ...è—Ç–∞—è —Ç–æ—á–∫–∞ –∏–º–µ–µ—Ç –∫–æ–æ—Ä–¥–∏
                                                  –Ω–∞—Ç—ã $A_5 = (c,d)$\\
You may provide a definition with
\DeclareUnicodeCharacter 


! Package inputenc Error: Unicode character –Ω (U+043D)
(inputenc)                not set up for use with LaTeX.

See the inputenc package documentation for explanation.
Type  H <return>  for immediate help.
 ...                                              
                                                  
l.11 ...Ç–∞—è —Ç–æ—á–∫–∞ –∏–º–µ–µ—Ç –∫–æ–æ—Ä–¥–∏–Ω
                                                  –∞—Ç—ã $A_5 = (c,d)$\\
You may provide a definition with
\DeclareUnicodeCharacter 


! Package inputenc Error: Unicode character –∞ (U+0430)
(inputenc)                not set up for use with LaTeX.

See the inputenc package documentation for explanation.
Type  H <return>  for immediate help.
 ...                                              
                                                  
l.11 ...∞—è —Ç–æ—á–∫–∞ –∏–º–µ–µ—Ç –∫–æ–æ—Ä–¥–∏–Ω–∞
                                                  —Ç—ã $A_5 = (c,d)$\\
You may provide a definition with
\DeclareUnicodeCharacter 


! Package inputenc Error: Unicode character —Ç (U+0442)
(inputenc)                not set up for use with LaTeX.

See the inputenc package documentation for explanation.
Type  H <return>  for immediate help.
 ...                                              
                                                  
l.11 ...è —Ç–æ—á–∫–∞ –∏–º–µ–µ—Ç –∫–æ–æ—Ä–¥–∏–Ω–∞—Ç
                                                  —ã $A_5 = (c,d)$\\
You may provide a definition with
\DeclareUnicodeCharacter 


! Package inputenc Error: Unicode character —ã (U+044B)
(inputenc)                not set up for use with LaTeX.

See the inputenc package documentation for explanation.
Type  H <return>  for immediate help.
 ...                                              
                                                  
l.11 ...—Ç–æ—á–∫–∞ –∏–º–µ–µ—Ç –∫–æ–æ—Ä–¥–∏–Ω–∞—Ç—ã
                                                   $A_5 = (c,d)$\\
You may provide a definition with
\DeclareUnicodeCharacter 


! LaTeX Error: Environment gather* undefined.

See the LaTeX manual or LaTeX Companion for explanation.
Type  H <return>  for immediate help.
 ...                                              
                                                  
l.12 \begin{gather*}
                    
Your command was ignored.
Type  I <command> <return>  to replace it with another command,
or  <return>  to continue without it.

Missing character: There is no C in font nullfont!
! Missing $ inserted.
<inserted text> 
                $
l.13 	C_
        {A_5} f(A_5) g(A) - g(A_5) f(A) = x(x-a) d(d-b) - y(y-b) c(c-a)
I've inserted a begin-math/end-math symbol since I think
you left one out. Proceed, with fingers crossed.


! LaTeX Error: \begin{document} ended by \end{gather*}.

See the LaTeX manual or LaTeX Companion for explanation.
Type  H <return>  for immediate help.
 ...                                              
                                                  
l.14 \end{gather*}
                  
Your command was ignored.
Type  I <command> <return>  to replace it with another command,
or  <return>  to continue without it.

! Missing $ inserted.
<inserted text> 
                $
l.14 \end{gather*}
                  
I've inserted something that you may have forgotten.
(See the <inserted text> above.)
With luck, this will get me unwedged. But if you
really didn't forget anything, try typing `2' now; then
my insertion and my current dilemma will both disappear.


! Package inputenc Error: Unicode character –ë (U+0411)
(inputenc)                not set up for use with LaTeX.

See the inputenc package documentation for explanation.
Type  H <return>  for immediate help.
 ...                                              
                                                  
l.15 –ë
       —É–¥–µ–º —Å—á–∏—Ç–∞—Ç—å, —á—Ç–æ —ç—Ç–æ –±—ã–ª–æ –≤ –∫–∞—Ä—Ç–µ $Z = 1$
You may provide a definition with
\DeclareUnicodeCharacter 


! Package inputenc Error: Unicode character —É (U+0443)
(inputenc)                not set up for use with LaTeX.

See the inputenc package documentation for explanation.
Type  H <return>  for immediate help.
 ...                                              
                                                  
l.15 –ë—É
         –¥–µ–º —Å—á–∏—Ç–∞—Ç—å, —á—Ç–æ —ç—Ç–æ –±—ã–ª–æ –≤ –∫–∞—Ä—Ç–µ $Z = 1$
You may provide a definition with
\DeclareUnicodeCharacter 


! Package inputenc Error: Unicode character –¥ (U+0434)
(inputenc)                not set up for use with LaTeX.

See the inputenc package documentation for explanation.
Type  H <return>  for immediate help.
 ...                                              
                                                  
l.15 –ë—É–¥
           –µ–º —Å—á–∏—Ç–∞—Ç—å, —á—Ç–æ —ç—Ç–æ –±—ã–ª–æ –≤ –∫–∞—Ä—Ç–µ $Z = 1$
You may provide a definition with
\DeclareUnicodeCharacter 


! Package inputenc Error: Unicode character –µ (U+0435)
(inputenc)                not set up for use with LaTeX.

See the inputenc package documentation for explanation.
Type  H <return>  for immediate help.
 ...                                              
                                                  
l.15 –ë—É–¥–µ
             –º —Å—á–∏—Ç–∞—Ç—å, —á—Ç–æ —ç—Ç–æ –±—ã–ª–æ –≤ –∫–∞—Ä—Ç–µ $Z = 1$
You may provide a definition with
\DeclareUnicodeCharacter 


! Package inputenc Error: Unicode character –º (U+043C)
(inputenc)                not set up for use with LaTeX.

See the inputenc package documentation for explanation.
Type  H <return>  for immediate help.
 ...                                              
                                                  
l.15 –ë—É–¥–µ–º
                —Å—á–∏—Ç–∞—Ç—å, —á—Ç–æ —ç—Ç–æ –±—ã–ª–æ –≤ –∫–∞—Ä—Ç–µ $Z = 1$
You may provide a definition with
\DeclareUnicodeCharacter 


! Package inputenc Error: Unicode character —Å (U+0441)
(inputenc)                not set up for use with LaTeX.

See the inputenc package documentation for explanation.
Type  H <return>  for immediate help.
 ...                                              
                                                  
l.15 –ë—É–¥–µ–º —Å
                  —á–∏—Ç–∞—Ç—å, —á—Ç–æ —ç—Ç–æ –±—ã–ª–æ –≤ –∫–∞—Ä—Ç–µ $Z = 1$
You may provide a definition with
\DeclareUnicodeCharacter 


! Package inputenc Error: Unicode character —á (U+0447)
(inputenc)                not set up for use with LaTeX.

See the inputenc package documentation for explanation.
Type  H <return>  for immediate help.
 ...                                              
                                                  
l.15 –ë—É–¥–µ–º —Å—á
                    –∏—Ç–∞—Ç—å, —á—Ç–æ —ç—Ç–æ –±—ã–ª–æ –≤ –∫–∞—Ä—Ç–µ $Z = 1$
You may provide a definition with
\DeclareUnicodeCharacter 


! Package inputenc Error: Unicode character –∏ (U+0438)
(inputenc)                not set up for use with LaTeX.

See the inputenc package documentation for explanation.
Type  H <return>  for immediate help.
 ...                                              
                                                  
l.15 –ë—É–¥–µ–º —Å—á–∏
                      —Ç–∞—Ç—å, —á—Ç–æ —ç—Ç–æ –±—ã–ª–æ –≤ –∫–∞—Ä—Ç–µ $Z = 1$
You may provide a definition with
\DeclareUnicodeCharacter 


! Package inputenc Error: Unicode character —Ç (U+0442)
(inputenc)                not set up for use with LaTeX.

See the inputenc package documentation for explanation.
Type  H <return>  for immediate help.
 ...                                              
                                                  
l.15 –ë—É–¥–µ–º —Å—á–∏—Ç
                        –∞—Ç—å, —á—Ç–æ —ç—Ç–æ –±—ã–ª–æ –≤ –∫–∞—Ä—Ç–µ $Z = 1$
You may provide a definition with
\DeclareUnicodeCharacter 


! Package inputenc Error: Unicode character –∞ (U+0430)
(inputenc)                not set up for use with LaTeX.

See the inputenc package documentation for explanation.
Type  H <return>  for immediate help.
 ...                                              
                                                  
l.15 –ë—É–¥–µ–º —Å—á–∏—Ç–∞
                          —Ç—å, —á—Ç–æ —ç—Ç–æ –±—ã–ª–æ –≤ –∫–∞—Ä—Ç–µ $Z = 1$
You may provide a definition with
\DeclareUnicodeCharacter 


! Package inputenc Error: Unicode character —Ç (U+0442)
(inputenc)                not set up for use with LaTeX.

See the inputenc package documentation for explanation.
Type  H <return>  for immediate help.
 ...                                              
                                                  
l.15 –ë—É–¥–µ–º —Å—á–∏—Ç–∞—Ç
                            —å, —á—Ç–æ —ç—Ç–æ –±—ã–ª–æ –≤ –∫–∞—Ä—Ç–µ $Z = 1$
You may provide a definition with
\DeclareUnicodeCharacter 


! Package inputenc Error: Unicode character —å (U+044C)
(inputenc)                not set up for use with LaTeX.

See the inputenc package documentation for explanation.
Type  H <return>  for immediate help.
 ...                                              
                                                  
l.15 –ë—É–¥–µ–º —Å—á–∏—Ç–∞—Ç—å
                              , —á—Ç–æ —ç—Ç–æ –±—ã–ª–æ –≤ –∫–∞—Ä—Ç–µ $Z = 1$
You may provide a definition with
\DeclareUnicodeCharacter 

Missing character: There is no , in font nullfont!

! Package inputenc Error: Unicode character —á (U+0447)
(inputenc)                not set up for use with LaTeX.

See the inputenc package documentation for explanation.
Type  H <return>  for immediate help.
 ...                                              
                                                  
l.15 –ë—É–¥–µ–º —Å—á–∏—Ç–∞—Ç—å, —á
                                  —Ç–æ —ç—Ç–æ –±—ã–ª–æ –≤ –∫–∞—Ä—Ç–µ $Z = 1$
You may provide a definition with
\DeclareUnicodeCharacter 


! Package inputenc Error: Unicode character —Ç (U+0442)
(inputenc)                not set up for use with LaTeX.

See the inputenc package documentation for explanation.
Type  H <return>  for immediate help.
 ...                                              
                                                  
l.15 –ë—É–¥–µ–º —Å—á–∏—Ç–∞—Ç—å, —á—Ç
                                    –æ —ç—Ç–æ –±—ã–ª–æ –≤ –∫–∞—Ä—Ç–µ $Z = 1$
You may provide a definition with
\DeclareUnicodeCharacter 


! Package inputenc Error: Unicode character –æ (U+043E)
(inputenc)                not set up for use with LaTeX.

See the inputenc package documentation for explanation.
Type  H <return>  for immediate help.
 ...                                              
                                                  
l.15 –ë—É–¥–µ–º —Å—á–∏—Ç–∞—Ç—å, —á—Ç–æ
                                       —ç—Ç–æ –±—ã–ª–æ –≤ –∫–∞—Ä—Ç–µ $Z = 1$
You may provide a definition with
\DeclareUnicodeCharacter 


! Package inputenc Error: Unicode character —ç (U+044D)
(inputenc)                not set up for use with LaTeX.

See the inputenc package documentation for explanation.
Type  H <return>  for immediate help.
 ...                                              
                                                  
l.15 –ë—É–¥–µ–º —Å—á–∏—Ç–∞—Ç—å, —á—Ç–æ —ç
                                         —Ç–æ –±—ã–ª–æ –≤ –∫–∞—Ä—Ç–µ $Z = 1$
You may provide a definition with
\DeclareUnicodeCharacter 


! Package inputenc Error: Unicode character —Ç (U+0442)
(inputenc)                not set up for use with LaTeX.

See the inputenc package documentation for explanation.
Type  H <return>  for immediate help.
 ...                                              
                                                  
l.15 –ë—É–¥–µ–º —Å—á–∏—Ç–∞—Ç—å, —á—Ç–æ —ç—Ç
                                           –æ –±—ã–ª–æ –≤ –∫–∞—Ä—Ç–µ $Z = 1$
You may provide a definition with
\DeclareUnicodeCharacter 


! Package inputenc Error: Unicode character –æ (U+043E)
(inputenc)                not set up for use with LaTeX.

See the inputenc package documentation for explanation.
Type  H <return>  for immediate help.
 ...                                              
                                                  
l.15 –ë—É–¥–µ–º —Å—á–∏—Ç–∞—Ç—å, —á—Ç–æ —ç—Ç–æ
                                              –±—ã–ª–æ –≤ –∫–∞—Ä—Ç–µ $Z = 1$
You may provide a definition with
\DeclareUnicodeCharacter 


! Package inputenc Error: Unicode character –± (U+0431)
(inputenc)                not set up for use with LaTeX.

See the inputenc package documentation for explanation.
Type  H <return>  for immediate help.
 ...                                              
                                                  
l.15 –ë—É–¥–µ–º —Å—á–∏—Ç–∞—Ç—å, —á—Ç–æ —ç—Ç–æ –±
                                                —ã–ª–æ –≤ –∫–∞—Ä—Ç–µ $Z = 1$
You may provide a definition with
\DeclareUnicodeCharacter 


! Package inputenc Error: Unicode character —ã (U+044B)
(inputenc)                not set up for use with LaTeX.

See the inputenc package documentation for explanation.
Type  H <return>  for immediate help.
 ...                                              
                                                  
l.15 –ë—É–¥–µ–º —Å—á–∏—Ç–∞—Ç—å, —á—Ç–æ —ç—Ç–æ –±—ã
                                                  –ª–æ –≤ –∫–∞—Ä—Ç–µ $Z = 1$
You may provide a definition with
\DeclareUnicodeCharacter 


! Package inputenc Error: Unicode character –ª (U+043B)
(inputenc)                not set up for use with LaTeX.

See the inputenc package documentation for explanation.
Type  H <return>  for immediate help.
 ...                                              
                                                  
l.15 ...¥–µ–º —Å—á–∏—Ç–∞—Ç—å, —á—Ç–æ —ç—Ç–æ –±—ã–ª
                                                  –æ –≤ –∫–∞—Ä—Ç–µ $Z = 1$
You may provide a definition with
\DeclareUnicodeCharacter 


! Package inputenc Error: Unicode character –æ (U+043E)
(inputenc)                not set up for use with LaTeX.

See the inputenc package documentation for explanation.
Type  H <return>  for immediate help.
 ...                                              
                                                  
l.15 ...µ–º —Å—á–∏—Ç–∞—Ç—å, —á—Ç–æ —ç—Ç–æ –±—ã–ª–æ
                                                   –≤ –∫–∞—Ä—Ç–µ $Z = 1$
You may provide a definition with
\DeclareUnicodeCharacter 


! Package inputenc Error: Unicode character –≤ (U+0432)
(inputenc)                not set up for use with LaTeX.

See the inputenc package documentation for explanation.
Type  H <return>  for immediate help.
 ...                                              
                                                  
l.15 ... —Å—á–∏—Ç–∞—Ç—å, —á—Ç–æ —ç—Ç–æ –±—ã–ª–æ –≤
                                                   –∫–∞—Ä—Ç–µ $Z = 1$
You may provide a definition with
\DeclareUnicodeCharacter 


! Package inputenc Error: Unicode character –∫ (U+043A)
(inputenc)                not set up for use with LaTeX.

See the inputenc package documentation for explanation.
Type  H <return>  for immediate help.
 ...                                              
                                                  
l.15 ...—á–∏—Ç–∞—Ç—å, —á—Ç–æ —ç—Ç–æ –±—ã–ª–æ –≤ –∫
                                                  –∞—Ä—Ç–µ $Z = 1$
You may provide a definition with
\DeclareUnicodeCharacter 


! Package inputenc Error: Unicode character –∞ (U+0430)
(inputenc)                not set up for use with LaTeX.

See the inputenc package documentation for explanation.
Type  H <return>  for immediate help.
 ...                                              
                                                  
l.15 ...–∏—Ç–∞—Ç—å, —á—Ç–æ —ç—Ç–æ –±—ã–ª–æ –≤ –∫–∞
                                                  —Ä—Ç–µ $Z = 1$
(That makes 100 errors; please try again.) 
Here is how much of TeX's memory you used:
 40 strings out of 491202
 621 string characters out of 3111286
 70169 words of memory out of 3000000
 5732 multiletter control sequences out of 15000+200000
 3640 words of font info for 14 fonts, out of 3000000 for 9000
 1141 hyphenation exceptions out of 8191
 18i,2n,12p,177b,56s stack positions out of 5000i,500n,10000p,200000b,50000s

!  ==> Fatal error occurred, no output PDF file produced!
