This is pdfTeX, Version 3.14159265-2.6-1.40.21 (MiKTeX 2.9.7400 64-bit) (preloaded format=pdflatex 2020.5.4)  24 MAY 2020 20:45
entering extended mode
**./T8.tex
(T8.tex
LaTeX2e <2020-02-02> patch level 5
! Undefined control sequence.
l.2 \subsection
               *{–ì–õ13 8}
The control sequence at the end of the top line
of your error message was never \def'ed. If you have
misspelled it (e.g., `\hobx'), type `I' and the correct
spelling (e.g., `I\hbox'). Otherwise just continue,
and I'll forget about whatever was undefined.


! LaTeX Error: Missing \begin{document}.

See the LaTeX manual or LaTeX Companion for explanation.
Type  H <return>  for immediate help.
 ...                                              
                                                  
l.2 \subsection*
                {–ì–õ13 8}
You're in trouble here.  Try typing  <return>  to proceed.
If that doesn't work, type  X <return>  to quit.

Missing character: There is no * in font nullfont!

! Package inputenc Error: Unicode character –ì (U+0413)
(inputenc)                not set up for use with LaTeX.

See the inputenc package documentation for explanation.
Type  H <return>  for immediate help.
 ...                                              
                                                  
l.2 \subsection*{–ì
                   –õ13 8}
You may provide a definition with
\DeclareUnicodeCharacter 


! Package inputenc Error: Unicode character –õ (U+041B)
(inputenc)                not set up for use with LaTeX.

See the inputenc package documentation for explanation.
Type  H <return>  for immediate help.
 ...                                              
                                                  
l.2 \subsection*{–ì–õ
                     13 8}
You may provide a definition with
\DeclareUnicodeCharacter 

Missing character: There is no 1 in font nullfont!
Missing character: There is no 3 in font nullfont!
Missing character: There is no 8 in font nullfont!

! Package inputenc Error: Unicode character –î (U+0414)
(inputenc)                not set up for use with LaTeX.

See the inputenc package documentation for explanation.
Type  H <return>  for immediate help.
 ...                                              
                                                  
l.4 –î
      –æ–∫–∞–∂–µ–º —Å–ø–µ—Ä–≤–∞ –≤—Å–ø–æ–º–æ–≥–∞—Ç–µ–ª—å–Ω–æ–µ —É—Ç–≤–µ—Ä–∂–...

You may provide a definition with
\DeclareUnicodeCharacter 


! Package inputenc Error: Unicode character –æ (U+043E)
(inputenc)                not set up for use with LaTeX.

See the inputenc package documentation for explanation.
Type  H <return>  for immediate help.
 ...                                              
                                                  
l.4 –î–æ
        –∫–∞–∂–µ–º —Å–ø–µ—Ä–≤–∞ –≤—Å–ø–æ–º–æ–≥–∞—Ç–µ–ª—å–Ω–æ–µ —É—Ç–≤–µ—Ä–∂–...

You may provide a definition with
\DeclareUnicodeCharacter 


! Package inputenc Error: Unicode character –∫ (U+043A)
(inputenc)                not set up for use with LaTeX.

See the inputenc package documentation for explanation.
Type  H <return>  for immediate help.
 ...                                              
                                                  
l.4 –î–æ–∫
          –∞–∂–µ–º —Å–ø–µ—Ä–≤–∞ –≤—Å–ø–æ–º–æ–≥–∞—Ç–µ–ª—å–Ω–æ–µ —É—Ç–≤–µ—Ä–∂–...

You may provide a definition with
\DeclareUnicodeCharacter 


! Package inputenc Error: Unicode character –∞ (U+0430)
(inputenc)                not set up for use with LaTeX.

See the inputenc package documentation for explanation.
Type  H <return>  for immediate help.
 ...                                              
                                                  
l.4 –î–æ–∫–∞
            –∂–µ–º —Å–ø–µ—Ä–≤–∞ –≤—Å–ø–æ–º–æ–≥–∞—Ç–µ–ª—å–Ω–æ–µ —É—Ç–≤–µ—Ä–∂–...

You may provide a definition with
\DeclareUnicodeCharacter 


! Package inputenc Error: Unicode character –∂ (U+0436)
(inputenc)                not set up for use with LaTeX.

See the inputenc package documentation for explanation.
Type  H <return>  for immediate help.
 ...                                              
                                                  
l.4 –î–æ–∫–∞–∂
              –µ–º —Å–ø–µ—Ä–≤–∞ –≤—Å–ø–æ–º–æ–≥–∞—Ç–µ–ª—å–Ω–æ–µ —É—Ç–≤–µ—Ä–∂–...

You may provide a definition with
\DeclareUnicodeCharacter 


! Package inputenc Error: Unicode character –µ (U+0435)
(inputenc)                not set up for use with LaTeX.

See the inputenc package documentation for explanation.
Type  H <return>  for immediate help.
 ...                                              
                                                  
l.4 –î–æ–∫–∞–∂–µ
                –º —Å–ø–µ—Ä–≤–∞ –≤—Å–ø–æ–º–æ–≥–∞—Ç–µ–ª—å–Ω–æ–µ —É—Ç–≤–µ—Ä–∂–...

You may provide a definition with
\DeclareUnicodeCharacter 


! Package inputenc Error: Unicode character –º (U+043C)
(inputenc)                not set up for use with LaTeX.

See the inputenc package documentation for explanation.
Type  H <return>  for immediate help.
 ...                                              
                                                  
l.4 –î–æ–∫–∞–∂–µ–º
                   —Å–ø–µ—Ä–≤–∞ –≤—Å–ø–æ–º–æ–≥–∞—Ç–µ–ª—å–Ω–æ–µ —É—Ç–≤–µ—Ä–∂–...

You may provide a definition with
\DeclareUnicodeCharacter 


! Package inputenc Error: Unicode character —Å (U+0441)
(inputenc)                not set up for use with LaTeX.

See the inputenc package documentation for explanation.
Type  H <return>  for immediate help.
 ...                                              
                                                  
l.4 –î–æ–∫–∞–∂–µ–º —Å
                     –ø–µ—Ä–≤–∞ –≤—Å–ø–æ–º–æ–≥–∞—Ç–µ–ª—å–Ω–æ–µ —É—Ç–≤–µ—Ä–∂–...

You may provide a definition with
\DeclareUnicodeCharacter 


! Package inputenc Error: Unicode character –ø (U+043F)
(inputenc)                not set up for use with LaTeX.

See the inputenc package documentation for explanation.
Type  H <return>  for immediate help.
 ...                                              
                                                  
l.4 –î–æ–∫–∞–∂–µ–º —Å–ø
                       –µ—Ä–≤–∞ –≤—Å–ø–æ–º–æ–≥–∞—Ç–µ–ª—å–Ω–æ–µ —É—Ç–≤–µ—Ä–∂–...

You may provide a definition with
\DeclareUnicodeCharacter 


! Package inputenc Error: Unicode character –µ (U+0435)
(inputenc)                not set up for use with LaTeX.

See the inputenc package documentation for explanation.
Type  H <return>  for immediate help.
 ...                                              
                                                  
l.4 –î–æ–∫–∞–∂–µ–º —Å–ø–µ
                         —Ä–≤–∞ –≤—Å–ø–æ–º–æ–≥–∞—Ç–µ–ª—å–Ω–æ–µ —É—Ç–≤–µ—Ä–∂–...

You may provide a definition with
\DeclareUnicodeCharacter 


! Package inputenc Error: Unicode character —Ä (U+0440)
(inputenc)                not set up for use with LaTeX.

See the inputenc package documentation for explanation.
Type  H <return>  for immediate help.
 ...                                              
                                                  
l.4 –î–æ–∫–∞–∂–µ–º —Å–ø–µ—Ä
                           –≤–∞ –≤—Å–ø–æ–º–æ–≥–∞—Ç–µ–ª—å–Ω–æ–µ —É—Ç–≤–µ—Ä–∂–...

You may provide a definition with
\DeclareUnicodeCharacter 


! Package inputenc Error: Unicode character –≤ (U+0432)
(inputenc)                not set up for use with LaTeX.

See the inputenc package documentation for explanation.
Type  H <return>  for immediate help.
 ...                                              
                                                  
l.4 –î–æ–∫–∞–∂–µ–º —Å–ø–µ—Ä–≤
                             –∞ –≤—Å–ø–æ–º–æ–≥–∞—Ç–µ–ª—å–Ω–æ–µ —É—Ç–≤–µ—Ä–∂–...

You may provide a definition with
\DeclareUnicodeCharacter 


! Package inputenc Error: Unicode character –∞ (U+0430)
(inputenc)                not set up for use with LaTeX.

See the inputenc package documentation for explanation.
Type  H <return>  for immediate help.
 ...                                              
                                                  
l.4 –î–æ–∫–∞–∂–µ–º —Å–ø–µ—Ä–≤–∞
                                –≤—Å–ø–æ–º–æ–≥–∞—Ç–µ–ª—å–Ω–æ–µ —É—Ç–≤–µ—Ä–∂–...

You may provide a definition with
\DeclareUnicodeCharacter 


! Package inputenc Error: Unicode character –≤ (U+0432)
(inputenc)                not set up for use with LaTeX.

See the inputenc package documentation for explanation.
Type  H <return>  for immediate help.
 ...                                              
                                                  
l.4 –î–æ–∫–∞–∂–µ–º —Å–ø–µ—Ä–≤–∞ –≤
                                  —Å–ø–æ–º–æ–≥–∞—Ç–µ–ª—å–Ω–æ–µ —É—Ç–≤–µ—Ä–∂–...

You may provide a definition with
\DeclareUnicodeCharacter 


! Package inputenc Error: Unicode character —Å (U+0441)
(inputenc)                not set up for use with LaTeX.

See the inputenc package documentation for explanation.
Type  H <return>  for immediate help.
 ...                                              
                                                  
l.4 –î–æ–∫–∞–∂–µ–º —Å–ø–µ—Ä–≤–∞ –≤—Å
                                    –ø–æ–º–æ–≥–∞—Ç–µ–ª—å–Ω–æ–µ —É—Ç–≤–µ—Ä–∂–...

You may provide a definition with
\DeclareUnicodeCharacter 


! Package inputenc Error: Unicode character –ø (U+043F)
(inputenc)                not set up for use with LaTeX.

See the inputenc package documentation for explanation.
Type  H <return>  for immediate help.
 ...                                              
                                                  
l.4 –î–æ–∫–∞–∂–µ–º —Å–ø–µ—Ä–≤–∞ –≤—Å–ø
                                      –æ–º–æ–≥–∞—Ç–µ–ª—å–Ω–æ–µ —É—Ç–≤–µ—Ä–∂–...

You may provide a definition with
\DeclareUnicodeCharacter 


! Package inputenc Error: Unicode character –æ (U+043E)
(inputenc)                not set up for use with LaTeX.

See the inputenc package documentation for explanation.
Type  H <return>  for immediate help.
 ...                                              
                                                  
l.4 –î–æ–∫–∞–∂–µ–º —Å–ø–µ—Ä–≤–∞ –≤—Å–ø–æ
                                        –º–æ–≥–∞—Ç–µ–ª—å–Ω–æ–µ —É—Ç–≤–µ—Ä–∂–...

You may provide a definition with
\DeclareUnicodeCharacter 


! Package inputenc Error: Unicode character –º (U+043C)
(inputenc)                not set up for use with LaTeX.

See the inputenc package documentation for explanation.
Type  H <return>  for immediate help.
 ...                                              
                                                  
l.4 –î–æ–∫–∞–∂–µ–º —Å–ø–µ—Ä–≤–∞ –≤—Å–ø–æ–º
                                          –æ–≥–∞—Ç–µ–ª—å–Ω–æ–µ —É—Ç–≤–µ—Ä–∂–...

You may provide a definition with
\DeclareUnicodeCharacter 


! Package inputenc Error: Unicode character –æ (U+043E)
(inputenc)                not set up for use with LaTeX.

See the inputenc package documentation for explanation.
Type  H <return>  for immediate help.
 ...                                              
                                                  
l.4 –î–æ–∫–∞–∂–µ–º —Å–ø–µ—Ä–≤–∞ –≤—Å–ø–æ–º–æ
                                            –≥–∞—Ç–µ–ª—å–Ω–æ–µ —É—Ç–≤–µ—Ä–∂–...

You may provide a definition with
\DeclareUnicodeCharacter 


! Package inputenc Error: Unicode character –≥ (U+0433)
(inputenc)                not set up for use with LaTeX.

See the inputenc package documentation for explanation.
Type  H <return>  for immediate help.
 ...                                              
                                                  
l.4 –î–æ–∫–∞–∂–µ–º —Å–ø–µ—Ä–≤–∞ –≤—Å–ø–æ–º–æ–≥
                                              –∞—Ç–µ–ª—å–Ω–æ–µ —É—Ç–≤–µ—Ä–∂–...

You may provide a definition with
\DeclareUnicodeCharacter 


! Package inputenc Error: Unicode character –∞ (U+0430)
(inputenc)                not set up for use with LaTeX.

See the inputenc package documentation for explanation.
Type  H <return>  for immediate help.
 ...                                              
                                                  
l.4 –î–æ–∫–∞–∂–µ–º —Å–ø–µ—Ä–≤–∞ –≤—Å–ø–æ–º–æ–≥–∞
                                                —Ç–µ–ª—å–Ω–æ–µ —É—Ç–≤–µ—Ä–∂–...

You may provide a definition with
\DeclareUnicodeCharacter 


! Package inputenc Error: Unicode character —Ç (U+0442)
(inputenc)                not set up for use with LaTeX.

See the inputenc package documentation for explanation.
Type  H <return>  for immediate help.
 ...                                              
                                                  
l.4 –î–æ–∫–∞–∂–µ–º —Å–ø–µ—Ä–≤–∞ –≤—Å–ø–æ–º–æ–≥–∞—Ç
                                                  –µ–ª—å–Ω–æ–µ —É—Ç–≤–µ—Ä–∂–...

You may provide a definition with
\DeclareUnicodeCharacter 


! Package inputenc Error: Unicode character –µ (U+0435)
(inputenc)                not set up for use with LaTeX.

See the inputenc package documentation for explanation.
Type  H <return>  for immediate help.
 ...                                              
                                                  
l.4 ...∫–∞–∂–µ–º —Å–ø–µ—Ä–≤–∞ –≤—Å–ø–æ–º–æ–≥–∞—Ç–µ
                                                  –ª—å–Ω–æ–µ —É—Ç–≤–µ—Ä–∂–¥–...

You may provide a definition with
\DeclareUnicodeCharacter 


! Package inputenc Error: Unicode character –ª (U+043B)
(inputenc)                not set up for use with LaTeX.

See the inputenc package documentation for explanation.
Type  H <return>  for immediate help.
 ...                                              
                                                  
l.4 ...∞–∂–µ–º —Å–ø–µ—Ä–≤–∞ –≤—Å–ø–æ–º–æ–≥–∞—Ç–µ–ª
                                                  —å–Ω–æ–µ —É—Ç–≤–µ—Ä–∂–¥–µ–...

You may provide a definition with
\DeclareUnicodeCharacter 


! Package inputenc Error: Unicode character —å (U+044C)
(inputenc)                not set up for use with LaTeX.

See the inputenc package documentation for explanation.
Type  H <return>  for immediate help.
 ...                                              
                                                  
l.4 ...∂–µ–º —Å–ø–µ—Ä–≤–∞ –≤—Å–ø–æ–º–æ–≥–∞—Ç–µ–ª—å
                                                  –Ω–æ–µ —É—Ç–≤–µ—Ä–∂–¥–µ–Ω–...

You may provide a definition with
\DeclareUnicodeCharacter 


! Package inputenc Error: Unicode character –Ω (U+043D)
(inputenc)                not set up for use with LaTeX.

See the inputenc package documentation for explanation.
Type  H <return>  for immediate help.
 ...                                              
                                                  
l.4 ...µ–º —Å–ø–µ—Ä–≤–∞ –≤—Å–ø–æ–º–æ–≥–∞—Ç–µ–ª—å–Ω
                                                  –æ–µ —É—Ç–≤–µ—Ä–∂–¥–µ–Ω–∏–µ\\

You may provide a definition with
\DeclareUnicodeCharacter 


! Package inputenc Error: Unicode character –æ (U+043E)
(inputenc)                not set up for use with LaTeX.

See the inputenc package documentation for explanation.
Type  H <return>  for immediate help.
 ...                                              
                                                  
l.4 ...º —Å–ø–µ—Ä–≤–∞ –≤—Å–ø–æ–º–æ–≥–∞—Ç–µ–ª—å–Ω–æ
                                                  –µ —É—Ç–≤–µ—Ä–∂–¥–µ–Ω–∏–µ\\
You may provide a definition with
\DeclareUnicodeCharacter 


! Package inputenc Error: Unicode character –µ (U+0435)
(inputenc)                not set up for use with LaTeX.

See the inputenc package documentation for explanation.
Type  H <return>  for immediate help.
 ...                                              
                                                  
l.4 ...—Å–ø–µ—Ä–≤–∞ –≤—Å–ø–æ–º–æ–≥–∞—Ç–µ–ª—å–Ω–æ–µ
                                                   —É—Ç–≤–µ—Ä–∂–¥–µ–Ω–∏–µ\\
You may provide a definition with
\DeclareUnicodeCharacter 


! Package inputenc Error: Unicode character —É (U+0443)
(inputenc)                not set up for use with LaTeX.

See the inputenc package documentation for explanation.
Type  H <return>  for immediate help.
 ...                                              
                                                  
l.4 ...ø–µ—Ä–≤–∞ –≤—Å–ø–æ–º–æ–≥–∞—Ç–µ–ª—å–Ω–æ–µ —É
                                                  —Ç–≤–µ—Ä–∂–¥–µ–Ω–∏–µ\\
You may provide a definition with
\DeclareUnicodeCharacter 


! Package inputenc Error: Unicode character —Ç (U+0442)
(inputenc)                not set up for use with LaTeX.

See the inputenc package documentation for explanation.
Type  H <return>  for immediate help.
 ...                                              
                                                  
l.4 ...µ—Ä–≤–∞ –≤—Å–ø–æ–º–æ–≥–∞—Ç–µ–ª—å–Ω–æ–µ —É—Ç
                                                  –≤–µ—Ä–∂–¥–µ–Ω–∏–µ\\
You may provide a definition with
\DeclareUnicodeCharacter 


! Package inputenc Error: Unicode character –≤ (U+0432)
(inputenc)                not set up for use with LaTeX.

See the inputenc package documentation for explanation.
Type  H <return>  for immediate help.
 ...                                              
                                                  
l.4 ...Ä–≤–∞ –≤—Å–ø–æ–º–æ–≥–∞—Ç–µ–ª—å–Ω–æ–µ —É—Ç–≤
                                                  –µ—Ä–∂–¥–µ–Ω–∏–µ\\
You may provide a definition with
\DeclareUnicodeCharacter 


! Package inputenc Error: Unicode character –µ (U+0435)
(inputenc)                not set up for use with LaTeX.

See the inputenc package documentation for explanation.
Type  H <return>  for immediate help.
 ...                                              
                                                  
l.4 ...≤–∞ –≤—Å–ø–æ–º–æ–≥–∞—Ç–µ–ª—å–Ω–æ–µ —É—Ç–≤–µ
                                                  —Ä–∂–¥–µ–Ω–∏–µ\\
You may provide a definition with
\DeclareUnicodeCharacter 


! Package inputenc Error: Unicode character —Ä (U+0440)
(inputenc)                not set up for use with LaTeX.

See the inputenc package documentation for explanation.
Type  H <return>  for immediate help.
 ...                                              
                                                  
l.4 ...∞ –≤—Å–ø–æ–º–æ–≥–∞—Ç–µ–ª—å–Ω–æ–µ —É—Ç–≤–µ—Ä
                                                  –∂–¥–µ–Ω–∏–µ\\
You may provide a definition with
\DeclareUnicodeCharacter 


! Package inputenc Error: Unicode character –∂ (U+0436)
(inputenc)                not set up for use with LaTeX.

See the inputenc package documentation for explanation.
Type  H <return>  for immediate help.
 ...                                              
                                                  
l.4 ...–≤—Å–ø–æ–º–æ–≥–∞—Ç–µ–ª—å–Ω–æ–µ —É—Ç–≤–µ—Ä–∂
                                                  –¥–µ–Ω–∏–µ\\
You may provide a definition with
\DeclareUnicodeCharacter 


! Package inputenc Error: Unicode character –¥ (U+0434)
(inputenc)                not set up for use with LaTeX.

See the inputenc package documentation for explanation.
Type  H <return>  for immediate help.
 ...                                              
                                                  
l.4 ...—Å–ø–æ–º–æ–≥–∞—Ç–µ–ª—å–Ω–æ–µ —É—Ç–≤–µ—Ä–∂–¥
                                                  –µ–Ω–∏–µ\\
You may provide a definition with
\DeclareUnicodeCharacter 


! Package inputenc Error: Unicode character –µ (U+0435)
(inputenc)                not set up for use with LaTeX.

See the inputenc package documentation for explanation.
Type  H <return>  for immediate help.
 ...                                              
                                                  
l.4 ...–ø–æ–º–æ–≥–∞—Ç–µ–ª—å–Ω–æ–µ —É—Ç–≤–µ—Ä–∂–¥–µ
                                                  –Ω–∏–µ\\
You may provide a definition with
\DeclareUnicodeCharacter 


! Package inputenc Error: Unicode character –Ω (U+043D)
(inputenc)                not set up for use with LaTeX.

See the inputenc package documentation for explanation.
Type  H <return>  for immediate help.
 ...                                              
                                                  
l.4 ...–æ–º–æ–≥–∞—Ç–µ–ª—å–Ω–æ–µ —É—Ç–≤–µ—Ä–∂–¥–µ–Ω
                                                  –∏–µ\\
You may provide a definition with
\DeclareUnicodeCharacter 


! Package inputenc Error: Unicode character –∏ (U+0438)
(inputenc)                not set up for use with LaTeX.

See the inputenc package documentation for explanation.
Type  H <return>  for immediate help.
 ...                                              
                                                  
l.4 ...–º–æ–≥–∞—Ç–µ–ª—å–Ω–æ–µ —É—Ç–≤–µ—Ä–∂–¥–µ–Ω–∏
                                                  –µ\\
You may provide a definition with
\DeclareUnicodeCharacter 


! Package inputenc Error: Unicode character –µ (U+0435)
(inputenc)                not set up for use with LaTeX.

See the inputenc package documentation for explanation.
Type  H <return>  for immediate help.
 ...                                              
                                                  
l.4 ...–æ–≥–∞—Ç–µ–ª—å–Ω–æ–µ —É—Ç–≤–µ—Ä–∂–¥–µ–Ω–∏–µ
                                                  \\
You may provide a definition with
\DeclareUnicodeCharacter 


! LaTeX Error: Environment figure undefined.

See the LaTeX manual or LaTeX Companion for explanation.
Type  H <return>  for immediate help.
 ...                                              
                                                  
l.5 \begin{figure}
                  [h]
Your command was ignored.
Type  I <command> <return>  to replace it with another command,
or  <return>  to continue without it.

Missing character: There is no [ in font nullfont!
Missing character: There is no h in font nullfont!
Missing character: There is no ] in font nullfont!
! Undefined control sequence.
l.6 	\includegraphics
                     [width=0.5\linewidth]{pic24}
The control sequence at the end of the top line
of your error message was never \def'ed. If you have
misspelled it (e.g., `\hobx'), type `I' and the correct
spelling (e.g., `I\hbox'). Otherwise just continue,
and I'll forget about whatever was undefined.

Missing character: There is no [ in font nullfont!
Missing character: There is no w in font nullfont!
Missing character: There is no i in font nullfont!
Missing character: There is no d in font nullfont!
Missing character: There is no t in font nullfont!
Missing character: There is no h in font nullfont!
Missing character: There is no = in font nullfont!
Missing character: There is no 0 in font nullfont!
Missing character: There is no . in font nullfont!
Missing character: There is no 5 in font nullfont!
! Missing number, treated as zero.
<to be read again> 
                   ]
l.6 	\includegraphics[width=0.5\linewidth]
                                          {pic24}
A number should have been here; I inserted `0'.
(If you can't figure out why I needed to see a number,
look up `weird error' in the index to The TeXbook.)

! Illegal unit of measure (pt inserted).
<to be read again> 
                   ]
l.6 	\includegraphics[width=0.5\linewidth]
                                          {pic24}
Dimensions can be in units of em, ex, in, pt, pc,
cm, mm, dd, cc, nd, nc, bp, or sp; but yours is a new one!
I'll assume that you meant to say pt, for printer's points.
To recover gracefully from this error, it's best to
delete the erroneous units; e.g., type `2' to delete
two letters. (See Chapter 27 of The TeXbook.)

Missing character: There is no ] in font nullfont!
Missing character: There is no p in font nullfont!
Missing character: There is no i in font nullfont!
Missing character: There is no c in font nullfont!
Missing character: There is no 2 in font nullfont!
Missing character: There is no 4 in font nullfont!

! LaTeX Error: \begin{document} ended by \end{figure}.

See the LaTeX manual or LaTeX Companion for explanation.
Type  H <return>  for immediate help.
 ...                                              
                                                  
l.7 \end{figure}
                \\
Your command was ignored.
Type  I <command> <return>  to replace it with another command,
or  <return>  to continue without it.

LaTeX Font Info:    External font `cmex10' loaded for size
(Font)              <7> on input line 8.
LaTeX Font Info:    External font `cmex10' loaded for size
(Font)              <5> on input line 8.
Missing character: There is no - in font nullfont!
Missing character: There is no - in font nullfont!

! Package inputenc Error: Unicode character –ø (U+043F)
(inputenc)                not set up for use with LaTeX.

See the inputenc package documentation for explanation.
Type  H <return>  for immediate help.
 ...                                              
                                                  
l.8 $P$ -- –ø
             –æ–ª—é—Å $l$, $B$ –ø–æ–ª—é—Å $l_1$, $C$ –ø–æ–ª—é—Å $l_2$, —Å–ª–...

You may provide a definition with
\DeclareUnicodeCharacter 


! Package inputenc Error: Unicode character –æ (U+043E)
(inputenc)                not set up for use with LaTeX.

See the inputenc package documentation for explanation.
Type  H <return>  for immediate help.
 ...                                              
                                                  
l.8 $P$ -- –ø–æ
               –ª—é—Å $l$, $B$ –ø–æ–ª—é—Å $l_1$, $C$ –ø–æ–ª—é—Å $l_2$, —Å–ª–...

You may provide a definition with
\DeclareUnicodeCharacter 


! Package inputenc Error: Unicode character –ª (U+043B)
(inputenc)                not set up for use with LaTeX.

See the inputenc package documentation for explanation.
Type  H <return>  for immediate help.
 ...                                              
                                                  
l.8 $P$ -- –ø–æ–ª
                 —é—Å $l$, $B$ –ø–æ–ª—é—Å $l_1$, $C$ –ø–æ–ª—é—Å $l_2$, —Å–ª–...

You may provide a definition with
\DeclareUnicodeCharacter 


! Package inputenc Error: Unicode character —é (U+044E)
(inputenc)                not set up for use with LaTeX.

See the inputenc package documentation for explanation.
Type  H <return>  for immediate help.
 ...                                              
                                                  
l.8 $P$ -- –ø–æ–ª—é
                   —Å $l$, $B$ –ø–æ–ª—é—Å $l_1$, $C$ –ø–æ–ª—é—Å $l_2$, —Å–ª–...

You may provide a definition with
\DeclareUnicodeCharacter 


! Package inputenc Error: Unicode character —Å (U+0441)
(inputenc)                not set up for use with LaTeX.

See the inputenc package documentation for explanation.
Type  H <return>  for immediate help.
 ...                                              
                                                  
l.8 $P$ -- –ø–æ–ª—é—Å
                      $l$, $B$ –ø–æ–ª—é—Å $l_1$, $C$ –ø–æ–ª—é—Å $l_2$, —Å–ª–...

You may provide a definition with
\DeclareUnicodeCharacter 

Missing character: There is no , in font nullfont!

! Package inputenc Error: Unicode character –ø (U+043F)
(inputenc)                not set up for use with LaTeX.

See the inputenc package documentation for explanation.
Type  H <return>  for immediate help.
 ...                                              
                                                  
l.8 $P$ -- –ø–æ–ª—é—Å $l$, $B$ –ø
                                 –æ–ª—é—Å $l_1$, $C$ –ø–æ–ª—é—Å $l_2$, —Å–ª–...

You may provide a definition with
\DeclareUnicodeCharacter 


! Package inputenc Error: Unicode character –æ (U+043E)
(inputenc)                not set up for use with LaTeX.

See the inputenc package documentation for explanation.
Type  H <return>  for immediate help.
 ...                                              
                                                  
l.8 $P$ -- –ø–æ–ª—é—Å $l$, $B$ –ø–æ
                                   –ª—é—Å $l_1$, $C$ –ø–æ–ª—é—Å $l_2$, —Å–ª–...

You may provide a definition with
\DeclareUnicodeCharacter 


! Package inputenc Error: Unicode character –ª (U+043B)
(inputenc)                not set up for use with LaTeX.

See the inputenc package documentation for explanation.
Type  H <return>  for immediate help.
 ...                                              
                                                  
l.8 $P$ -- –ø–æ–ª—é—Å $l$, $B$ –ø–æ–ª
                                     —é—Å $l_1$, $C$ –ø–æ–ª—é—Å $l_2$, —Å–ª–...

You may provide a definition with
\DeclareUnicodeCharacter 


! Package inputenc Error: Unicode character —é (U+044E)
(inputenc)                not set up for use with LaTeX.

See the inputenc package documentation for explanation.
Type  H <return>  for immediate help.
 ...                                              
                                                  
l.8 $P$ -- –ø–æ–ª—é—Å $l$, $B$ –ø–æ–ª—é
                                       —Å $l_1$, $C$ –ø–æ–ª—é—Å $l_2$, —Å–ª–...

You may provide a definition with
\DeclareUnicodeCharacter 


! Package inputenc Error: Unicode character —Å (U+0441)
(inputenc)                not set up for use with LaTeX.

See the inputenc package documentation for explanation.
Type  H <return>  for immediate help.
 ...                                              
                                                  
l.8 $P$ -- –ø–æ–ª—é—Å $l$, $B$ –ø–æ–ª—é—Å
                                          $l_1$, $C$ –ø–æ–ª—é—Å $l_2$, —Å–ª–...

You may provide a definition with
\DeclareUnicodeCharacter 

Missing character: There is no , in font nullfont!

! Package inputenc Error: Unicode character –ø (U+043F)
(inputenc)                not set up for use with LaTeX.

See the inputenc package documentation for explanation.
Type  H <return>  for immediate help.
 ...                                              
                                                  
l.8 ...ø–æ–ª—é—Å $l$, $B$ –ø–æ–ª—é—Å $l_1$, $C$ –ø
                                                  –æ–ª—é—Å $l_2$, —Å–ª–µ–¥–æ...

You may provide a definition with
\DeclareUnicodeCharacter 


! Package inputenc Error: Unicode character –æ (U+043E)
(inputenc)                not set up for use with LaTeX.

See the inputenc package documentation for explanation.
Type  H <return>  for immediate help.
 ...                                              
                                                  
l.8 ...æ–ª—é—Å $l$, $B$ –ø–æ–ª—é—Å $l_1$, $C$ –ø–æ
                                                  –ª—é—Å $l_2$, —Å–ª–µ–¥–æ–≤...

You may provide a definition with
\DeclareUnicodeCharacter 


! Package inputenc Error: Unicode character –ª (U+043B)
(inputenc)                not set up for use with LaTeX.

See the inputenc package documentation for explanation.
Type  H <return>  for immediate help.
 ...                                              
                                                  
l.8 ...ª—é—Å $l$, $B$ –ø–æ–ª—é—Å $l_1$, $C$ –ø–æ–ª
                                                  —é—Å $l_2$, —Å–ª–µ–¥–æ–≤–∞...

You may provide a definition with
\DeclareUnicodeCharacter 


! Package inputenc Error: Unicode character —é (U+044E)
(inputenc)                not set up for use with LaTeX.

See the inputenc package documentation for explanation.
Type  H <return>  for immediate help.
 ...                                              
                                                  
l.8 ...é—Å $l$, $B$ –ø–æ–ª—é—Å $l_1$, $C$ –ø–æ–ª—é
                                                  —Å $l_2$, —Å–ª–µ–¥–æ–≤–∞—Ç...

You may provide a definition with
\DeclareUnicodeCharacter 


! Package inputenc Error: Unicode character —Å (U+0441)
(inputenc)                not set up for use with LaTeX.

See the inputenc package documentation for explanation.
Type  H <return>  for immediate help.
 ...                                              
                                                  
l.8 ...Å $l$, $B$ –ø–æ–ª—é—Å $l_1$, $C$ –ø–æ–ª—é—Å
                                                   $l_2$, —Å–ª–µ–¥–æ–≤–∞—Ç–µ...

You may provide a definition with
\DeclareUnicodeCharacter 

Missing character: There is no , in font nullfont!

! Package inputenc Error: Unicode character —Å (U+0441)
(inputenc)                not set up for use with LaTeX.

See the inputenc package documentation for explanation.
Type  H <return>  for immediate help.
 ...                                              
                                                  
l.8 ... –ø–æ–ª—é—Å $l_1$, $C$ –ø–æ–ª—é—Å $l_2$, —Å
                                                  –ª–µ–¥–æ–≤–∞—Ç–µ–ª—å–Ω–æ $...

You may provide a definition with
\DeclareUnicodeCharacter 


! Package inputenc Error: Unicode character –ª (U+043B)
(inputenc)                not set up for use with LaTeX.

See the inputenc package documentation for explanation.
Type  H <return>  for immediate help.
 ...                                              
                                                  
l.8 ...ø–æ–ª—é—Å $l_1$, $C$ –ø–æ–ª—é—Å $l_2$, —Å–ª
                                                  –µ–¥–æ–≤–∞—Ç–µ–ª—å–Ω–æ $P,...

You may provide a definition with
\DeclareUnicodeCharacter 


! Package inputenc Error: Unicode character –µ (U+0435)
(inputenc)                not set up for use with LaTeX.

See the inputenc package documentation for explanation.
Type  H <return>  for immediate help.
 ...                                              
                                                  
l.8 ...æ–ª—é—Å $l_1$, $C$ –ø–æ–ª—é—Å $l_2$, —Å–ª–µ
                                                  –¥–æ–≤–∞—Ç–µ–ª—å–Ω–æ $P,B,...

You may provide a definition with
\DeclareUnicodeCharacter 


! Package inputenc Error: Unicode character –¥ (U+0434)
(inputenc)                not set up for use with LaTeX.

See the inputenc package documentation for explanation.
Type  H <return>  for immediate help.
 ...                                              
                                                  
l.8 ...ª—é—Å $l_1$, $C$ –ø–æ–ª—é—Å $l_2$, —Å–ª–µ–¥
                                                  –æ–≤–∞—Ç–µ–ª—å–Ω–æ $P,B,C$...

You may provide a definition with
\DeclareUnicodeCharacter 


! Package inputenc Error: Unicode character –æ (U+043E)
(inputenc)                not set up for use with LaTeX.

See the inputenc package documentation for explanation.
Type  H <return>  for immediate help.
 ...                                              
                                                  
l.8 ...é—Å $l_1$, $C$ –ø–æ–ª—é—Å $l_2$, —Å–ª–µ–¥–æ
                                                  –≤–∞—Ç–µ–ª—å–Ω–æ $P,B,C$ –...

You may provide a definition with
\DeclareUnicodeCharacter 


! Package inputenc Error: Unicode character –≤ (U+0432)
(inputenc)                not set up for use with LaTeX.

See the inputenc package documentation for explanation.
Type  H <return>  for immediate help.
 ...                                              
                                                  
l.8 ...Å $l_1$, $C$ –ø–æ–ª—é—Å $l_2$, —Å–ª–µ–¥–æ–≤
                                                  –∞—Ç–µ–ª—å–Ω–æ $P,B,C$ –Ω–...

You may provide a definition with
\DeclareUnicodeCharacter 


! Package inputenc Error: Unicode character –∞ (U+0430)
(inputenc)                not set up for use with LaTeX.

See the inputenc package documentation for explanation.
Type  H <return>  for immediate help.
 ...                                              
                                                  
l.8 ...$l_1$, $C$ –ø–æ–ª—é—Å $l_2$, —Å–ª–µ–¥–æ–≤–∞
                                                  —Ç–µ–ª—å–Ω–æ $P,B,C$ –Ω–∞ ...

You may provide a definition with
\DeclareUnicodeCharacter 


! Package inputenc Error: Unicode character —Ç (U+0442)
(inputenc)                not set up for use with LaTeX.

See the inputenc package documentation for explanation.
Type  H <return>  for immediate help.
 ...                                              
                                                  
l.8 ..._1$, $C$ –ø–æ–ª—é—Å $l_2$, —Å–ª–µ–¥–æ–≤–∞—Ç
                                                  –µ–ª—å–Ω–æ $P,B,C$ –Ω–∞ –æ...

You may provide a definition with
\DeclareUnicodeCharacter 


! Package inputenc Error: Unicode character –µ (U+0435)
(inputenc)                not set up for use with LaTeX.

See the inputenc package documentation for explanation.
Type  H <return>  for immediate help.
 ...                                              
                                                  
l.8 ...$, $C$ –ø–æ–ª—é—Å $l_2$, —Å–ª–µ–¥–æ–≤–∞—Ç–µ
                                                  –ª—å–Ω–æ $P,B,C$ –Ω–∞ –æ–¥...

You may provide a definition with
\DeclareUnicodeCharacter 


! Package inputenc Error: Unicode character –ª (U+043B)
(inputenc)                not set up for use with LaTeX.

See the inputenc package documentation for explanation.
Type  H <return>  for immediate help.
 ...                                              
                                                  
l.8 ... $C$ –ø–æ–ª—é—Å $l_2$, —Å–ª–µ–¥–æ–≤–∞—Ç–µ–ª
                                                  —å–Ω–æ $P,B,C$ –Ω–∞ –æ–¥–Ω...

You may provide a definition with
\DeclareUnicodeCharacter 


! Package inputenc Error: Unicode character —å (U+044C)
(inputenc)                not set up for use with LaTeX.

See the inputenc package documentation for explanation.
Type  H <return>  for immediate help.
 ...                                              
                                                  
l.8 ...C$ –ø–æ–ª—é—Å $l_2$, —Å–ª–µ–¥–æ–≤–∞—Ç–µ–ª—å
                                                  –Ω–æ $P,B,C$ –Ω–∞ –æ–¥–Ω–æ...

You may provide a definition with
\DeclareUnicodeCharacter 


! Package inputenc Error: Unicode character –Ω (U+043D)
(inputenc)                not set up for use with LaTeX.

See the inputenc package documentation for explanation.
Type  H <return>  for immediate help.
 ...                                              
                                                  
l.8 ... –ø–æ–ª—é—Å $l_2$, —Å–ª–µ–¥–æ–≤–∞—Ç–µ–ª—å–Ω
                                                  –æ $P,B,C$ –Ω–∞ –æ–¥–Ω–æ–π...

You may provide a definition with
\DeclareUnicodeCharacter 


! Package inputenc Error: Unicode character –æ (U+043E)
(inputenc)                not set up for use with LaTeX.

See the inputenc package documentation for explanation.
Type  H <return>  for immediate help.
 ...                                              
                                                  
l.8 ...ø–æ–ª—é—Å $l_2$, —Å–ª–µ–¥–æ–≤–∞—Ç–µ–ª—å–Ω–æ
                                                   $P,B,C$ –Ω–∞ –æ–¥–Ω–æ–π –...

You may provide a definition with
\DeclareUnicodeCharacter 


! Package inputenc Error: Unicode character –Ω (U+043D)
(inputenc)                not set up for use with LaTeX.

See the inputenc package documentation for explanation.
Type  H <return>  for immediate help.
 ...                                              
                                                  
l.8 ...l_2$, —Å–ª–µ–¥–æ–≤–∞—Ç–µ–ª—å–Ω–æ $P,B,C$ –Ω
                                                  –∞ –æ–¥–Ω–æ–π –ø—Ä—è–º–æ–π.\\

You may provide a definition with
\DeclareUnicodeCharacter 


! Package inputenc Error: Unicode character –∞ (U+0430)
(inputenc)                not set up for use with LaTeX.

See the inputenc package documentation for explanation.
Type  H <return>  for immediate help.
 ...                                              
                                                  
l.8 ...2$, —Å–ª–µ–¥–æ–≤–∞—Ç–µ–ª—å–Ω–æ $P,B,C$ –Ω–∞
                                                   –æ–¥–Ω–æ–π –ø—Ä—è–º–æ–π.\\
You may provide a definition with
\DeclareUnicodeCharacter 


! Package inputenc Error: Unicode character –æ (U+043E)
(inputenc)                not set up for use with LaTeX.

See the inputenc package documentation for explanation.
Type  H <return>  for immediate help.
 ...                                              
                                                  
l.8 ... —Å–ª–µ–¥–æ–≤–∞—Ç–µ–ª—å–Ω–æ $P,B,C$ –Ω–∞ –æ
                                                  –¥–Ω–æ–π –ø—Ä—è–º–æ–π.\\
You may provide a definition with
\DeclareUnicodeCharacter 


! Package inputenc Error: Unicode character –¥ (U+0434)
(inputenc)                not set up for use with LaTeX.

See the inputenc package documentation for explanation.
Type  H <return>  for immediate help.
 ...                                              
                                                  
l.8 ...Å–ª–µ–¥–æ–≤–∞—Ç–µ–ª—å–Ω–æ $P,B,C$ –Ω–∞ –æ–¥
                                                  –Ω–æ–π –ø—Ä—è–º–æ–π.\\
You may provide a definition with
\DeclareUnicodeCharacter 


! Package inputenc Error: Unicode character –Ω (U+043D)
(inputenc)                not set up for use with LaTeX.

See the inputenc package documentation for explanation.
Type  H <return>  for immediate help.
 ...                                              
                                                  
l.8 ...ª–µ–¥–æ–≤–∞—Ç–µ–ª—å–Ω–æ $P,B,C$ –Ω–∞ –æ–¥–Ω
                                                  –æ–π –ø—Ä—è–º–æ–π.\\
You may provide a definition with
\DeclareUnicodeCharacter 


! Package inputenc Error: Unicode character –æ (U+043E)
(inputenc)                not set up for use with LaTeX.

See the inputenc package documentation for explanation.
Type  H <return>  for immediate help.
 ...                                              
                                                  
l.8 ...µ–¥–æ–≤–∞—Ç–µ–ª—å–Ω–æ $P,B,C$ –Ω–∞ –æ–¥–Ω–æ
                                                  –π –ø—Ä—è–º–æ–π.\\
You may provide a definition with
\DeclareUnicodeCharacter 


! Package inputenc Error: Unicode character –π (U+0439)
(inputenc)                not set up for use with LaTeX.

See the inputenc package documentation for explanation.
Type  H <return>  for immediate help.
 ...                                              
                                                  
l.8 ...¥–æ–≤–∞—Ç–µ–ª—å–Ω–æ $P,B,C$ –Ω–∞ –æ–¥–Ω–æ–π
                                                   –ø—Ä—è–º–æ–π.\\
You may provide a definition with
\DeclareUnicodeCharacter 


! Package inputenc Error: Unicode character –ø (U+043F)
(inputenc)                not set up for use with LaTeX.

See the inputenc package documentation for explanation.
Type  H <return>  for immediate help.
 ...                                              
                                                  
l.8 ...–≤–∞—Ç–µ–ª—å–Ω–æ $P,B,C$ –Ω–∞ –æ–¥–Ω–æ–π –ø
                                                  —Ä—è–º–æ–π.\\
You may provide a definition with
\DeclareUnicodeCharacter 


! Package inputenc Error: Unicode character —Ä (U+0440)
(inputenc)                not set up for use with LaTeX.

See the inputenc package documentation for explanation.
Type  H <return>  for immediate help.
 ...                                              
                                                  
l.8 ...–∞—Ç–µ–ª—å–Ω–æ $P,B,C$ –Ω–∞ –æ–¥–Ω–æ–π –ø—Ä
                                                  —è–º–æ–π.\\
You may provide a definition with
\DeclareUnicodeCharacter 


! Package inputenc Error: Unicode character —è (U+044F)
(inputenc)                not set up for use with LaTeX.

See the inputenc package documentation for explanation.
Type  H <return>  for immediate help.
 ...                                              
                                                  
l.8 ...—Ç–µ–ª—å–Ω–æ $P,B,C$ –Ω–∞ –æ–¥–Ω–æ–π –ø—Ä—è
                                                  –º–æ–π.\\
You may provide a definition with
\DeclareUnicodeCharacter 


! Package inputenc Error: Unicode character –º (U+043C)
(inputenc)                not set up for use with LaTeX.

See the inputenc package documentation for explanation.
Type  H <return>  for immediate help.
 ...                                              
                                                  
l.8 ...–µ–ª—å–Ω–æ $P,B,C$ –Ω–∞ –æ–¥–Ω–æ–π –ø—Ä—è–º
                                                  –æ–π.\\
You may provide a definition with
\DeclareUnicodeCharacter 


! Package inputenc Error: Unicode character –æ (U+043E)
(inputenc)                not set up for use with LaTeX.

See the inputenc package documentation for explanation.
Type  H <return>  for immediate help.
 ...                                              
                                                  
l.8 ...–ª—å–Ω–æ $P,B,C$ –Ω–∞ –æ–¥–Ω–æ–π –ø—Ä—è–º–æ
                                                  –π.\\
You may provide a definition with
\DeclareUnicodeCharacter 


! Package inputenc Error: Unicode character –π (U+0439)
(inputenc)                not set up for use with LaTeX.

See the inputenc package documentation for explanation.
Type  H <return>  for immediate help.
 ...                                              
                                                  
l.8 ...—å–Ω–æ $P,B,C$ –Ω–∞ –æ–¥–Ω–æ–π –ø—Ä—è–º–æ–π
                                                  .\\
You may provide a definition with
\DeclareUnicodeCharacter 

Missing character: There is no . in font nullfont!

! Package inputenc Error: Unicode character –† (U+0420)
(inputenc)                not set up for use with LaTeX.

See the inputenc package documentation for explanation.
Type  H <return>  for immediate help.
 ...                                              
                                                  
l.9 –†
      –∞—Å—Å–º–æ—Ç—Ä–∏–º –≥–æ–º–æ–≥—Ä–∞—Ñ–∏—é $\varphi: l_1 \to l_2$.\\
You may provide a definition with
\DeclareUnicodeCharacter 


! Package inputenc Error: Unicode character –∞ (U+0430)
(inputenc)                not set up for use with LaTeX.

See the inputenc package documentation for explanation.
Type  H <return>  for immediate help.
 ...                                              
                                                  
l.9 –†–∞
        —Å—Å–º–æ—Ç—Ä–∏–º –≥–æ–º–æ–≥—Ä–∞—Ñ–∏—é $\varphi: l_1 \to l_2$.\\
You may provide a definition with
\DeclareUnicodeCharacter 


! Package inputenc Error: Unicode character —Å (U+0441)
(inputenc)                not set up for use with LaTeX.

See the inputenc package documentation for explanation.
Type  H <return>  for immediate help.
 ...                                              
                                                  
l.9 –†–∞—Å
          —Å–º–æ—Ç—Ä–∏–º –≥–æ–º–æ–≥—Ä–∞—Ñ–∏—é $\varphi: l_1 \to l_2$.\\
You may provide a definition with
\DeclareUnicodeCharacter 


! Package inputenc Error: Unicode character —Å (U+0441)
(inputenc)                not set up for use with LaTeX.

See the inputenc package documentation for explanation.
Type  H <return>  for immediate help.
 ...                                              
                                                  
l.9 –†–∞—Å—Å
            –º–æ—Ç—Ä–∏–º –≥–æ–º–æ–≥—Ä–∞—Ñ–∏—é $\varphi: l_1 \to l_2$.\\
You may provide a definition with
\DeclareUnicodeCharacter 


! Package inputenc Error: Unicode character –º (U+043C)
(inputenc)                not set up for use with LaTeX.

See the inputenc package documentation for explanation.
Type  H <return>  for immediate help.
 ...                                              
                                                  
l.9 –†–∞—Å—Å–º
              –æ—Ç—Ä–∏–º –≥–æ–º–æ–≥—Ä–∞—Ñ–∏—é $\varphi: l_1 \to l_2$.\\
You may provide a definition with
\DeclareUnicodeCharacter 


! Package inputenc Error: Unicode character –æ (U+043E)
(inputenc)                not set up for use with LaTeX.

See the inputenc package documentation for explanation.
Type  H <return>  for immediate help.
 ...                                              
                                                  
l.9 –†–∞—Å—Å–º–æ
                —Ç—Ä–∏–º –≥–æ–º–æ–≥—Ä–∞—Ñ–∏—é $\varphi: l_1 \to l_2$.\\
You may provide a definition with
\DeclareUnicodeCharacter 


! Package inputenc Error: Unicode character —Ç (U+0442)
(inputenc)                not set up for use with LaTeX.

See the inputenc package documentation for explanation.
Type  H <return>  for immediate help.
 ...                                              
                                                  
l.9 –†–∞—Å—Å–º–æ—Ç
                  —Ä–∏–º –≥–æ–º–æ–≥—Ä–∞—Ñ–∏—é $\varphi: l_1 \to l_2$.\\
You may provide a definition with
\DeclareUnicodeCharacter 


! Package inputenc Error: Unicode character —Ä (U+0440)
(inputenc)                not set up for use with LaTeX.

See the inputenc package documentation for explanation.
Type  H <return>  for immediate help.
 ...                                              
                                                  
l.9 –†–∞—Å—Å–º–æ—Ç—Ä
                    –∏–º –≥–æ–º–æ–≥—Ä–∞—Ñ–∏—é $\varphi: l_1 \to l_2$.\\
You may provide a definition with
\DeclareUnicodeCharacter 


! Package inputenc Error: Unicode character –∏ (U+0438)
(inputenc)                not set up for use with LaTeX.

See the inputenc package documentation for explanation.
Type  H <return>  for immediate help.
 ...                                              
                                                  
l.9 –†–∞—Å—Å–º–æ—Ç—Ä–∏
                      –º –≥–æ–º–æ–≥—Ä–∞—Ñ–∏—é $\varphi: l_1 \to l_2$.\\
You may provide a definition with
\DeclareUnicodeCharacter 


! Package inputenc Error: Unicode character –º (U+043C)
(inputenc)                not set up for use with LaTeX.

See the inputenc package documentation for explanation.
Type  H <return>  for immediate help.
 ...                                              
                                                  
l.9 –†–∞—Å—Å–º–æ—Ç—Ä–∏–º
                         –≥–æ–º–æ–≥—Ä–∞—Ñ–∏—é $\varphi: l_1 \to l_2$.\\
You may provide a definition with
\DeclareUnicodeCharacter 


! Package inputenc Error: Unicode character –≥ (U+0433)
(inputenc)                not set up for use with LaTeX.

See the inputenc package documentation for explanation.
Type  H <return>  for immediate help.
 ...                                              
                                                  
l.9 –†–∞—Å—Å–º–æ—Ç—Ä–∏–º –≥
                           –æ–º–æ–≥—Ä–∞—Ñ–∏—é $\varphi: l_1 \to l_2$.\\
(That makes 100 errors; please try again.) 
Here is how much of TeX's memory you used:
 36 strings out of 491202
 596 string characters out of 3111286
 69169 words of memory out of 3000000
 5728 multiletter control sequences out of 15000+200000
 3640 words of font info for 14 fonts, out of 3000000 for 9000
 1141 hyphenation exceptions out of 8191
 18i,1n,12p,160b,55s stack positions out of 5000i,500n,10000p,200000b,50000s

!  ==> Fatal error occurred, no output PDF file produced!
