This is pdfTeX, Version 3.14159265-2.6-1.40.20 (MiKTeX 2.9.7050 64-bit) (preloaded format=pdflatex 2019.8.12)  22 NOV 2019 15:05
entering extended mode
**./P6.tex
(P6.tex
LaTeX2e <2018-12-01>
! Undefined control sequence.
l.2 	\section
             {–õ–∏–Ω–µ–π–Ω—ã–µ –æ–ø–µ—Ä–∞—Ç–æ—Ä—ã –Ω–∞ –∫–æ–Ω–µ—á–Ω–æ–º–µ—Ä–...
The control sequence at the end of the top line
of your error message was never \def'ed. If you have
misspelled it (e.g., `\hobx'), type `I' and the correct
spelling (e.g., `I\hbox'). Otherwise just continue,
and I'll forget about whatever was undefined.


! Package inputenc Error: Unicode character –õ (U+041B)
(inputenc)                not set up for use with LaTeX.

See the inputenc package documentation for explanation.
Type  H <return>  for immediate help.
 ...                                              
                                                  
l.2 	\section{–õ
                –∏–Ω–µ–π–Ω—ã–µ –æ–ø–µ—Ä–∞—Ç–æ—Ä—ã –Ω–∞ –∫–æ–Ω–µ—á–Ω–æ–º–µ—Ä–...

You may provide a definition with
\DeclareUnicodeCharacter 


! Package inputenc Error: Unicode character –∏ (U+0438)
(inputenc)                not set up for use with LaTeX.

See the inputenc package documentation for explanation.
Type  H <return>  for immediate help.
 ...                                              
                                                  
l.2 	\section{–õ–∏
                  –Ω–µ–π–Ω—ã–µ –æ–ø–µ—Ä–∞—Ç–æ—Ä—ã –Ω–∞ –∫–æ–Ω–µ—á–Ω–æ–º–µ—Ä–...

You may provide a definition with
\DeclareUnicodeCharacter 


! Package inputenc Error: Unicode character –Ω (U+043D)
(inputenc)                not set up for use with LaTeX.

See the inputenc package documentation for explanation.
Type  H <return>  for immediate help.
 ...                                              
                                                  
l.2 	\section{–õ–∏–Ω
                    –µ–π–Ω—ã–µ –æ–ø–µ—Ä–∞—Ç–æ—Ä—ã –Ω–∞ –∫–æ–Ω–µ—á–Ω–æ–º–µ—Ä–...

You may provide a definition with
\DeclareUnicodeCharacter 


! Package inputenc Error: Unicode character –µ (U+0435)
(inputenc)                not set up for use with LaTeX.

See the inputenc package documentation for explanation.
Type  H <return>  for immediate help.
 ...                                              
                                                  
l.2 	\section{–õ–∏–Ω–µ
                      –π–Ω—ã–µ –æ–ø–µ—Ä–∞—Ç–æ—Ä—ã –Ω–∞ –∫–æ–Ω–µ—á–Ω–æ–º–µ—Ä–...

You may provide a definition with
\DeclareUnicodeCharacter 


! Package inputenc Error: Unicode character –π (U+0439)
(inputenc)                not set up for use with LaTeX.

See the inputenc package documentation for explanation.
Type  H <return>  for immediate help.
 ...                                              
                                                  
l.2 	\section{–õ–∏–Ω–µ–π
                        –Ω—ã–µ –æ–ø–µ—Ä–∞—Ç–æ—Ä—ã –Ω–∞ –∫–æ–Ω–µ—á–Ω–æ–º–µ—Ä–...

You may provide a definition with
\DeclareUnicodeCharacter 


! Package inputenc Error: Unicode character –Ω (U+043D)
(inputenc)                not set up for use with LaTeX.

See the inputenc package documentation for explanation.
Type  H <return>  for immediate help.
 ...                                              
                                                  
l.2 	\section{–õ–∏–Ω–µ–π–Ω
                          —ã–µ –æ–ø–µ—Ä–∞—Ç–æ—Ä—ã –Ω–∞ –∫–æ–Ω–µ—á–Ω–æ–º–µ—Ä–...

You may provide a definition with
\DeclareUnicodeCharacter 


! Package inputenc Error: Unicode character —ã (U+044B)
(inputenc)                not set up for use with LaTeX.

See the inputenc package documentation for explanation.
Type  H <return>  for immediate help.
 ...                                              
                                                  
l.2 	\section{–õ–∏–Ω–µ–π–Ω—ã
                            –µ –æ–ø–µ—Ä–∞—Ç–æ—Ä—ã –Ω–∞ –∫–æ–Ω–µ—á–Ω–æ–º–µ—Ä–...

You may provide a definition with
\DeclareUnicodeCharacter 


! Package inputenc Error: Unicode character –µ (U+0435)
(inputenc)                not set up for use with LaTeX.

See the inputenc package documentation for explanation.
Type  H <return>  for immediate help.
 ...                                              
                                                  
l.2 	\section{–õ–∏–Ω–µ–π–Ω—ã–µ
                               –æ–ø–µ—Ä–∞—Ç–æ—Ä—ã –Ω–∞ –∫–æ–Ω–µ—á–Ω–æ–º–µ—Ä–...

You may provide a definition with
\DeclareUnicodeCharacter 


! Package inputenc Error: Unicode character –æ (U+043E)
(inputenc)                not set up for use with LaTeX.

See the inputenc package documentation for explanation.
Type  H <return>  for immediate help.
 ...                                              
                                                  
l.2 	\section{–õ–∏–Ω–µ–π–Ω—ã–µ –æ
                                 –ø–µ—Ä–∞—Ç–æ—Ä—ã –Ω–∞ –∫–æ–Ω–µ—á–Ω–æ–º–µ—Ä–...

You may provide a definition with
\DeclareUnicodeCharacter 


! Package inputenc Error: Unicode character –ø (U+043F)
(inputenc)                not set up for use with LaTeX.

See the inputenc package documentation for explanation.
Type  H <return>  for immediate help.
 ...                                              
                                                  
l.2 	\section{–õ–∏–Ω–µ–π–Ω—ã–µ –æ–ø
                                   –µ—Ä–∞—Ç–æ—Ä—ã –Ω–∞ –∫–æ–Ω–µ—á–Ω–æ–º–µ—Ä–...

You may provide a definition with
\DeclareUnicodeCharacter 


! Package inputenc Error: Unicode character –µ (U+0435)
(inputenc)                not set up for use with LaTeX.

See the inputenc package documentation for explanation.
Type  H <return>  for immediate help.
 ...                                              
                                                  
l.2 	\section{–õ–∏–Ω–µ–π–Ω—ã–µ –æ–ø–µ
                                     —Ä–∞—Ç–æ—Ä—ã –Ω–∞ –∫–æ–Ω–µ—á–Ω–æ–º–µ—Ä–...

You may provide a definition with
\DeclareUnicodeCharacter 


! Package inputenc Error: Unicode character —Ä (U+0440)
(inputenc)                not set up for use with LaTeX.

See the inputenc package documentation for explanation.
Type  H <return>  for immediate help.
 ...                                              
                                                  
l.2 	\section{–õ–∏–Ω–µ–π–Ω—ã–µ –æ–ø–µ—Ä
                                       –∞—Ç–æ—Ä—ã –Ω–∞ –∫–æ–Ω–µ—á–Ω–æ–º–µ—Ä–...

You may provide a definition with
\DeclareUnicodeCharacter 


! Package inputenc Error: Unicode character –∞ (U+0430)
(inputenc)                not set up for use with LaTeX.

See the inputenc package documentation for explanation.
Type  H <return>  for immediate help.
 ...                                              
                                                  
l.2 	\section{–õ–∏–Ω–µ–π–Ω—ã–µ –æ–ø–µ—Ä–∞
                                         —Ç–æ—Ä—ã –Ω–∞ –∫–æ–Ω–µ—á–Ω–æ–º–µ—Ä–...

You may provide a definition with
\DeclareUnicodeCharacter 


! Package inputenc Error: Unicode character —Ç (U+0442)
(inputenc)                not set up for use with LaTeX.

See the inputenc package documentation for explanation.
Type  H <return>  for immediate help.
 ...                                              
                                                  
l.2 	\section{–õ–∏–Ω–µ–π–Ω—ã–µ –æ–ø–µ—Ä–∞—Ç
                                           –æ—Ä—ã –Ω–∞ –∫–æ–Ω–µ—á–Ω–æ–º–µ—Ä–...

You may provide a definition with
\DeclareUnicodeCharacter 


! Package inputenc Error: Unicode character –æ (U+043E)
(inputenc)                not set up for use with LaTeX.

See the inputenc package documentation for explanation.
Type  H <return>  for immediate help.
 ...                                              
                                                  
l.2 	\section{–õ–∏–Ω–µ–π–Ω—ã–µ –æ–ø–µ—Ä–∞—Ç–æ
                                             —Ä—ã –Ω–∞ –∫–æ–Ω–µ—á–Ω–æ–º–µ—Ä–...

You may provide a definition with
\DeclareUnicodeCharacter 


! Package inputenc Error: Unicode character —Ä (U+0440)
(inputenc)                not set up for use with LaTeX.

See the inputenc package documentation for explanation.
Type  H <return>  for immediate help.
 ...                                              
                                                  
l.2 	\section{–õ–∏–Ω–µ–π–Ω—ã–µ –æ–ø–µ—Ä–∞—Ç–æ—Ä
                                               —ã –Ω–∞ –∫–æ–Ω–µ—á–Ω–æ–º–µ—Ä–...

You may provide a definition with
\DeclareUnicodeCharacter 


! Package inputenc Error: Unicode character —ã (U+044B)
(inputenc)                not set up for use with LaTeX.

See the inputenc package documentation for explanation.
Type  H <return>  for immediate help.
 ...                                              
                                                  
l.2 	\section{–õ–∏–Ω–µ–π–Ω—ã–µ –æ–ø–µ—Ä–∞—Ç–æ—Ä—ã
                                                  –Ω–∞ –∫–æ–Ω–µ—á–Ω–æ–º–µ—Ä–...

You may provide a definition with
\DeclareUnicodeCharacter 


! Package inputenc Error: Unicode character –Ω (U+043D)
(inputenc)                not set up for use with LaTeX.

See the inputenc package documentation for explanation.
Type  H <return>  for immediate help.
 ...                                              
                                                  
l.2 ...tion{–õ–∏–Ω–µ–π–Ω—ã–µ –æ–ø–µ—Ä–∞—Ç–æ—Ä—ã –Ω
                                                  –∞ –∫–æ–Ω–µ—á–Ω–æ–º–µ—Ä–Ω–...

You may provide a definition with
\DeclareUnicodeCharacter 


! Package inputenc Error: Unicode character –∞ (U+0430)
(inputenc)                not set up for use with LaTeX.

See the inputenc package documentation for explanation.
Type  H <return>  for immediate help.
 ...                                              
                                                  
l.2 ...on{–õ–∏–Ω–µ–π–Ω—ã–µ –æ–ø–µ—Ä–∞—Ç–æ—Ä—ã –Ω–∞
                                                   –∫–æ–Ω–µ—á–Ω–æ–º–µ—Ä–Ω–æ–...

You may provide a definition with
\DeclareUnicodeCharacter 


! Package inputenc Error: Unicode character –∫ (U+043A)
(inputenc)                not set up for use with LaTeX.

See the inputenc package documentation for explanation.
Type  H <return>  for immediate help.
 ...                                              
                                                  
l.2 ...–õ–∏–Ω–µ–π–Ω—ã–µ –æ–ø–µ—Ä–∞—Ç–æ—Ä—ã –Ω–∞ –∫
                                                  –æ–Ω–µ—á–Ω–æ–º–µ—Ä–Ω–æ–º –...

You may provide a definition with
\DeclareUnicodeCharacter 


! Package inputenc Error: Unicode character –æ (U+043E)
(inputenc)                not set up for use with LaTeX.

See the inputenc package documentation for explanation.
Type  H <return>  for immediate help.
 ...                                              
                                                  
l.2 ...–∏–Ω–µ–π–Ω—ã–µ –æ–ø–µ—Ä–∞—Ç–æ—Ä—ã –Ω–∞ –∫–æ
                                                  –Ω–µ—á–Ω–æ–º–µ—Ä–Ω–æ–º –ø—...

You may provide a definition with
\DeclareUnicodeCharacter 


! Package inputenc Error: Unicode character –Ω (U+043D)
(inputenc)                not set up for use with LaTeX.

See the inputenc package documentation for explanation.
Type  H <return>  for immediate help.
 ...                                              
                                                  
l.2 ...–Ω–µ–π–Ω—ã–µ –æ–ø–µ—Ä–∞—Ç–æ—Ä—ã –Ω–∞ –∫–æ–Ω
                                                  –µ—á–Ω–æ–º–µ—Ä–Ω–æ–º –ø—Ä–...

You may provide a definition with
\DeclareUnicodeCharacter 


! Package inputenc Error: Unicode character –µ (U+0435)
(inputenc)                not set up for use with LaTeX.

See the inputenc package documentation for explanation.
Type  H <return>  for immediate help.
 ...                                              
                                                  
l.2 ...–µ–π–Ω—ã–µ –æ–ø–µ—Ä–∞—Ç–æ—Ä—ã –Ω–∞ –∫–æ–Ω–µ
                                                  —á–Ω–æ–º–µ—Ä–Ω–æ–º –ø—Ä–æ—...

You may provide a definition with
\DeclareUnicodeCharacter 


! Package inputenc Error: Unicode character —á (U+0447)
(inputenc)                not set up for use with LaTeX.

See the inputenc package documentation for explanation.
Type  H <return>  for immediate help.
 ...                                              
                                                  
l.2 ...–π–Ω—ã–µ –æ–ø–µ—Ä–∞—Ç–æ—Ä—ã –Ω–∞ –∫–æ–Ω–µ—á
                                                  –Ω–æ–º–µ—Ä–Ω–æ–º –ø—Ä–æ—Å—...

You may provide a definition with
\DeclareUnicodeCharacter 


! Package inputenc Error: Unicode character –Ω (U+043D)
(inputenc)                not set up for use with LaTeX.

See the inputenc package documentation for explanation.
Type  H <return>  for immediate help.
 ...                                              
                                                  
l.2 ...–Ω—ã–µ –æ–ø–µ—Ä–∞—Ç–æ—Ä—ã –Ω–∞ –∫–æ–Ω–µ—á–Ω
                                                  –æ–º–µ—Ä–Ω–æ–º –ø—Ä–æ—Å—Ç—...

You may provide a definition with
\DeclareUnicodeCharacter 


! Package inputenc Error: Unicode character –æ (U+043E)
(inputenc)                not set up for use with LaTeX.

See the inputenc package documentation for explanation.
Type  H <return>  for immediate help.
 ...                                              
                                                  
l.2 ...—ã–µ –æ–ø–µ—Ä–∞—Ç–æ—Ä—ã –Ω–∞ –∫–æ–Ω–µ—á–Ω–æ
                                                  –º–µ—Ä–Ω–æ–º –ø—Ä–æ—Å—Ç—Ä–...

You may provide a definition with
\DeclareUnicodeCharacter 


! Package inputenc Error: Unicode character –º (U+043C)
(inputenc)                not set up for use with LaTeX.

See the inputenc package documentation for explanation.
Type  H <return>  for immediate help.
 ...                                              
                                                  
l.2 ...–µ –æ–ø–µ—Ä–∞—Ç–æ—Ä—ã –Ω–∞ –∫–æ–Ω–µ—á–Ω–æ–º
                                                  –µ—Ä–Ω–æ–º –ø—Ä–æ—Å—Ç—Ä–∞–...

You may provide a definition with
\DeclareUnicodeCharacter 


! Package inputenc Error: Unicode character –µ (U+0435)
(inputenc)                not set up for use with LaTeX.

See the inputenc package documentation for explanation.
Type  H <return>  for immediate help.
 ...                                              
                                                  
l.2 ... –æ–ø–µ—Ä–∞—Ç–æ—Ä—ã –Ω–∞ –∫–æ–Ω–µ—á–Ω–æ–º–µ
                                                  —Ä–Ω–æ–º –ø—Ä–æ—Å—Ç—Ä–∞–Ω—...

You may provide a definition with
\DeclareUnicodeCharacter 


! Package inputenc Error: Unicode character —Ä (U+0440)
(inputenc)                not set up for use with LaTeX.

See the inputenc package documentation for explanation.
Type  H <return>  for immediate help.
 ...                                              
                                                  
l.2 ...æ–ø–µ—Ä–∞—Ç–æ—Ä—ã –Ω–∞ –∫–æ–Ω–µ—á–Ω–æ–º–µ—Ä
                                                  –Ω–æ–º –ø—Ä–æ—Å—Ç—Ä–∞–Ω—Å—...

You may provide a definition with
\DeclareUnicodeCharacter 


! Package inputenc Error: Unicode character –Ω (U+043D)
(inputenc)                not set up for use with LaTeX.

See the inputenc package documentation for explanation.
Type  H <return>  for immediate help.
 ...                                              
                                                  
l.2 ...ø–µ—Ä–∞—Ç–æ—Ä—ã –Ω–∞ –∫–æ–Ω–µ—á–Ω–æ–º–µ—Ä–Ω
                                                  –æ–º –ø—Ä–æ—Å—Ç—Ä–∞–Ω—Å—Ç–...

You may provide a definition with
\DeclareUnicodeCharacter 


! Package inputenc Error: Unicode character –æ (U+043E)
(inputenc)                not set up for use with LaTeX.

See the inputenc package documentation for explanation.
Type  H <return>  for immediate help.
 ...                                              
                                                  
l.2 ...µ—Ä–∞—Ç–æ—Ä—ã –Ω–∞ –∫–æ–Ω–µ—á–Ω–æ–º–µ—Ä–Ω–æ
                                                  –º –ø—Ä–æ—Å—Ç—Ä–∞–Ω—Å—Ç–≤–µ}
You may provide a definition with
\DeclareUnicodeCharacter 


! Package inputenc Error: Unicode character –º (U+043C)
(inputenc)                not set up for use with LaTeX.

See the inputenc package documentation for explanation.
Type  H <return>  for immediate help.
 ...                                              
                                                  
l.2 ...Ä–∞—Ç–æ—Ä—ã –Ω–∞ –∫–æ–Ω–µ—á–Ω–æ–º–µ—Ä–Ω–æ–º
                                                   –ø—Ä–æ—Å—Ç—Ä–∞–Ω—Å—Ç–≤–µ}
You may provide a definition with
\DeclareUnicodeCharacter 


! Package inputenc Error: Unicode character –ø (U+043F)
(inputenc)                not set up for use with LaTeX.

See the inputenc package documentation for explanation.
Type  H <return>  for immediate help.
 ...                                              
                                                  
l.2 ...—Ç–æ—Ä—ã –Ω–∞ –∫–æ–Ω–µ—á–Ω–æ–º–µ—Ä–Ω–æ–º –ø
                                                  —Ä–æ—Å—Ç—Ä–∞–Ω—Å—Ç–≤–µ}
You may provide a definition with
\DeclareUnicodeCharacter 


! Package inputenc Error: Unicode character —Ä (U+0440)
(inputenc)                not set up for use with LaTeX.

See the inputenc package documentation for explanation.
Type  H <return>  for immediate help.
 ...                                              
                                                  
l.2 ...–æ—Ä—ã –Ω–∞ –∫–æ–Ω–µ—á–Ω–æ–º–µ—Ä–Ω–æ–º –ø—Ä
                                                  –æ—Å—Ç—Ä–∞–Ω—Å—Ç–≤–µ}
You may provide a definition with
\DeclareUnicodeCharacter 


! Package inputenc Error: Unicode character –æ (U+043E)
(inputenc)                not set up for use with LaTeX.

See the inputenc package documentation for explanation.
Type  H <return>  for immediate help.
 ...                                              
                                                  
l.2 ...—Ä—ã –Ω–∞ –∫–æ–Ω–µ—á–Ω–æ–º–µ—Ä–Ω–æ–º –ø—Ä–æ
                                                  —Å—Ç—Ä–∞–Ω—Å—Ç–≤–µ}
You may provide a definition with
\DeclareUnicodeCharacter 


! Package inputenc Error: Unicode character —Å (U+0441)
(inputenc)                not set up for use with LaTeX.

See the inputenc package documentation for explanation.
Type  H <return>  for immediate help.
 ...                                              
                                                  
l.2 ...—ã –Ω–∞ –∫–æ–Ω–µ—á–Ω–æ–º–µ—Ä–Ω–æ–º –ø—Ä–æ—Å
                                                  —Ç—Ä–∞–Ω—Å—Ç–≤–µ}
You may provide a definition with
\DeclareUnicodeCharacter 


! Package inputenc Error: Unicode character —Ç (U+0442)
(inputenc)                not set up for use with LaTeX.

See the inputenc package documentation for explanation.
Type  H <return>  for immediate help.
 ...                                              
                                                  
l.2 ... –Ω–∞ –∫–æ–Ω–µ—á–Ω–æ–º–µ—Ä–Ω–æ–º –ø—Ä–æ—Å—Ç
                                                  —Ä–∞–Ω—Å—Ç–≤–µ}
You may provide a definition with
\DeclareUnicodeCharacter 


! Package inputenc Error: Unicode character —Ä (U+0440)
(inputenc)                not set up for use with LaTeX.

See the inputenc package documentation for explanation.
Type  H <return>  for immediate help.
 ...                                              
                                                  
l.2 ...Ω–∞ –∫–æ–Ω–µ—á–Ω–æ–º–µ—Ä–Ω–æ–º –ø—Ä–æ—Å—Ç—Ä
                                                  –∞–Ω—Å—Ç–≤–µ}
You may provide a definition with
\DeclareUnicodeCharacter 


! Package inputenc Error: Unicode character –∞ (U+0430)
(inputenc)                not set up for use with LaTeX.

See the inputenc package documentation for explanation.
Type  H <return>  for immediate help.
 ...                                              
                                                  
l.2 ...∞ –∫–æ–Ω–µ—á–Ω–æ–º–µ—Ä–Ω–æ–º –ø—Ä–æ—Å—Ç—Ä–∞
                                                  –Ω—Å—Ç–≤–µ}
You may provide a definition with
\DeclareUnicodeCharacter 


! Package inputenc Error: Unicode character –Ω (U+043D)
(inputenc)                not set up for use with LaTeX.

See the inputenc package documentation for explanation.
Type  H <return>  for immediate help.
 ...                                              
                                                  
l.2 ...–∫–æ–Ω–µ—á–Ω–æ–º–µ—Ä–Ω–æ–º –ø—Ä–æ—Å—Ç—Ä–∞–Ω
                                                  —Å—Ç–≤–µ}
You may provide a definition with
\DeclareUnicodeCharacter 


! Package inputenc Error: Unicode character —Å (U+0441)
(inputenc)                not set up for use with LaTeX.

See the inputenc package documentation for explanation.
Type  H <return>  for immediate help.
 ...                                              
                                                  
l.2 ...–æ–Ω–µ—á–Ω–æ–º–µ—Ä–Ω–æ–º –ø—Ä–æ—Å—Ç—Ä–∞–Ω—Å
                                                  —Ç–≤–µ}
You may provide a definition with
\DeclareUnicodeCharacter 


! Package inputenc Error: Unicode character —Ç (U+0442)
(inputenc)                not set up for use with LaTeX.

See the inputenc package documentation for explanation.
Type  H <return>  for immediate help.
 ...                                              
                                                  
l.2 ...–Ω–µ—á–Ω–æ–º–µ—Ä–Ω–æ–º –ø—Ä–æ—Å—Ç—Ä–∞–Ω—Å—Ç
                                                  –≤–µ}
You may provide a definition with
\DeclareUnicodeCharacter 


! Package inputenc Error: Unicode character –≤ (U+0432)
(inputenc)                not set up for use with LaTeX.

See the inputenc package documentation for explanation.
Type  H <return>  for immediate help.
 ...                                              
                                                  
l.2 ...–µ—á–Ω–æ–º–µ—Ä–Ω–æ–º –ø—Ä–æ—Å—Ç—Ä–∞–Ω—Å—Ç–≤
                                                  –µ}
You may provide a definition with
\DeclareUnicodeCharacter 


! Package inputenc Error: Unicode character –µ (U+0435)
(inputenc)                not set up for use with LaTeX.

See the inputenc package documentation for explanation.
Type  H <return>  for immediate help.
 ...                                              
                                                  
l.2 ...—á–Ω–æ–º–µ—Ä–Ω–æ–º –ø—Ä–æ—Å—Ç—Ä–∞–Ω—Å—Ç–≤–µ
                                                  }
You may provide a definition with
\DeclareUnicodeCharacter 

! Undefined control sequence.
l.4 		\subsection
                 {–ì–õ6 1}
The control sequence at the end of the top line
of your error message was never \def'ed. If you have
misspelled it (e.g., `\hobx'), type `I' and the correct
spelling (e.g., `I\hbox'). Otherwise just continue,
and I'll forget about whatever was undefined.


! Package inputenc Error: Unicode character –ì (U+0413)
(inputenc)                not set up for use with LaTeX.

See the inputenc package documentation for explanation.
Type  H <return>  for immediate help.
 ...                                              
                                                  
l.4 		\subsection{–ì
                    –õ6 1}
You may provide a definition with
\DeclareUnicodeCharacter 


! Package inputenc Error: Unicode character –õ (U+041B)
(inputenc)                not set up for use with LaTeX.

See the inputenc package documentation for explanation.
Type  H <return>  for immediate help.
 ...                                              
                                                  
l.4 		\subsection{–ì–õ
                      6 1}
You may provide a definition with
\DeclareUnicodeCharacter 


! LaTeX Error: Missing \begin{document}.

See the LaTeX manual or LaTeX Companion for explanation.
Type  H <return>  for immediate help.
 ...                                              
                                                  
l.4 		\subsection{–ì–õ6
                        1}
You're in trouble here.  Try typing  <return>  to proceed.
If that doesn't work, type  X <return>  to quit.

Missing character: There is no 6 in font nullfont!
Missing character: There is no 1 in font nullfont!

Overfull \hbox (20.0pt too wide) in paragraph at lines 4--5
[]
 []

! Undefined control sequence.
l.6 		\subsection
                 {–ì–õ6 2}
The control sequence at the end of the top line
of your error message was never \def'ed. If you have
misspelled it (e.g., `\hobx'), type `I' and the correct
spelling (e.g., `I\hbox'). Otherwise just continue,
and I'll forget about whatever was undefined.


! Package inputenc Error: Unicode character –ì (U+0413)
(inputenc)                not set up for use with LaTeX.

See the inputenc package documentation for explanation.
Type  H <return>  for immediate help.
 ...                                              
                                                  
l.6 		\subsection{–ì
                    –õ6 2}
You may provide a definition with
\DeclareUnicodeCharacter 


! Package inputenc Error: Unicode character –õ (U+041B)
(inputenc)                not set up for use with LaTeX.

See the inputenc package documentation for explanation.
Type  H <return>  for immediate help.
 ...                                              
                                                  
l.6 		\subsection{–ì–õ
                      6 2}
You may provide a definition with
\DeclareUnicodeCharacter 


! LaTeX Error: Missing \begin{document}.

See the LaTeX manual or LaTeX Companion for explanation.
Type  H <return>  for immediate help.
 ...                                              
                                                  
l.6 		\subsection{–ì–õ6
                        2}
You're in trouble here.  Try typing  <return>  to proceed.
If that doesn't work, type  X <return>  to quit.

Missing character: There is no 6 in font nullfont!
Missing character: There is no 2 in font nullfont!

Overfull \hbox (20.0pt too wide) in paragraph at lines 6--7
[]
 []

! Undefined control sequence.
l.8 		\subsection
                 {–ì–õ6 3}
The control sequence at the end of the top line
of your error message was never \def'ed. If you have
misspelled it (e.g., `\hobx'), type `I' and the correct
spelling (e.g., `I\hbox'). Otherwise just continue,
and I'll forget about whatever was undefined.


! Package inputenc Error: Unicode character –ì (U+0413)
(inputenc)                not set up for use with LaTeX.

See the inputenc package documentation for explanation.
Type  H <return>  for immediate help.
 ...                                              
                                                  
l.8 		\subsection{–ì
                    –õ6 3}
You may provide a definition with
\DeclareUnicodeCharacter 


! Package inputenc Error: Unicode character –õ (U+041B)
(inputenc)                not set up for use with LaTeX.

See the inputenc package documentation for explanation.
Type  H <return>  for immediate help.
 ...                                              
                                                  
l.8 		\subsection{–ì–õ
                      6 3}
You may provide a definition with
\DeclareUnicodeCharacter 


! LaTeX Error: Missing \begin{document}.

See the LaTeX manual or LaTeX Companion for explanation.
Type  H <return>  for immediate help.
 ...                                              
                                                  
l.8 		\subsection{–ì–õ6
                        3}
You're in trouble here.  Try typing  <return>  to proceed.
If that doesn't work, type  X <return>  to quit.

Missing character: There is no 6 in font nullfont!
Missing character: There is no 3 in font nullfont!

Overfull \hbox (20.0pt too wide) in paragraph at lines 8--9
[]
 []

! Undefined control sequence.
l.10 		\subsection
                  {–ì–õ6 4}
The control sequence at the end of the top line
of your error message was never \def'ed. If you have
misspelled it (e.g., `\hobx'), type `I' and the correct
spelling (e.g., `I\hbox'). Otherwise just continue,
and I'll forget about whatever was undefined.


! Package inputenc Error: Unicode character –ì (U+0413)
(inputenc)                not set up for use with LaTeX.

See the inputenc package documentation for explanation.
Type  H <return>  for immediate help.
 ...                                              
                                                  
l.10 		\subsection{–ì
                     –õ6 4}
You may provide a definition with
\DeclareUnicodeCharacter 


! Package inputenc Error: Unicode character –õ (U+041B)
(inputenc)                not set up for use with LaTeX.

See the inputenc package documentation for explanation.
Type  H <return>  for immediate help.
 ...                                              
                                                  
l.10 		\subsection{–ì–õ
                       6 4}
You may provide a definition with
\DeclareUnicodeCharacter 


! LaTeX Error: Missing \begin{document}.

See the LaTeX manual or LaTeX Companion for explanation.
Type  H <return>  for immediate help.
 ...                                              
                                                  
l.10 		\subsection{–ì–õ6
                         4}
You're in trouble here.  Try typing  <return>  to proceed.
If that doesn't work, type  X <return>  to quit.

Missing character: There is no 6 in font nullfont!
Missing character: There is no 4 in font nullfont!

Overfull \hbox (20.0pt too wide) in paragraph at lines 10--11
[]
 []

! Undefined control sequence.
l.12 		\subsection
                  {–ì–õ6 5}
The control sequence at the end of the top line
of your error message was never \def'ed. If you have
misspelled it (e.g., `\hobx'), type `I' and the correct
spelling (e.g., `I\hbox'). Otherwise just continue,
and I'll forget about whatever was undefined.


! Package inputenc Error: Unicode character –ì (U+0413)
(inputenc)                not set up for use with LaTeX.

See the inputenc package documentation for explanation.
Type  H <return>  for immediate help.
 ...                                              
                                                  
l.12 		\subsection{–ì
                     –õ6 5}
You may provide a definition with
\DeclareUnicodeCharacter 


! Package inputenc Error: Unicode character –õ (U+041B)
(inputenc)                not set up for use with LaTeX.

See the inputenc package documentation for explanation.
Type  H <return>  for immediate help.
 ...                                              
                                                  
l.12 		\subsection{–ì–õ
                       6 5}
You may provide a definition with
\DeclareUnicodeCharacter 


! LaTeX Error: Missing \begin{document}.

See the LaTeX manual or LaTeX Companion for explanation.
Type  H <return>  for immediate help.
 ...                                              
                                                  
l.12 		\subsection{–ì–õ6
                         5}
You're in trouble here.  Try typing  <return>  to proceed.
If that doesn't work, type  X <return>  to quit.

Missing character: There is no 6 in font nullfont!
Missing character: There is no 5 in font nullfont!

! Package inputenc Error: Unicode character –ê (U+0410)
(inputenc)                not set up for use with LaTeX.

See the inputenc package documentation for explanation.
Type  H <return>  for immediate help.
 ...                                              
                                                  
l.13 		–ê
         )\\
You may provide a definition with
\DeclareUnicodeCharacter 

Missing character: There is no ) in font nullfont!

! Package inputenc Error: Unicode character –ë (U+0411)
(inputenc)                not set up for use with LaTeX.

See the inputenc package documentation for explanation.
Type  H <return>  for immediate help.
 ...                                              
                                                  
l.15 		–ë
         )\\
You may provide a definition with
\DeclareUnicodeCharacter 

Missing character: There is no ) in font nullfont!

Overfull \hbox (20.0pt too wide) in paragraph at lines 12--17
[]
 []

! Undefined control sequence.
l.18 		\subsection
                  {–ì–õ6 6}
The control sequence at the end of the top line
of your error message was never \def'ed. If you have
misspelled it (e.g., `\hobx'), type `I' and the correct
spelling (e.g., `I\hbox'). Otherwise just continue,
and I'll forget about whatever was undefined.


! Package inputenc Error: Unicode character –ì (U+0413)
(inputenc)                not set up for use with LaTeX.

See the inputenc package documentation for explanation.
Type  H <return>  for immediate help.
 ...                                              
                                                  
l.18 		\subsection{–ì
                     –õ6 6}
You may provide a definition with
\DeclareUnicodeCharacter 


! Package inputenc Error: Unicode character –õ (U+041B)
(inputenc)                not set up for use with LaTeX.

See the inputenc package documentation for explanation.
Type  H <return>  for immediate help.
 ...                                              
                                                  
l.18 		\subsection{–ì–õ
                       6 6}
You may provide a definition with
\DeclareUnicodeCharacter 


! LaTeX Error: Missing \begin{document}.

See the LaTeX manual or LaTeX Companion for explanation.
Type  H <return>  for immediate help.
 ...                                              
                                                  
l.18 		\subsection{–ì–õ6
                         6}
You're in trouble here.  Try typing  <return>  to proceed.
If that doesn't work, type  X <return>  to quit.

Missing character: There is no 6 in font nullfont!
Missing character: There is no 6 in font nullfont!

Overfull \hbox (20.0pt too wide) in paragraph at lines 18--19
[]
 []

! Undefined control sequence.
l.20 		\subsection
                  {–ì–õ6 7}
The control sequence at the end of the top line
of your error message was never \def'ed. If you have
misspelled it (e.g., `\hobx'), type `I' and the correct
spelling (e.g., `I\hbox'). Otherwise just continue,
and I'll forget about whatever was undefined.


! Package inputenc Error: Unicode character –ì (U+0413)
(inputenc)                not set up for use with LaTeX.

See the inputenc package documentation for explanation.
Type  H <return>  for immediate help.
 ...                                              
                                                  
l.20 		\subsection{–ì
                     –õ6 7}
You may provide a definition with
\DeclareUnicodeCharacter 


! Package inputenc Error: Unicode character –õ (U+041B)
(inputenc)                not set up for use with LaTeX.

See the inputenc package documentation for explanation.
Type  H <return>  for immediate help.
 ...                                              
                                                  
l.20 		\subsection{–ì–õ
                       6 7}
You may provide a definition with
\DeclareUnicodeCharacter 


! LaTeX Error: Missing \begin{document}.

See the LaTeX manual or LaTeX Companion for explanation.
Type  H <return>  for immediate help.
 ...                                              
                                                  
l.20 		\subsection{–ì–õ6
                         7}
You're in trouble here.  Try typing  <return>  to proceed.
If that doesn't work, type  X <return>  to quit.

Missing character: There is no 6 in font nullfont!
Missing character: There is no 7 in font nullfont!

Overfull \hbox (20.0pt too wide) in paragraph at lines 20--21
[]
 []

! Undefined control sequence.
l.22 		\subsection
                  {–ì–õ6 8}
The control sequence at the end of the top line
of your error message was never \def'ed. If you have
misspelled it (e.g., `\hobx'), type `I' and the correct
spelling (e.g., `I\hbox'). Otherwise just continue,
and I'll forget about whatever was undefined.


! Package inputenc Error: Unicode character –ì (U+0413)
(inputenc)                not set up for use with LaTeX.

See the inputenc package documentation for explanation.
Type  H <return>  for immediate help.
 ...                                              
                                                  
l.22 		\subsection{–ì
                     –õ6 8}
You may provide a definition with
\DeclareUnicodeCharacter 


! Package inputenc Error: Unicode character –õ (U+041B)
(inputenc)                not set up for use with LaTeX.

See the inputenc package documentation for explanation.
Type  H <return>  for immediate help.
 ...                                              
                                                  
l.22 		\subsection{–ì–õ
                       6 8}
You may provide a definition with
\DeclareUnicodeCharacter 


! LaTeX Error: Missing \begin{document}.

See the LaTeX manual or LaTeX Companion for explanation.
Type  H <return>  for immediate help.
 ...                                              
                                                  
l.22 		\subsection{–ì–õ6
                         8}
You're in trouble here.  Try typing  <return>  to proceed.
If that doesn't work, type  X <return>  to quit.

Missing character: There is no 6 in font nullfont!
Missing character: There is no 8 in font nullfont!

Overfull \hbox (20.0pt too wide) in paragraph at lines 22--23
[]
 []

! Undefined control sequence.
l.24 		\subsection
                  {–ì–õ6 9}
The control sequence at the end of the top line
of your error message was never \def'ed. If you have
misspelled it (e.g., `\hobx'), type `I' and the correct
spelling (e.g., `I\hbox'). Otherwise just continue,
and I'll forget about whatever was undefined.


! Package inputenc Error: Unicode character –ì (U+0413)
(inputenc)                not set up for use with LaTeX.

See the inputenc package documentation for explanation.
Type  H <return>  for immediate help.
 ...                                              
                                                  
l.24 		\subsection{–ì
                     –õ6 9}
You may provide a definition with
\DeclareUnicodeCharacter 


! Package inputenc Error: Unicode character –õ (U+041B)
(inputenc)                not set up for use with LaTeX.

See the inputenc package documentation for explanation.
Type  H <return>  for immediate help.
 ...                                              
                                                  
l.24 		\subsection{–ì–õ
                       6 9}
You may provide a definition with
\DeclareUnicodeCharacter 


! LaTeX Error: Missing \begin{document}.

See the LaTeX manual or LaTeX Companion for explanation.
Type  H <return>  for immediate help.
 ...                                              
                                                  
l.24 		\subsection{–ì–õ6
                         9}
You're in trouble here.  Try typing  <return>  to proceed.
If that doesn't work, type  X <return>  to quit.

Missing character: There is no 6 in font nullfont!
Missing character: There is no 9 in font nullfont!

Overfull \hbox (20.0pt too wide) in paragraph at lines 24--25
[]
 []

! Undefined control sequence.
l.26 		\subsection
                  {–ì–õ6 10}
The control sequence at the end of the top line
of your error message was never \def'ed. If you have
misspelled it (e.g., `\hobx'), type `I' and the correct
spelling (e.g., `I\hbox'). Otherwise just continue,
and I'll forget about whatever was undefined.


! Package inputenc Error: Unicode character –ì (U+0413)
(inputenc)                not set up for use with LaTeX.

See the inputenc package documentation for explanation.
Type  H <return>  for immediate help.
 ...                                              
                                                  
l.26 		\subsection{–ì
                     –õ6 10}
You may provide a definition with
\DeclareUnicodeCharacter 


! Package inputenc Error: Unicode character –õ (U+041B)
(inputenc)                not set up for use with LaTeX.

See the inputenc package documentation for explanation.
Type  H <return>  for immediate help.
 ...                                              
                                                  
l.26 		\subsection{–ì–õ
                       6 10}
You may provide a definition with
\DeclareUnicodeCharacter 


! LaTeX Error: Missing \begin{document}.

See the LaTeX manual or LaTeX Companion for explanation.
Type  H <return>  for immediate help.
 ...                                              
                                                  
l.26 		\subsection{–ì–õ6
                         10}
You're in trouble here.  Try typing  <return>  to proceed.
If that doesn't work, type  X <return>  to quit.

Missing character: There is no 6 in font nullfont!
Missing character: There is no 1 in font nullfont!
Missing character: There is no 0 in font nullfont!

Overfull \hbox (20.0pt too wide) in paragraph at lines 26--27
[]
 []

! Undefined control sequence.
l.28 		\subsection
                  {–ì–õ6 11}
The control sequence at the end of the top line
of your error message was never \def'ed. If you have
misspelled it (e.g., `\hobx'), type `I' and the correct
spelling (e.g., `I\hbox'). Otherwise just continue,
and I'll forget about whatever was undefined.


! Package inputenc Error: Unicode character –ì (U+0413)
(inputenc)                not set up for use with LaTeX.

See the inputenc package documentation for explanation.
Type  H <return>  for immediate help.
 ...                                              
                                                  
l.28 		\subsection{–ì
                     –õ6 11}
You may provide a definition with
\DeclareUnicodeCharacter 


! Package inputenc Error: Unicode character –õ (U+041B)
(inputenc)                not set up for use with LaTeX.

See the inputenc package documentation for explanation.
Type  H <return>  for immediate help.
 ...                                              
                                                  
l.28 		\subsection{–ì–õ
                       6 11}
You may provide a definition with
\DeclareUnicodeCharacter 


! LaTeX Error: Missing \begin{document}.

See the LaTeX manual or LaTeX Companion for explanation.
Type  H <return>  for immediate help.
 ...                                              
                                                  
l.28 		\subsection{–ì–õ6
                         11}
You're in trouble here.  Try typing  <return>  to proceed.
If that doesn't work, type  X <return>  to quit.

Missing character: There is no 6 in font nullfont!
Missing character: There is no 1 in font nullfont!
Missing character: There is no 1 in font nullfont!
)
! Emergency stop.
<*> ./P6.tex
            
*** (job aborted, no legal \end found)

 
Here is how much of TeX's memory you used:
 26 strings out of 492895
 323 string characters out of 3133479
 57610 words of memory out of 3000000
 4042 multiletter control sequences out of 15000+200000
 3640 words of font info for 14 fonts, out of 3000000 for 9000
 1141 hyphenation exceptions out of 8191
 10i,0n,10p,120b,32s stack positions out of 5000i,500n,10000p,200000b,50000s
!  ==> Fatal error occurred, no output PDF file produced!
